This is pdfTeX, Version 3.141592653-2.6-1.40.25 (TeX Live 2023/Debian) (preloaded format=pdflatex 2025.12.1)  1 MAY 2026 14:49
entering extended mode
 restricted \write18 enabled.
 %&-line parsing enabled.
**/home/cofer/Documents/University/TFG/snp_tag_tfg/ejecuciones_guardadas/30_04_
2026/analisis/analisis30_4_26.tex

(/home/cofer/Documents/University/TFG/snp_tag_tfg/ejecuciones_guardadas/30_04_2
026/analisis/analisis30_4_26.tex
LaTeX2e <2023-11-01> patch level 1
L3 programming layer <2024-01-22>
(/usr/share/texlive/texmf-dist/tex/latex/base/article.cls
Document Class: article 2023/05/17 v1.4n Standard LaTeX document class
(/usr/share/texlive/texmf-dist/tex/latex/base/size10.clo
File: size10.clo 2023/05/17 v1.4n Standard LaTeX file (size option)
)
\c@part=\count187
\c@section=\count188
\c@subsection=\count189
\c@subsubsection=\count190
\c@paragraph=\count191
\c@subparagraph=\count192
\c@figure=\count193
\c@table=\count194
\abovecaptionskip=\skip48
\belowcaptionskip=\skip49
\bibindent=\dimen140
)
(/usr/share/texlive/texmf-dist/tex/latex/base/inputenc.sty
Package: inputenc 2021/02/14 v1.3d Input encoding file
\inpenc@prehook=\toks17
\inpenc@posthook=\toks18
)
(/usr/share/texlive/texmf-dist/tex/latex/base/fontenc.sty
Package: fontenc 2021/04/29 v2.0v Standard LaTeX package
)
(/usr/share/texlive/texmf-dist/tex/generic/babel/babel.sty
Package: babel 2024/01/07 v24.1 The Babel package
\babel@savecnt=\count195
\U@D=\dimen141
\l@unhyphenated=\language89

(/usr/share/texlive/texmf-dist/tex/generic/babel/txtbabel.def)
\bbl@readstream=\read2
\bbl@dirlevel=\count196

(/usr/share/texlive/texmf-dist/tex/generic/babel-spanish/spanish.ldf
Language: spanish.ldf 2021/05/27 v5.0q Spanish support from the babel system
\es@quottoks=\toks19
\es@quotdepth=\count197
Package babel Info: Making " an active character on input line 570.
Package babel Info: Making . an active character on input line 675.
Package babel Info: Making < an active character on input line 722.
Package babel Info: Making > an active character on input line 722.
))
(/usr/share/texlive/texmf-dist/tex/generic/babel/locale/es/babel-spanish.tex
Package babel Info: Importing font and identification data for spanish
(babel)             from babel-es.ini. Reported on input line 11.
)
(/usr/share/texlive/texmf-dist/tex/latex/graphics/graphicx.sty
Package: graphicx 2021/09/16 v1.2d Enhanced LaTeX Graphics (DPC,SPQR)

(/usr/share/texlive/texmf-dist/tex/latex/graphics/keyval.sty
Package: keyval 2022/05/29 v1.15 key=value parser (DPC)
\KV@toks@=\toks20
)
(/usr/share/texlive/texmf-dist/tex/latex/graphics/graphics.sty
Package: graphics 2022/03/10 v1.4e Standard LaTeX Graphics (DPC,SPQR)

(/usr/share/texlive/texmf-dist/tex/latex/graphics/trig.sty
Package: trig 2021/08/11 v1.11 sin cos tan (DPC)
)
(/usr/share/texlive/texmf-dist/tex/latex/graphics-cfg/graphics.cfg
File: graphics.cfg 2016/06/04 v1.11 sample graphics configuration
)
Package graphics Info: Driver file: pdftex.def on input line 107.

(/usr/share/texlive/texmf-dist/tex/latex/graphics-def/pdftex.def
File: pdftex.def 2022/09/22 v1.2b Graphics/color driver for pdftex
))
\Gin@req@height=\dimen142
\Gin@req@width=\dimen143
)
(/usr/share/texlive/texmf-dist/tex/latex/booktabs/booktabs.sty
Package: booktabs 2020/01/12 v1.61803398 Publication quality tables
\heavyrulewidth=\dimen144
\lightrulewidth=\dimen145
\cmidrulewidth=\dimen146
\belowrulesep=\dimen147
\belowbottomsep=\dimen148
\aboverulesep=\dimen149
\abovetopsep=\dimen150
\cmidrulesep=\dimen151
\cmidrulekern=\dimen152
\defaultaddspace=\dimen153
\@cmidla=\count198
\@cmidlb=\count199
\@aboverulesep=\dimen154
\@belowrulesep=\dimen155
\@thisruleclass=\count266
\@lastruleclass=\count267
\@thisrulewidth=\dimen156
)
(/usr/share/texlive/texmf-dist/tex/latex/amsmath/amsmath.sty
Package: amsmath 2023/05/13 v2.17o AMS math features
\@mathmargin=\skip50

For additional information on amsmath, use the `?' option.
(/usr/share/texlive/texmf-dist/tex/latex/amsmath/amstext.sty
Package: amstext 2021/08/26 v2.01 AMS text

(/usr/share/texlive/texmf-dist/tex/latex/amsmath/amsgen.sty
File: amsgen.sty 1999/11/30 v2.0 generic functions
\@emptytoks=\toks21
\ex@=\dimen157
))
(/usr/share/texlive/texmf-dist/tex/latex/amsmath/amsbsy.sty
Package: amsbsy 1999/11/29 v1.2d Bold Symbols
\pmbraise@=\dimen158
)
(/usr/share/texlive/texmf-dist/tex/latex/amsmath/amsopn.sty
Package: amsopn 2022/04/08 v2.04 operator names
)
\inf@bad=\count268
LaTeX Info: Redefining \frac on input line 234.
\uproot@=\count269
\leftroot@=\count270
LaTeX Info: Redefining \overline on input line 399.
LaTeX Info: Redefining \colon on input line 410.
\classnum@=\count271
\DOTSCASE@=\count272
LaTeX Info: Redefining \ldots on input line 496.
LaTeX Info: Redefining \dots on input line 499.
LaTeX Info: Redefining \cdots on input line 620.
\Mathstrutbox@=\box51
\strutbox@=\box52
LaTeX Info: Redefining \big on input line 722.
LaTeX Info: Redefining \Big on input line 723.
LaTeX Info: Redefining \bigg on input line 724.
LaTeX Info: Redefining \Bigg on input line 725.
\big@size=\dimen159
LaTeX Font Info:    Redeclaring font encoding OML on input line 743.
LaTeX Font Info:    Redeclaring font encoding OMS on input line 744.
\macc@depth=\count273
LaTeX Info: Redefining \bmod on input line 905.
LaTeX Info: Redefining \pmod on input line 910.
LaTeX Info: Redefining \smash on input line 940.
LaTeX Info: Redefining \relbar on input line 970.
LaTeX Info: Redefining \Relbar on input line 971.
\c@MaxMatrixCols=\count274
\dotsspace@=\muskip16
\c@parentequation=\count275
\dspbrk@lvl=\count276
\tag@help=\toks22
\row@=\count277
\column@=\count278
\maxfields@=\count279
\andhelp@=\toks23
\eqnshift@=\dimen160
\alignsep@=\dimen161
\tagshift@=\dimen162
\tagwidth@=\dimen163
\totwidth@=\dimen164
\lineht@=\dimen165
\@envbody=\toks24
\multlinegap=\skip51
\multlinetaggap=\skip52
\mathdisplay@stack=\toks25
LaTeX Info: Redefining \[ on input line 2953.
LaTeX Info: Redefining \] on input line 2954.
)
(/usr/share/texlive/texmf-dist/tex/latex/amsfonts/amssymb.sty
Package: amssymb 2013/01/14 v3.01 AMS font symbols

(/usr/share/texlive/texmf-dist/tex/latex/amsfonts/amsfonts.sty
Package: amsfonts 2013/01/14 v3.01 Basic AMSFonts support
\symAMSa=\mathgroup4
\symAMSb=\mathgroup5
LaTeX Font Info:    Redeclaring math symbol \hbar on input line 98.
LaTeX Font Info:    Overwriting math alphabet `\mathfrak' in version `bold'
(Font)                  U/euf/m/n --> U/euf/b/n on input line 106.
))
(/usr/share/texlive/texmf-dist/tex/latex/hyperref/hyperref.sty
Package: hyperref 2024-01-20 v7.01h Hypertext links for LaTeX

(/usr/share/texlive/texmf-dist/tex/generic/iftex/iftex.sty
Package: iftex 2022/02/03 v1.0f TeX engine tests
)
(/usr/share/texlive/texmf-dist/tex/latex/kvsetkeys/kvsetkeys.sty
Package: kvsetkeys 2022-10-05 v1.19 Key value parser (HO)
)
(/usr/share/texlive/texmf-dist/tex/generic/kvdefinekeys/kvdefinekeys.sty
Package: kvdefinekeys 2019-12-19 v1.6 Define keys (HO)
)
(/usr/share/texlive/texmf-dist/tex/generic/pdfescape/pdfescape.sty
Package: pdfescape 2019/12/09 v1.15 Implements pdfTeX's escape features (HO)

(/usr/share/texlive/texmf-dist/tex/generic/ltxcmds/ltxcmds.sty
Package: ltxcmds 2023-12-04 v1.26 LaTeX kernel commands for general use (HO)
)
(/usr/share/texlive/texmf-dist/tex/generic/pdftexcmds/pdftexcmds.sty
Package: pdftexcmds 2020-06-27 v0.33 Utility functions of pdfTeX for LuaTeX (HO
)

(/usr/share/texlive/texmf-dist/tex/generic/infwarerr/infwarerr.sty
Package: infwarerr 2019/12/03 v1.5 Providing info/warning/error messages (HO)
)
Package pdftexcmds Info: \pdf@primitive is available.
Package pdftexcmds Info: \pdf@ifprimitive is available.
Package pdftexcmds Info: \pdfdraftmode found.
))
(/usr/share/texlive/texmf-dist/tex/latex/hycolor/hycolor.sty
Package: hycolor 2020-01-27 v1.10 Color options for hyperref/bookmark (HO)
)
(/usr/share/texlive/texmf-dist/tex/latex/auxhook/auxhook.sty
Package: auxhook 2019-12-17 v1.6 Hooks for auxiliary files (HO)
)
(/usr/share/texlive/texmf-dist/tex/latex/hyperref/nameref.sty
Package: nameref 2023-11-26 v2.56 Cross-referencing by name of section

(/usr/share/texlive/texmf-dist/tex/latex/refcount/refcount.sty
Package: refcount 2019/12/15 v3.6 Data extraction from label references (HO)
)
(/usr/share/texlive/texmf-dist/tex/generic/gettitlestring/gettitlestring.sty
Package: gettitlestring 2019/12/15 v1.6 Cleanup title references (HO)

(/usr/share/texlive/texmf-dist/tex/latex/kvoptions/kvoptions.sty
Package: kvoptions 2022-06-15 v3.15 Key value format for package options (HO)
))
\c@section@level=\count280
)
(/usr/share/texlive/texmf-dist/tex/latex/etoolbox/etoolbox.sty
Package: etoolbox 2020/10/05 v2.5k e-TeX tools for LaTeX (JAW)
\etb@tempcnta=\count281
)
\@linkdim=\dimen166
\Hy@linkcounter=\count282
\Hy@pagecounter=\count283

(/usr/share/texlive/texmf-dist/tex/latex/hyperref/pd1enc.def
File: pd1enc.def 2024-01-20 v7.01h Hyperref: PDFDocEncoding definition (HO)
Now handling font encoding PD1 ...
... no UTF-8 mapping file for font encoding PD1
)
(/usr/share/texlive/texmf-dist/tex/generic/intcalc/intcalc.sty
Package: intcalc 2019/12/15 v1.3 Expandable calculations with integers (HO)
)
\Hy@SavedSpaceFactor=\count284

(/usr/share/texlive/texmf-dist/tex/latex/hyperref/puenc.def
File: puenc.def 2024-01-20 v7.01h Hyperref: PDF Unicode definition (HO)
Now handling font encoding PU ...
... no UTF-8 mapping file for font encoding PU
)
Package hyperref Info: Hyper figures OFF on input line 4179.
Package hyperref Info: Link nesting OFF on input line 4184.
Package hyperref Info: Hyper index ON on input line 4187.
Package hyperref Info: Plain pages OFF on input line 4194.
Package hyperref Info: Backreferencing OFF on input line 4199.
Package hyperref Info: Implicit mode ON; LaTeX internals redefined.
Package hyperref Info: Bookmarks ON on input line 4446.
\c@Hy@tempcnt=\count285

(/usr/share/texlive/texmf-dist/tex/latex/url/url.sty
\Urlmuskip=\muskip17
Package: url 2013/09/16  ver 3.4  Verb mode for urls, etc.
)
LaTeX Info: Redefining \url on input line 4784.
\XeTeXLinkMargin=\dimen167

(/usr/share/texlive/texmf-dist/tex/generic/bitset/bitset.sty
Package: bitset 2019/12/09 v1.3 Handle bit-vector datatype (HO)

(/usr/share/texlive/texmf-dist/tex/generic/bigintcalc/bigintcalc.sty
Package: bigintcalc 2019/12/15 v1.5 Expandable calculations on big integers (HO
)
))
\Fld@menulength=\count286
\Field@Width=\dimen168
\Fld@charsize=\dimen169
Package hyperref Info: Hyper figures OFF on input line 6063.
Package hyperref Info: Link nesting OFF on input line 6068.
Package hyperref Info: Hyper index ON on input line 6071.
Package hyperref Info: backreferencing OFF on input line 6078.
Package hyperref Info: Link coloring OFF on input line 6083.
Package hyperref Info: Link coloring with OCG OFF on input line 6088.
Package hyperref Info: PDF/A mode OFF on input line 6093.

(/usr/share/texlive/texmf-dist/tex/latex/base/atbegshi-ltx.sty
Package: atbegshi-ltx 2021/01/10 v1.0c Emulation of the original atbegshi
package with kernel methods
)
\Hy@abspage=\count287
\c@Item=\count288
\c@Hfootnote=\count289
)
Package hyperref Info: Driver (autodetected): hpdftex.

(/usr/share/texlive/texmf-dist/tex/latex/hyperref/hpdftex.def
File: hpdftex.def 2024-01-20 v7.01h Hyperref driver for pdfTeX

(/usr/share/texlive/texmf-dist/tex/latex/base/atveryend-ltx.sty
Package: atveryend-ltx 2020/08/19 v1.0a Emulation of the original atveryend pac
kage
with kernel methods
)
\Fld@listcount=\count290
\c@bookmark@seq@number=\count291

(/usr/share/texlive/texmf-dist/tex/latex/rerunfilecheck/rerunfilecheck.sty
Package: rerunfilecheck 2022-07-10 v1.10 Rerun checks for auxiliary files (HO)

(/usr/share/texlive/texmf-dist/tex/generic/uniquecounter/uniquecounter.sty
Package: uniquecounter 2019/12/15 v1.4 Provide unlimited unique counter (HO)
)
Package uniquecounter Info: New unique counter `rerunfilecheck' on input line 2
85.
)
\Hy@SectionHShift=\skip53
)
(/usr/share/texlive/texmf-dist/tex/latex/geometry/geometry.sty
Package: geometry 2020/01/02 v5.9 Page Geometry

(/usr/share/texlive/texmf-dist/tex/generic/iftex/ifvtex.sty
Package: ifvtex 2019/10/25 v1.7 ifvtex legacy package. Use iftex instead.
)
\Gm@cnth=\count292
\Gm@cntv=\count293
\c@Gm@tempcnt=\count294
\Gm@bindingoffset=\dimen170
\Gm@wd@mp=\dimen171
\Gm@odd@mp=\dimen172
\Gm@even@mp=\dimen173
\Gm@layoutwidth=\dimen174
\Gm@layoutheight=\dimen175
\Gm@layouthoffset=\dimen176
\Gm@layoutvoffset=\dimen177
\Gm@dimlist=\toks26
)
(/usr/share/texlive/texmf-dist/tex/latex/caption/caption.sty
Package: caption 2023/08/05 v3.6o Customizing captions (AR)

(/usr/share/texlive/texmf-dist/tex/latex/caption/caption3.sty
Package: caption3 2023/07/31 v2.4d caption3 kernel (AR)
\caption@tempdima=\dimen178
\captionmargin=\dimen179
\caption@leftmargin=\dimen180
\caption@rightmargin=\dimen181
\caption@width=\dimen182
\caption@indent=\dimen183
\caption@parindent=\dimen184
\caption@hangindent=\dimen185
Package caption Info: Standard document class detected.
)
\c@caption@flags=\count295
\c@continuedfloat=\count296
Package caption Info: hyperref package is loaded.
)
(/usr/share/texlive/texmf-dist/tex/latex/caption/subcaption.sty
Package: subcaption 2023/07/28 v1.6b Sub-captions (AR)
Package caption Info: New subtype `subfigure' on input line 238.
\c@subfigure=\count297
Package caption Info: New subtype `subtable' on input line 238.
\c@subtable=\count298
)
(/usr/share/texlive/texmf-dist/tex/latex/tools/longtable.sty
Package: longtable 2023-11-01 v4.19 Multi-page Table package (DPC)
\LTleft=\skip54
\LTright=\skip55
\LTpre=\skip56
\LTpost=\skip57
\LTchunksize=\count299
\LTcapwidth=\dimen186
\LT@head=\box53
\LT@firsthead=\box54
\LT@foot=\box55
\LT@lastfoot=\box56
\LT@gbox=\box57
\LT@cols=\count300
\LT@rows=\count301
\c@LT@tables=\count302
\c@LT@chunks=\count303
\LT@p@ftn=\toks27
)
(/usr/share/texlive/texmf-dist/tex/latex/tools/array.sty
Package: array 2023/10/16 v2.5g Tabular extension package (FMi)
\col@sep=\dimen187
\ar@mcellbox=\box58
\extrarowheight=\dimen188
\NC@list=\toks28
\extratabsurround=\skip58
\backup@length=\skip59
\ar@cellbox=\box59
)
(/usr/share/texlive/texmf-dist/tex/latex/float/float.sty
Package: float 2001/11/08 v1.3d Float enhancements (AL)
\c@float@type=\count304
\float@exts=\toks29
\float@box=\box60
\@float@everytoks=\toks30
\@floatcapt=\box61
)
(/usr/share/texlive/texmf-dist/tex/latex/titlesec/titlesec.sty
Package: titlesec 2023/10/27 v2.16 Sectioning titles
\ttl@box=\box62
\beforetitleunit=\skip60
\aftertitleunit=\skip61
\ttl@plus=\dimen189
\ttl@minus=\dimen190
\ttl@toksa=\toks31
\titlewidth=\dimen191
\titlewidthlast=\dimen192
\titlewidthfirst=\dimen193
)
Package hyperref Info: Option `colorlinks' set `true' on input line 47.

(/usr/share/texlive/texmf-dist/tex/latex/l3backend/l3backend-pdftex.def
File: l3backend-pdftex.def 2024-01-04 L3 backend support: PDF output (pdfTeX)
\l__color_backend_stack_int=\count305
\l__pdf_internal_box=\box63
)
(./analisis30_4_26.aux
LaTeX Info: Redefining \. on input line 11.
LaTeX Info: Redefining \% on input line 11.
)
\openout1 = `analisis30_4_26.aux'.

LaTeX Font Info:    Checking defaults for OML/cmm/m/it on input line 53.
LaTeX Font Info:    ... okay on input line 53.
LaTeX Font Info:    Checking defaults for OMS/cmsy/m/n on input line 53.
LaTeX Font Info:    ... okay on input line 53.
LaTeX Font Info:    Checking defaults for OT1/cmr/m/n on input line 53.
LaTeX Font Info:    ... okay on input line 53.
LaTeX Font Info:    Checking defaults for T1/cmr/m/n on input line 53.
LaTeX Font Info:    ... okay on input line 53.
LaTeX Font Info:    Checking defaults for TS1/cmr/m/n on input line 53.
LaTeX Font Info:    ... okay on input line 53.
LaTeX Font Info:    Checking defaults for OMX/cmex/m/n on input line 53.
LaTeX Font Info:    ... okay on input line 53.
LaTeX Font Info:    Checking defaults for U/cmr/m/n on input line 53.
LaTeX Font Info:    ... okay on input line 53.
LaTeX Font Info:    Checking defaults for PD1/pdf/m/n on input line 53.
LaTeX Font Info:    ... okay on input line 53.
LaTeX Font Info:    Checking defaults for PU/pdf/m/n on input line 53.
LaTeX Font Info:    ... okay on input line 53.
LaTeX Info: Redefining \. on input line 53.
LaTeX Info: Redefining \% on input line 53.

(/usr/share/texlive/texmf-dist/tex/context/base/mkii/supp-pdf.mkii
[Loading MPS to PDF converter (version 2006.09.02).]
\scratchcounter=\count306
\scratchdimen=\dimen194
\scratchbox=\box64
\nofMPsegments=\count307
\nofMParguments=\count308
\everyMPshowfont=\toks32
\MPscratchCnt=\count309
\MPscratchDim=\dimen195
\MPnumerator=\count310
\makeMPintoPDFobject=\count311
\everyMPtoPDFconversion=\toks33
) (/usr/share/texlive/texmf-dist/tex/latex/epstopdf-pkg/epstopdf-base.sty
Package: epstopdf-base 2020-01-24 v2.11 Base part for package epstopdf
Package epstopdf-base Info: Redefining graphics rule for `.eps' on input line 4
85.

(/usr/share/texlive/texmf-dist/tex/latex/latexconfig/epstopdf-sys.cfg
File: epstopdf-sys.cfg 2010/07/13 v1.3 Configuration of (r)epstopdf for TeX Liv
e
))
(/usr/share/texlive/texmf-dist/tex/latex/graphics/color.sty
Package: color 2022/01/06 v1.3d Standard LaTeX Color (DPC)

(/usr/share/texlive/texmf-dist/tex/latex/graphics-cfg/color.cfg
File: color.cfg 2016/01/02 v1.6 sample color configuration
)
Package color Info: Driver file: pdftex.def on input line 149.

(/usr/share/texlive/texmf-dist/tex/latex/graphics/mathcolor.ltx))
Package hyperref Info: Link coloring ON on input line 53.

(./analisis30_4_26.out) (./analisis30_4_26.out)
\@outlinefile=\write3
\openout3 = `analisis30_4_26.out'.


*geometry* driver: auto-detecting
*geometry* detected driver: pdftex
*geometry* verbose mode - [ preamble ] result:
* driver: pdftex
* paper: a4paper
* layout: <same size as paper>
* layoutoffset:(h,v)=(0.0pt,0.0pt)
* modes: 
* h-part:(L,W,R)=(42.67912pt, 512.14963pt, 42.67912pt)
* v-part:(T,H,B)=(42.67912pt, 759.6886pt, 42.67912pt)
* \paperwidth=597.50787pt
* \paperheight=845.04684pt
* \textwidth=512.14963pt
* \textheight=759.6886pt
* \oddsidemargin=-29.59087pt
* \evensidemargin=-29.59087pt
* \topmargin=-66.59087pt
* \headheight=12.0pt
* \headsep=25.0pt
* \topskip=10.0pt
* \footskip=30.0pt
* \marginparwidth=57.0pt
* \marginparsep=11.0pt
* \columnsep=10.0pt
* \skip\footins=9.0pt plus 4.0pt minus 2.0pt
* \hoffset=0.0pt
* \voffset=0.0pt
* \mag=1000
* \@twocolumnfalse
* \@twosidefalse
* \@mparswitchfalse
* \@reversemarginfalse
* (1in=72.27pt=25.4mm, 1cm=28.453pt)

Package caption Info: Begin \AtBeginDocument code.
Package caption Info: float package is loaded.
Package caption Info: longtable package is loaded.
(/usr/share/texlive/texmf-dist/tex/latex/caption/ltcaption.sty
Package: ltcaption 2021/01/08 v1.4c longtable captions (AR)
)
Package caption Info: End \AtBeginDocument code.
LaTeX Font Info:    Trying to load font information for U+msa on input line 56.


(/usr/share/texlive/texmf-dist/tex/latex/amsfonts/umsa.fd
File: umsa.fd 2013/01/14 v3.01 AMS symbols A
)
LaTeX Font Info:    Trying to load font information for U+msb on input line 56.


(/usr/share/texlive/texmf-dist/tex/latex/amsfonts/umsb.fd
File: umsb.fd 2013/01/14 v3.01 AMS symbols B
)
LaTeX Font Info:    Trying to load font information for T1+cmtt on input line 6
1.

(/usr/share/texlive/texmf-dist/tex/latex/base/t1cmtt.fd
File: t1cmtt.fd 2023/04/13 v2.5m Standard LaTeX font definitions
) [1

{/var/lib/texmf/fonts/map/pdftex/updmap/pdftex.map}{/usr/share/texmf/fonts/enc/
dvips/cm-super/cm-super-t1.enc}] (./analisis30_4_26.toc
LaTeX Info: Redefining \. on input line 1.
LaTeX Info: Redefining \% on input line 1.
 [2

])
\tf@toc=\write4
\openout4 = `analisis30_4_26.toc'.

 [3] [4

] [5

] [6{/usr/share/texmf/fonts/enc/dvips/cm-super/cm-super-ts1.enc}]

LaTeX Warning: File `analisis_assets/moqa_2022/figures/moqa_fig_nsga2_random.jp
eg' not found on input line 163.


LaTeX Warning: File `analisis_assets/moqa_2022/figures/moqa_fig_nsga2_greedy.jp
eg' not found on input line 169.


LaTeX Warning: File `analisis_assets/moqa_2022/figures/moqa_fig_spea2_random.jp
eg' not found on input line 175.


LaTeX Warning: File `analisis_assets/moqa_2022/figures/moqa_fig_spea2_greedy.jp
eg' not found on input line 181.


LaTeX Warning: File `analisis_assets/moqa_2022/figures/moqa_fig_nsga3_random.jp
eg' not found on input line 191.


LaTeX Warning: File `analisis_assets/moqa_2022/figures/moqa_fig_nsga3_greedy.jp
eg' not found on input line 197.


LaTeX Warning: File `analisis_assets/moqa_2022/figures/moqa_fig_moead_random.jp
eg' not found on input line 203.


LaTeX Warning: File `analisis_assets/moqa_2022/figures/moqa_fig_moead_greedy.jp
eg' not found on input line 209.

[7

] [8]

LaTeX Warning: File `analisis_assets/moqa_2022/figures/moqa_fig_convergencia_1.
jpeg' not found on input line 220.


LaTeX Warning: File `analisis_assets/moqa_2022/figures/moqa_fig_convergencia_2.
jpeg' not found on input line 226.

[9

] [10] [11] [12

] [13

]
LaTeX Font Info:    Font shape `T1/cmtt/bx/n' in size <10> not available
(Font)              Font shape `T1/cmtt/m/n' tried instead on input line 414.
 [14

] [15] [16

] [17

]

LaTeX Warning: File `analisis_assets/20260430T185224/2_comparativa/1_frentes/fr
entes_pareto/frentes_pareto_global_full.png' not found on input line 497.


LaTeX Warning: File `analisis_assets/20260430T185224/2_comparativa/1_frentes/fr
entes_pareto/frentes_pareto_nsga2_random_sparse_full.png' not found on input li
ne 509.


LaTeX Warning: File `analisis_assets/20260430T185224/2_comparativa/1_frentes/fr
entes_pareto/frentes_pareto_nsga2_random_dense_full.png' not found on input lin
e 509.


LaTeX Warning: File `analisis_assets/20260430T185224/2_comparativa/1_frentes/fr
entes_pareto/frentes_pareto_nsga2_greedy_ting_full.png' not found on input line
 509.


LaTeX Warning: File `analisis_assets/20260430T185224/2_comparativa/1_frentes/fr
entes_pareto/frentes_pareto_nsga2_greedy_hybrid_full.png' not found on input li
ne 509.


LaTeX Warning: File `analisis_assets/20260430T185224/2_comparativa/1_frentes/fr
entes_pareto/frentes_pareto_nsga3_random_sparse_full.png' not found on input li
ne 510.


LaTeX Warning: File `analisis_assets/20260430T185224/2_comparativa/1_frentes/fr
entes_pareto/frentes_pareto_nsga3_random_dense_full.png' not found on input lin
e 510.


LaTeX Warning: File `analisis_assets/20260430T185224/2_comparativa/1_frentes/fr
entes_pareto/frentes_pareto_nsga3_greedy_ting_full.png' not found on input line
 510.


LaTeX Warning: File `analisis_assets/20260430T185224/2_comparativa/1_frentes/fr
entes_pareto/frentes_pareto_nsga3_greedy_hybrid_full.png' not found on input li
ne 510.


LaTeX Warning: File `analisis_assets/20260430T185224/2_comparativa/1_frentes/fr
entes_pareto/frentes_pareto_spea2_random_sparse_full.png' not found on input li
ne 511.


LaTeX Warning: File `analisis_assets/20260430T185224/2_comparativa/1_frentes/fr
entes_pareto/frentes_pareto_spea2_random_dense_full.png' not found on input lin
e 511.


LaTeX Warning: File `analisis_assets/20260430T185224/2_comparativa/1_frentes/fr
entes_pareto/frentes_pareto_spea2_greedy_ting_full.png' not found on input line
 511.


LaTeX Warning: File `analisis_assets/20260430T185224/2_comparativa/1_frentes/fr
entes_pareto/frentes_pareto_spea2_greedy_hybrid_full.png' not found on input li
ne 511.


LaTeX Warning: File `analisis_assets/20260430T185224/2_comparativa/1_frentes/fr
entes_pareto/frentes_pareto_moead_pbi_random_sparse_full.png' not found on inpu
t line 512.


LaTeX Warning: File `analisis_assets/20260430T185224/2_comparativa/1_frentes/fr
entes_pareto/frentes_pareto_moead_pbi_random_dense_full.png' not found on input
 line 512.


LaTeX Warning: File `analisis_assets/20260430T185224/2_comparativa/1_frentes/fr
entes_pareto/frentes_pareto_moead_pbi_greedy_ting_full.png' not found on input 
line 512.


LaTeX Warning: File `analisis_assets/20260430T185224/2_comparativa/1_frentes/fr
entes_pareto/frentes_pareto_moead_pbi_greedy_hybrid_full.png' not found on inpu
t line 512.


LaTeX Warning: File `analisis_assets/20260430T185224/2_comparativa/1_frentes/fr
entes_pareto/frentes_pareto_moead_tche_random_sparse_full.png' not found on inp
ut line 513.


LaTeX Warning: File `analisis_assets/20260430T185224/2_comparativa/1_frentes/fr
entes_pareto/frentes_pareto_moead_tche_random_dense_full.png' not found on inpu
t line 513.


LaTeX Warning: File `analisis_assets/20260430T185224/2_comparativa/1_frentes/fr
entes_pareto/frentes_pareto_moead_tche_greedy_ting_full.png' not found on input
 line 513.


LaTeX Warning: File `analisis_assets/20260430T185224/2_comparativa/1_frentes/fr
entes_pareto/frentes_pareto_moead_tche_greedy_hybrid_full.png' not found on inp
ut line 513.


LaTeX Warning: File `analisis_assets/20260430T185224/2_comparativa/1_frentes/fr
entes_pareto/frentes_pareto_moead_ws_random_sparse_full.png' not found on input
 line 514.


LaTeX Warning: File `analisis_assets/20260430T185224/2_comparativa/1_frentes/fr
entes_pareto/frentes_pareto_moead_ws_random_dense_full.png' not found on input 
line 514.


LaTeX Warning: File `analisis_assets/20260430T185224/2_comparativa/1_frentes/fr
entes_pareto/frentes_pareto_moead_ws_greedy_ting_full.png' not found on input l
ine 514.


LaTeX Warning: File `analisis_assets/20260430T185224/2_comparativa/1_frentes/fr
entes_pareto/frentes_pareto_moead_ws_greedy_hybrid_full.png' not found on input
 line 514.

[18

]

LaTeX Warning: File `analisis_assets/20260430T185224/2_comparativa/2_metricas_c
onvergencia/convergencia_range_full.png' not found on input line 524.


LaTeX Warning: File `analisis_assets/20260430T185224/2_comparativa/2_metricas_c
onvergencia/convergencia_summin_full.png' not found on input line 529.


LaTeX Warning: File `analisis_assets/20260430T185224/2_comparativa/2_metricas_c
onvergencia/convergencia_minsum_full.png' not found on input line 536.


LaTeX Warning: File `analisis_assets/20260430T185224/2_comparativa/2_metricas_c
onvergencia/convergencia_avghammingdistance_full.png' not found on input line 5
41.


LaTeX Warning: File `analisis_assets/20260430T185224/2_comparativa/2_metricas_c
onvergencia/convergencia_hypervolume_full.png' not found on input line 548.

[19] [20] [21] [22]

LaTeX Warning: File `analisis_assets/20260430T185224/2_comparativa/4_rankings/e
stadistica/method/heatmap_nemenyi_full.png' not found on input line 723.


LaTeX Warning: File `analisis_assets/20260430T185224/2_comparativa/4_rankings/e
stadistica/init/heatmap_nemenyi_init_full.png' not found on input line 728.

[23] [24

]

LaTeX Warning: File `analisis_assets/20260430T185224/2_comparativa/4_rankings/h
eatmap_comparativa_full.png' not found on input line 742.


LaTeX Warning: File `analisis_assets/20260430T185224/2_comparativa/4_rankings/e
stadistica/method/rangos_promedio_full.png' not found on input line 749.

[25

] [26] [27

]

LaTeX Warning: File `analisis_assets/20260430T183144/2_comparativa/1_frentes/fr
entes_pareto/frentes_pareto_global_full.png' not found on input line 771.


LaTeX Warning: File `analisis_assets/20260430T183144/2_comparativa/1_frentes/fr
entes_pareto/frentes_pareto_nsga2_random_sparse_full.png' not found on input li
ne 783.


LaTeX Warning: File `analisis_assets/20260430T183144/2_comparativa/1_frentes/fr
entes_pareto/frentes_pareto_nsga2_random_dense_full.png' not found on input lin
e 783.


LaTeX Warning: File `analisis_assets/20260430T183144/2_comparativa/1_frentes/fr
entes_pareto/frentes_pareto_nsga2_greedy_ting_full.png' not found on input line
 783.


LaTeX Warning: File `analisis_assets/20260430T183144/2_comparativa/1_frentes/fr
entes_pareto/frentes_pareto_nsga2_greedy_hybrid_full.png' not found on input li
ne 783.


LaTeX Warning: File `analisis_assets/20260430T183144/2_comparativa/1_frentes/fr
entes_pareto/frentes_pareto_nsga3_random_sparse_full.png' not found on input li
ne 784.


LaTeX Warning: File `analisis_assets/20260430T183144/2_comparativa/1_frentes/fr
entes_pareto/frentes_pareto_nsga3_random_dense_full.png' not found on input lin
e 784.


LaTeX Warning: File `analisis_assets/20260430T183144/2_comparativa/1_frentes/fr
entes_pareto/frentes_pareto_nsga3_greedy_ting_full.png' not found on input line
 784.


LaTeX Warning: File `analisis_assets/20260430T183144/2_comparativa/1_frentes/fr
entes_pareto/frentes_pareto_nsga3_greedy_hybrid_full.png' not found on input li
ne 784.


LaTeX Warning: File `analisis_assets/20260430T183144/2_comparativa/1_frentes/fr
entes_pareto/frentes_pareto_spea2_random_sparse_full.png' not found on input li
ne 785.


LaTeX Warning: File `analisis_assets/20260430T183144/2_comparativa/1_frentes/fr
entes_pareto/frentes_pareto_spea2_random_dense_full.png' not found on input lin
e 785.


LaTeX Warning: File `analisis_assets/20260430T183144/2_comparativa/1_frentes/fr
entes_pareto/frentes_pareto_spea2_greedy_ting_full.png' not found on input line
 785.


LaTeX Warning: File `analisis_assets/20260430T183144/2_comparativa/1_frentes/fr
entes_pareto/frentes_pareto_spea2_greedy_hybrid_full.png' not found on input li
ne 785.


LaTeX Warning: File `analisis_assets/20260430T183144/2_comparativa/1_frentes/fr
entes_pareto/frentes_pareto_moead_pbi_random_sparse_full.png' not found on inpu
t line 786.


LaTeX Warning: File `analisis_assets/20260430T183144/2_comparativa/1_frentes/fr
entes_pareto/frentes_pareto_moead_pbi_random_dense_full.png' not found on input
 line 786.


LaTeX Warning: File `analisis_assets/20260430T183144/2_comparativa/1_frentes/fr
entes_pareto/frentes_pareto_moead_pbi_greedy_ting_full.png' not found on input 
line 786.


LaTeX Warning: File `analisis_assets/20260430T183144/2_comparativa/1_frentes/fr
entes_pareto/frentes_pareto_moead_pbi_greedy_hybrid_full.png' not found on inpu
t line 786.


LaTeX Warning: File `analisis_assets/20260430T183144/2_comparativa/1_frentes/fr
entes_pareto/frentes_pareto_moead_tche_random_sparse_full.png' not found on inp
ut line 787.


LaTeX Warning: File `analisis_assets/20260430T183144/2_comparativa/1_frentes/fr
entes_pareto/frentes_pareto_moead_tche_random_dense_full.png' not found on inpu
t line 787.


LaTeX Warning: File `analisis_assets/20260430T183144/2_comparativa/1_frentes/fr
entes_pareto/frentes_pareto_moead_tche_greedy_ting_full.png' not found on input
 line 787.


LaTeX Warning: File `analisis_assets/20260430T183144/2_comparativa/1_frentes/fr
entes_pareto/frentes_pareto_moead_tche_greedy_hybrid_full.png' not found on inp
ut line 787.


LaTeX Warning: File `analisis_assets/20260430T183144/2_comparativa/1_frentes/fr
entes_pareto/frentes_pareto_moead_ws_random_sparse_full.png' not found on input
 line 788.


LaTeX Warning: File `analisis_assets/20260430T183144/2_comparativa/1_frentes/fr
entes_pareto/frentes_pareto_moead_ws_random_dense_full.png' not found on input 
line 788.


LaTeX Warning: File `analisis_assets/20260430T183144/2_comparativa/1_frentes/fr
entes_pareto/frentes_pareto_moead_ws_greedy_ting_full.png' not found on input l
ine 788.


LaTeX Warning: File `analisis_assets/20260430T183144/2_comparativa/1_frentes/fr
entes_pareto/frentes_pareto_moead_ws_greedy_hybrid_full.png' not found on input
 line 788.

[28

]

LaTeX Warning: File `analisis_assets/20260430T183144/2_comparativa/2_metricas_c
onvergencia/convergencia_range_full.png' not found on input line 798.


LaTeX Warning: File `analisis_assets/20260430T183144/2_comparativa/2_metricas_c
onvergencia/convergencia_summin_full.png' not found on input line 803.


LaTeX Warning: File `analisis_assets/20260430T183144/2_comparativa/2_metricas_c
onvergencia/convergencia_minsum_full.png' not found on input line 810.


LaTeX Warning: File `analisis_assets/20260430T183144/2_comparativa/2_metricas_c
onvergencia/convergencia_avghammingdistance_full.png' not found on input line 8
15.


LaTeX Warning: File `analisis_assets/20260430T183144/2_comparativa/2_metricas_c
onvergencia/convergencia_hypervolume_full.png' not found on input line 822.

[29] [30] [31] [32]

LaTeX Warning: File `analisis_assets/20260430T183144/2_comparativa/4_rankings/e
stadistica/method/heatmap_nemenyi_full.png' not found on input line 997.


LaTeX Warning: File `analisis_assets/20260430T183144/2_comparativa/4_rankings/e
stadistica/init/heatmap_nemenyi_init_full.png' not found on input line 1002.

[33] [34

]

LaTeX Warning: File `analisis_assets/20260430T183144/2_comparativa/4_rankings/h
eatmap_comparativa_full.png' not found on input line 1016.


LaTeX Warning: File `analisis_assets/20260430T183144/2_comparativa/4_rankings/e
stadistica/method/rangos_promedio_full.png' not found on input line 1023.

[35

] [36] [37

] [38

] [39

] [40

]

LaTeX Warning: File `analisis_assets/moqa_2022/figures/moqa_fig_nsga2_greedy.jp
eg' not found on input line 1086.


LaTeX Warning: File `analisis_assets/20260430T185224/2_comparativa/1_frentes/fr
entes_pareto/frentes_pareto_nsga2_greedy_ting_full.png' not found on input line
 1087.


LaTeX Warning: File `analisis_assets/20260430T185224/2_comparativa/1_frentes/fr
entes_pareto/frentes_pareto_nsga2_greedy_hybrid_full.png' not found on input li
ne 1088.


LaTeX Warning: File `analisis_assets/20260430T183144/2_comparativa/1_frentes/fr
entes_pareto/frentes_pareto_nsga2_greedy_ting_full.png' not found on input line
 1089.


LaTeX Warning: File `analisis_assets/20260430T183144/2_comparativa/1_frentes/fr
entes_pareto/frentes_pareto_nsga2_greedy_hybrid_full.png' not found on input li
ne 1090.


LaTeX Warning: File `analisis_assets/moqa_2022/figures/moqa_fig_nsga2_random.jp
eg' not found on input line 1097.


LaTeX Warning: File `analisis_assets/20260430T185224/2_comparativa/1_frentes/fr
entes_pareto/frentes_pareto_nsga2_random_dense_full.png' not found on input lin
e 1098.


LaTeX Warning: File `analisis_assets/20260430T183144/2_comparativa/1_frentes/fr
entes_pareto/frentes_pareto_nsga2_random_dense_full.png' not found on input lin
e 1099.


LaTeX Warning: File `analisis_assets/moqa_2022/figures/moqa_fig_spea2_greedy.jp
eg' not found on input line 1111.


LaTeX Warning: File `analisis_assets/20260430T185224/2_comparativa/1_frentes/fr
entes_pareto/frentes_pareto_spea2_greedy_ting_full.png' not found on input line
 1112.


LaTeX Warning: File `analisis_assets/20260430T185224/2_comparativa/1_frentes/fr
entes_pareto/frentes_pareto_spea2_greedy_hybrid_full.png' not found on input li
ne 1113.


LaTeX Warning: File `analisis_assets/20260430T183144/2_comparativa/1_frentes/fr
entes_pareto/frentes_pareto_spea2_greedy_ting_full.png' not found on input line
 1114.


LaTeX Warning: File `analisis_assets/20260430T183144/2_comparativa/1_frentes/fr
entes_pareto/frentes_pareto_spea2_greedy_hybrid_full.png' not found on input li
ne 1115.


LaTeX Warning: File `analisis_assets/moqa_2022/figures/moqa_fig_spea2_random.jp
eg' not found on input line 1122.


LaTeX Warning: File `analisis_assets/20260430T185224/2_comparativa/1_frentes/fr
entes_pareto/frentes_pareto_spea2_random_dense_full.png' not found on input lin
e 1123.


LaTeX Warning: File `analisis_assets/20260430T183144/2_comparativa/1_frentes/fr
entes_pareto/frentes_pareto_spea2_random_dense_full.png' not found on input lin
e 1124.


LaTeX Warning: File `analisis_assets/moqa_2022/figures/moqa_fig_nsga3_greedy.jp
eg' not found on input line 1136.


LaTeX Warning: File `analisis_assets/20260430T185224/2_comparativa/1_frentes/fr
entes_pareto/frentes_pareto_nsga3_greedy_ting_full.png' not found on input line
 1137.


LaTeX Warning: File `analisis_assets/20260430T185224/2_comparativa/1_frentes/fr
entes_pareto/frentes_pareto_nsga3_greedy_hybrid_full.png' not found on input li
ne 1138.


LaTeX Warning: File `analisis_assets/20260430T183144/2_comparativa/1_frentes/fr
entes_pareto/frentes_pareto_nsga3_greedy_ting_full.png' not found on input line
 1139.


LaTeX Warning: File `analisis_assets/20260430T183144/2_comparativa/1_frentes/fr
entes_pareto/frentes_pareto_nsga3_greedy_hybrid_full.png' not found on input li
ne 1140.


LaTeX Warning: File `analisis_assets/moqa_2022/figures/moqa_fig_nsga3_random.jp
eg' not found on input line 1147.


LaTeX Warning: File `analisis_assets/20260430T185224/2_comparativa/1_frentes/fr
entes_pareto/frentes_pareto_nsga3_random_dense_full.png' not found on input lin
e 1148.


LaTeX Warning: File `analisis_assets/20260430T183144/2_comparativa/1_frentes/fr
entes_pareto/frentes_pareto_nsga3_random_dense_full.png' not found on input lin
e 1149.

[41

]

LaTeX Warning: File `analisis_assets/moqa_2022/figures/moqa_fig_moead_greedy.jp
eg' not found on input line 1161.


LaTeX Warning: File `analisis_assets/20260430T185224/2_comparativa/1_frentes/fr
entes_pareto/frentes_pareto_moead_pbi_greedy_ting_full.png' not found on input 
line 1162.


LaTeX Warning: File `analisis_assets/20260430T185224/2_comparativa/1_frentes/fr
entes_pareto/frentes_pareto_moead_pbi_greedy_hybrid_full.png' not found on inpu
t line 1163.


LaTeX Warning: File `analisis_assets/20260430T183144/2_comparativa/1_frentes/fr
entes_pareto/frentes_pareto_moead_pbi_greedy_ting_full.png' not found on input 
line 1164.


LaTeX Warning: File `analisis_assets/20260430T183144/2_comparativa/1_frentes/fr
entes_pareto/frentes_pareto_moead_pbi_greedy_hybrid_full.png' not found on inpu
t line 1165.


LaTeX Warning: File `analisis_assets/moqa_2022/figures/moqa_fig_moead_random.jp
eg' not found on input line 1172.


LaTeX Warning: File `analisis_assets/20260430T185224/2_comparativa/1_frentes/fr
entes_pareto/frentes_pareto_moead_pbi_random_dense_full.png' not found on input
 line 1173.


LaTeX Warning: File `analisis_assets/20260430T183144/2_comparativa/1_frentes/fr
entes_pareto/frentes_pareto_moead_pbi_random_dense_full.png' not found on input
 line 1174.


LaTeX Warning: File `analisis_assets/moqa_2022/figures/moqa_fig_moead_greedy.jp
eg' not found on input line 1186.


LaTeX Warning: File `analisis_assets/20260430T185224/2_comparativa/1_frentes/fr
entes_pareto/frentes_pareto_moead_tche_greedy_ting_full.png' not found on input
 line 1187.


LaTeX Warning: File `analisis_assets/20260430T185224/2_comparativa/1_frentes/fr
entes_pareto/frentes_pareto_moead_tche_greedy_hybrid_full.png' not found on inp
ut line 1188.


LaTeX Warning: File `analisis_assets/20260430T183144/2_comparativa/1_frentes/fr
entes_pareto/frentes_pareto_moead_tche_greedy_ting_full.png' not found on input
 line 1189.


LaTeX Warning: File `analisis_assets/20260430T183144/2_comparativa/1_frentes/fr
entes_pareto/frentes_pareto_moead_tche_greedy_hybrid_full.png' not found on inp
ut line 1190.


LaTeX Warning: File `analisis_assets/moqa_2022/figures/moqa_fig_moead_random.jp
eg' not found on input line 1197.


LaTeX Warning: File `analisis_assets/20260430T185224/2_comparativa/1_frentes/fr
entes_pareto/frentes_pareto_moead_tche_random_dense_full.png' not found on inpu
t line 1198.


LaTeX Warning: File `analisis_assets/20260430T183144/2_comparativa/1_frentes/fr
entes_pareto/frentes_pareto_moead_tche_random_dense_full.png' not found on inpu
t line 1199.

[42]

LaTeX Warning: File `analisis_assets/moqa_2022/figures/moqa_fig_moead_greedy.jp
eg' not found on input line 1211.


LaTeX Warning: File `analisis_assets/20260430T185224/2_comparativa/1_frentes/fr
entes_pareto/frentes_pareto_moead_ws_greedy_ting_full.png' not found on input l
ine 1212.


LaTeX Warning: File `analisis_assets/20260430T185224/2_comparativa/1_frentes/fr
entes_pareto/frentes_pareto_moead_ws_greedy_hybrid_full.png' not found on input
 line 1213.


LaTeX Warning: File `analisis_assets/20260430T183144/2_comparativa/1_frentes/fr
entes_pareto/frentes_pareto_moead_ws_greedy_ting_full.png' not found on input l
ine 1214.


LaTeX Warning: File `analisis_assets/20260430T183144/2_comparativa/1_frentes/fr
entes_pareto/frentes_pareto_moead_ws_greedy_hybrid_full.png' not found on input
 line 1215.


LaTeX Warning: File `analisis_assets/moqa_2022/figures/moqa_fig_moead_random.jp
eg' not found on input line 1222.


LaTeX Warning: File `analisis_assets/20260430T185224/2_comparativa/1_frentes/fr
entes_pareto/frentes_pareto_moead_ws_random_dense_full.png' not found on input 
line 1223.


LaTeX Warning: File `analisis_assets/20260430T183144/2_comparativa/1_frentes/fr
entes_pareto/frentes_pareto_moead_ws_random_dense_full.png' not found on input 
line 1224.

[43] [44] [45

] [46

] [47

] [48

] [49

] [50

] [51

] [52

] [53

] [54

] [55

] [56

]
(./analisis30_4_26.aux
LaTeX Info: Redefining \. on input line 11.
LaTeX Info: Redefining \% on input line 11.
)
 ***********
LaTeX2e <2023-11-01> patch level 1
L3 programming layer <2024-01-22>
 ***********
Package rerunfilecheck Info: File `analisis30_4_26.out' has not changed.
(rerunfilecheck)             Checksum: 9F674D056BA5D86462B92C13E7C26A11;15468.
 ) 
Here is how much of TeX's memory you used:
 16480 strings out of 474222
 489517 string characters out of 5748733
 1948975 words of memory out of 5000000
 38360 multiletter control sequences out of 15000+600000
 576185 words of font info for 81 fonts, out of 8000000 for 9000
 1141 hyphenation exceptions out of 8191
 75i,13n,79p,1624b,779s stack positions out of 10000i,1000n,20000p,200000b,200000s
</usr/share/texlive/texmf-dist/fonts/type1/public/amsfonts/cm/cmbx10.pfb></us
r/share/texlive/texmf-dist/fonts/type1/public/amsfonts/cm/cmex10.pfb></usr/shar
e/texlive/texmf-dist/fonts/type1/public/amsfonts/cm/cmmi10.pfb></usr/share/texl
ive/texmf-dist/fonts/type1/public/amsfonts/cm/cmmi5.pfb></usr/share/texlive/tex
mf-dist/fonts/type1/public/amsfonts/cm/cmmi7.pfb></usr/share/texlive/texmf-dist
/fonts/type1/public/amsfonts/cm/cmr10.pfb></usr/share/texlive/texmf-dist/fonts/
type1/public/amsfonts/cm/cmr7.pfb></usr/share/texlive/texmf-dist/fonts/type1/pu
blic/amsfonts/cm/cmsy10.pfb></usr/share/texlive/texmf-dist/fonts/type1/public/a
msfonts/cm/cmsy7.pfb></usr/share/texmf/fonts/type1/public/cm-super/sfbi1000.pfb
></usr/share/texmf/fonts/type1/public/cm-super/sfbx0700.pfb></usr/share/texmf/f
onts/type1/public/cm-super/sfbx1000.pfb></usr/share/texmf/fonts/type1/public/cm
-super/sfbx1200.pfb></usr/share/texmf/fonts/type1/public/cm-super/sfbx1440.pfb>
</usr/share/texmf/fonts/type1/public/cm-super/sfrm0700.pfb></usr/share/texmf/fo
nts/type1/public/cm-super/sfrm0900.pfb></usr/share/texmf/fonts/type1/public/cm-
super/sfrm1000.pfb></usr/share/texmf/fonts/type1/public/cm-super/sfrm1200.pfb><
/usr/share/texmf/fonts/type1/public/cm-super/sfrm1728.pfb></usr/share/texmf/fon
ts/type1/public/cm-super/sfti1000.pfb></usr/share/texmf/fonts/type1/public/cm-s
uper/sftt1000.pfb>
Output written on analisis30_4_26.pdf (56 pages, 473936 bytes).
PDF statistics:
 784 PDF objects out of 1000 (max. 8388607)
 675 compressed objects within 7 object streams
 183 named destinations out of 1000 (max. 500000)
 513 words of extra memory for PDF output out of 10000 (max. 10000000)

