
  ⚙️   [1mCONFIGURACIÓN[0m
  ───────────────────
      • Modo=full | POP_SIZE=200 | N_GEN=500 | OFFSPRING=200 | PC=0.7 | PM=0.000969 | N_RUNS=5

  📊  [1mMetadatos y Dimensiones del Dataset[0m
  ─────────────────────────────────────────
       [92m✅  Hinds 2005 cargado y filtrado: 48 patrones alelicos × 772 SNPs polimórficos (de 1032 originales) desde 'snp_tag/data/datasets/hinds2005_1032.txt'[0m
      • ORIGEN_DATOS=hinds2005 (Hinds et al. 2005 / Perlegen) | N_SNPS=772 | N_PATRONES=48 | PM=0.001295
      • FICHERO=snp_tag/data/datasets/hinds2005_1032.txt
      • REPORT_DPI=300 | EVALUATION_MODE=proportional | NORMALIZATION_MODE=static_proportional_limits | SEED_MODE=non_deterministic | OBJ_TRANSFORM=neg

[93m[1m╔══════════════════════════════════════════════════════════════════════════════╗
[93m[1m║                  DIAGNÓSTICO DE DATOS Y DESEQUILIBRIO (LD)                   ║
[93m[1m╚══════════════════════════════════════════════════════════════════════════════╝[0m

  🧬  [1mVisualización de la Estructura de Haplotipos[0m
  ──────────────────────────────────────────────────
      🖼️  Mapa de calor de haplotipos: ]8;;file:///home/cofer/Documents/University/TFG/snp_tag_tfg/snp_tag/results/full/hinds2005/greedy_hybrid-greedy_pure-random_dense-random_sparse/20260425T180636/0_datos_previos/heatmap_haplotipos_full.png\ [36mheatmap_haplotipos_full.png[0m]8;;\
      🖼️  Estructura LD (3 bloques): ]8;;file:///home/cofer/Documents/University/TFG/snp_tag_tfg/snp_tag/results/full/hinds2005/greedy_hybrid-greedy_pure-random_dense-random_sparse/20260425T180636/0_datos_previos/bloques_ld_haplotipos_full.png\ [36mbloques_ld_haplotipos_full.png[0m]8;;\

  📈  [1mAnálisis de Variabilidad y Frecuencia Alélica[0m
  ───────────────────────────────────────────────────
      🖼️  Distribución de frecuencia alélica: ]8;;file:///home/cofer/Documents/University/TFG/snp_tag_tfg/snp_tag/results/full/hinds2005/greedy_hybrid-greedy_pure-random_dense-random_sparse/20260425T180636/0_datos_previos/histograma_alelico_full.png\ [36mhistograma_alelico_full.png[0m]8;;\
      🖼️  Variabilidad por SNP: ]8;;file:///home/cofer/Documents/University/TFG/snp_tag_tfg/snp_tag/results/full/hinds2005/greedy_hybrid-greedy_pure-random_dense-random_sparse/20260425T180636/0_datos_previos/variabilidad_snps_full.png\ [36mvariabilidad_snps_full.png[0m]8;;\
      🖼️  Alelos dominantes por haplotipo: ]8;;file:///home/cofer/Documents/University/TFG/snp_tag_tfg/snp_tag/results/full/hinds2005/greedy_hybrid-greedy_pure-random_dense-random_sparse/20260425T180636/0_datos_previos/conteo_alelos_full.png\ [36mconteo_alelos_full.png[0m]8;;\
      🖼️  Distribución de distancias de Hamming: ]8;;file:///home/cofer/Documents/University/TFG/snp_tag_tfg/snp_tag/results/full/hinds2005/greedy_hybrid-greedy_pure-random_dense-random_sparse/20260425T180636/0_datos_previos/histograma_hamming_full.png\ [36mhistograma_hamming_full.png[0m]8;;\

  🔗  [1mCaracterización Global de Correlación (LD)[0m
  ────────────────────────────────────────────────
      • [1mCorrelación media absoluta (global |r|)[0m: 0.1387
      • [1mTotal de pares evaluados[0m: 297606
      🖼️  Mapa de calor de correlación (LD): ]8;;file:///home/cofer/Documents/University/TFG/snp_tag_tfg/snp_tag/results/full/hinds2005/greedy_hybrid-greedy_pure-random_dense-random_sparse/20260425T180636/0_datos_previos/heatmap_correlacion_completa_full.png\ [36mheatmap_correlacion_completa_full.png[0m]8;;\
      🖼️  Distribución de correlaciones (LD): ]8;;file:///home/cofer/Documents/University/TFG/snp_tag_tfg/snp_tag/results/full/hinds2005/greedy_hybrid-greedy_pure-random_dense-random_sparse/20260425T180636/0_datos_previos/histograma_correlaciones_ld_full.png\ [36mhistograma_correlaciones_ld_full.png[0m]8;;\
      🖼️  CDF de correlación LD: ]8;;file:///home/cofer/Documents/University/TFG/snp_tag_tfg/snp_tag/results/full/hinds2005/greedy_hybrid-greedy_pure-random_dense-random_sparse/20260425T180636/0_datos_previos/cdf_correlacion_absoluta_ld_full.png\ [36mcdf_correlacion_absoluta_ld_full.png[0m]8;;\

  ⚖️   [1mResumen Estructural del Dataset[0m
  ─────────────────────────────────────
      • [1mEstructura detectada[0m: 3 bloques de ligamiento
      • [1mCorrelación media absoluta (|r|)[0m: 0.1387
      • [1mNaturaleza del dato[0m: Benchmark biológico (Hinds)

  📐  [1mAnálisis de Similitud Genotípica (Pares de Haplotipos)[0m
  ────────────────────────────────────────────────────────────
      • [1mNúmero de pares de haplotipos[0m: 1128
      • [1mPares mostrados[0m: 3 similares / 3 distintos
      • [1mVista parcial[0m: primeros 32 SNPs
      • [1mPercentiles (Hamming)[0m: P33=237.00, P66=273.00
      • [Etiquetas: <=P33 -> muy similar | (P33,P66] -> intermedio | >P66 -> muy distinto]

  🤝  [1mPares de mayor similitud genética[0m
  ───────────────────────────────────────
      •  [1mPar (26, 27)[0m | Hamming=[1m129[0m | muy similar
        h026: [90m0[0m[90m0[0m[90m0[0m[90m0[0m[90m0[0m[90m0[0m[90m0[0m[90m0[0m[90m0[0m[90m0[0m[90m0[0m1[90m0[0m[90m0[0m1111[90m0[0m[90m0[0m[90m0[0m[90m0[0m[90m0[0m[90m0[0m[90m0[0m[90m0[0m[90m0[0m11111...
        h027: 1111[90m0[0m111111[90m0[0m[90m0[0m[90m0[0m[90m0[0m1[90m0[0m[90m0[0m111[90m0[0m[90m0[0m1111[90m0[0m[90m0[0m[90m0[0m[90m0[0m[90m0[0m...
      •  [1mPar (17, 41)[0m | Hamming=[1m134[0m | muy similar
        h017: 1111[90m0[0m111111[90m0[0m[90m0[0m[90m0[0m[90m0[0m1[90m0[0m[90m0[0m111[90m0[0m[90m0[0m1111[90m0[0m1111...
        h041: 1111[90m0[0m111111[90m0[0m[90m0[0m[90m0[0m[90m0[0m1[90m0[0m[90m0[0m111[90m0[0m[90m0[0m1111[90m0[0m[90m0[0m111...
      •  [1mPar (36, 46)[0m | Hamming=[1m140[0m | muy similar
        h036: [90m0[0m[90m0[0m[90m0[0m[90m0[0m[90m0[0m[90m0[0m[90m0[0m[90m0[0m[90m0[0m[90m0[0m[90m0[0m1[90m0[0m[90m0[0m1111111[90m0[0m[90m0[0m1111[90m0[0m[90m0[0m[90m0[0m[90m0[0m[90m0[0m...
        h046: 1111[90m0[0m111111[90m0[0m[90m0[0m[90m0[0m[90m0[0m1[90m0[0m[90m0[0m111[90m0[0m[90m0[0m1111[90m0[0m[90m0[0m[90m0[0m[90m0[0m[90m0[0m...

  ↔️   [1mPares de mayor divergencia genética[0m
  ─────────────────────────────────────────
      •  [1mPar (29, 36)[0m | Hamming=[1m407[0m | muy distinto
        h029: [90m0[0m[90m0[0m[90m0[0m[90m0[0m1[90m0[0m[90m0[0m[90m0[0m[90m0[0m[90m0[0m[90m0[0m[90m0[0m11[90m0[0m[90m0[0m[90m0[0m[90m0[0m[90m0[0m[90m0[0m[90m0[0m[90m0[0m[90m0[0m[90m0[0m[90m0[0m[90m0[0m[90m0[0m1[90m0[0m[90m0[0m[90m0[0m[90m0[0m...
        h036: [90m0[0m[90m0[0m[90m0[0m[90m0[0m[90m0[0m[90m0[0m[90m0[0m[90m0[0m[90m0[0m[90m0[0m[90m0[0m1[90m0[0m[90m0[0m1111111[90m0[0m[90m0[0m1111[90m0[0m[90m0[0m[90m0[0m[90m0[0m[90m0[0m...
      •  [1mPar (28, 29)[0m | Hamming=[1m404[0m | muy distinto
        h028: [90m0[0m[90m0[0m[90m0[0m[90m0[0m1[90m0[0m[90m0[0m[90m0[0m[90m0[0m[90m0[0m[90m0[0m[90m0[0m11[90m0[0m[90m0[0m[90m0[0m[90m0[0m[90m0[0m[90m0[0m[90m0[0m[90m0[0m[90m0[0m[90m0[0m[90m0[0m[90m0[0m[90m0[0m1[90m0[0m[90m0[0m[90m0[0m[90m0[0m...
        h029: [90m0[0m[90m0[0m[90m0[0m[90m0[0m1[90m0[0m[90m0[0m[90m0[0m[90m0[0m[90m0[0m[90m0[0m[90m0[0m11[90m0[0m[90m0[0m[90m0[0m[90m0[0m[90m0[0m[90m0[0m[90m0[0m[90m0[0m[90m0[0m[90m0[0m[90m0[0m[90m0[0m[90m0[0m1[90m0[0m[90m0[0m[90m0[0m[90m0[0m...
      •  [1mPar (24, 29)[0m | Hamming=[1m390[0m | muy distinto
        h024: 1111[90m0[0m111111[90m0[0m[90m0[0m[90m0[0m[90m0[0m1[90m0[0m[90m0[0m111[90m0[0m[90m0[0m1[90m0[0m11[90m0[0m1111...
        h029: [90m0[0m[90m0[0m[90m0[0m[90m0[0m1[90m0[0m[90m0[0m[90m0[0m[90m0[0m[90m0[0m[90m0[0m[90m0[0m11[90m0[0m[90m0[0m[90m0[0m[90m0[0m[90m0[0m[90m0[0m[90m0[0m[90m0[0m[90m0[0m[90m0[0m[90m0[0m[90m0[0m[90m0[0m1[90m0[0m[90m0[0m[90m0[0m[90m0[0m...

[93m[1m╔══════════════════════════════════════════════════════════════════════════════╗
[93m[1m║                             MOTOR MULTIOBJETIVO                              ║
[93m[1m╚══════════════════════════════════════════════════════════════════════════════╝[0m

  ⚙️   [1mConfiguración del Motor Evolutivo[0m
  ───────────────────────────────────────
      • Modo=full | POP_SIZE=200 | N_GEN=500 | OFFSPRING=200 | PC=0.7 | PM=0.001295 | N_RUNS=5
      • Desglose: 6 algoritmos x 4 inicializaciones x 5 runs = 120 ejecuciones
      • Configuraciones únicas (algoritmo-init): 24
      • Algoritmos activos: NSGA2, NSGA3, SPEA2, MOEAD_TCHE, MOEAD_PBI, MOEAD_WS
      • Puntos de referencia (ref_dirs): 200 | Particiones: 9
      • Tamaño de población (pop_size): 200

  🧬  [1mFase Evolutiva[0m
  ────────────────────
    • Iniciando 120 experimentos en modo paralelo seguro
      • Paralelizando con hasta 14 procesos en paralelo
      • [Progreso:   1/120] | [NSGA2-greedy_pure] ejecución 3/5 (118.6 s)
      • [Progreso:   2/120] | [NSGA2-greedy_pure] ejecución 4/5 (147.8 s)
      • [Progreso:   3/120] | [NSGA2-random_dense] ejecución 4/5 (179.9 s)
      • [Progreso:   4/120] | [NSGA2-greedy_pure] ejecución 1/5 (183.5 s)
      • [Progreso:   5/120] | [NSGA2-random_dense] ejecución 2/5 (201.2 s)
      • [Progreso:   6/120] | [NSGA2-random_dense] ejecución 3/5 (208.4 s)
      • [Progreso:   7/120] | [NSGA2-random_sparse] ejecución 5/5 (209.4 s)
      • [Progreso:   8/120] | [NSGA2-random_dense] ejecución 5/5 (209.6 s)
      • [Progreso:   9/120] | [NSGA2-random_sparse] ejecución 4/5 (209.7 s)
      • [Progreso:  10/120] | [NSGA2-random_sparse] ejecución 2/5 (210.5 s)
      • [Progreso:  11/120] | [NSGA2-greedy_pure] ejecución 2/5 (213.1 s)
      • [Progreso:  12/120] | [NSGA2-random_sparse] ejecución 1/5 (218.2 s)
      • [Progreso:  13/120] | [NSGA2-random_dense] ejecución 1/5 (221.9 s)
      • [Progreso:  14/120] | [NSGA2-random_sparse] ejecución 3/5 (222.3 s)
      • [Progreso:  15/120] | [NSGA2-greedy_pure] ejecución 5/5 (116.1 s)
      • [Progreso:  16/120] | [NSGA2-greedy_hybrid] ejecución 1/5 (120.7 s)
      • [Progreso:  17/120] | [NSGA2-greedy_hybrid] ejecución 2/5 (160.1 s)
      • [Progreso:  18/120] | [NSGA3-random_dense] ejecución 4/5 (109.9 s)
      • [Progreso:  19/120] | [NSGA2-greedy_hybrid] ejecución 5/5 (166.5 s)
      • [Progreso:  20/120] | [NSGA2-greedy_hybrid] ejecución 3/5 (206.7 s)
      • [Progreso:  21/120] | [NSGA2-greedy_hybrid] ejecución 4/5 (202.1 s)
      • [Progreso:  22/120] | [NSGA3-random_sparse] ejecución 4/5 (203.7 s)
      • [Progreso:  23/120] | [NSGA3-random_sparse] ejecución 1/5 (207.6 s)
      • [Progreso:  24/120] | [NSGA3-random_sparse] ejecución 3/5 (207.7 s)
      • [Progreso:  25/120] | [NSGA3-random_sparse] ejecución 5/5 (206.2 s)
      • [Progreso:  26/120] | [NSGA3-random_sparse] ejecución 2/5 (215.2 s)
      • [Progreso:  27/120] | [NSGA3-random_dense] ejecución 1/5 (220.9 s)
      • [Progreso:  28/120] | [NSGA3-random_dense] ejecución 2/5 (220.4 s)
      • [Progreso:  29/120] | [NSGA3-random_dense] ejecución 3/5 (220.8 s)
      • [Progreso:  30/120] | [NSGA3-greedy_pure] ejecución 2/5 (112.6 s)
      • [Progreso:  31/120] | [NSGA3-random_dense] ejecución 5/5 (206.8 s)
      • [Progreso:  32/120] | [NSGA3-greedy_pure] ejecución 1/5 (141.4 s)
      • [Progreso:  33/120] | [NSGA3-greedy_pure] ejecución 4/5 (155.4 s)
      • [Progreso:  34/120] | [NSGA3-greedy_hybrid] ejecución 4/5 (153.0 s)
      • [Progreso:  35/120] | [NSGA3-greedy_pure] ejecución 3/5 (215.6 s)
      • [Progreso:  36/120] | [SPEA2-random_sparse] ejecución 4/5 (140.6 s)
      • [Progreso:  37/120] | [NSGA3-greedy_hybrid] ejecución 3/5 (189.9 s)
      • [Progreso:  38/120] | [NSGA3-greedy_pure] ejecución 5/5 (210.1 s)
      • [Progreso:  39/120] | [NSGA3-greedy_hybrid] ejecución 1/5 (206.8 s)
      • [Progreso:  40/120] | [NSGA3-greedy_hybrid] ejecución 2/5 (212.6 s)
      • [Progreso:  41/120] | [NSGA3-greedy_hybrid] ejecución 5/5 (236.3 s)
      • [Progreso:  42/120] | [SPEA2-random_dense] ejecución 3/5 (130.6 s)
      • [Progreso:  43/120] | [SPEA2-random_sparse] ejecución 1/5 (275.6 s)
      • [Progreso:  44/120] | [SPEA2-random_sparse] ejecución 2/5 (274.3 s)
      • [Progreso:  45/120] | [SPEA2-random_sparse] ejecución 3/5 (273.7 s)
      • [Progreso:  46/120] | [SPEA2-random_dense] ejecución 1/5 (236.0 s)
      • [Progreso:  47/120] | [SPEA2-random_sparse] ejecución 5/5 (254.9 s)
      • [Progreso:  48/120] | [SPEA2-random_dense] ejecución 5/5 (148.5 s)
      • [Progreso:  49/120] | [SPEA2-random_dense] ejecución 2/5 (236.0 s)
      • [Progreso:  50/120] | [SPEA2-greedy_pure] ejecución 2/5 (221.0 s)
      • [Progreso:  51/120] | [SPEA2-greedy_pure] ejecución 1/5 (241.8 s)
      • [Progreso:  52/120] | [SPEA2-random_dense] ejecución 4/5 (272.4 s)
      • [Progreso:  53/120] | [SPEA2-greedy_pure] ejecución 3/5 (249.3 s)
      • [Progreso:  54/120] | [SPEA2-greedy_pure] ejecución 4/5 (261.1 s)
      • [Progreso:  55/120] | [SPEA2-greedy_hybrid] ejecución 3/5 (205.1 s)
      • [Progreso:  56/120] | [SPEA2-greedy_pure] ejecución 5/5 (281.6 s)
      • [Progreso:  57/120] | [SPEA2-greedy_hybrid] ejecución 1/5 (272.7 s)
      • [Progreso:  58/120] | [SPEA2-greedy_hybrid] ejecución 5/5 (261.4 s)
      • [Progreso:  59/120] | [SPEA2-greedy_hybrid] ejecución 2/5 (281.4 s)
      • [Progreso:  60/120] | [SPEA2-greedy_hybrid] ejecución 4/5 (283.4 s)
      • [Progreso:  61/120] | [MOEAD_TCHE-random_sparse] ejecución 2/5 (340.7 s)
      • [Progreso:  62/120] | [MOEAD_TCHE-random_sparse] ejecución 3/5 (441.4 s)
      • [Progreso:  63/120] | [MOEAD_TCHE-random_sparse] ejecución 4/5 (437.1 s)
      • [Progreso:  64/120] | [MOEAD_TCHE-random_sparse] ejecución 1/5 (574.7 s)
      • [Progreso:  65/120] | [MOEAD_TCHE-random_dense] ejecución 2/5 (481.4 s)
      • [Progreso:  66/120] | [MOEAD_TCHE-random_dense] ejecución 3/5 (523.2 s)
      • [Progreso:  67/120] | [MOEAD_TCHE-random_sparse] ejecución 5/5 (605.1 s)
      • [Progreso:  68/120] | [MOEAD_TCHE-greedy_pure] ejecución 2/5 (494.6 s)
      • [Progreso:  69/120] | [MOEAD_TCHE-random_dense] ejecución 5/5 (549.9 s)
      • [Progreso:  70/120] | [MOEAD_TCHE-random_dense] ejecución 1/5 (636.5 s)
      • [Progreso:  71/120] | [MOEAD_TCHE-random_dense] ejecución 4/5 (634.7 s)
      • [Progreso:  72/120] | [MOEAD_TCHE-greedy_pure] ejecución 3/5 (623.1 s)
      • [Progreso:  73/120] | [MOEAD_TCHE-greedy_pure] ejecución 1/5 (663.3 s)
      • [Progreso:  74/120] | [MOEAD_TCHE-greedy_pure] ejecución 4/5 (665.7 s)
      • [Progreso:  75/120] | [MOEAD_TCHE-greedy_hybrid] ejecución 2/5 (429.5 s)
      • [Progreso:  76/120] | [MOEAD_TCHE-greedy_pure] ejecución 5/5 (663.9 s)
      • [Progreso:  77/120] | [MOEAD_TCHE-greedy_hybrid] ejecución 1/5 (622.6 s)
      • [Progreso:  78/120] | [MOEAD_PBI-random_sparse] ejecución 3/5 (437.2 s)
      • [Progreso:  79/120] | [MOEAD_TCHE-greedy_hybrid] ejecución 3/5 (659.5 s)
      • [Progreso:  80/120] | [MOEAD_TCHE-greedy_hybrid] ejecución 4/5 (647.3 s)
      • [Progreso:  81/120] | [MOEAD_PBI-random_sparse] ejecución 4/5 (531.2 s)
      • [Progreso:  82/120] | [MOEAD_TCHE-greedy_hybrid] ejecución 5/5 (622.7 s)
      • [Progreso:  83/120] | [MOEAD_PBI-random_sparse] ejecución 2/5 (653.4 s)
      • [Progreso:  84/120] | [MOEAD_PBI-random_sparse] ejecución 1/5 (677.4 s)
      • [Progreso:  85/120] | [MOEAD_PBI-random_sparse] ejecución 5/5 (638.7 s)
      • [Progreso:  86/120] | [MOEAD_PBI-random_dense] ejecución 1/5 (576.9 s)
      • [Progreso:  87/120] | [MOEAD_PBI-random_dense] ejecución 4/5 (582.7 s)
      • [Progreso:  88/120] | [MOEAD_PBI-random_dense] ejecución 2/5 (680.1 s)
      • [Progreso:  89/120] | [MOEAD_PBI-random_dense] ejecución 3/5 (680.3 s)
      • [Progreso:  90/120] | [MOEAD_PBI-greedy_pure] ejecución 2/5 (426.3 s)
      • [Progreso:  91/120] | [MOEAD_PBI-random_dense] ejecución 5/5 (674.1 s)
      • [Progreso:  92/120] | [MOEAD_PBI-greedy_pure] ejecución 1/5 (637.6 s)
      • [Progreso:  93/120] | [MOEAD_PBI-greedy_pure] ejecución 3/5 (681.4 s)
      • [Progreso:  94/120] | [MOEAD_PBI-greedy_pure] ejecución 4/5 (672.8 s)
      • [Progreso:  95/120] | [MOEAD_PBI-greedy_hybrid] ejecución 1/5 (645.5 s)
      • [Progreso:  96/120] | [MOEAD_PBI-greedy_hybrid] ejecución 5/5 (505.6 s)
      • [Progreso:  97/120] | [MOEAD_PBI-greedy_pure] ejecución 5/5 (679.4 s)
      • [Progreso:  98/120] | [MOEAD_PBI-greedy_hybrid] ejecución 2/5 (602.8 s)
      • [Progreso:  99/120] | [MOEAD_PBI-greedy_hybrid] ejecución 3/5 (647.4 s)
      • [Progreso: 100/120] | [MOEAD_PBI-greedy_hybrid] ejecución 4/5 (638.6 s)
      • [Progreso: 101/120] | [MOEAD_WS-random_sparse] ejecución 1/5 (578.1 s)
      • [Progreso: 102/120] | [MOEAD_WS-random_sparse] ejecución 2/5 (586.0 s)
      • [Progreso: 103/120] | [MOEAD_WS-random_sparse] ejecución 3/5 (568.0 s)
      • [Progreso: 104/120] | [MOEAD_WS-random_sparse] ejecución 4/5 (566.4 s)
      • [Progreso: 105/120] | [MOEAD_WS-random_sparse] ejecución 5/5 (661.3 s)
      • [Progreso: 106/120] | [MOEAD_WS-random_dense] ejecución 1/5 (614.8 s)
      • [Progreso: 107/120] | [MOEAD_WS-random_dense] ejecución 2/5 (575.5 s)
      • [Progreso: 108/120] | [MOEAD_WS-random_dense] ejecución 5/5 (547.1 s)
      • [Progreso: 109/120] | [MOEAD_WS-random_dense] ejecución 4/5 (570.0 s)
      • [Progreso: 110/120] | [MOEAD_WS-greedy_pure] ejecución 2/5 (577.1 s)
      • [Progreso: 111/120] | [MOEAD_WS-random_dense] ejecución 3/5 (644.3 s)
      • [Progreso: 112/120] | [MOEAD_WS-greedy_pure] ejecución 1/5 (633.6 s)
      • [Progreso: 113/120] | [MOEAD_WS-greedy_hybrid] ejecución 2/5 (436.2 s)
      • [Progreso: 114/120] | [MOEAD_WS-greedy_hybrid] ejecución 1/5 (457.7 s)
      • [Progreso: 115/120] | [MOEAD_WS-greedy_pure] ejecución 5/5 (503.9 s)
      • [Progreso: 116/120] | [MOEAD_WS-greedy_pure] ejecución 3/5 (588.9 s)
      • [Progreso: 117/120] | [MOEAD_WS-greedy_pure] ejecución 4/5 (542.2 s)
      • [Progreso: 118/120] | [MOEAD_WS-greedy_hybrid] ejecución 3/5 (474.1 s)
      • [Progreso: 119/120] | [MOEAD_WS-greedy_hybrid] ejecución 5/5 (299.9 s)
      • [Progreso: 120/120] | [MOEAD_WS-greedy_hybrid] ejecución 4/5 (331.4 s)

[93m[1m╔══════════════════════════════════════════════════════════════════════════════╗
[93m[1m║                            SÍNTESIS DE RESULTADOS                            ║
[93m[1m╚══════════════════════════════════════════════════════════════════════════════╝[0m
  • [1mConfiguración de síntesis[0m: DPI=300

  ⏱️   [1mAnálisis de Rendimiento y Tiempo[0m
  ──────────────────────────────────────
      🖼️  Boxplot tiempo de ejecución: ]8;;file:///home/cofer/Documents/University/TFG/snp_tag_tfg/snp_tag/results/full/hinds2005/greedy_hybrid-greedy_pure-random_dense-random_sparse/20260425T180636/2_comparativa/0_tiempo/boxplot_tiempo_full.png\ [36mboxplot_tiempo_full.png[0m]8;;\
      🖼️  Media ± std tiempo ejecución: ]8;;file:///home/cofer/Documents/University/TFG/snp_tag_tfg/snp_tag/results/full/hinds2005/greedy_hybrid-greedy_pure-random_dense-random_sparse/20260425T180636/2_comparativa/0_tiempo/media_std_tiempo_full.png\ [36mmedia_std_tiempo_full.png[0m]8;;\
      🖼️  Tiempo vs Tamaño de frente: ]8;;file:///home/cofer/Documents/University/TFG/snp_tag_tfg/snp_tag/results/full/hinds2005/greedy_hybrid-greedy_pure-random_dense-random_sparse/20260425T180636/2_comparativa/0_tiempo/tiempo_vs_tamano_frente_full.png\ [36mtiempo_vs_tamano_frente_full.png[0m]8;;\
      • Tiempo bloque 'Análisis de Rendimiento y Tiempo': 1.1s

  🧮  [1mProcesamiento de Métricas (con progreso)[0m
  ──────────────────────────────────────────────
    • Iniciando métricas finales: 120 ejecuciones
      • [Progreso:   1/120] | [NSGA2-random_sparse] ejecución 1/5 (0.1 s)
      • [Progreso:   2/120] | [NSGA2-random_sparse] ejecución 2/5 (0.0 s)
      • [Progreso:   3/120] | [NSGA2-random_sparse] ejecución 3/5 (0.0 s)
      • [Progreso:   4/120] | [NSGA2-random_sparse] ejecución 4/5 (0.0 s)
      • [Progreso:   5/120] | [NSGA2-random_sparse] ejecución 5/5 (0.0 s)
      • [Progreso:   6/120] | [NSGA2-random_dense] ejecución 1/5 (0.1 s)
      • [Progreso:   7/120] | [NSGA2-random_dense] ejecución 2/5 (0.1 s)
      • [Progreso:   8/120] | [NSGA2-random_dense] ejecución 3/5 (0.1 s)
      • [Progreso:   9/120] | [NSGA2-random_dense] ejecución 4/5 (0.1 s)
      • [Progreso:  10/120] | [NSGA2-random_dense] ejecución 5/5 (0.1 s)
      • [Progreso:  11/120] | [NSGA2-greedy_pure] ejecución 1/5 (0.0 s)
      • [Progreso:  12/120] | [NSGA2-greedy_pure] ejecución 2/5 (0.0 s)
      • [Progreso:  13/120] | [NSGA2-greedy_pure] ejecución 3/5 (0.0 s)
      • [Progreso:  14/120] | [NSGA2-greedy_pure] ejecución 4/5 (0.0 s)
      • [Progreso:  15/120] | [NSGA2-greedy_pure] ejecución 5/5 (0.0 s)
      • [Progreso:  16/120] | [NSGA2-greedy_hybrid] ejecución 1/5 (0.1 s)
      • [Progreso:  17/120] | [NSGA2-greedy_hybrid] ejecución 2/5 (0.1 s)
      • [Progreso:  18/120] | [NSGA2-greedy_hybrid] ejecución 3/5 (0.1 s)
      • [Progreso:  19/120] | [NSGA2-greedy_hybrid] ejecución 4/5 (0.1 s)
      • [Progreso:  20/120] | [NSGA2-greedy_hybrid] ejecución 5/5 (0.1 s)
      • [Progreso:  21/120] | [NSGA3-random_sparse] ejecución 1/5 (0.0 s)
      • [Progreso:  22/120] | [NSGA3-random_sparse] ejecución 2/5 (0.0 s)
      • [Progreso:  23/120] | [NSGA3-random_sparse] ejecución 3/5 (0.0 s)
      • [Progreso:  24/120] | [NSGA3-random_sparse] ejecución 4/5 (0.0 s)
      • [Progreso:  25/120] | [NSGA3-random_sparse] ejecución 5/5 (0.0 s)
      • [Progreso:  26/120] | [NSGA3-random_dense] ejecución 1/5 (0.0 s)
      • [Progreso:  27/120] | [NSGA3-random_dense] ejecución 2/5 (0.0 s)
      • [Progreso:  28/120] | [NSGA3-random_dense] ejecución 3/5 (0.0 s)
      • [Progreso:  29/120] | [NSGA3-random_dense] ejecución 4/5 (0.0 s)
      • [Progreso:  30/120] | [NSGA3-random_dense] ejecución 5/5 (0.0 s)
      • [Progreso:  31/120] | [NSGA3-greedy_pure] ejecución 1/5 (0.0 s)
      • [Progreso:  32/120] | [NSGA3-greedy_pure] ejecución 2/5 (0.0 s)
      • [Progreso:  33/120] | [NSGA3-greedy_pure] ejecución 3/5 (0.0 s)
      • [Progreso:  34/120] | [NSGA3-greedy_pure] ejecución 4/5 (0.0 s)
      • [Progreso:  35/120] | [NSGA3-greedy_pure] ejecución 5/5 (0.0 s)
      • [Progreso:  36/120] | [NSGA3-greedy_hybrid] ejecución 1/5 (0.0 s)
      • [Progreso:  37/120] | [NSGA3-greedy_hybrid] ejecución 2/5 (0.0 s)
      • [Progreso:  38/120] | [NSGA3-greedy_hybrid] ejecución 3/5 (0.0 s)
      • [Progreso:  39/120] | [NSGA3-greedy_hybrid] ejecución 4/5 (0.0 s)
      • [Progreso:  40/120] | [NSGA3-greedy_hybrid] ejecución 5/5 (0.0 s)
      • [Progreso:  41/120] | [SPEA2-random_sparse] ejecución 1/5 (0.0 s)
      • [Progreso:  42/120] | [SPEA2-random_sparse] ejecución 2/5 (0.0 s)
      • [Progreso:  43/120] | [SPEA2-random_sparse] ejecución 3/5 (0.0 s)
      • [Progreso:  44/120] | [SPEA2-random_sparse] ejecución 4/5 (0.0 s)
      • [Progreso:  45/120] | [SPEA2-random_sparse] ejecución 5/5 (0.0 s)
      • [Progreso:  46/120] | [SPEA2-random_dense] ejecución 1/5 (0.0 s)
      • [Progreso:  47/120] | [SPEA2-random_dense] ejecución 2/5 (0.0 s)
      • [Progreso:  48/120] | [SPEA2-random_dense] ejecución 3/5 (0.0 s)
      • [Progreso:  49/120] | [SPEA2-random_dense] ejecución 4/5 (0.0 s)
      • [Progreso:  50/120] | [SPEA2-random_dense] ejecución 5/5 (0.0 s)
      • [Progreso:  51/120] | [SPEA2-greedy_pure] ejecución 1/5 (0.0 s)
      • [Progreso:  52/120] | [SPEA2-greedy_pure] ejecución 2/5 (0.0 s)
      • [Progreso:  53/120] | [SPEA2-greedy_pure] ejecución 3/5 (0.0 s)
      • [Progreso:  54/120] | [SPEA2-greedy_pure] ejecución 4/5 (0.0 s)
      • [Progreso:  55/120] | [SPEA2-greedy_pure] ejecución 5/5 (0.0 s)
      • [Progreso:  56/120] | [SPEA2-greedy_hybrid] ejecución 1/5 (0.0 s)
      • [Progreso:  57/120] | [SPEA2-greedy_hybrid] ejecución 2/5 (0.0 s)
      • [Progreso:  58/120] | [SPEA2-greedy_hybrid] ejecución 3/5 (0.0 s)
      • [Progreso:  59/120] | [SPEA2-greedy_hybrid] ejecución 4/5 (0.0 s)
      • [Progreso:  60/120] | [SPEA2-greedy_hybrid] ejecución 5/5 (0.0 s)
      • [Progreso:  61/120] | [MOEAD_TCHE-random_sparse] ejecución 1/5 (0.0 s)
      • [Progreso:  62/120] | [MOEAD_TCHE-random_sparse] ejecución 2/5 (0.0 s)
      • [Progreso:  63/120] | [MOEAD_TCHE-random_sparse] ejecución 3/5 (0.0 s)
      • [Progreso:  64/120] | [MOEAD_TCHE-random_sparse] ejecución 4/5 (0.0 s)
      • [Progreso:  65/120] | [MOEAD_TCHE-random_sparse] ejecución 5/5 (0.0 s)
      • [Progreso:  66/120] | [MOEAD_TCHE-random_dense] ejecución 1/5 (0.0 s)
      • [Progreso:  67/120] | [MOEAD_TCHE-random_dense] ejecución 2/5 (0.0 s)
      • [Progreso:  68/120] | [MOEAD_TCHE-random_dense] ejecución 3/5 (0.0 s)
      • [Progreso:  69/120] | [MOEAD_TCHE-random_dense] ejecución 4/5 (0.0 s)
      • [Progreso:  70/120] | [MOEAD_TCHE-random_dense] ejecución 5/5 (0.0 s)
      • [Progreso:  71/120] | [MOEAD_TCHE-greedy_pure] ejecución 1/5 (0.0 s)
      • [Progreso:  72/120] | [MOEAD_TCHE-greedy_pure] ejecución 2/5 (0.0 s)
      • [Progreso:  73/120] | [MOEAD_TCHE-greedy_pure] ejecución 3/5 (0.0 s)
      • [Progreso:  74/120] | [MOEAD_TCHE-greedy_pure] ejecución 4/5 (0.0 s)
      • [Progreso:  75/120] | [MOEAD_TCHE-greedy_pure] ejecución 5/5 (0.0 s)
      • [Progreso:  76/120] | [MOEAD_TCHE-greedy_hybrid] ejecución 1/5 (0.0 s)
      • [Progreso:  77/120] | [MOEAD_TCHE-greedy_hybrid] ejecución 2/5 (0.0 s)
      • [Progreso:  78/120] | [MOEAD_TCHE-greedy_hybrid] ejecución 3/5 (0.0 s)
      • [Progreso:  79/120] | [MOEAD_TCHE-greedy_hybrid] ejecución 4/5 (0.0 s)
      • [Progreso:  80/120] | [MOEAD_TCHE-greedy_hybrid] ejecución 5/5 (0.0 s)
      • [Progreso:  81/120] | [MOEAD_PBI-random_sparse] ejecución 1/5 (0.0 s)
      • [Progreso:  82/120] | [MOEAD_PBI-random_sparse] ejecución 2/5 (0.0 s)
      • [Progreso:  83/120] | [MOEAD_PBI-random_sparse] ejecución 3/5 (0.0 s)
      • [Progreso:  84/120] | [MOEAD_PBI-random_sparse] ejecución 4/5 (0.0 s)
      • [Progreso:  85/120] | [MOEAD_PBI-random_sparse] ejecución 5/5 (0.0 s)
      • [Progreso:  86/120] | [MOEAD_PBI-random_dense] ejecución 1/5 (0.0 s)
      • [Progreso:  87/120] | [MOEAD_PBI-random_dense] ejecución 2/5 (0.0 s)
      • [Progreso:  88/120] | [MOEAD_PBI-random_dense] ejecución 3/5 (0.0 s)
      • [Progreso:  89/120] | [MOEAD_PBI-random_dense] ejecución 4/5 (0.0 s)
      • [Progreso:  90/120] | [MOEAD_PBI-random_dense] ejecución 5/5 (0.0 s)
      • [Progreso:  91/120] | [MOEAD_PBI-greedy_pure] ejecución 1/5 (0.0 s)
      • [Progreso:  92/120] | [MOEAD_PBI-greedy_pure] ejecución 2/5 (0.0 s)
      • [Progreso:  93/120] | [MOEAD_PBI-greedy_pure] ejecución 3/5 (0.0 s)
      • [Progreso:  94/120] | [MOEAD_PBI-greedy_pure] ejecución 4/5 (0.0 s)
      • [Progreso:  95/120] | [MOEAD_PBI-greedy_pure] ejecución 5/5 (0.0 s)
      • [Progreso:  96/120] | [MOEAD_PBI-greedy_hybrid] ejecución 1/5 (0.0 s)
      • [Progreso:  97/120] | [MOEAD_PBI-greedy_hybrid] ejecución 2/5 (0.0 s)
      • [Progreso:  98/120] | [MOEAD_PBI-greedy_hybrid] ejecución 3/5 (0.0 s)
      • [Progreso:  99/120] | [MOEAD_PBI-greedy_hybrid] ejecución 4/5 (0.0 s)
      • [Progreso: 100/120] | [MOEAD_PBI-greedy_hybrid] ejecución 5/5 (0.0 s)
      • [Progreso: 101/120] | [MOEAD_WS-random_sparse] ejecución 1/5 (0.0 s)
      • [Progreso: 102/120] | [MOEAD_WS-random_sparse] ejecución 2/5 (0.0 s)
      • [Progreso: 103/120] | [MOEAD_WS-random_sparse] ejecución 3/5 (0.0 s)
      • [Progreso: 104/120] | [MOEAD_WS-random_sparse] ejecución 4/5 (0.0 s)
      • [Progreso: 105/120] | [MOEAD_WS-random_sparse] ejecución 5/5 (0.0 s)
      • [Progreso: 106/120] | [MOEAD_WS-random_dense] ejecución 1/5 (0.0 s)
      • [Progreso: 107/120] | [MOEAD_WS-random_dense] ejecución 2/5 (0.0 s)
      • [Progreso: 108/120] | [MOEAD_WS-random_dense] ejecución 3/5 (0.0 s)
      • [Progreso: 109/120] | [MOEAD_WS-random_dense] ejecución 4/5 (0.0 s)
      • [Progreso: 110/120] | [MOEAD_WS-random_dense] ejecución 5/5 (0.0 s)
      • [Progreso: 111/120] | [MOEAD_WS-greedy_pure] ejecución 1/5 (0.0 s)
      • [Progreso: 112/120] | [MOEAD_WS-greedy_pure] ejecución 2/5 (0.0 s)
      • [Progreso: 113/120] | [MOEAD_WS-greedy_pure] ejecución 3/5 (0.0 s)
      • [Progreso: 114/120] | [MOEAD_WS-greedy_pure] ejecución 4/5 (0.0 s)
      • [Progreso: 115/120] | [MOEAD_WS-greedy_pure] ejecución 5/5 (0.0 s)
      • [Progreso: 116/120] | [MOEAD_WS-greedy_hybrid] ejecución 1/5 (0.0 s)
      • [Progreso: 117/120] | [MOEAD_WS-greedy_hybrid] ejecución 2/5 (0.0 s)
      • [Progreso: 118/120] | [MOEAD_WS-greedy_hybrid] ejecución 3/5 (0.0 s)
      • [Progreso: 119/120] | [MOEAD_WS-greedy_hybrid] ejecución 4/5 (0.0 s)
      • [Progreso: 120/120] | [MOEAD_WS-greedy_hybrid] ejecución 5/5 (0.0 s)
      • Métricas finales completadas: 120 ejecuciones en 2.2s

    • Iniciando métricas generacionales: 120 ejecuciones con historial
      • [Progreso:   1/120] | [NSGA2-greedy_pure] ejecución 3/5 (15.5 s)
      • [Progreso:   2/120] | [NSGA2-greedy_pure] ejecución 2/5 (20.6 s)
      • [Progreso:   3/120] | [NSGA2-greedy_pure] ejecución 1/5 (24.0 s)
      • [Progreso:   4/120] | [NSGA2-greedy_pure] ejecución 4/5 (24.7 s)
      • [Progreso:   5/120] | [NSGA2-greedy_pure] ejecución 5/5 (15.0 s)
      • [Progreso:   6/120] | [NSGA2-random_sparse] ejecución 2/5 (46.9 s)
      • [Progreso:   7/120] | [NSGA2-random_sparse] ejecución 4/5 (47.7 s)
      • [Progreso:   8/120] | [NSGA2-random_sparse] ejecución 5/5 (48.2 s)
      • [Progreso:   9/120] | [NSGA2-random_sparse] ejecución 1/5 (50.3 s)
      • [Progreso:  10/120] | [NSGA2-random_sparse] ejecución 3/5 (54.9 s)
      • [Progreso:  11/120] | [NSGA2-random_dense] ejecución 2/5 (59.0 s)
      • [Progreso:  12/120] | [NSGA2-random_dense] ejecución 4/5 (63.7 s)
      • [Progreso:  13/120] | [NSGA2-random_dense] ejecución 1/5 (64.8 s)
      • [Progreso:  14/120] | [NSGA2-random_dense] ejecución 5/5 (64.9 s)
      • [Progreso:  15/120] | [NSGA2-random_dense] ejecución 3/5 (69.4 s)
      • [Progreso:  16/120] | [NSGA2-greedy_hybrid] ejecución 1/5 (56.3 s)
      • [Progreso:  17/120] | [NSGA2-greedy_hybrid] ejecución 4/5 (57.1 s)
      • [Progreso:  18/120] | [NSGA3-random_sparse] ejecución 2/5 (45.2 s)
      • [Progreso:  19/120] | [NSGA3-random_sparse] ejecución 1/5 (45.9 s)
      • [Progreso:  20/120] | [NSGA3-random_sparse] ejecución 3/5 (44.1 s)
      • [Progreso:  21/120] | [NSGA3-random_sparse] ejecución 4/5 (44.6 s)
      • [Progreso:  22/120] | [NSGA3-greedy_pure] ejecución 1/5 (12.4 s)
      • [Progreso:  23/120] | [NSGA3-random_sparse] ejecución 5/5 (44.7 s)
      • [Progreso:  24/120] | [NSGA3-random_dense] ejecución 5/5 (29.7 s)
      • [Progreso:  25/120] | [NSGA3-random_dense] ejecución 1/5 (43.5 s)
      • [Progreso:  26/120] | [NSGA3-random_dense] ejecución 3/5 (44.0 s)
      • [Progreso:  27/120] | [NSGA2-greedy_hybrid] ejecución 2/5 (85.4 s)
      • [Progreso:  28/120] | [NSGA3-random_dense] ejecución 2/5 (46.1 s)
      • [Progreso:  29/120] | [NSGA3-greedy_pure] ejecución 2/5 (20.9 s)
      • [Progreso:  30/120] | [NSGA3-greedy_pure] ejecución 4/5 (21.6 s)
      • [Progreso:  31/120] | [NSGA2-greedy_hybrid] ejecución 3/5 (91.4 s)
      • [Progreso:  32/120] | [NSGA3-greedy_pure] ejecución 3/5 (25.1 s)
      • [Progreso:  33/120] | [NSGA3-random_dense] ejecución 4/5 (50.3 s)
      • [Progreso:  34/120] | [NSGA3-greedy_pure] ejecución 5/5 (25.7 s)
      • [Progreso:  35/120] | [NSGA2-greedy_hybrid] ejecución 5/5 (86.4 s)
      • [Progreso:  36/120] | [SPEA2-random_sparse] ejecución 1/5 (38.3 s)
      • [Progreso:  37/120] | [SPEA2-random_sparse] ejecución 3/5 (33.7 s)
      • [Progreso:  38/120] | [SPEA2-random_sparse] ejecución 2/5 (37.5 s)
      • [Progreso:  39/120] | [SPEA2-random_dense] ejecución 2/5 (29.2 s)
      • [Progreso:  40/120] | [SPEA2-random_sparse] ejecución 4/5 (35.5 s)
      • [Progreso:  41/120] | [SPEA2-random_sparse] ejecución 5/5 (38.4 s)
      • [Progreso:  42/120] | [NSGA3-greedy_hybrid] ejecución 3/5 (50.8 s)
      • [Progreso:  43/120] | [SPEA2-greedy_pure] ejecución 3/5 (15.2 s)
      • [Progreso:  44/120] | [SPEA2-greedy_pure] ejecución 2/5 (23.8 s)
      • [Progreso:  45/120] | [SPEA2-random_dense] ejecución 1/5 (53.7 s)
      • [Progreso:  46/120] | [SPEA2-greedy_pure] ejecución 1/5 (25.7 s)
      • [Progreso:  47/120] | [SPEA2-random_dense] ejecución 3/5 (50.0 s)
      • [Progreso:  48/120] | [NSGA3-greedy_hybrid] ejecución 1/5 (75.1 s)
      • [Progreso:  49/120] | [SPEA2-greedy_pure] ejecución 4/5 (26.2 s)
      • [Progreso:  50/120] | [SPEA2-random_dense] ejecución 4/5 (45.0 s)
      • [Progreso:  51/120] | [NSGA3-greedy_hybrid] ejecución 4/5 (74.5 s)
      • [Progreso:  52/120] | [SPEA2-greedy_pure] ejecución 5/5 (28.2 s)
      • [Progreso:  53/120] | [NSGA3-greedy_hybrid] ejecución 2/5 (79.6 s)
      • [Progreso:  54/120] | [MOEAD_TCHE-random_sparse] ejecución 2/5 (10.6 s)
      • [Progreso:  55/120] | [MOEAD_TCHE-random_sparse] ejecución 1/5 (13.5 s)
      • [Progreso:  56/120] | [NSGA3-greedy_hybrid] ejecución 5/5 (81.1 s)
      • [Progreso:  57/120] | [MOEAD_TCHE-random_sparse] ejecución 4/5 (14.1 s)
      • [Progreso:  58/120] | [MOEAD_TCHE-random_dense] ejecución 2/5 (9.8 s)
      • [Progreso:  59/120] | [MOEAD_TCHE-random_dense] ejecución 3/5 (7.4 s)
      • [Progreso:  60/120] | [MOEAD_TCHE-random_sparse] ejecución 3/5 (15.7 s)
      • [Progreso:  61/120] | [SPEA2-random_dense] ejecución 5/5 (47.1 s)
      • [Progreso:  62/120] | [MOEAD_TCHE-greedy_pure] ejecución 2/5 (2.7 s)
      • [Progreso:  63/120] | [MOEAD_TCHE-greedy_pure] ejecución 1/5 (3.6 s)
      • [Progreso:  64/120] | [MOEAD_TCHE-random_dense] ejecución 1/5 (13.2 s)
      • [Progreso:  65/120] | [MOEAD_TCHE-random_dense] ejecución 4/5 (7.7 s)
      • [Progreso:  66/120] | [MOEAD_TCHE-greedy_pure] ejecución 3/5 (3.5 s)
      • [Progreso:  67/120] | [MOEAD_TCHE-random_sparse] ejecución 5/5 (16.4 s)
      • [Progreso:  68/120] | [MOEAD_TCHE-greedy_pure] ejecución 5/5 (3.8 s)
      • [Progreso:  69/120] | [MOEAD_TCHE-greedy_pure] ejecución 4/5 (5.6 s)
      • [Progreso:  70/120] | [SPEA2-greedy_hybrid] ejecución 1/5 (42.4 s)
      • [Progreso:  71/120] | [MOEAD_TCHE-random_dense] ejecución 5/5 (11.5 s)
      • [Progreso:  72/120] | [MOEAD_PBI-random_sparse] ejecución 2/5 (4.5 s)
      • [Progreso:  73/120] | [MOEAD_PBI-random_sparse] ejecución 3/5 (4.3 s)
      • [Progreso:  74/120] | [MOEAD_PBI-random_dense] ejecución 1/5 (0.7 s)
      • [Progreso:  75/120] | [MOEAD_PBI-random_sparse] ejecución 4/5 (4.3 s)
      • [Progreso:  76/120] | [MOEAD_PBI-random_dense] ejecución 2/5 (1.2 s)
      • [Progreso:  77/120] | [MOEAD_PBI-random_dense] ejecución 3/5 (0.6 s)
      • [Progreso:  78/120] | [MOEAD_PBI-random_dense] ejecución 4/5 (0.3 s)
      • [Progreso:  79/120] | [MOEAD_PBI-random_dense] ejecución 5/5 (0.9 s)
      • [Progreso:  80/120] | [MOEAD_PBI-random_sparse] ejecución 1/5 (8.4 s)
      • [Progreso:  81/120] | [MOEAD_PBI-greedy_pure] ejecución 2/5 (2.0 s)
      • [Progreso:  82/120] | [MOEAD_PBI-greedy_pure] ejecución 3/5 (1.3 s)
      • [Progreso:  83/120] | [MOEAD_PBI-greedy_pure] ejecución 5/5 (1.0 s)
      • [Progreso:  84/120] | [MOEAD_PBI-greedy_pure] ejecución 1/5 (3.2 s)
      • [Progreso:  85/120] | [MOEAD_PBI-random_sparse] ejecución 5/5 (6.6 s)
      • [Progreso:  86/120] | [MOEAD_PBI-greedy_pure] ejecución 4/5 (2.0 s)
      • [Progreso:  87/120] | [MOEAD_PBI-greedy_hybrid] ejecución 2/5 (4.0 s)
      • [Progreso:  88/120] | [MOEAD_PBI-greedy_hybrid] ejecución 1/5 (6.4 s)
      • [Progreso:  89/120] | [MOEAD_TCHE-greedy_hybrid] ejecución 5/5 (16.9 s)
      • [Progreso:  90/120] | [MOEAD_PBI-greedy_hybrid] ejecución 3/5 (6.6 s)
      • [Progreso:  91/120] | [MOEAD_PBI-greedy_hybrid] ejecución 4/5 (7.2 s)
      • [Progreso:  92/120] | [MOEAD_PBI-greedy_hybrid] ejecución 5/5 (7.1 s)
      • [Progreso:  93/120] | [MOEAD_WS-random_sparse] ejecución 1/5 (4.3 s)
      • [Progreso:  94/120] | [MOEAD_WS-random_dense] ejecución 2/5 (0.8 s)
      • [Progreso:  95/120] | [SPEA2-greedy_hybrid] ejecución 2/5 (53.4 s)
      • [Progreso:  96/120] | [MOEAD_WS-random_dense] ejecución 3/5 (0.9 s)
      • [Progreso:  97/120] | [MOEAD_WS-random_dense] ejecución 1/5 (2.1 s)
      • [Progreso:  98/120] | [MOEAD_WS-random_dense] ejecución 4/5 (1.9 s)
      • [Progreso:  99/120] | [MOEAD_WS-random_dense] ejecución 5/5 (1.9 s)
      • [Progreso: 100/120] | [MOEAD_WS-random_sparse] ejecución 3/5 (5.9 s)
      • [Progreso: 101/120] | [MOEAD_WS-greedy_pure] ejecución 1/5 (2.0 s)
      • [Progreso: 102/120] | [SPEA2-greedy_hybrid] ejecución 5/5 (47.5 s)
      • [Progreso: 103/120] | [MOEAD_WS-greedy_pure] ejecución 4/5 (1.8 s)
      • [Progreso: 104/120] | [MOEAD_TCHE-greedy_hybrid] ejecución 2/5 (26.3 s)
      • [Progreso: 105/120] | [MOEAD_WS-greedy_pure] ejecución 3/5 (2.7 s)
      • [Progreso: 106/120] | [MOEAD_WS-random_sparse] ejecución 2/5 (9.2 s)
      • [Progreso: 107/120] | [MOEAD_WS-greedy_pure] ejecución 5/5 (3.1 s)
      • [Progreso: 108/120] | [MOEAD_WS-greedy_pure] ejecución 2/5 (3.5 s)
      • [Progreso: 109/120] | [MOEAD_TCHE-greedy_hybrid] ejecución 1/5 (27.8 s)
      • [Progreso: 110/120] | [MOEAD_TCHE-greedy_hybrid] ejecución 3/5 (27.7 s)
      • [Progreso: 111/120] | [MOEAD_WS-greedy_hybrid] ejecución 1/5 (3.7 s)
      • [Progreso: 112/120] | [SPEA2-greedy_hybrid] ejecución 3/5 (52.8 s)
      • [Progreso: 113/120] | [MOEAD_WS-greedy_hybrid] ejecución 2/5 (3.5 s)
      • [Progreso: 114/120] | [SPEA2-greedy_hybrid] ejecución 4/5 (52.7 s)
      • [Progreso: 115/120] | [MOEAD_WS-greedy_hybrid] ejecución 3/5 (3.0 s)
      • [Progreso: 116/120] | [MOEAD_WS-random_sparse] ejecución 5/5 (10.1 s)
      • [Progreso: 117/120] | [MOEAD_WS-random_sparse] ejecución 4/5 (11.1 s)
      • [Progreso: 118/120] | [MOEAD_WS-greedy_hybrid] ejecución 5/5 (3.5 s)
      • [Progreso: 119/120] | [MOEAD_TCHE-greedy_hybrid] ejecución 4/5 (29.5 s)
      • [Progreso: 120/120] | [MOEAD_WS-greedy_hybrid] ejecución 4/5 (3.7 s)
      • Métricas generacionales completadas: 120 ejecuciones en 226.3s

  📊  [1mTrazabilidad y Exportación de Datos (CSV)[0m
  ───────────────────────────────────────────────
      🖼️  Resultados detallados por ejecución: ]8;;file:///home/cofer/Documents/University/TFG/snp_tag_tfg/snp_tag/results/full/hinds2005/greedy_hybrid-greedy_pure-random_dense-random_sparse/20260425T180636/1_ejecuciones/resultados_detallados_full.csv\ [36mresultados_detallados_full.csv[0m]8;;\
      🖼️  Historial evolutivo generacional: ]8;;file:///home/cofer/Documents/University/TFG/snp_tag_tfg/snp_tag/results/full/hinds2005/greedy_hybrid-greedy_pure-random_dense-random_sparse/20260425T180636/1_ejecuciones/historico_generacional_full.csv\ [36mhistorico_generacional_full.csv[0m]8;;\
      🖼️  Soluciones de frentes finales (CSV): ]8;;file:///home/cofer/Documents/University/TFG/snp_tag_tfg/snp_tag/results/full/hinds2005/greedy_hybrid-greedy_pure-random_dense-random_sparse/20260425T180636/1_ejecuciones/frentes_pareto_full.csv\ [36mfrentes_pareto_full.csv[0m]8;;\

  📍  [1mPuntos Críticos del Espacio de Objetivos[0m
  ──────────────────────────────────────────────
      • [1mPunto Ideal Empírico (mejor)[0m: [ 8.00000000e+00 -1.03000000e+02 -5.10268913e-01  1.39928379e-03]
      • [1mPunto Nadir Empírico (peor)[0m: [ 4.67000000e+02 -0.00000000e+00 -1.53945035e-01  3.38225932e-02]
      • [1mPunto Ideal Teórico (Ref)[0m: [   1. -128.   -1.    0.]
      • [1mPunto Nadir Teórico (Ref)[0m: [7.72000000e+02 1.00000000e+00 8.27403709e-17 2.50000000e-01]
      • [1mPunto Ref. Hipervolumen (1.1)[0m: [8.49100000e+02 1.39000000e+01 1.00000001e-01 2.75000001e-01]

[93m[1m╔══════════════════════════════════════════════════════════════════════════════╗
[93m[1m║                           REPORTES Y VISUALIZACIÓN                           ║
[93m[1m╚══════════════════════════════════════════════════════════════════════════════╝[0m

  🔍  [1mDistribución y Correlación de Frentes de Pareto[0m
  ─────────────────────────────────────────────────────

  🔗  [1mCorrelación de Objetivos[0m
  ──────────────────────────────
      🖼️  Correlación objetivos Pareto (Valores Reales): ]8;;file:///home/cofer/Documents/University/TFG/snp_tag_tfg/snp_tag/results/full/hinds2005/greedy_hybrid-greedy_pure-random_dense-random_sparse/20260425T180636/2_comparativa/1_frentes/otros/correlacion_objetivos_pareto_full.png\ [36mcorrelacion_objetivos_pareto_full.png[0m]8;;\

  📈  [1mCoordenadas Paralelas[0m
  ───────────────────────────
      🖼️  Coordenadas paralelas MOEAD_PBI (greedy_hybrid): ]8;;file:///home/cofer/Documents/University/TFG/snp_tag_tfg/snp_tag/results/full/hinds2005/greedy_hybrid-greedy_pure-random_dense-random_sparse/20260425T180636/2_comparativa/1_frentes/coordenadas_paralelas/coordenadas_paralelas_MOEAD_PBI_greedy_hybrid_full.png\ [36mcoordenadas_paralelas_MOEAD_PBI_greedy_hybrid_full.png[0m]8;;\
      🖼️  Coordenadas paralelas MOEAD_PBI (greedy_pure): ]8;;file:///home/cofer/Documents/University/TFG/snp_tag_tfg/snp_tag/results/full/hinds2005/greedy_hybrid-greedy_pure-random_dense-random_sparse/20260425T180636/2_comparativa/1_frentes/coordenadas_paralelas/coordenadas_paralelas_MOEAD_PBI_greedy_pure_full.png\ [36mcoordenadas_paralelas_MOEAD_PBI_greedy_pure_full.png[0m]8;;\
      🖼️  Coordenadas paralelas MOEAD_PBI (random_dense): ]8;;file:///home/cofer/Documents/University/TFG/snp_tag_tfg/snp_tag/results/full/hinds2005/greedy_hybrid-greedy_pure-random_dense-random_sparse/20260425T180636/2_comparativa/1_frentes/coordenadas_paralelas/coordenadas_paralelas_MOEAD_PBI_random_dense_full.png\ [36mcoordenadas_paralelas_MOEAD_PBI_random_dense_full.png[0m]8;;\
      🖼️  Coordenadas paralelas MOEAD_PBI (random_sparse): ]8;;file:///home/cofer/Documents/University/TFG/snp_tag_tfg/snp_tag/results/full/hinds2005/greedy_hybrid-greedy_pure-random_dense-random_sparse/20260425T180636/2_comparativa/1_frentes/coordenadas_paralelas/coordenadas_paralelas_MOEAD_PBI_random_sparse_full.png\ [36mcoordenadas_paralelas_MOEAD_PBI_random_sparse_full.png[0m]8;;\
      🖼️  Coordenadas paralelas MOEAD_TCHE (greedy_hybrid): ]8;;file:///home/cofer/Documents/University/TFG/snp_tag_tfg/snp_tag/results/full/hinds2005/greedy_hybrid-greedy_pure-random_dense-random_sparse/20260425T180636/2_comparativa/1_frentes/coordenadas_paralelas/coordenadas_paralelas_MOEAD_TCHE_greedy_hybrid_full.png\ [36mcoordenadas_paralelas_MOEAD_TCHE_greedy_hybrid_full.png[0m]8;;\
      🖼️  Coordenadas paralelas MOEAD_TCHE (greedy_pure): ]8;;file:///home/cofer/Documents/University/TFG/snp_tag_tfg/snp_tag/results/full/hinds2005/greedy_hybrid-greedy_pure-random_dense-random_sparse/20260425T180636/2_comparativa/1_frentes/coordenadas_paralelas/coordenadas_paralelas_MOEAD_TCHE_greedy_pure_full.png\ [36mcoordenadas_paralelas_MOEAD_TCHE_greedy_pure_full.png[0m]8;;\
      🖼️  Coordenadas paralelas MOEAD_TCHE (random_dense): ]8;;file:///home/cofer/Documents/University/TFG/snp_tag_tfg/snp_tag/results/full/hinds2005/greedy_hybrid-greedy_pure-random_dense-random_sparse/20260425T180636/2_comparativa/1_frentes/coordenadas_paralelas/coordenadas_paralelas_MOEAD_TCHE_random_dense_full.png\ [36mcoordenadas_paralelas_MOEAD_TCHE_random_dense_full.png[0m]8;;\
      🖼️  Coordenadas paralelas MOEAD_TCHE (random_sparse): ]8;;file:///home/cofer/Documents/University/TFG/snp_tag_tfg/snp_tag/results/full/hinds2005/greedy_hybrid-greedy_pure-random_dense-random_sparse/20260425T180636/2_comparativa/1_frentes/coordenadas_paralelas/coordenadas_paralelas_MOEAD_TCHE_random_sparse_full.png\ [36mcoordenadas_paralelas_MOEAD_TCHE_random_sparse_full.png[0m]8;;\
      🖼️  Coordenadas paralelas MOEAD_WS (greedy_hybrid): ]8;;file:///home/cofer/Documents/University/TFG/snp_tag_tfg/snp_tag/results/full/hinds2005/greedy_hybrid-greedy_pure-random_dense-random_sparse/20260425T180636/2_comparativa/1_frentes/coordenadas_paralelas/coordenadas_paralelas_MOEAD_WS_greedy_hybrid_full.png\ [36mcoordenadas_paralelas_MOEAD_WS_greedy_hybrid_full.png[0m]8;;\
      🖼️  Coordenadas paralelas MOEAD_WS (greedy_pure): ]8;;file:///home/cofer/Documents/University/TFG/snp_tag_tfg/snp_tag/results/full/hinds2005/greedy_hybrid-greedy_pure-random_dense-random_sparse/20260425T180636/2_comparativa/1_frentes/coordenadas_paralelas/coordenadas_paralelas_MOEAD_WS_greedy_pure_full.png\ [36mcoordenadas_paralelas_MOEAD_WS_greedy_pure_full.png[0m]8;;\
      🖼️  Coordenadas paralelas MOEAD_WS (random_dense): ]8;;file:///home/cofer/Documents/University/TFG/snp_tag_tfg/snp_tag/results/full/hinds2005/greedy_hybrid-greedy_pure-random_dense-random_sparse/20260425T180636/2_comparativa/1_frentes/coordenadas_paralelas/coordenadas_paralelas_MOEAD_WS_random_dense_full.png\ [36mcoordenadas_paralelas_MOEAD_WS_random_dense_full.png[0m]8;;\
      🖼️  Coordenadas paralelas MOEAD_WS (random_sparse): ]8;;file:///home/cofer/Documents/University/TFG/snp_tag_tfg/snp_tag/results/full/hinds2005/greedy_hybrid-greedy_pure-random_dense-random_sparse/20260425T180636/2_comparativa/1_frentes/coordenadas_paralelas/coordenadas_paralelas_MOEAD_WS_random_sparse_full.png\ [36mcoordenadas_paralelas_MOEAD_WS_random_sparse_full.png[0m]8;;\
      🖼️  Coordenadas paralelas NSGA2 (greedy_hybrid): ]8;;file:///home/cofer/Documents/University/TFG/snp_tag_tfg/snp_tag/results/full/hinds2005/greedy_hybrid-greedy_pure-random_dense-random_sparse/20260425T180636/2_comparativa/1_frentes/coordenadas_paralelas/coordenadas_paralelas_NSGA2_greedy_hybrid_full.png\ [36mcoordenadas_paralelas_NSGA2_greedy_hybrid_full.png[0m]8;;\
      🖼️  Coordenadas paralelas NSGA2 (greedy_pure): ]8;;file:///home/cofer/Documents/University/TFG/snp_tag_tfg/snp_tag/results/full/hinds2005/greedy_hybrid-greedy_pure-random_dense-random_sparse/20260425T180636/2_comparativa/1_frentes/coordenadas_paralelas/coordenadas_paralelas_NSGA2_greedy_pure_full.png\ [36mcoordenadas_paralelas_NSGA2_greedy_pure_full.png[0m]8;;\
      🖼️  Coordenadas paralelas NSGA2 (random_dense): ]8;;file:///home/cofer/Documents/University/TFG/snp_tag_tfg/snp_tag/results/full/hinds2005/greedy_hybrid-greedy_pure-random_dense-random_sparse/20260425T180636/2_comparativa/1_frentes/coordenadas_paralelas/coordenadas_paralelas_NSGA2_random_dense_full.png\ [36mcoordenadas_paralelas_NSGA2_random_dense_full.png[0m]8;;\
      🖼️  Coordenadas paralelas NSGA2 (random_sparse): ]8;;file:///home/cofer/Documents/University/TFG/snp_tag_tfg/snp_tag/results/full/hinds2005/greedy_hybrid-greedy_pure-random_dense-random_sparse/20260425T180636/2_comparativa/1_frentes/coordenadas_paralelas/coordenadas_paralelas_NSGA2_random_sparse_full.png\ [36mcoordenadas_paralelas_NSGA2_random_sparse_full.png[0m]8;;\
      🖼️  Coordenadas paralelas NSGA3 (greedy_hybrid): ]8;;file:///home/cofer/Documents/University/TFG/snp_tag_tfg/snp_tag/results/full/hinds2005/greedy_hybrid-greedy_pure-random_dense-random_sparse/20260425T180636/2_comparativa/1_frentes/coordenadas_paralelas/coordenadas_paralelas_NSGA3_greedy_hybrid_full.png\ [36mcoordenadas_paralelas_NSGA3_greedy_hybrid_full.png[0m]8;;\
      🖼️  Coordenadas paralelas NSGA3 (greedy_pure): ]8;;file:///home/cofer/Documents/University/TFG/snp_tag_tfg/snp_tag/results/full/hinds2005/greedy_hybrid-greedy_pure-random_dense-random_sparse/20260425T180636/2_comparativa/1_frentes/coordenadas_paralelas/coordenadas_paralelas_NSGA3_greedy_pure_full.png\ [36mcoordenadas_paralelas_NSGA3_greedy_pure_full.png[0m]8;;\
      🖼️  Coordenadas paralelas NSGA3 (random_dense): ]8;;file:///home/cofer/Documents/University/TFG/snp_tag_tfg/snp_tag/results/full/hinds2005/greedy_hybrid-greedy_pure-random_dense-random_sparse/20260425T180636/2_comparativa/1_frentes/coordenadas_paralelas/coordenadas_paralelas_NSGA3_random_dense_full.png\ [36mcoordenadas_paralelas_NSGA3_random_dense_full.png[0m]8;;\
      🖼️  Coordenadas paralelas NSGA3 (random_sparse): ]8;;file:///home/cofer/Documents/University/TFG/snp_tag_tfg/snp_tag/results/full/hinds2005/greedy_hybrid-greedy_pure-random_dense-random_sparse/20260425T180636/2_comparativa/1_frentes/coordenadas_paralelas/coordenadas_paralelas_NSGA3_random_sparse_full.png\ [36mcoordenadas_paralelas_NSGA3_random_sparse_full.png[0m]8;;\
      🖼️  Coordenadas paralelas SPEA2 (greedy_hybrid): ]8;;file:///home/cofer/Documents/University/TFG/snp_tag_tfg/snp_tag/results/full/hinds2005/greedy_hybrid-greedy_pure-random_dense-random_sparse/20260425T180636/2_comparativa/1_frentes/coordenadas_paralelas/coordenadas_paralelas_SPEA2_greedy_hybrid_full.png\ [36mcoordenadas_paralelas_SPEA2_greedy_hybrid_full.png[0m]8;;\
      🖼️  Coordenadas paralelas SPEA2 (greedy_pure): ]8;;file:///home/cofer/Documents/University/TFG/snp_tag_tfg/snp_tag/results/full/hinds2005/greedy_hybrid-greedy_pure-random_dense-random_sparse/20260425T180636/2_comparativa/1_frentes/coordenadas_paralelas/coordenadas_paralelas_SPEA2_greedy_pure_full.png\ [36mcoordenadas_paralelas_SPEA2_greedy_pure_full.png[0m]8;;\
      🖼️  Coordenadas paralelas SPEA2 (random_dense): ]8;;file:///home/cofer/Documents/University/TFG/snp_tag_tfg/snp_tag/results/full/hinds2005/greedy_hybrid-greedy_pure-random_dense-random_sparse/20260425T180636/2_comparativa/1_frentes/coordenadas_paralelas/coordenadas_paralelas_SPEA2_random_dense_full.png\ [36mcoordenadas_paralelas_SPEA2_random_dense_full.png[0m]8;;\
      🖼️  Coordenadas paralelas SPEA2 (random_sparse): ]8;;file:///home/cofer/Documents/University/TFG/snp_tag_tfg/snp_tag/results/full/hinds2005/greedy_hybrid-greedy_pure-random_dense-random_sparse/20260425T180636/2_comparativa/1_frentes/coordenadas_paralelas/coordenadas_paralelas_SPEA2_random_sparse_full.png\ [36mcoordenadas_paralelas_SPEA2_random_sparse_full.png[0m]8;;\

  🎯  [1mFrentes de Pareto[0m
  ───────────────────────
      🖼️  Frente Pareto NSGA3 (greedy_hybrid): ]8;;file:///home/cofer/Documents/University/TFG/snp_tag_tfg/snp_tag/results/full/hinds2005/greedy_hybrid-greedy_pure-random_dense-random_sparse/20260425T180636/2_comparativa/1_frentes/frentes_pareto/frentes_pareto_nsga3_greedy_hybrid_full.png\ [36mfrentes_pareto_nsga3_greedy_hybrid_full.png[0m]8;;\
      🖼️  Frente Pareto NSGA3 (greedy_pure): ]8;;file:///home/cofer/Documents/University/TFG/snp_tag_tfg/snp_tag/results/full/hinds2005/greedy_hybrid-greedy_pure-random_dense-random_sparse/20260425T180636/2_comparativa/1_frentes/frentes_pareto/frentes_pareto_nsga3_greedy_pure_full.png\ [36mfrentes_pareto_nsga3_greedy_pure_full.png[0m]8;;\
      🖼️  Frente Pareto NSGA3 (random_dense): ]8;;file:///home/cofer/Documents/University/TFG/snp_tag_tfg/snp_tag/results/full/hinds2005/greedy_hybrid-greedy_pure-random_dense-random_sparse/20260425T180636/2_comparativa/1_frentes/frentes_pareto/frentes_pareto_nsga3_random_dense_full.png\ [36mfrentes_pareto_nsga3_random_dense_full.png[0m]8;;\
      🖼️  Frente Pareto NSGA3 (random_sparse): ]8;;file:///home/cofer/Documents/University/TFG/snp_tag_tfg/snp_tag/results/full/hinds2005/greedy_hybrid-greedy_pure-random_dense-random_sparse/20260425T180636/2_comparativa/1_frentes/frentes_pareto/frentes_pareto_nsga3_random_sparse_full.png\ [36mfrentes_pareto_nsga3_random_sparse_full.png[0m]8;;\
      🖼️  Frente Agregado: Frentes de Pareto Agregados: NSGA3: ]8;;file:///home/cofer/Documents/University/TFG/snp_tag_tfg/snp_tag/results/full/hinds2005/greedy_hybrid-greedy_pure-random_dense-random_sparse/20260425T180636/2_comparativa/1_frentes/frentes_pareto/frentes_pareto_agregados_nsga3_full.png\ [36mfrentes_pareto_agregados_nsga3_full.png[0m]8;;\
      🖼️  Frente Pareto MOEAD_TCHE (greedy_hybrid): ]8;;file:///home/cofer/Documents/University/TFG/snp_tag_tfg/snp_tag/results/full/hinds2005/greedy_hybrid-greedy_pure-random_dense-random_sparse/20260425T180636/2_comparativa/1_frentes/frentes_pareto/frentes_pareto_moead_tche_greedy_hybrid_full.png\ [36mfrentes_pareto_moead_tche_greedy_hybrid_full.png[0m]8;;\
      🖼️  Frente Pareto MOEAD_TCHE (greedy_pure): ]8;;file:///home/cofer/Documents/University/TFG/snp_tag_tfg/snp_tag/results/full/hinds2005/greedy_hybrid-greedy_pure-random_dense-random_sparse/20260425T180636/2_comparativa/1_frentes/frentes_pareto/frentes_pareto_moead_tche_greedy_pure_full.png\ [36mfrentes_pareto_moead_tche_greedy_pure_full.png[0m]8;;\
      🖼️  Frente Pareto MOEAD_TCHE (random_dense): ]8;;file:///home/cofer/Documents/University/TFG/snp_tag_tfg/snp_tag/results/full/hinds2005/greedy_hybrid-greedy_pure-random_dense-random_sparse/20260425T180636/2_comparativa/1_frentes/frentes_pareto/frentes_pareto_moead_tche_random_dense_full.png\ [36mfrentes_pareto_moead_tche_random_dense_full.png[0m]8;;\
      🖼️  Frente Pareto MOEAD_TCHE (random_sparse): ]8;;file:///home/cofer/Documents/University/TFG/snp_tag_tfg/snp_tag/results/full/hinds2005/greedy_hybrid-greedy_pure-random_dense-random_sparse/20260425T180636/2_comparativa/1_frentes/frentes_pareto/frentes_pareto_moead_tche_random_sparse_full.png\ [36mfrentes_pareto_moead_tche_random_sparse_full.png[0m]8;;\
      🖼️  Frente Agregado: Frentes de Pareto Agregados: MOEAD_TCHE: ]8;;file:///home/cofer/Documents/University/TFG/snp_tag_tfg/snp_tag/results/full/hinds2005/greedy_hybrid-greedy_pure-random_dense-random_sparse/20260425T180636/2_comparativa/1_frentes/frentes_pareto/frentes_pareto_agregados_moead_tche_full.png\ [36mfrentes_pareto_agregados_moead_tche_full.png[0m]8;;\
      🖼️  Frente Pareto MOEAD_PBI (greedy_hybrid): ]8;;file:///home/cofer/Documents/University/TFG/snp_tag_tfg/snp_tag/results/full/hinds2005/greedy_hybrid-greedy_pure-random_dense-random_sparse/20260425T180636/2_comparativa/1_frentes/frentes_pareto/frentes_pareto_moead_pbi_greedy_hybrid_full.png\ [36mfrentes_pareto_moead_pbi_greedy_hybrid_full.png[0m]8;;\
      🖼️  Frente Pareto MOEAD_PBI (greedy_pure): ]8;;file:///home/cofer/Documents/University/TFG/snp_tag_tfg/snp_tag/results/full/hinds2005/greedy_hybrid-greedy_pure-random_dense-random_sparse/20260425T180636/2_comparativa/1_frentes/frentes_pareto/frentes_pareto_moead_pbi_greedy_pure_full.png\ [36mfrentes_pareto_moead_pbi_greedy_pure_full.png[0m]8;;\
      🖼️  Frente Pareto MOEAD_PBI (random_dense): ]8;;file:///home/cofer/Documents/University/TFG/snp_tag_tfg/snp_tag/results/full/hinds2005/greedy_hybrid-greedy_pure-random_dense-random_sparse/20260425T180636/2_comparativa/1_frentes/frentes_pareto/frentes_pareto_moead_pbi_random_dense_full.png\ [36mfrentes_pareto_moead_pbi_random_dense_full.png[0m]8;;\
      🖼️  Frente Pareto MOEAD_PBI (random_sparse): ]8;;file:///home/cofer/Documents/University/TFG/snp_tag_tfg/snp_tag/results/full/hinds2005/greedy_hybrid-greedy_pure-random_dense-random_sparse/20260425T180636/2_comparativa/1_frentes/frentes_pareto/frentes_pareto_moead_pbi_random_sparse_full.png\ [36mfrentes_pareto_moead_pbi_random_sparse_full.png[0m]8;;\
      🖼️  Frente Agregado: Frentes de Pareto Agregados: MOEAD_PBI: ]8;;file:///home/cofer/Documents/University/TFG/snp_tag_tfg/snp_tag/results/full/hinds2005/greedy_hybrid-greedy_pure-random_dense-random_sparse/20260425T180636/2_comparativa/1_frentes/frentes_pareto/frentes_pareto_agregados_moead_pbi_full.png\ [36mfrentes_pareto_agregados_moead_pbi_full.png[0m]8;;\
      🖼️  Frente Pareto MOEAD_WS (greedy_hybrid): ]8;;file:///home/cofer/Documents/University/TFG/snp_tag_tfg/snp_tag/results/full/hinds2005/greedy_hybrid-greedy_pure-random_dense-random_sparse/20260425T180636/2_comparativa/1_frentes/frentes_pareto/frentes_pareto_moead_ws_greedy_hybrid_full.png\ [36mfrentes_pareto_moead_ws_greedy_hybrid_full.png[0m]8;;\
      🖼️  Frente Pareto MOEAD_WS (greedy_pure): ]8;;file:///home/cofer/Documents/University/TFG/snp_tag_tfg/snp_tag/results/full/hinds2005/greedy_hybrid-greedy_pure-random_dense-random_sparse/20260425T180636/2_comparativa/1_frentes/frentes_pareto/frentes_pareto_moead_ws_greedy_pure_full.png\ [36mfrentes_pareto_moead_ws_greedy_pure_full.png[0m]8;;\
      🖼️  Frente Pareto MOEAD_WS (random_dense): ]8;;file:///home/cofer/Documents/University/TFG/snp_tag_tfg/snp_tag/results/full/hinds2005/greedy_hybrid-greedy_pure-random_dense-random_sparse/20260425T180636/2_comparativa/1_frentes/frentes_pareto/frentes_pareto_moead_ws_random_dense_full.png\ [36mfrentes_pareto_moead_ws_random_dense_full.png[0m]8;;\
      🖼️  Frente Pareto MOEAD_WS (random_sparse): ]8;;file:///home/cofer/Documents/University/TFG/snp_tag_tfg/snp_tag/results/full/hinds2005/greedy_hybrid-greedy_pure-random_dense-random_sparse/20260425T180636/2_comparativa/1_frentes/frentes_pareto/frentes_pareto_moead_ws_random_sparse_full.png\ [36mfrentes_pareto_moead_ws_random_sparse_full.png[0m]8;;\
      🖼️  Frente Agregado: Frentes de Pareto Agregados: MOEAD_WS: ]8;;file:///home/cofer/Documents/University/TFG/snp_tag_tfg/snp_tag/results/full/hinds2005/greedy_hybrid-greedy_pure-random_dense-random_sparse/20260425T180636/2_comparativa/1_frentes/frentes_pareto/frentes_pareto_agregados_moead_ws_full.png\ [36mfrentes_pareto_agregados_moead_ws_full.png[0m]8;;\
      🖼️  Frente Pareto NSGA2 (greedy_hybrid): ]8;;file:///home/cofer/Documents/University/TFG/snp_tag_tfg/snp_tag/results/full/hinds2005/greedy_hybrid-greedy_pure-random_dense-random_sparse/20260425T180636/2_comparativa/1_frentes/frentes_pareto/frentes_pareto_nsga2_greedy_hybrid_full.png\ [36mfrentes_pareto_nsga2_greedy_hybrid_full.png[0m]8;;\
      🖼️  Frente Pareto NSGA2 (greedy_pure): ]8;;file:///home/cofer/Documents/University/TFG/snp_tag_tfg/snp_tag/results/full/hinds2005/greedy_hybrid-greedy_pure-random_dense-random_sparse/20260425T180636/2_comparativa/1_frentes/frentes_pareto/frentes_pareto_nsga2_greedy_pure_full.png\ [36mfrentes_pareto_nsga2_greedy_pure_full.png[0m]8;;\
      🖼️  Frente Pareto NSGA2 (random_dense): ]8;;file:///home/cofer/Documents/University/TFG/snp_tag_tfg/snp_tag/results/full/hinds2005/greedy_hybrid-greedy_pure-random_dense-random_sparse/20260425T180636/2_comparativa/1_frentes/frentes_pareto/frentes_pareto_nsga2_random_dense_full.png\ [36mfrentes_pareto_nsga2_random_dense_full.png[0m]8;;\
      🖼️  Frente Pareto NSGA2 (random_sparse): ]8;;file:///home/cofer/Documents/University/TFG/snp_tag_tfg/snp_tag/results/full/hinds2005/greedy_hybrid-greedy_pure-random_dense-random_sparse/20260425T180636/2_comparativa/1_frentes/frentes_pareto/frentes_pareto_nsga2_random_sparse_full.png\ [36mfrentes_pareto_nsga2_random_sparse_full.png[0m]8;;\
      🖼️  Frente Agregado: Frentes de Pareto Agregados: NSGA2: ]8;;file:///home/cofer/Documents/University/TFG/snp_tag_tfg/snp_tag/results/full/hinds2005/greedy_hybrid-greedy_pure-random_dense-random_sparse/20260425T180636/2_comparativa/1_frentes/frentes_pareto/frentes_pareto_agregados_nsga2_full.png\ [36mfrentes_pareto_agregados_nsga2_full.png[0m]8;;\
      🖼️  Frente Pareto SPEA2 (greedy_hybrid): ]8;;file:///home/cofer/Documents/University/TFG/snp_tag_tfg/snp_tag/results/full/hinds2005/greedy_hybrid-greedy_pure-random_dense-random_sparse/20260425T180636/2_comparativa/1_frentes/frentes_pareto/frentes_pareto_spea2_greedy_hybrid_full.png\ [36mfrentes_pareto_spea2_greedy_hybrid_full.png[0m]8;;\
      🖼️  Frente Pareto SPEA2 (greedy_pure): ]8;;file:///home/cofer/Documents/University/TFG/snp_tag_tfg/snp_tag/results/full/hinds2005/greedy_hybrid-greedy_pure-random_dense-random_sparse/20260425T180636/2_comparativa/1_frentes/frentes_pareto/frentes_pareto_spea2_greedy_pure_full.png\ [36mfrentes_pareto_spea2_greedy_pure_full.png[0m]8;;\
      🖼️  Frente Pareto SPEA2 (random_dense): ]8;;file:///home/cofer/Documents/University/TFG/snp_tag_tfg/snp_tag/results/full/hinds2005/greedy_hybrid-greedy_pure-random_dense-random_sparse/20260425T180636/2_comparativa/1_frentes/frentes_pareto/frentes_pareto_spea2_random_dense_full.png\ [36mfrentes_pareto_spea2_random_dense_full.png[0m]8;;\
      🖼️  Frente Pareto SPEA2 (random_sparse): ]8;;file:///home/cofer/Documents/University/TFG/snp_tag_tfg/snp_tag/results/full/hinds2005/greedy_hybrid-greedy_pure-random_dense-random_sparse/20260425T180636/2_comparativa/1_frentes/frentes_pareto/frentes_pareto_spea2_random_sparse_full.png\ [36mfrentes_pareto_spea2_random_sparse_full.png[0m]8;;\
      🖼️  Frente Agregado: Frentes de Pareto Agregados: SPEA2: ]8;;file:///home/cofer/Documents/University/TFG/snp_tag_tfg/snp_tag/results/full/hinds2005/greedy_hybrid-greedy_pure-random_dense-random_sparse/20260425T180636/2_comparativa/1_frentes/frentes_pareto/frentes_pareto_agregados_spea2_full.png\ [36mfrentes_pareto_agregados_spea2_full.png[0m]8;;\
      🖼️  Frente Agregado: Comparativa Global de Frentes de Pareto: ]8;;file:///home/cofer/Documents/University/TFG/snp_tag_tfg/snp_tag/results/full/hinds2005/greedy_hybrid-greedy_pure-random_dense-random_sparse/20260425T180636/2_comparativa/1_frentes/frentes_pareto/frentes_pareto_global_full.png\ [36mfrentes_pareto_global_full.png[0m]8;;\
      • Tiempo bloque 'Frentes de Pareto': 29.9s

  🔄  [1mAnálisis de Convergencia Progresiva[0m
  ─────────────────────────────────────────
      🖼️  Convergencia por métrica (AvgHammingDistance) con subplots por algoritmo: ]8;;file:///home/cofer/Documents/University/TFG/snp_tag_tfg/snp_tag/results/full/hinds2005/greedy_hybrid-greedy_pure-random_dense-random_sparse/20260425T180636/2_comparativa/2_metricas_convergencia/convergencia_avghammingdistance_full.png\ [36mconvergencia_avghammingdistance_full.png[0m]8;;\
      🖼️  Convergencia por métrica (AvgToleranceRate) con subplots por algoritmo: ]8;;file:///home/cofer/Documents/University/TFG/snp_tag_tfg/snp_tag/results/full/hinds2005/greedy_hybrid-greedy_pure-random_dense-random_sparse/20260425T180636/2_comparativa/2_metricas_convergencia/convergencia_avgtolerancerate_full.png\ [36mconvergencia_avgtolerancerate_full.png[0m]8;;\
      🖼️  Convergencia por métrica (Hypervolume) con subplots por algoritmo: ]8;;file:///home/cofer/Documents/University/TFG/snp_tag_tfg/snp_tag/results/full/hinds2005/greedy_hybrid-greedy_pure-random_dense-random_sparse/20260425T180636/2_comparativa/2_metricas_convergencia/convergencia_hypervolume_full.png\ [36mconvergencia_hypervolume_full.png[0m]8;;\
      🖼️  Convergencia por métrica (MaxToleranceRate) con subplots por algoritmo: ]8;;file:///home/cofer/Documents/University/TFG/snp_tag_tfg/snp_tag/results/full/hinds2005/greedy_hybrid-greedy_pure-random_dense-random_sparse/20260425T180636/2_comparativa/2_metricas_convergencia/convergencia_maxtolerancerate_full.png\ [36mconvergencia_maxtolerancerate_full.png[0m]8;;\
      🖼️  Convergencia por métrica (MinSum) con subplots por algoritmo: ]8;;file:///home/cofer/Documents/University/TFG/snp_tag_tfg/snp_tag/results/full/hinds2005/greedy_hybrid-greedy_pure-random_dense-random_sparse/20260425T180636/2_comparativa/2_metricas_convergencia/convergencia_minsum_full.png\ [36mconvergencia_minsum_full.png[0m]8;;\
      🖼️  Convergencia por métrica (Range) con subplots por algoritmo: ]8;;file:///home/cofer/Documents/University/TFG/snp_tag_tfg/snp_tag/results/full/hinds2005/greedy_hybrid-greedy_pure-random_dense-random_sparse/20260425T180636/2_comparativa/2_metricas_convergencia/convergencia_range_full.png\ [36mconvergencia_range_full.png[0m]8;;\
      🖼️  Convergencia por métrica (SumMin) con subplots por algoritmo: ]8;;file:///home/cofer/Documents/University/TFG/snp_tag_tfg/snp_tag/results/full/hinds2005/greedy_hybrid-greedy_pure-random_dense-random_sparse/20260425T180636/2_comparativa/2_metricas_convergencia/convergencia_summin_full.png\ [36mconvergencia_summin_full.png[0m]8;;\

  📊  [1mSíntesis Estadística Comparativa[0m
  ──────────────────────────────────────

  📦  [1mResumen Global (Boxplots)[0m
  ───────────────────────────────
      🖼️  Panel de Boxplots comparativos: ]8;;file:///home/cofer/Documents/University/TFG/snp_tag_tfg/snp_tag/results/full/hinds2005/greedy_hybrid-greedy_pure-random_dense-random_sparse/20260425T180636/2_comparativa/3_sintesis/0_boxplots/boxplots_metricas_finales_full.png\ [36mboxplots_metricas_finales_full.png[0m]8;;\
      🖼️  Distribución Range (Boxplot): ]8;;file:///home/cofer/Documents/University/TFG/snp_tag_tfg/snp_tag/results/full/hinds2005/greedy_hybrid-greedy_pure-random_dense-random_sparse/20260425T180636/2_comparativa/3_sintesis/0_boxplots/boxplot_metricas_Range_full.png\ [36mboxplot_metricas_Range_full.png[0m]8;;\
      🖼️  Distribución SumMin (Boxplot): ]8;;file:///home/cofer/Documents/University/TFG/snp_tag_tfg/snp_tag/results/full/hinds2005/greedy_hybrid-greedy_pure-random_dense-random_sparse/20260425T180636/2_comparativa/3_sintesis/0_boxplots/boxplot_metricas_SumMin_full.png\ [36mboxplot_metricas_SumMin_full.png[0m]8;;\
      🖼️  Distribución MinSum (Boxplot): ]8;;file:///home/cofer/Documents/University/TFG/snp_tag_tfg/snp_tag/results/full/hinds2005/greedy_hybrid-greedy_pure-random_dense-random_sparse/20260425T180636/2_comparativa/3_sintesis/0_boxplots/boxplot_metricas_MinSum_full.png\ [36mboxplot_metricas_MinSum_full.png[0m]8;;\
      🖼️  Distribución MaxToleranceRate (Boxplot): ]8;;file:///home/cofer/Documents/University/TFG/snp_tag_tfg/snp_tag/results/full/hinds2005/greedy_hybrid-greedy_pure-random_dense-random_sparse/20260425T180636/2_comparativa/3_sintesis/0_boxplots/boxplot_metricas_MaxToleranceRate_full.png\ [36mboxplot_metricas_MaxToleranceRate_full.png[0m]8;;\
      🖼️  Distribución AvgToleranceRate (Boxplot): ]8;;file:///home/cofer/Documents/University/TFG/snp_tag_tfg/snp_tag/results/full/hinds2005/greedy_hybrid-greedy_pure-random_dense-random_sparse/20260425T180636/2_comparativa/3_sintesis/0_boxplots/boxplot_metricas_AvgToleranceRate_full.png\ [36mboxplot_metricas_AvgToleranceRate_full.png[0m]8;;\
      🖼️  Distribución AvgHammingDistance (Boxplot): ]8;;file:///home/cofer/Documents/University/TFG/snp_tag_tfg/snp_tag/results/full/hinds2005/greedy_hybrid-greedy_pure-random_dense-random_sparse/20260425T180636/2_comparativa/3_sintesis/0_boxplots/boxplot_metricas_AvgHammingDistance_full.png\ [36mboxplot_metricas_AvgHammingDistance_full.png[0m]8;;\
      🖼️  Distribución Hypervolume (Boxplot): ]8;;file:///home/cofer/Documents/University/TFG/snp_tag_tfg/snp_tag/results/full/hinds2005/greedy_hybrid-greedy_pure-random_dense-random_sparse/20260425T180636/2_comparativa/3_sintesis/0_boxplots/boxplot_metricas_Hypervolume_full.png\ [36mboxplot_metricas_Hypervolume_full.png[0m]8;;\

  🎻  [1mDistribuciones Detalladas (Violin Plots)[0m
  ──────────────────────────────────────────────
      🖼️  Panel de Distribución Violin: ]8;;file:///home/cofer/Documents/University/TFG/snp_tag_tfg/snp_tag/results/full/hinds2005/greedy_hybrid-greedy_pure-random_dense-random_sparse/20260425T180636/2_comparativa/3_sintesis/1_violines/violin_panel_metricas_finales_full.png\ [36mviolin_panel_metricas_finales_full.png[0m]8;;\
      🖼️  Distribución Range (Violin): ]8;;file:///home/cofer/Documents/University/TFG/snp_tag_tfg/snp_tag/results/full/hinds2005/greedy_hybrid-greedy_pure-random_dense-random_sparse/20260425T180636/2_comparativa/3_sintesis/1_violines/violin_metricas_Range_full.png\ [36mviolin_metricas_Range_full.png[0m]8;;\
      🖼️  Distribución SumMin (Violin): ]8;;file:///home/cofer/Documents/University/TFG/snp_tag_tfg/snp_tag/results/full/hinds2005/greedy_hybrid-greedy_pure-random_dense-random_sparse/20260425T180636/2_comparativa/3_sintesis/1_violines/violin_metricas_SumMin_full.png\ [36mviolin_metricas_SumMin_full.png[0m]8;;\
      🖼️  Distribución MinSum (Violin): ]8;;file:///home/cofer/Documents/University/TFG/snp_tag_tfg/snp_tag/results/full/hinds2005/greedy_hybrid-greedy_pure-random_dense-random_sparse/20260425T180636/2_comparativa/3_sintesis/1_violines/violin_metricas_MinSum_full.png\ [36mviolin_metricas_MinSum_full.png[0m]8;;\
      🖼️  Distribución MaxToleranceRate (Violin): ]8;;file:///home/cofer/Documents/University/TFG/snp_tag_tfg/snp_tag/results/full/hinds2005/greedy_hybrid-greedy_pure-random_dense-random_sparse/20260425T180636/2_comparativa/3_sintesis/1_violines/violin_metricas_MaxToleranceRate_full.png\ [36mviolin_metricas_MaxToleranceRate_full.png[0m]8;;\
      🖼️  Distribución AvgToleranceRate (Violin): ]8;;file:///home/cofer/Documents/University/TFG/snp_tag_tfg/snp_tag/results/full/hinds2005/greedy_hybrid-greedy_pure-random_dense-random_sparse/20260425T180636/2_comparativa/3_sintesis/1_violines/violin_metricas_AvgToleranceRate_full.png\ [36mviolin_metricas_AvgToleranceRate_full.png[0m]8;;\
      🖼️  Distribución AvgHammingDistance (Violin): ]8;;file:///home/cofer/Documents/University/TFG/snp_tag_tfg/snp_tag/results/full/hinds2005/greedy_hybrid-greedy_pure-random_dense-random_sparse/20260425T180636/2_comparativa/3_sintesis/1_violines/violin_metricas_AvgHammingDistance_full.png\ [36mviolin_metricas_AvgHammingDistance_full.png[0m]8;;\
      🖼️  Distribución Hypervolume (Violin): ]8;;file:///home/cofer/Documents/University/TFG/snp_tag_tfg/snp_tag/results/full/hinds2005/greedy_hybrid-greedy_pure-random_dense-random_sparse/20260425T180636/2_comparativa/3_sintesis/1_violines/violin_metricas_Hypervolume_full.png\ [36mviolin_metricas_Hypervolume_full.png[0m]8;;\

  📉  [1mAnálisis de Tendencia Central (Media ± Std)[0m
  ─────────────────────────────────────────────────
      🖼️  Panel de Tendencia Central (Media ± Std): ]8;;file:///home/cofer/Documents/University/TFG/snp_tag_tfg/snp_tag/results/full/hinds2005/greedy_hybrid-greedy_pure-random_dense-random_sparse/20260425T180636/2_comparativa/3_sintesis/2_barras/media_std_panel_metricas_finales_full.png\ [36mmedia_std_panel_metricas_finales_full.png[0m]8;;\
      🖼️  Media ± std Range: ]8;;file:///home/cofer/Documents/University/TFG/snp_tag_tfg/snp_tag/results/full/hinds2005/greedy_hybrid-greedy_pure-random_dense-random_sparse/20260425T180636/2_comparativa/3_sintesis/2_barras/media_std_metricas_Range_full.png\ [36mmedia_std_metricas_Range_full.png[0m]8;;\
      🖼️  Media ± std SumMin: ]8;;file:///home/cofer/Documents/University/TFG/snp_tag_tfg/snp_tag/results/full/hinds2005/greedy_hybrid-greedy_pure-random_dense-random_sparse/20260425T180636/2_comparativa/3_sintesis/2_barras/media_std_metricas_SumMin_full.png\ [36mmedia_std_metricas_SumMin_full.png[0m]8;;\
      🖼️  Media ± std MinSum: ]8;;file:///home/cofer/Documents/University/TFG/snp_tag_tfg/snp_tag/results/full/hinds2005/greedy_hybrid-greedy_pure-random_dense-random_sparse/20260425T180636/2_comparativa/3_sintesis/2_barras/media_std_metricas_MinSum_full.png\ [36mmedia_std_metricas_MinSum_full.png[0m]8;;\
      🖼️  Media ± std MaxToleranceRate: ]8;;file:///home/cofer/Documents/University/TFG/snp_tag_tfg/snp_tag/results/full/hinds2005/greedy_hybrid-greedy_pure-random_dense-random_sparse/20260425T180636/2_comparativa/3_sintesis/2_barras/media_std_metricas_MaxToleranceRate_full.png\ [36mmedia_std_metricas_MaxToleranceRate_full.png[0m]8;;\
      🖼️  Media ± std AvgToleranceRate: ]8;;file:///home/cofer/Documents/University/TFG/snp_tag_tfg/snp_tag/results/full/hinds2005/greedy_hybrid-greedy_pure-random_dense-random_sparse/20260425T180636/2_comparativa/3_sintesis/2_barras/media_std_metricas_AvgToleranceRate_full.png\ [36mmedia_std_metricas_AvgToleranceRate_full.png[0m]8;;\
      🖼️  Media ± std AvgHammingDistance: ]8;;file:///home/cofer/Documents/University/TFG/snp_tag_tfg/snp_tag/results/full/hinds2005/greedy_hybrid-greedy_pure-random_dense-random_sparse/20260425T180636/2_comparativa/3_sintesis/2_barras/media_std_metricas_AvgHammingDistance_full.png\ [36mmedia_std_metricas_AvgHammingDistance_full.png[0m]8;;\
      🖼️  Media ± std Hypervolume: ]8;;file:///home/cofer/Documents/University/TFG/snp_tag_tfg/snp_tag/results/full/hinds2005/greedy_hybrid-greedy_pure-random_dense-random_sparse/20260425T180636/2_comparativa/3_sintesis/2_barras/media_std_metricas_Hypervolume_full.png\ [36mmedia_std_metricas_Hypervolume_full.png[0m]8;;\

  🏆  [1mTop 10 por Métrica[0m
  ────────────────────────
    • [1mRange[0m (↑)
         1. NSGA2 (greedy_hybrid): 1.5096 ± 0.0453
         2. MOEAD_WS (greedy_hybrid): 1.3954 ± 0.0521
         3. MOEAD_TCHE (greedy_hybrid): 1.2849 ± 0.0236
         4. NSGA3 (greedy_hybrid): 1.2297 ± 0.0601
         5. SPEA2 (greedy_hybrid): 1.2161 ± 0.0583
         6. MOEAD_PBI (greedy_hybrid): 1.1443 ± 0.0369
         7. NSGA2 (random_dense): 1.0483 ± 0.0427
         8. NSGA2 (random_sparse): 0.8377 ± 0.0280
         9. SPEA2 (random_dense): 0.7673 ± 0.0676
        10. NSGA3 (random_dense): 0.6535 ± 0.0450
    • [1mSumMin[0m (↓)
         1. NSGA2 (greedy_hybrid): 0.8730 ± 0.0186
         2. MOEAD_WS (greedy_hybrid): 0.9078 ± 0.0327
         3. MOEAD_TCHE (greedy_hybrid): 0.9133 ± 0.0110
         4. NSGA3 (greedy_hybrid): 0.9245 ± 0.0245
         5. NSGA2 (random_dense): 0.9933 ± 0.0149
         6. SPEA2 (greedy_hybrid): 1.0016 ± 0.0298
         7. MOEAD_PBI (greedy_hybrid): 1.0093 ± 0.0185
         8. SPEA2 (random_dense): 1.1279 ± 0.0366
         9. NSGA3 (random_dense): 1.1292 ± 0.0146
        10. MOEAD_TCHE (random_dense): 1.1936 ± 0.0393
    • [1mMinSum[0m (↓)
         1. NSGA3 (random_dense): 1.3771 ± 0.0104
         2. MOEAD_TCHE (greedy_hybrid): 1.4033 ± 0.0082
         3. SPEA2 (random_dense): 1.4034 ± 0.0126
         4. MOEAD_TCHE (random_dense): 1.4191 ± 0.0218
         5. MOEAD_PBI (greedy_hybrid): 1.4196 ± 0.0086
         6. NSGA2 (random_dense): 1.4304 ± 0.0194
         7. MOEAD_WS (random_dense): 1.4654 ± 0.0234
         8. NSGA3 (greedy_hybrid): 1.4716 ± 0.0236
         9. NSGA3 (random_sparse): 1.4802 ± 0.0157
        10. NSGA2 (greedy_hybrid): 1.4862 ± 0.0048
    • [1mMaxToleranceRate[0m (↑)
         1. MOEAD_PBI (greedy_hybrid): 0.2805 ± 0.0046
         2. NSGA3 (random_sparse): 0.2724 ± 0.0097
         3. MOEAD_TCHE (greedy_hybrid): 0.2711 ± 0.0055
         4. NSGA3 (random_dense): 0.2698 ± 0.0064
         5. SPEA2 (random_dense): 0.2627 ± 0.0061
         6. MOEAD_TCHE (random_sparse): 0.2584 ± 0.0053
         7. NSGA2 (random_dense): 0.2521 ± 0.0056
         8. MOEAD_TCHE (random_dense): 0.2466 ± 0.0071
         9. NSGA3 (greedy_hybrid): 0.2448 ± 0.0075
        10. SPEA2 (greedy_hybrid): 0.2446 ± 0.0121
    • [1mAvgToleranceRate[0m (↑)
         1. NSGA3 (random_dense): 0.2438 ± 0.0038
         2. MOEAD_PBI (greedy_hybrid): 0.2295 ± 0.0028
         3. SPEA2 (random_dense): 0.2263 ± 0.0043
         4. MOEAD_TCHE (random_dense): 0.2254 ± 0.0060
         5. NSGA2 (random_dense): 0.2211 ± 0.0048
         6. MOEAD_WS (random_dense): 0.2167 ± 0.0073
         7. MOEAD_PBI (random_sparse): 0.2161 ± 0.0204
         8. MOEAD_PBI (random_dense): 0.2123 ± 0.0033
         9. MOEAD_TCHE (greedy_hybrid): 0.2043 ± 0.0030
        10. MOEAD_WS (random_sparse): 0.1926 ± 0.0093
    • [1mAvgHammingDistance[0m (↑)
         1. MOEAD_PBI (greedy_pure): 0.4930 ± 0.0032
         2. MOEAD_TCHE (greedy_pure): 0.4709 ± 0.0071
         3. MOEAD_WS (greedy_pure): 0.4653 ± 0.0095
         4. NSGA3 (greedy_pure): 0.4551 ± 0.0085
         5. MOEAD_TCHE (random_sparse): 0.4544 ± 0.0080
         6. MOEAD_WS (greedy_hybrid): 0.4521 ± 0.0085
         7. MOEAD_TCHE (greedy_hybrid): 0.4471 ± 0.0028
         8. MOEAD_WS (random_sparse): 0.4436 ± 0.0063
         9. NSGA2 (greedy_pure): 0.4400 ± 0.0061
        10. NSGA3 (random_sparse): 0.4390 ± 0.0121
    • [1mHypervolume[0m (↑)
         1. MOEAD_TCHE (greedy_hybrid): 0.4018 ± 0.0050
         2. NSGA2 (random_dense): 0.3960 ± 0.0075
         3. NSGA3 (random_dense): 0.3700 ± 0.0046
         4. NSGA3 (greedy_hybrid): 0.3673 ± 0.0133
         5. NSGA2 (greedy_hybrid): 0.3646 ± 0.0079
         6. SPEA2 (random_dense): 0.3635 ± 0.0148
         7. MOEAD_PBI (greedy_hybrid): 0.3599 ± 0.0069
         8. SPEA2 (greedy_hybrid): 0.3386 ± 0.0123
         9. MOEAD_TCHE (random_dense): 0.3365 ± 0.0158
        10. MOEAD_WS (greedy_hybrid): 0.3053 ± 0.0063


  📊  [1mResumen Estadístico de Métricas[0m
  ─────────────────────────────────────
      🖼️  Mapa de calor comparativo (Benchmark): ]8;;file:///home/cofer/Documents/University/TFG/snp_tag_tfg/snp_tag/results/full/hinds2005/greedy_hybrid-greedy_pure-random_dense-random_sparse/20260425T180636/2_comparativa/4_rankings/heatmap_comparativa_full.png\ [36mheatmap_comparativa_full.png[0m]8;;\

  📈  [1mAnálisis Estadístico Riguroso (Friedman + Nemenyi)[0m
  ────────────────────────────────────────────────────────

  📊  [1mTEST DE FRIEDMAN (Método (Algoritmo + Inicialización))[0m
  ────────────────────────────────────────────────────────────
      Estadístico: 78.4571
      P-valor: 5.6337e-08
      Significativo (p < 0.05): Sí

      🖼️  Heatmap de Significancia Nemenyi (Método (Algoritmo + Inicialización)): ]8;;file:///home/cofer/Documents/University/TFG/snp_tag_tfg/snp_tag/results/full/hinds2005/greedy_hybrid-greedy_pure-random_dense-random_sparse/20260425T180636/2_comparativa/4_rankings/estadistica/method/heatmap_nemenyi_full.png\ [36mheatmap_nemenyi_full.png[0m]8;;\
      🖼️  Gráfico de Rangos Promedio (Método (Algoritmo + Inicialización)): ]8;;file:///home/cofer/Documents/University/TFG/snp_tag_tfg/snp_tag/results/full/hinds2005/greedy_hybrid-greedy_pure-random_dense-random_sparse/20260425T180636/2_comparativa/4_rankings/estadistica/method/rangos_promedio_full.png\ [36mrangos_promedio_full.png[0m]8;;\

  📊  [1mTEST DE FRIEDMAN (Algoritmo)[0m
  ──────────────────────────────────
      Estadístico: 11.0000
      P-valor: 5.1380e-02
      Significativo (p < 0.05): No

      • ⚠️  Test de Friedman no significativo para Algoritmo. Omitiendo post-hoc.

  📊  [1mTEST DE FRIEDMAN (Inicialización)[0m
  ───────────────────────────────────────
      Estadístico: 10.0286
      P-valor: 1.8325e-02
      Significativo (p < 0.05): Sí

      🖼️  Heatmap de Significancia Nemenyi (Inicialización): ]8;;file:///home/cofer/Documents/University/TFG/snp_tag_tfg/snp_tag/results/full/hinds2005/greedy_hybrid-greedy_pure-random_dense-random_sparse/20260425T180636/2_comparativa/4_rankings/estadistica/init/heatmap_nemenyi_init_full.png\ [36mheatmap_nemenyi_init_full.png[0m]8;;\
      🖼️  Gráfico de Rangos Promedio (Inicialización): ]8;;file:///home/cofer/Documents/University/TFG/snp_tag_tfg/snp_tag/results/full/hinds2005/greedy_hybrid-greedy_pure-random_dense-random_sparse/20260425T180636/2_comparativa/4_rankings/estadistica/init/rangos_promedio_init_full.png\ [36mrangos_promedio_init_full.png[0m]8;;\

========================================
⏱️  TIEMPO TOTAL DE EJECUCIÓN: 1h 1m 49.52s
========================================

