
[93m[1m╔══════════════════════════════════════════════════════════════════════════════╗
[93m[1m║                       CONFIGURACIÓN (user_config.ini)                        ║
[93m[1m╚══════════════════════════════════════════════════════════════════════════════╝[0m
      • [General]
          - dir_salida_base: results
      • [Dataset]
          - n_snps: 1032
          - num_bloques: 8
          - origen_datos: hinds2005
      • [Objetivos]
          - transform: neg
          - eval: absoluta
          - cap_tolerancia: 999999.0
      • [Algoritmos]
          - semilla_maestra: 42
          - modo_semillas: non_deterministic
          - normalizacion: static_dataset_limits
          - pc: 0.7
          - pm: 0.000969
          - cruces: UX, HUX, 1P, 2P
          - algoritmos: MOEAD_TCHE
          - inits: greedy_multi
      • [Parámetros Específicos de Algoritmo]
          - max_cobertura_objetivo: 5
          - moead_vecinos: 15
          - moead_prob_vecindad: 0.9
      • [Sistema]
          - report_plot_dpi: 300
          - paso_generacional_metricas: 10
      • Objetivos de optimización:
          - f1 (Compacidad): Minimizar
          - f2 (Tolerancia): Maximizar
          - f3 (Hamming Medio): Maximizar
          - f4 (Disimilitud): Minimizar

  📊  [1mMetadatos y Dimensiones del Dataset[0m
  ─────────────────────────────────────────
       [92m✅  Hinds 2005 cargado y filtrado: 48 patrones alelicos × 772 SNPs polimórficos (de 1032 originales) desde 'snp_tag/data/datasets/hinds2005_1032.txt'[0m
      • N_SNPS=772 | N_PATRONES=48 | FICHERO=snp_tag/data/datasets/hinds2005_1032.txt

[93m[1m╔══════════════════════════════════════════════════════════════════════════════╗
[93m[1m║                  DIAGNÓSTICO DE DATOS Y DESEQUILIBRIO (LD)                   ║
[93m[1m╚══════════════════════════════════════════════════════════════════════════════╝[0m

  🧬  [1mVisualización de la Estructura de Haplotipos[0m
  ──────────────────────────────────────────────────
      🖼️  Mapa de calor de haplotipos: ]8;;file:///home/cofer/Documents/University/TFG/snp_tag_tfg/snp_tag/results/full_20/hinds2005/greedy_multi/20260602T172526/0_datos_previos/heatmap_haplotipos_full_20.png\ [36mheatmap_haplotipos_full_20.png[0m]8;;\
      🖼️  Estructura LD (13 bloques): ]8;;file:///home/cofer/Documents/University/TFG/snp_tag_tfg/snp_tag/results/full_20/hinds2005/greedy_multi/20260602T172526/0_datos_previos/bloques_ld_haplotipos_full_20.png\ [36mbloques_ld_haplotipos_full_20.png[0m]8;;\

  📈  [1mAnálisis de Variabilidad y Frecuencia Alélica[0m
  ───────────────────────────────────────────────────
      🖼️  Distribución de frecuencia alélica: ]8;;file:///home/cofer/Documents/University/TFG/snp_tag_tfg/snp_tag/results/full_20/hinds2005/greedy_multi/20260602T172526/0_datos_previos/histograma_alelico_full_20.png\ [36mhistograma_alelico_full_20.png[0m]8;;\
      🖼️  Variabilidad por SNP: ]8;;file:///home/cofer/Documents/University/TFG/snp_tag_tfg/snp_tag/results/full_20/hinds2005/greedy_multi/20260602T172526/0_datos_previos/variabilidad_snps_full_20.png\ [36mvariabilidad_snps_full_20.png[0m]8;;\
      🖼️  Alelos dominantes por haplotipo: ]8;;file:///home/cofer/Documents/University/TFG/snp_tag_tfg/snp_tag/results/full_20/hinds2005/greedy_multi/20260602T172526/0_datos_previos/conteo_alelos_full_20.png\ [36mconteo_alelos_full_20.png[0m]8;;\
      🖼️  Distribución de distancias de Hamming: ]8;;file:///home/cofer/Documents/University/TFG/snp_tag_tfg/snp_tag/results/full_20/hinds2005/greedy_multi/20260602T172526/0_datos_previos/histograma_hamming_full_20.png\ [36mhistograma_hamming_full_20.png[0m]8;;\

  🔗  [1mCaracterización Global de Correlación (LD)[0m
  ────────────────────────────────────────────────
      • [1mCorrelación media absoluta (global |r|)[0m: 0.1387
      • [1mTotal de pares evaluados[0m: 297606
      🖼️  Mapa de calor de correlación (LD): ]8;;file:///home/cofer/Documents/University/TFG/snp_tag_tfg/snp_tag/results/full_20/hinds2005/greedy_multi/20260602T172526/0_datos_previos/heatmap_correlacion_completa_full_20.png\ [36mheatmap_correlacion_completa_full_20.png[0m]8;;\
      🖼️  Distribución de correlaciones (LD): ]8;;file:///home/cofer/Documents/University/TFG/snp_tag_tfg/snp_tag/results/full_20/hinds2005/greedy_multi/20260602T172526/0_datos_previos/histograma_correlaciones_ld_full_20.png\ [36mhistograma_correlaciones_ld_full_20.png[0m]8;;\
      🖼️  CDF de correlación LD: ]8;;file:///home/cofer/Documents/University/TFG/snp_tag_tfg/snp_tag/results/full_20/hinds2005/greedy_multi/20260602T172526/0_datos_previos/cdf_correlacion_absoluta_ld_full_20.png\ [36mcdf_correlacion_absoluta_ld_full_20.png[0m]8;;\

  📐  [1mAnálisis de Similitud Genotípica (Pares de Haplotipos)[0m
  ────────────────────────────────────────────────────────────
      • [1mNúmero de pares de haplotipos[0m: 1128
      • [1mPares mostrados[0m: 3 similares / 3 distintos
      • [1mVista parcial[0m: primeros 32 SNPs
      • [1mPercentiles (Hamming)[0m: P33=237.00, P66=273.00
      • [Etiquetas: <=P33 -> muy similar | (P33,P66] -> intermedio | >P66 -> muy distinto]

  🤝  [1mPares de mayor similitud genética[0m
  ───────────────────────────────────────
      •  [1mPar (26, 27)[0m | Hamming=[1m129[0m | muy similar
        h026: [90m0[0m[90m0[0m[90m0[0m[90m0[0m[90m0[0m[90m0[0m[90m0[0m[90m0[0m[90m0[0m[90m0[0m[90m0[0m1[90m0[0m[90m0[0m1111[90m0[0m[90m0[0m[90m0[0m[90m0[0m[90m0[0m[90m0[0m[90m0[0m[90m0[0m[90m0[0m11111...
        h027: 1111[90m0[0m111111[90m0[0m[90m0[0m[90m0[0m[90m0[0m1[90m0[0m[90m0[0m111[90m0[0m[90m0[0m1111[90m0[0m[90m0[0m[90m0[0m[90m0[0m[90m0[0m...
      •  [1mPar (17, 41)[0m | Hamming=[1m134[0m | muy similar
        h017: 1111[90m0[0m111111[90m0[0m[90m0[0m[90m0[0m[90m0[0m1[90m0[0m[90m0[0m111[90m0[0m[90m0[0m1111[90m0[0m1111...
        h041: 1111[90m0[0m111111[90m0[0m[90m0[0m[90m0[0m[90m0[0m1[90m0[0m[90m0[0m111[90m0[0m[90m0[0m1111[90m0[0m[90m0[0m111...
      •  [1mPar (36, 46)[0m | Hamming=[1m140[0m | muy similar
        h036: [90m0[0m[90m0[0m[90m0[0m[90m0[0m[90m0[0m[90m0[0m[90m0[0m[90m0[0m[90m0[0m[90m0[0m[90m0[0m1[90m0[0m[90m0[0m1111111[90m0[0m[90m0[0m1111[90m0[0m[90m0[0m[90m0[0m[90m0[0m[90m0[0m...
        h046: 1111[90m0[0m111111[90m0[0m[90m0[0m[90m0[0m[90m0[0m1[90m0[0m[90m0[0m111[90m0[0m[90m0[0m1111[90m0[0m[90m0[0m[90m0[0m[90m0[0m[90m0[0m...

  ↔️   [1mPares de mayor divergencia genética[0m
  ─────────────────────────────────────────
      •  [1mPar (29, 36)[0m | Hamming=[1m407[0m | muy distinto
        h029: [90m0[0m[90m0[0m[90m0[0m[90m0[0m1[90m0[0m[90m0[0m[90m0[0m[90m0[0m[90m0[0m[90m0[0m[90m0[0m11[90m0[0m[90m0[0m[90m0[0m[90m0[0m[90m0[0m[90m0[0m[90m0[0m[90m0[0m[90m0[0m[90m0[0m[90m0[0m[90m0[0m[90m0[0m1[90m0[0m[90m0[0m[90m0[0m[90m0[0m...
        h036: [90m0[0m[90m0[0m[90m0[0m[90m0[0m[90m0[0m[90m0[0m[90m0[0m[90m0[0m[90m0[0m[90m0[0m[90m0[0m1[90m0[0m[90m0[0m1111111[90m0[0m[90m0[0m1111[90m0[0m[90m0[0m[90m0[0m[90m0[0m[90m0[0m...
      •  [1mPar (28, 29)[0m | Hamming=[1m404[0m | muy distinto
        h028: [90m0[0m[90m0[0m[90m0[0m[90m0[0m1[90m0[0m[90m0[0m[90m0[0m[90m0[0m[90m0[0m[90m0[0m[90m0[0m11[90m0[0m[90m0[0m[90m0[0m[90m0[0m[90m0[0m[90m0[0m[90m0[0m[90m0[0m[90m0[0m[90m0[0m[90m0[0m[90m0[0m[90m0[0m1[90m0[0m[90m0[0m[90m0[0m[90m0[0m...
        h029: [90m0[0m[90m0[0m[90m0[0m[90m0[0m1[90m0[0m[90m0[0m[90m0[0m[90m0[0m[90m0[0m[90m0[0m[90m0[0m11[90m0[0m[90m0[0m[90m0[0m[90m0[0m[90m0[0m[90m0[0m[90m0[0m[90m0[0m[90m0[0m[90m0[0m[90m0[0m[90m0[0m[90m0[0m1[90m0[0m[90m0[0m[90m0[0m[90m0[0m...
      •  [1mPar (24, 29)[0m | Hamming=[1m390[0m | muy distinto
        h024: 1111[90m0[0m111111[90m0[0m[90m0[0m[90m0[0m[90m0[0m1[90m0[0m[90m0[0m111[90m0[0m[90m0[0m1[90m0[0m11[90m0[0m1111...
        h029: [90m0[0m[90m0[0m[90m0[0m[90m0[0m1[90m0[0m[90m0[0m[90m0[0m[90m0[0m[90m0[0m[90m0[0m[90m0[0m11[90m0[0m[90m0[0m[90m0[0m[90m0[0m[90m0[0m[90m0[0m[90m0[0m[90m0[0m[90m0[0m[90m0[0m[90m0[0m[90m0[0m[90m0[0m1[90m0[0m[90m0[0m[90m0[0m[90m0[0m...

[93m[1m╔══════════════════════════════════════════════════════════════════════════════╗
[93m[1m║                             MOTOR MULTIOBJETIVO                              ║
[93m[1m╚══════════════════════════════════════════════════════════════════════════════╝[0m

  📅  [1mPlanificación de Ejecución[0m
  ────────────────────────────────
      • Total: 1 alg. x 1 inits. x 4 cruces x 20 runs = 80 ejecuciones
      • Referencias: 220 puntos | Particiones: 9

  🧬  [1mFase Evolutiva[0m
  ────────────────────
    • Iniciando 80 experimentos en modo paralelo seguro
      • Paralelizando con hasta 14 procesos en paralelo
      • [Progreso:  1/80] | [MOEAD_TCHE-greedy_multi-UX] ejecución 1/20 (504.2 s)
      • [Progreso:  2/80] | [MOEAD_TCHE-greedy_multi-UX] ejecución 4/20 (578.3 s)
      • [Progreso:  3/80] | [MOEAD_TCHE-greedy_multi-UX] ejecución 12/20 (667.5 s)
      • [Progreso:  4/80] | [MOEAD_TCHE-greedy_multi-UX] ejecución 11/20 (667.6 s)
      • [Progreso:  5/80] | [MOEAD_TCHE-greedy_multi-UX] ejecución 10/20 (675.4 s)
      • [Progreso:  6/80] | [MOEAD_TCHE-greedy_multi-UX] ejecución 7/20 (707.3 s)
      • [Progreso:  7/80] | [MOEAD_TCHE-greedy_multi-UX] ejecución 13/20 (708.2 s)
      • [Progreso:  8/80] | [MOEAD_TCHE-greedy_multi-UX] ejecución 6/20 (736.2 s)
      • [Progreso:  9/80] | [MOEAD_TCHE-greedy_multi-UX] ejecución 9/20 (738.8 s)
      • [Progreso: 10/80] | [MOEAD_TCHE-greedy_multi-UX] ejecución 2/20 (747.8 s)
      • [Progreso: 11/80] | [MOEAD_TCHE-greedy_multi-UX] ejecución 5/20 (755.4 s)
      • [Progreso: 12/80] | [MOEAD_TCHE-greedy_multi-UX] ejecución 8/20 (762.0 s)
      • [Progreso: 13/80] | [MOEAD_TCHE-greedy_multi-UX] ejecución 14/20 (771.8 s)
      • [Progreso: 14/80] | [MOEAD_TCHE-greedy_multi-UX] ejecución 3/20 (771.9 s)
      • [Progreso: 15/80] | [MOEAD_TCHE-greedy_multi-UX] ejecución 16/20 (461.3 s)
      • [Progreso: 16/80] | [MOEAD_TCHE-greedy_multi-UX] ejecución 15/20 (741.2 s)
      • [Progreso: 17/80] | [MOEAD_TCHE-greedy_multi-UX] ejecución 18/20 (641.2 s)
      • [Progreso: 18/80] | [MOEAD_TCHE-greedy_multi-HUX] ejecución 2/20 (635.0 s)
      • [Progreso: 19/80] | [MOEAD_TCHE-greedy_multi-HUX] ejecución 5/20 (626.0 s)
      • [Progreso: 20/80] | [MOEAD_TCHE-greedy_multi-UX] ejecución 17/20 (728.1 s)
      • [Progreso: 21/80] | [MOEAD_TCHE-greedy_multi-UX] ejecución 19/20 (729.2 s)
      • [Progreso: 22/80] | [MOEAD_TCHE-greedy_multi-HUX] ejecución 1/20 (708.0 s)
      • [Progreso: 23/80] | [MOEAD_TCHE-greedy_multi-UX] ejecución 20/20 (730.2 s)
      • [Progreso: 24/80] | [MOEAD_TCHE-greedy_multi-HUX] ejecución 3/20 (723.7 s)
      • [Progreso: 25/80] | [MOEAD_TCHE-greedy_multi-HUX] ejecución 4/20 (759.4 s)
      • [Progreso: 26/80] | [MOEAD_TCHE-greedy_multi-HUX] ejecución 8/20 (736.1 s)
      • [Progreso: 27/80] | [MOEAD_TCHE-greedy_multi-HUX] ejecución 6/20 (761.8 s)
      • [Progreso: 28/80] | [MOEAD_TCHE-greedy_multi-HUX] ejecución 7/20 (761.5 s)
      • [Progreso: 29/80] | [MOEAD_TCHE-greedy_multi-HUX] ejecución 9/20 (520.2 s)
      • [Progreso: 30/80] | [MOEAD_TCHE-greedy_multi-HUX] ejecución 10/20 (771.2 s)
      • [Progreso: 31/80] | [MOEAD_TCHE-greedy_multi-HUX] ejecución 11/20 (830.2 s)
      • [Progreso: 32/80] | [MOEAD_TCHE-greedy_multi-HUX] ejecución 13/20 (808.5 s)
      • [Progreso: 33/80] | [MOEAD_TCHE-greedy_multi-HUX] ejecución 12/20 (838.6 s)
      • [Progreso: 34/80] | [MOEAD_TCHE-greedy_multi-HUX] ejecución 14/20 (845.2 s)
      • [Progreso: 35/80] | [MOEAD_TCHE-greedy_multi-HUX] ejecución 16/20 (829.6 s)
      • [Progreso: 36/80] | [MOEAD_TCHE-greedy_multi-HUX] ejecución 15/20 (844.7 s)
      • [Progreso: 37/80] | [MOEAD_TCHE-greedy_multi-HUX] ejecución 17/20 (847.5 s)
      • [Progreso: 38/80] | [MOEAD_TCHE-greedy_multi-HUX] ejecución 18/20 (845.1 s)
      • [Progreso: 39/80] | [MOEAD_TCHE-greedy_multi-HUX] ejecución 19/20 (845.9 s)
      • [Progreso: 40/80] | [MOEAD_TCHE-greedy_multi-HUX] ejecución 20/20 (846.1 s)
      • [Progreso: 41/80] | [MOEAD_TCHE-greedy_multi-1P] ejecución 1/20 (862.6 s)
      • [Progreso: 42/80] | [MOEAD_TCHE-greedy_multi-1P] ejecución 2/20 (863.9 s)
      • [Progreso: 43/80] | [MOEAD_TCHE-greedy_multi-1P] ejecución 3/20 (862.5 s)
      • [Progreso: 44/80] | [MOEAD_TCHE-greedy_multi-1P] ejecución 4/20 (811.7 s)
      • [Progreso: 45/80] | [MOEAD_TCHE-greedy_multi-1P] ejecución 10/20 (654.0 s)
      • [Progreso: 46/80] | [MOEAD_TCHE-greedy_multi-1P] ejecución 5/20 (789.5 s)
      • [Progreso: 47/80] | [MOEAD_TCHE-greedy_multi-1P] ejecución 7/20 (779.5 s)
      • [Progreso: 48/80] | [MOEAD_TCHE-greedy_multi-1P] ejecución 6/20 (799.8 s)
      • [Progreso: 49/80] | [MOEAD_TCHE-greedy_multi-1P] ejecución 11/20 (706.0 s)
      • [Progreso: 50/80] | [MOEAD_TCHE-greedy_multi-1P] ejecución 8/20 (771.3 s)
      • [Progreso: 51/80] | [MOEAD_TCHE-greedy_multi-1P] ejecución 14/20 (663.1 s)
      • [Progreso: 52/80] | [MOEAD_TCHE-greedy_multi-1P] ejecución 9/20 (782.9 s)
      • [Progreso: 53/80] | [MOEAD_TCHE-greedy_multi-1P] ejecución 12/20 (747.5 s)
      • [Progreso: 54/80] | [MOEAD_TCHE-greedy_multi-1P] ejecución 13/20 (780.6 s)
      • [Progreso: 55/80] | [MOEAD_TCHE-greedy_multi-1P] ejecución 15/20 (747.8 s)
      • [Progreso: 56/80] | [MOEAD_TCHE-greedy_multi-1P] ejecución 16/20 (756.8 s)
      • [Progreso: 57/80] | [MOEAD_TCHE-greedy_multi-1P] ejecución 17/20 (774.1 s)
      • [Progreso: 58/80] | [MOEAD_TCHE-greedy_multi-1P] ejecución 19/20 (635.3 s)
      • [Progreso: 59/80] | [MOEAD_TCHE-greedy_multi-1P] ejecución 18/20 (723.8 s)
      • [Progreso: 60/80] | [MOEAD_TCHE-greedy_multi-1P] ejecución 20/20 (722.2 s)
      • [Progreso: 61/80] | [MOEAD_TCHE-greedy_multi-2P] ejecución 1/20 (665.1 s)
      • [Progreso: 62/80] | [MOEAD_TCHE-greedy_multi-2P] ejecución 5/20 (674.3 s)
      • [Progreso: 63/80] | [MOEAD_TCHE-greedy_multi-2P] ejecución 3/20 (732.4 s)
      • [Progreso: 64/80] | [MOEAD_TCHE-greedy_multi-2P] ejecución 10/20 (574.4 s)
      • [Progreso: 65/80] | [MOEAD_TCHE-greedy_multi-2P] ejecución 2/20 (749.3 s)
      • [Progreso: 66/80] | [MOEAD_TCHE-greedy_multi-2P] ejecución 4/20 (726.8 s)
      • [Progreso: 67/80] | [MOEAD_TCHE-greedy_multi-2P] ejecución 6/20 (720.3 s)
      • [Progreso: 68/80] | [MOEAD_TCHE-greedy_multi-2P] ejecución 9/20 (636.3 s)
      • [Progreso: 69/80] | [MOEAD_TCHE-greedy_multi-2P] ejecución 7/20 (716.9 s)
      • [Progreso: 70/80] | [MOEAD_TCHE-greedy_multi-2P] ejecución 8/20 (697.0 s)
      • [Progreso: 71/80] | [MOEAD_TCHE-greedy_multi-2P] ejecución 11/20 (730.3 s)
      • [Progreso: 72/80] | [MOEAD_TCHE-greedy_multi-2P] ejecución 14/20 (428.1 s)
      • [Progreso: 73/80] | [MOEAD_TCHE-greedy_multi-2P] ejecución 20/20 (377.2 s)
      • [Progreso: 74/80] | [MOEAD_TCHE-greedy_multi-2P] ejecución 18/20 (388.0 s)
      • [Progreso: 75/80] | [MOEAD_TCHE-greedy_multi-2P] ejecución 19/20 (379.9 s)
      • [Progreso: 76/80] | [MOEAD_TCHE-greedy_multi-2P] ejecución 15/20 (469.6 s)
      • [Progreso: 77/80] | [MOEAD_TCHE-greedy_multi-2P] ejecución 12/20 (585.6 s)
      • [Progreso: 78/80] | [MOEAD_TCHE-greedy_multi-2P] ejecución 13/20 (575.9 s)
      • [Progreso: 79/80] | [MOEAD_TCHE-greedy_multi-2P] ejecución 17/20 (417.8 s)
      • [Progreso: 80/80] | [MOEAD_TCHE-greedy_multi-2P] ejecución 16/20 (453.6 s)

[93m[1m╔══════════════════════════════════════════════════════════════════════════════╗
[93m[1m║                            SÍNTESIS DE RESULTADOS                            ║
[93m[1m╚══════════════════════════════════════════════════════════════════════════════╝[0m
  • [1mConfiguración de síntesis[0m: DPI=300

  ⏱️   [1mAnálisis de Rendimiento y Tiempo[0m
  ──────────────────────────────────────
      🖼️  Media ± std tiempo ejecución: ]8;;file:///home/cofer/Documents/University/TFG/snp_tag_tfg/snp_tag/results/full_20/hinds2005/greedy_multi/20260602T172526/2_comparativa/0_tiempo/media_std_tiempo_full_20.png\ [36mmedia_std_tiempo_full_20.png[0m]8;;\
      • Tiempo bloque 'Análisis de Rendimiento y Tiempo': 0.2s

  🧮  [1mProcesamiento de Métricas (con progreso)[0m
  ──────────────────────────────────────────────
    • Iniciando métricas finales: 80 ejecuciones
      • [Progreso:  1/80] | [MOEAD_TCHE-greedy_multi-UX] ejecución 1/20 (0.0 s)
      • [Progreso:  2/80] | [MOEAD_TCHE-greedy_multi-UX] ejecución 2/20 (0.0 s)
      • [Progreso:  3/80] | [MOEAD_TCHE-greedy_multi-UX] ejecución 3/20 (0.0 s)
      • [Progreso:  4/80] | [MOEAD_TCHE-greedy_multi-UX] ejecución 4/20 (0.0 s)
      • [Progreso:  5/80] | [MOEAD_TCHE-greedy_multi-UX] ejecución 5/20 (0.0 s)
      • [Progreso:  6/80] | [MOEAD_TCHE-greedy_multi-UX] ejecución 6/20 (0.0 s)
      • [Progreso:  7/80] | [MOEAD_TCHE-greedy_multi-UX] ejecución 7/20 (0.0 s)
      • [Progreso:  8/80] | [MOEAD_TCHE-greedy_multi-UX] ejecución 8/20 (0.0 s)
      • [Progreso:  9/80] | [MOEAD_TCHE-greedy_multi-UX] ejecución 9/20 (0.0 s)
      • [Progreso: 10/80] | [MOEAD_TCHE-greedy_multi-UX] ejecución 10/20 (0.0 s)
      • [Progreso: 11/80] | [MOEAD_TCHE-greedy_multi-UX] ejecución 11/20 (0.0 s)
      • [Progreso: 12/80] | [MOEAD_TCHE-greedy_multi-UX] ejecución 12/20 (0.0 s)
      • [Progreso: 13/80] | [MOEAD_TCHE-greedy_multi-UX] ejecución 13/20 (0.0 s)
      • [Progreso: 14/80] | [MOEAD_TCHE-greedy_multi-UX] ejecución 14/20 (0.0 s)
      • [Progreso: 15/80] | [MOEAD_TCHE-greedy_multi-UX] ejecución 15/20 (0.0 s)
      • [Progreso: 16/80] | [MOEAD_TCHE-greedy_multi-UX] ejecución 16/20 (0.0 s)
      • [Progreso: 17/80] | [MOEAD_TCHE-greedy_multi-UX] ejecución 17/20 (0.0 s)
      • [Progreso: 18/80] | [MOEAD_TCHE-greedy_multi-UX] ejecución 18/20 (0.0 s)
      • [Progreso: 19/80] | [MOEAD_TCHE-greedy_multi-UX] ejecución 19/20 (0.0 s)
      • [Progreso: 20/80] | [MOEAD_TCHE-greedy_multi-UX] ejecución 20/20 (0.0 s)
      • [Progreso: 21/80] | [MOEAD_TCHE-greedy_multi-HUX] ejecución 1/20 (0.0 s)
      • [Progreso: 22/80] | [MOEAD_TCHE-greedy_multi-HUX] ejecución 2/20 (0.0 s)
      • [Progreso: 23/80] | [MOEAD_TCHE-greedy_multi-HUX] ejecución 3/20 (0.0 s)
      • [Progreso: 24/80] | [MOEAD_TCHE-greedy_multi-HUX] ejecución 4/20 (0.0 s)
      • [Progreso: 25/80] | [MOEAD_TCHE-greedy_multi-HUX] ejecución 5/20 (0.0 s)
      • [Progreso: 26/80] | [MOEAD_TCHE-greedy_multi-HUX] ejecución 6/20 (0.0 s)
      • [Progreso: 27/80] | [MOEAD_TCHE-greedy_multi-HUX] ejecución 7/20 (0.0 s)
      • [Progreso: 28/80] | [MOEAD_TCHE-greedy_multi-HUX] ejecución 8/20 (0.0 s)
      • [Progreso: 29/80] | [MOEAD_TCHE-greedy_multi-HUX] ejecución 9/20 (0.0 s)
      • [Progreso: 30/80] | [MOEAD_TCHE-greedy_multi-HUX] ejecución 10/20 (0.0 s)
      • [Progreso: 31/80] | [MOEAD_TCHE-greedy_multi-HUX] ejecución 11/20 (0.0 s)
      • [Progreso: 32/80] | [MOEAD_TCHE-greedy_multi-HUX] ejecución 12/20 (0.0 s)
      • [Progreso: 33/80] | [MOEAD_TCHE-greedy_multi-HUX] ejecución 13/20 (0.0 s)
      • [Progreso: 34/80] | [MOEAD_TCHE-greedy_multi-HUX] ejecución 14/20 (0.0 s)
      • [Progreso: 35/80] | [MOEAD_TCHE-greedy_multi-HUX] ejecución 15/20 (0.0 s)
      • [Progreso: 36/80] | [MOEAD_TCHE-greedy_multi-HUX] ejecución 16/20 (0.0 s)
      • [Progreso: 37/80] | [MOEAD_TCHE-greedy_multi-HUX] ejecución 17/20 (0.0 s)
      • [Progreso: 38/80] | [MOEAD_TCHE-greedy_multi-HUX] ejecución 18/20 (0.0 s)
      • [Progreso: 39/80] | [MOEAD_TCHE-greedy_multi-HUX] ejecución 19/20 (0.0 s)
      • [Progreso: 40/80] | [MOEAD_TCHE-greedy_multi-HUX] ejecución 20/20 (0.0 s)
      • [Progreso: 41/80] | [MOEAD_TCHE-greedy_multi-1P] ejecución 1/20 (0.0 s)
      • [Progreso: 42/80] | [MOEAD_TCHE-greedy_multi-1P] ejecución 2/20 (0.0 s)
      • [Progreso: 43/80] | [MOEAD_TCHE-greedy_multi-1P] ejecución 3/20 (0.0 s)
      • [Progreso: 44/80] | [MOEAD_TCHE-greedy_multi-1P] ejecución 4/20 (0.0 s)
      • [Progreso: 45/80] | [MOEAD_TCHE-greedy_multi-1P] ejecución 5/20 (0.0 s)
      • [Progreso: 46/80] | [MOEAD_TCHE-greedy_multi-1P] ejecución 6/20 (0.0 s)
      • [Progreso: 47/80] | [MOEAD_TCHE-greedy_multi-1P] ejecución 7/20 (0.0 s)
      • [Progreso: 48/80] | [MOEAD_TCHE-greedy_multi-1P] ejecución 8/20 (0.0 s)
      • [Progreso: 49/80] | [MOEAD_TCHE-greedy_multi-1P] ejecución 9/20 (0.0 s)
      • [Progreso: 50/80] | [MOEAD_TCHE-greedy_multi-1P] ejecución 10/20 (0.0 s)
      • [Progreso: 51/80] | [MOEAD_TCHE-greedy_multi-1P] ejecución 11/20 (0.0 s)
      • [Progreso: 52/80] | [MOEAD_TCHE-greedy_multi-1P] ejecución 12/20 (0.0 s)
      • [Progreso: 53/80] | [MOEAD_TCHE-greedy_multi-1P] ejecución 13/20 (0.0 s)
      • [Progreso: 54/80] | [MOEAD_TCHE-greedy_multi-1P] ejecución 14/20 (0.0 s)
      • [Progreso: 55/80] | [MOEAD_TCHE-greedy_multi-1P] ejecución 15/20 (0.0 s)
      • [Progreso: 56/80] | [MOEAD_TCHE-greedy_multi-1P] ejecución 16/20 (0.0 s)
      • [Progreso: 57/80] | [MOEAD_TCHE-greedy_multi-1P] ejecución 17/20 (0.0 s)
      • [Progreso: 58/80] | [MOEAD_TCHE-greedy_multi-1P] ejecución 18/20 (0.0 s)
      • [Progreso: 59/80] | [MOEAD_TCHE-greedy_multi-1P] ejecución 19/20 (0.0 s)
      • [Progreso: 60/80] | [MOEAD_TCHE-greedy_multi-1P] ejecución 20/20 (0.0 s)
      • [Progreso: 61/80] | [MOEAD_TCHE-greedy_multi-2P] ejecución 1/20 (0.0 s)
      • [Progreso: 62/80] | [MOEAD_TCHE-greedy_multi-2P] ejecución 2/20 (0.0 s)
      • [Progreso: 63/80] | [MOEAD_TCHE-greedy_multi-2P] ejecución 3/20 (0.0 s)
      • [Progreso: 64/80] | [MOEAD_TCHE-greedy_multi-2P] ejecución 4/20 (0.0 s)
      • [Progreso: 65/80] | [MOEAD_TCHE-greedy_multi-2P] ejecución 5/20 (0.0 s)
      • [Progreso: 66/80] | [MOEAD_TCHE-greedy_multi-2P] ejecución 6/20 (0.0 s)
      • [Progreso: 67/80] | [MOEAD_TCHE-greedy_multi-2P] ejecución 7/20 (0.0 s)
      • [Progreso: 68/80] | [MOEAD_TCHE-greedy_multi-2P] ejecución 8/20 (0.0 s)
      • [Progreso: 69/80] | [MOEAD_TCHE-greedy_multi-2P] ejecución 9/20 (0.0 s)
      • [Progreso: 70/80] | [MOEAD_TCHE-greedy_multi-2P] ejecución 10/20 (0.0 s)
      • [Progreso: 71/80] | [MOEAD_TCHE-greedy_multi-2P] ejecución 11/20 (0.0 s)
      • [Progreso: 72/80] | [MOEAD_TCHE-greedy_multi-2P] ejecución 12/20 (0.0 s)
      • [Progreso: 73/80] | [MOEAD_TCHE-greedy_multi-2P] ejecución 13/20 (0.0 s)
      • [Progreso: 74/80] | [MOEAD_TCHE-greedy_multi-2P] ejecución 14/20 (0.0 s)
      • [Progreso: 75/80] | [MOEAD_TCHE-greedy_multi-2P] ejecución 15/20 (0.0 s)
      • [Progreso: 76/80] | [MOEAD_TCHE-greedy_multi-2P] ejecución 16/20 (0.0 s)
      • [Progreso: 77/80] | [MOEAD_TCHE-greedy_multi-2P] ejecución 17/20 (0.0 s)
      • [Progreso: 78/80] | [MOEAD_TCHE-greedy_multi-2P] ejecución 18/20 (0.0 s)
      • [Progreso: 79/80] | [MOEAD_TCHE-greedy_multi-2P] ejecución 19/20 (0.0 s)
      • [Progreso: 80/80] | [MOEAD_TCHE-greedy_multi-2P] ejecución 20/20 (0.0 s)
      • Métricas finales completadas: 80 ejecuciones en 0.6s

    • Iniciando métricas generacionales: 80 ejecuciones con historial
      • [Progreso:  1/80] | [MOEAD_TCHE-greedy_multi-UX] ejecución 1/20 (0.7 s)
      • [Progreso:  2/80] | [MOEAD_TCHE-greedy_multi-UX] ejecución 9/20 (1.6 s)
      • [Progreso:  3/80] | [MOEAD_TCHE-greedy_multi-UX] ejecución 12/20 (1.5 s)
      • [Progreso:  4/80] | [MOEAD_TCHE-greedy_multi-UX] ejecución 4/20 (2.0 s)
      • [Progreso:  5/80] | [MOEAD_TCHE-greedy_multi-UX] ejecución 14/20 (1.9 s)
      • [Progreso:  6/80] | [MOEAD_TCHE-greedy_multi-UX] ejecución 7/20 (2.1 s)
      • [Progreso:  7/80] | [MOEAD_TCHE-greedy_multi-UX] ejecución 3/20 (2.1 s)
      • [Progreso:  8/80] | [MOEAD_TCHE-greedy_multi-UX] ejecución 5/20 (2.1 s)
      • [Progreso:  9/80] | [MOEAD_TCHE-greedy_multi-UX] ejecución 2/20 (2.2 s)
      • [Progreso: 10/80] | [MOEAD_TCHE-greedy_multi-UX] ejecución 8/20 (2.1 s)
      • [Progreso: 11/80] | [MOEAD_TCHE-greedy_multi-UX] ejecución 6/20 (2.2 s)
      • [Progreso: 12/80] | [MOEAD_TCHE-greedy_multi-UX] ejecución 10/20 (2.1 s)
      • [Progreso: 13/80] | [MOEAD_TCHE-greedy_multi-UX] ejecución 11/20 (2.1 s)
      • [Progreso: 14/80] | [MOEAD_TCHE-greedy_multi-UX] ejecución 13/20 (2.2 s)
      • [Progreso: 15/80] | [MOEAD_TCHE-greedy_multi-UX] ejecución 18/20 (0.5 s)
      • [Progreso: 16/80] | [MOEAD_TCHE-greedy_multi-UX] ejecución 15/20 (1.9 s)
      • [Progreso: 17/80] | [MOEAD_TCHE-greedy_multi-UX] ejecución 16/20 (1.0 s)
      • [Progreso: 18/80] | [MOEAD_TCHE-greedy_multi-UX] ejecución 19/20 (0.7 s)
      • [Progreso: 19/80] | [MOEAD_TCHE-greedy_multi-HUX] ejecución 5/20 (0.6 s)
      • [Progreso: 20/80] | [MOEAD_TCHE-greedy_multi-UX] ejecución 17/20 (1.0 s)
      • [Progreso: 21/80] | [MOEAD_TCHE-greedy_multi-HUX] ejecución 3/20 (0.7 s)
      • [Progreso: 22/80] | [MOEAD_TCHE-greedy_multi-HUX] ejecución 6/20 (0.6 s)
      • [Progreso: 23/80] | [MOEAD_TCHE-greedy_multi-UX] ejecución 20/20 (0.8 s)
      • [Progreso: 24/80] | [MOEAD_TCHE-greedy_multi-HUX] ejecución 7/20 (0.7 s)
      • [Progreso: 25/80] | [MOEAD_TCHE-greedy_multi-HUX] ejecución 2/20 (0.8 s)
      • [Progreso: 26/80] | [MOEAD_TCHE-greedy_multi-HUX] ejecución 1/20 (0.9 s)
      • [Progreso: 27/80] | [MOEAD_TCHE-greedy_multi-HUX] ejecución 8/20 (0.9 s)
      • [Progreso: 28/80] | [MOEAD_TCHE-greedy_multi-HUX] ejecución 4/20 (1.1 s)
      • [Progreso: 29/80] | [MOEAD_TCHE-greedy_multi-HUX] ejecución 9/20 (0.8 s)
      • [Progreso: 30/80] | [MOEAD_TCHE-greedy_multi-HUX] ejecución 17/20 (0.4 s)
      • [Progreso: 31/80] | [MOEAD_TCHE-greedy_multi-HUX] ejecución 10/20 (0.9 s)
      • [Progreso: 32/80] | [MOEAD_TCHE-greedy_multi-HUX] ejecución 13/20 (0.8 s)
      • [Progreso: 33/80] | [MOEAD_TCHE-greedy_multi-HUX] ejecución 12/20 (0.8 s)
      • [Progreso: 34/80] | [MOEAD_TCHE-greedy_multi-1P] ejecución 1/20 (0.4 s)
      • [Progreso: 35/80] | [MOEAD_TCHE-greedy_multi-HUX] ejecución 19/20 (0.6 s)
      • [Progreso: 36/80] | [MOEAD_TCHE-greedy_multi-HUX] ejecución 11/20 (0.9 s)
      • [Progreso: 37/80] | [MOEAD_TCHE-greedy_multi-HUX] ejecución 15/20 (0.8 s)
      • [Progreso: 38/80] | [MOEAD_TCHE-greedy_multi-1P] ejecución 4/20 (0.3 s)
      • [Progreso: 39/80] | [MOEAD_TCHE-greedy_multi-1P] ejecución 2/20 (0.4 s)
      • [Progreso: 40/80] | [MOEAD_TCHE-greedy_multi-HUX] ejecución 14/20 (0.9 s)
      • [Progreso: 41/80] | [MOEAD_TCHE-greedy_multi-HUX] ejecución 16/20 (0.9 s)
      • [Progreso: 42/80] | [MOEAD_TCHE-greedy_multi-HUX] ejecución 20/20 (0.9 s)
      • [Progreso: 43/80] | [MOEAD_TCHE-greedy_multi-1P] ejecución 3/20 (0.6 s)
      • [Progreso: 44/80] | [MOEAD_TCHE-greedy_multi-HUX] ejecución 18/20 (1.0 s)
      • [Progreso: 45/80] | [MOEAD_TCHE-greedy_multi-1P] ejecución 9/20 (0.3 s)
      • [Progreso: 46/80] | [MOEAD_TCHE-greedy_multi-1P] ejecución 5/20 (0.6 s)
      • [Progreso: 47/80] | [MOEAD_TCHE-greedy_multi-1P] ejecución 12/20 (0.4 s)
      • [Progreso: 48/80] | [MOEAD_TCHE-greedy_multi-1P] ejecución 6/20 (0.5 s)
      • [Progreso: 49/80] | [MOEAD_TCHE-greedy_multi-1P] ejecución 7/20 (0.5 s)
      • [Progreso: 50/80] | [MOEAD_TCHE-greedy_multi-1P] ejecución 14/20 (0.4 s)
      • [Progreso: 51/80] | [MOEAD_TCHE-greedy_multi-1P] ejecución 8/20 (0.6 s)
      • [Progreso: 52/80] | [MOEAD_TCHE-greedy_multi-1P] ejecución 16/20 (0.4 s)
      • [Progreso: 53/80] | [MOEAD_TCHE-greedy_multi-1P] ejecución 11/20 (0.6 s)
      • [Progreso: 54/80] | [MOEAD_TCHE-greedy_multi-1P] ejecución 15/20 (0.5 s)
      • [Progreso: 55/80] | [MOEAD_TCHE-greedy_multi-1P] ejecución 10/20 (0.6 s)
      • [Progreso: 56/80] | [MOEAD_TCHE-greedy_multi-1P] ejecución 13/20 (0.6 s)
      • [Progreso: 57/80] | [MOEAD_TCHE-greedy_multi-1P] ejecución 19/20 (0.4 s)
      • [Progreso: 58/80] | [MOEAD_TCHE-greedy_multi-1P] ejecución 18/20 (0.5 s)
      • [Progreso: 59/80] | [MOEAD_TCHE-greedy_multi-1P] ejecución 17/20 (0.6 s)
      • [Progreso: 60/80] | [MOEAD_TCHE-greedy_multi-2P] ejecución 5/20 (0.4 s)
      • [Progreso: 61/80] | [MOEAD_TCHE-greedy_multi-2P] ejecución 2/20 (0.4 s)
      • [Progreso: 62/80] | [MOEAD_TCHE-greedy_multi-2P] ejecución 6/20 (0.4 s)
      • [Progreso: 63/80] | [MOEAD_TCHE-greedy_multi-1P] ejecución 20/20 (0.6 s)
      • [Progreso: 64/80] | [MOEAD_TCHE-greedy_multi-2P] ejecución 1/20 (0.6 s)
      • [Progreso: 65/80] | [MOEAD_TCHE-greedy_multi-2P] ejecución 3/20 (0.6 s)
      • [Progreso: 66/80] | [MOEAD_TCHE-greedy_multi-2P] ejecución 8/20 (0.5 s)
      • [Progreso: 67/80] | [MOEAD_TCHE-greedy_multi-2P] ejecución 4/20 (0.6 s)
      • [Progreso: 68/80] | [MOEAD_TCHE-greedy_multi-2P] ejecución 7/20 (0.6 s)
      • [Progreso: 69/80] | [MOEAD_TCHE-greedy_multi-2P] ejecución 9/20 (0.5 s)
      • [Progreso: 70/80] | [MOEAD_TCHE-greedy_multi-2P] ejecución 10/20 (0.5 s)
      • [Progreso: 71/80] | [MOEAD_TCHE-greedy_multi-2P] ejecución 11/20 (0.5 s)
      • [Progreso: 72/80] | [MOEAD_TCHE-greedy_multi-2P] ejecución 14/20 (0.4 s)
      • [Progreso: 73/80] | [MOEAD_TCHE-greedy_multi-2P] ejecución 16/20 (0.4 s)
      • [Progreso: 74/80] | [MOEAD_TCHE-greedy_multi-2P] ejecución 12/20 (0.6 s)
      • [Progreso: 75/80] | [MOEAD_TCHE-greedy_multi-2P] ejecución 19/20 (0.3 s)
      • [Progreso: 76/80] | [MOEAD_TCHE-greedy_multi-2P] ejecución 15/20 (0.5 s)
      • [Progreso: 77/80] | [MOEAD_TCHE-greedy_multi-2P] ejecución 13/20 (0.6 s)
      • [Progreso: 78/80] | [MOEAD_TCHE-greedy_multi-2P] ejecución 18/20 (0.4 s)
      • [Progreso: 79/80] | [MOEAD_TCHE-greedy_multi-2P] ejecución 20/20 (0.4 s)
      • [Progreso: 80/80] | [MOEAD_TCHE-greedy_multi-2P] ejecución 17/20 (0.6 s)
      • Métricas generacionales completadas: 80 ejecuciones en 5.5s

  📊  [1mTrazabilidad y Exportación de Datos (CSV)[0m
  ───────────────────────────────────────────────
      🖼️  Resultados detallados por ejecución: ]8;;file:///home/cofer/Documents/University/TFG/snp_tag_tfg/snp_tag/results/full_20/hinds2005/greedy_multi/20260602T172526/1_ejecuciones/resultados_detallados_full_20.csv\ [36mresultados_detallados_full_20.csv[0m]8;;\
      🖼️  Historial evolutivo generacional: ]8;;file:///home/cofer/Documents/University/TFG/snp_tag_tfg/snp_tag/results/full_20/hinds2005/greedy_multi/20260602T172526/1_ejecuciones/historico_generacional_full_20.csv\ [36mhistorico_generacional_full_20.csv[0m]8;;\
      🖼️  Soluciones de frentes finales (CSV): ]8;;file:///home/cofer/Documents/University/TFG/snp_tag_tfg/snp_tag/results/full_20/hinds2005/greedy_multi/20260602T172526/1_ejecuciones/frentes_pareto_full_20.csv\ [36mfrentes_pareto_full_20.csv[0m]8;;\
      🖼️  Configuración del experimento (INI): ]8;;file:///home/cofer/Documents/University/TFG/snp_tag_tfg/snp_tag/results/full_20/hinds2005/greedy_multi/20260602T172526/1_ejecuciones/user_config_full_20.ini\ [36muser_config_full_20.ini[0m]8;;\

  📍  [1mPuntos Críticos del Espacio de Objetivos[0m
  ──────────────────────────────────────────────
      • [1mPunto Ideal Empírico (mejor)[0m: [  7.         -13.         -27.63297872   1.57964813]
      • [1mPunto Nadir Empírico (peor)[0m: [59.         -1.         -3.35549645 27.70926701]
      • [1mPunto Ideal Teórico (Ref)[0m: [   1.         -128.         -255.78368794    0.        ]
      • [1mPunto Nadir Teórico (Ref)[0m: [ 7.72000000e+02 -1.05754007e-14 -1.05754007e-14  2.14008441e+03]
      • [1mPunto Ref. Hipervolumen (1.1)[0m: [ 849.1          12.8          25.5783688  2354.09285625]

[93m[1m╔══════════════════════════════════════════════════════════════════════════════╗
[93m[1m║                           REPORTES Y VISUALIZACIÓN                           ║
[93m[1m╚══════════════════════════════════════════════════════════════════════════════╝[0m

  🔍  [1mDistribución y Correlación de Frentes de Pareto[0m
  ─────────────────────────────────────────────────────

  🔗  [1mCorrelación de Objetivos[0m
  ──────────────────────────────
      🖼️  Correlación objetivos Pareto (Valores Reales): ]8;;file:///home/cofer/Documents/University/TFG/snp_tag_tfg/snp_tag/results/full_20/hinds2005/greedy_multi/20260602T172526/2_comparativa/1_frentes/otros/correlacion_objetivos_pareto_full_20.png\ [36mcorrelacion_objetivos_pareto_full_20.png[0m]8;;\

  📈  [1mCoordenadas Paralelas[0m
  ───────────────────────────
      🖼️  Coordenadas paralelas MOEAD_TCHE (greedy_multi+1P): ]8;;file:///home/cofer/Documents/University/TFG/snp_tag_tfg/snp_tag/results/full_20/hinds2005/greedy_multi/20260602T172526/2_comparativa/1_frentes/coordenadas_paralelas/coordenadas_paralelas_MOEAD_TCHE_greedy_multi+1P_full_20.png\ [36mcoordenadas_paralelas_MOEAD_TCHE_greedy_multi+1P_full_20.png[0m]8;;\
      🖼️  Coordenadas paralelas MOEAD_TCHE (greedy_multi+2P): ]8;;file:///home/cofer/Documents/University/TFG/snp_tag_tfg/snp_tag/results/full_20/hinds2005/greedy_multi/20260602T172526/2_comparativa/1_frentes/coordenadas_paralelas/coordenadas_paralelas_MOEAD_TCHE_greedy_multi+2P_full_20.png\ [36mcoordenadas_paralelas_MOEAD_TCHE_greedy_multi+2P_full_20.png[0m]8;;\
      🖼️  Coordenadas paralelas MOEAD_TCHE (greedy_multi+HUX): ]8;;file:///home/cofer/Documents/University/TFG/snp_tag_tfg/snp_tag/results/full_20/hinds2005/greedy_multi/20260602T172526/2_comparativa/1_frentes/coordenadas_paralelas/coordenadas_paralelas_MOEAD_TCHE_greedy_multi+HUX_full_20.png\ [36mcoordenadas_paralelas_MOEAD_TCHE_greedy_multi+HUX_full_20.png[0m]8;;\
      🖼️  Coordenadas paralelas MOEAD_TCHE (greedy_multi+UX): ]8;;file:///home/cofer/Documents/University/TFG/snp_tag_tfg/snp_tag/results/full_20/hinds2005/greedy_multi/20260602T172526/2_comparativa/1_frentes/coordenadas_paralelas/coordenadas_paralelas_MOEAD_TCHE_greedy_multi+UX_full_20.png\ [36mcoordenadas_paralelas_MOEAD_TCHE_greedy_multi+UX_full_20.png[0m]8;;\

  🎯  [1mFrentes de Pareto[0m
  ───────────────────────
      🖼️  Frente Pareto MOEAD_TCHE (greedy_multi+1P): ]8;;file:///home/cofer/Documents/University/TFG/snp_tag_tfg/snp_tag/results/full_20/hinds2005/greedy_multi/20260602T172526/2_comparativa/1_frentes/frentes_pareto/frentes_pareto_moead_tche_greedy_multi+1p_full_20.png\ [36mfrentes_pareto_moead_tche_greedy_multi+1p_full_20.png[0m]8;;\
      🖼️  Frente Pareto MOEAD_TCHE (greedy_multi+2P): ]8;;file:///home/cofer/Documents/University/TFG/snp_tag_tfg/snp_tag/results/full_20/hinds2005/greedy_multi/20260602T172526/2_comparativa/1_frentes/frentes_pareto/frentes_pareto_moead_tche_greedy_multi+2p_full_20.png\ [36mfrentes_pareto_moead_tche_greedy_multi+2p_full_20.png[0m]8;;\
      🖼️  Frente Pareto MOEAD_TCHE (greedy_multi+HUX): ]8;;file:///home/cofer/Documents/University/TFG/snp_tag_tfg/snp_tag/results/full_20/hinds2005/greedy_multi/20260602T172526/2_comparativa/1_frentes/frentes_pareto/frentes_pareto_moead_tche_greedy_multi+hux_full_20.png\ [36mfrentes_pareto_moead_tche_greedy_multi+hux_full_20.png[0m]8;;\
      🖼️  Frente Pareto MOEAD_TCHE (greedy_multi+UX): ]8;;file:///home/cofer/Documents/University/TFG/snp_tag_tfg/snp_tag/results/full_20/hinds2005/greedy_multi/20260602T172526/2_comparativa/1_frentes/frentes_pareto/frentes_pareto_moead_tche_greedy_multi+ux_full_20.png\ [36mfrentes_pareto_moead_tche_greedy_multi+ux_full_20.png[0m]8;;\
      🖼️  Frente Agregado: Frentes de Pareto Agregados: MOEAD_TCHE: ]8;;file:///home/cofer/Documents/University/TFG/snp_tag_tfg/snp_tag/results/full_20/hinds2005/greedy_multi/20260602T172526/2_comparativa/1_frentes/frentes_pareto/frentes_pareto_agregados_moead_tche_full_20.png\ [36mfrentes_pareto_agregados_moead_tche_full_20.png[0m]8;;\
      🖼️  Frente Agregado: Comparativa Global de Frentes de Pareto: ]8;;file:///home/cofer/Documents/University/TFG/snp_tag_tfg/snp_tag/results/full_20/hinds2005/greedy_multi/20260602T172526/2_comparativa/1_frentes/frentes_pareto/frentes_pareto_global_full_20.png\ [36mfrentes_pareto_global_full_20.png[0m]8;;\
      • Tiempo bloque 'Frentes de Pareto': 6.5s

  🔄  [1mAnálisis de Convergencia Progresiva[0m
  ─────────────────────────────────────────
      🖼️  Convergencia por métrica (Range) con subplots por algoritmo: ]8;;file:///home/cofer/Documents/University/TFG/snp_tag_tfg/snp_tag/results/full_20/hinds2005/greedy_multi/20260602T172526/2_comparativa/2_metricas_convergencia/convergencia_range_full_20.png\ [36mconvergencia_range_full_20.png[0m]8;;\
      🖼️  Convergencia por métrica (MinSum) con subplots por algoritmo: ]8;;file:///home/cofer/Documents/University/TFG/snp_tag_tfg/snp_tag/results/full_20/hinds2005/greedy_multi/20260602T172526/2_comparativa/2_metricas_convergencia/convergencia_minsum_full_20.png\ [36mconvergencia_minsum_full_20.png[0m]8;;\
      🖼️  Convergencia por métrica (SumMin) con subplots por algoritmo: ]8;;file:///home/cofer/Documents/University/TFG/snp_tag_tfg/snp_tag/results/full_20/hinds2005/greedy_multi/20260602T172526/2_comparativa/2_metricas_convergencia/convergencia_summin_full_20.png\ [36mconvergencia_summin_full_20.png[0m]8;;\
      🖼️  Convergencia por métrica (MaxToleranceRate) con subplots por algoritmo: ]8;;file:///home/cofer/Documents/University/TFG/snp_tag_tfg/snp_tag/results/full_20/hinds2005/greedy_multi/20260602T172526/2_comparativa/2_metricas_convergencia/convergencia_maxtolerancerate_full_20.png\ [36mconvergencia_maxtolerancerate_full_20.png[0m]8;;\
      🖼️  Convergencia por métrica (AvgToleranceRate) con subplots por algoritmo: ]8;;file:///home/cofer/Documents/University/TFG/snp_tag_tfg/snp_tag/results/full_20/hinds2005/greedy_multi/20260602T172526/2_comparativa/2_metricas_convergencia/convergencia_avgtolerancerate_full_20.png\ [36mconvergencia_avgtolerancerate_full_20.png[0m]8;;\
      🖼️  Convergencia por métrica (AvgHammingDistance) con subplots por algoritmo: ]8;;file:///home/cofer/Documents/University/TFG/snp_tag_tfg/snp_tag/results/full_20/hinds2005/greedy_multi/20260602T172526/2_comparativa/2_metricas_convergencia/convergencia_avghammingdistance_full_20.png\ [36mconvergencia_avghammingdistance_full_20.png[0m]8;;\
      🖼️  Convergencia por métrica (Hypervolume) con subplots por algoritmo: ]8;;file:///home/cofer/Documents/University/TFG/snp_tag_tfg/snp_tag/results/full_20/hinds2005/greedy_multi/20260602T172526/2_comparativa/2_metricas_convergencia/convergencia_hypervolume_full_20.png\ [36mconvergencia_hypervolume_full_20.png[0m]8;;\
      🖼️  Convergencia por métrica (IGD+) con subplots por algoritmo: ]8;;file:///home/cofer/Documents/University/TFG/snp_tag_tfg/snp_tag/results/full_20/hinds2005/greedy_multi/20260602T172526/2_comparativa/2_metricas_convergencia/convergencia_igd+_full_20.png\ [36mconvergencia_igd+_full_20.png[0m]8;;\
      🖼️  Convergencia por métrica (GD+) con subplots por algoritmo: ]8;;file:///home/cofer/Documents/University/TFG/snp_tag_tfg/snp_tag/results/full_20/hinds2005/greedy_multi/20260602T172526/2_comparativa/2_metricas_convergencia/convergencia_gd+_full_20.png\ [36mconvergencia_gd+_full_20.png[0m]8;;\

  📊  [1mSíntesis Estadística Comparativa[0m
  ──────────────────────────────────────

  📦  [1mResumen Global (Boxplots)[0m
  ───────────────────────────────
      🖼️  Panel de Boxplots comparativos: ]8;;file:///home/cofer/Documents/University/TFG/snp_tag_tfg/snp_tag/results/full_20/hinds2005/greedy_multi/20260602T172526/2_comparativa/3_sintesis/0_boxplots/boxplots_metricas_finales_full_20.png\ [36mboxplots_metricas_finales_full_20.png[0m]8;;\
      🖼️  Distribución Range (Boxplot): ]8;;file:///home/cofer/Documents/University/TFG/snp_tag_tfg/snp_tag/results/full_20/hinds2005/greedy_multi/20260602T172526/2_comparativa/3_sintesis/0_boxplots/boxplot_metricas_Range_full_20.png\ [36mboxplot_metricas_Range_full_20.png[0m]8;;\
      🖼️  Distribución SumMin (Boxplot): ]8;;file:///home/cofer/Documents/University/TFG/snp_tag_tfg/snp_tag/results/full_20/hinds2005/greedy_multi/20260602T172526/2_comparativa/3_sintesis/0_boxplots/boxplot_metricas_SumMin_full_20.png\ [36mboxplot_metricas_SumMin_full_20.png[0m]8;;\
      🖼️  Distribución MinSum (Boxplot): ]8;;file:///home/cofer/Documents/University/TFG/snp_tag_tfg/snp_tag/results/full_20/hinds2005/greedy_multi/20260602T172526/2_comparativa/3_sintesis/0_boxplots/boxplot_metricas_MinSum_full_20.png\ [36mboxplot_metricas_MinSum_full_20.png[0m]8;;\
      🖼️  Distribución MaxToleranceRate (Boxplot): ]8;;file:///home/cofer/Documents/University/TFG/snp_tag_tfg/snp_tag/results/full_20/hinds2005/greedy_multi/20260602T172526/2_comparativa/3_sintesis/0_boxplots/boxplot_metricas_MaxToleranceRate_full_20.png\ [36mboxplot_metricas_MaxToleranceRate_full_20.png[0m]8;;\
      🖼️  Distribución AvgToleranceRate (Boxplot): ]8;;file:///home/cofer/Documents/University/TFG/snp_tag_tfg/snp_tag/results/full_20/hinds2005/greedy_multi/20260602T172526/2_comparativa/3_sintesis/0_boxplots/boxplot_metricas_AvgToleranceRate_full_20.png\ [36mboxplot_metricas_AvgToleranceRate_full_20.png[0m]8;;\
      🖼️  Distribución AvgHammingDistance (Boxplot): ]8;;file:///home/cofer/Documents/University/TFG/snp_tag_tfg/snp_tag/results/full_20/hinds2005/greedy_multi/20260602T172526/2_comparativa/3_sintesis/0_boxplots/boxplot_metricas_AvgHammingDistance_full_20.png\ [36mboxplot_metricas_AvgHammingDistance_full_20.png[0m]8;;\
      🖼️  Distribución Hypervolume (Boxplot): ]8;;file:///home/cofer/Documents/University/TFG/snp_tag_tfg/snp_tag/results/full_20/hinds2005/greedy_multi/20260602T172526/2_comparativa/3_sintesis/0_boxplots/boxplot_metricas_Hypervolume_full_20.png\ [36mboxplot_metricas_Hypervolume_full_20.png[0m]8;;\
      🖼️  Distribución IGD+ (Boxplot): ]8;;file:///home/cofer/Documents/University/TFG/snp_tag_tfg/snp_tag/results/full_20/hinds2005/greedy_multi/20260602T172526/2_comparativa/3_sintesis/0_boxplots/boxplot_metricas_IGD+_full_20.png\ [36mboxplot_metricas_IGD+_full_20.png[0m]8;;\
      🖼️  Distribución GD+ (Boxplot): ]8;;file:///home/cofer/Documents/University/TFG/snp_tag_tfg/snp_tag/results/full_20/hinds2005/greedy_multi/20260602T172526/2_comparativa/3_sintesis/0_boxplots/boxplot_metricas_GD+_full_20.png\ [36mboxplot_metricas_GD+_full_20.png[0m]8;;\

  🎻  [1mDistribuciones Detalladas (Violin Plots)[0m
  ──────────────────────────────────────────────
      🖼️  Panel de Distribución Violin: ]8;;file:///home/cofer/Documents/University/TFG/snp_tag_tfg/snp_tag/results/full_20/hinds2005/greedy_multi/20260602T172526/2_comparativa/3_sintesis/1_violines/violin_panel_metricas_finales_full_20.png\ [36mviolin_panel_metricas_finales_full_20.png[0m]8;;\
      🖼️  Distribución Range (Violin): ]8;;file:///home/cofer/Documents/University/TFG/snp_tag_tfg/snp_tag/results/full_20/hinds2005/greedy_multi/20260602T172526/2_comparativa/3_sintesis/1_violines/violin_metricas_Range_full_20.png\ [36mviolin_metricas_Range_full_20.png[0m]8;;\
      🖼️  Distribución SumMin (Violin): ]8;;file:///home/cofer/Documents/University/TFG/snp_tag_tfg/snp_tag/results/full_20/hinds2005/greedy_multi/20260602T172526/2_comparativa/3_sintesis/1_violines/violin_metricas_SumMin_full_20.png\ [36mviolin_metricas_SumMin_full_20.png[0m]8;;\
      🖼️  Distribución MinSum (Violin): ]8;;file:///home/cofer/Documents/University/TFG/snp_tag_tfg/snp_tag/results/full_20/hinds2005/greedy_multi/20260602T172526/2_comparativa/3_sintesis/1_violines/violin_metricas_MinSum_full_20.png\ [36mviolin_metricas_MinSum_full_20.png[0m]8;;\
      🖼️  Distribución MaxToleranceRate (Violin): ]8;;file:///home/cofer/Documents/University/TFG/snp_tag_tfg/snp_tag/results/full_20/hinds2005/greedy_multi/20260602T172526/2_comparativa/3_sintesis/1_violines/violin_metricas_MaxToleranceRate_full_20.png\ [36mviolin_metricas_MaxToleranceRate_full_20.png[0m]8;;\
      🖼️  Distribución AvgToleranceRate (Violin): ]8;;file:///home/cofer/Documents/University/TFG/snp_tag_tfg/snp_tag/results/full_20/hinds2005/greedy_multi/20260602T172526/2_comparativa/3_sintesis/1_violines/violin_metricas_AvgToleranceRate_full_20.png\ [36mviolin_metricas_AvgToleranceRate_full_20.png[0m]8;;\
      🖼️  Distribución AvgHammingDistance (Violin): ]8;;file:///home/cofer/Documents/University/TFG/snp_tag_tfg/snp_tag/results/full_20/hinds2005/greedy_multi/20260602T172526/2_comparativa/3_sintesis/1_violines/violin_metricas_AvgHammingDistance_full_20.png\ [36mviolin_metricas_AvgHammingDistance_full_20.png[0m]8;;\
      🖼️  Distribución Hypervolume (Violin): ]8;;file:///home/cofer/Documents/University/TFG/snp_tag_tfg/snp_tag/results/full_20/hinds2005/greedy_multi/20260602T172526/2_comparativa/3_sintesis/1_violines/violin_metricas_Hypervolume_full_20.png\ [36mviolin_metricas_Hypervolume_full_20.png[0m]8;;\
      🖼️  Distribución IGD+ (Violin): ]8;;file:///home/cofer/Documents/University/TFG/snp_tag_tfg/snp_tag/results/full_20/hinds2005/greedy_multi/20260602T172526/2_comparativa/3_sintesis/1_violines/violin_metricas_IGD+_full_20.png\ [36mviolin_metricas_IGD+_full_20.png[0m]8;;\
      🖼️  Distribución GD+ (Violin): ]8;;file:///home/cofer/Documents/University/TFG/snp_tag_tfg/snp_tag/results/full_20/hinds2005/greedy_multi/20260602T172526/2_comparativa/3_sintesis/1_violines/violin_metricas_GD+_full_20.png\ [36mviolin_metricas_GD+_full_20.png[0m]8;;\

  📉  [1mAnálisis de Tendencia Central (Media ± Std)[0m
  ─────────────────────────────────────────────────
      🖼️  Panel de Tendencia Central (Media ± Std): ]8;;file:///home/cofer/Documents/University/TFG/snp_tag_tfg/snp_tag/results/full_20/hinds2005/greedy_multi/20260602T172526/2_comparativa/3_sintesis/2_barras/media_std_panel_metricas_finales_full_20.png\ [36mmedia_std_panel_metricas_finales_full_20.png[0m]8;;\
      🖼️  Media ± std Range: ]8;;file:///home/cofer/Documents/University/TFG/snp_tag_tfg/snp_tag/results/full_20/hinds2005/greedy_multi/20260602T172526/2_comparativa/3_sintesis/2_barras/media_std_metricas_Range_full_20.png\ [36mmedia_std_metricas_Range_full_20.png[0m]8;;\
      🖼️  Media ± std SumMin: ]8;;file:///home/cofer/Documents/University/TFG/snp_tag_tfg/snp_tag/results/full_20/hinds2005/greedy_multi/20260602T172526/2_comparativa/3_sintesis/2_barras/media_std_metricas_SumMin_full_20.png\ [36mmedia_std_metricas_SumMin_full_20.png[0m]8;;\
      🖼️  Media ± std MinSum: ]8;;file:///home/cofer/Documents/University/TFG/snp_tag_tfg/snp_tag/results/full_20/hinds2005/greedy_multi/20260602T172526/2_comparativa/3_sintesis/2_barras/media_std_metricas_MinSum_full_20.png\ [36mmedia_std_metricas_MinSum_full_20.png[0m]8;;\
      🖼️  Media ± std MaxToleranceRate: ]8;;file:///home/cofer/Documents/University/TFG/snp_tag_tfg/snp_tag/results/full_20/hinds2005/greedy_multi/20260602T172526/2_comparativa/3_sintesis/2_barras/media_std_metricas_MaxToleranceRate_full_20.png\ [36mmedia_std_metricas_MaxToleranceRate_full_20.png[0m]8;;\
      🖼️  Media ± std AvgToleranceRate: ]8;;file:///home/cofer/Documents/University/TFG/snp_tag_tfg/snp_tag/results/full_20/hinds2005/greedy_multi/20260602T172526/2_comparativa/3_sintesis/2_barras/media_std_metricas_AvgToleranceRate_full_20.png\ [36mmedia_std_metricas_AvgToleranceRate_full_20.png[0m]8;;\
      🖼️  Media ± std AvgHammingDistance: ]8;;file:///home/cofer/Documents/University/TFG/snp_tag_tfg/snp_tag/results/full_20/hinds2005/greedy_multi/20260602T172526/2_comparativa/3_sintesis/2_barras/media_std_metricas_AvgHammingDistance_full_20.png\ [36mmedia_std_metricas_AvgHammingDistance_full_20.png[0m]8;;\
      🖼️  Media ± std Hypervolume: ]8;;file:///home/cofer/Documents/University/TFG/snp_tag_tfg/snp_tag/results/full_20/hinds2005/greedy_multi/20260602T172526/2_comparativa/3_sintesis/2_barras/media_std_metricas_Hypervolume_full_20.png\ [36mmedia_std_metricas_Hypervolume_full_20.png[0m]8;;\
      🖼️  Media ± std IGD+: ]8;;file:///home/cofer/Documents/University/TFG/snp_tag_tfg/snp_tag/results/full_20/hinds2005/greedy_multi/20260602T172526/2_comparativa/3_sintesis/2_barras/media_std_metricas_IGD+_full_20.png\ [36mmedia_std_metricas_IGD+_full_20.png[0m]8;;\
      🖼️  Media ± std GD+: ]8;;file:///home/cofer/Documents/University/TFG/snp_tag_tfg/snp_tag/results/full_20/hinds2005/greedy_multi/20260602T172526/2_comparativa/3_sintesis/2_barras/media_std_metricas_GD+_full_20.png\ [36mmedia_std_metricas_GD+_full_20.png[0m]8;;\

  🏆  [1mRanking por Métrica[0m
  ─────────────────────────
    • [1mRange[0m (↑)
          1. MOEAD_TCHE (greedy_multi+UX): 0.2217 ± 0.0217
          2. MOEAD_TCHE (greedy_multi+HUX): 0.2112 ± 0.0269
          3. MOEAD_TCHE (greedy_multi+2P): 0.1880 ± 0.0182
          4. MOEAD_TCHE (greedy_multi+1P): 0.1702 ± 0.0182
         • [1mPara más detalles[0m: ]8;;file:///home/cofer/Documents/University/TFG/snp_tag_tfg/snp_tag/results/full_20/hinds2005/greedy_multi/20260602T172526/2_comparativa/4_rankings/ranking_Range_full_20.csv\ [36mranking_Range_full_20.csv[0m]8;;\

         📊  [1mVALIDACIÓN ESTADÍSTICA (Range)[0m
         ─────────────────────────────────
             Estadístico H (Kruskal-Wallis): 39.1204
             P-valor: 1.6367e-08
             Significativo (p < 0.05): Sí

                   🖼️  Heatmap de Comparaciones Dunn (Post-hoc): ]8;;file:///home/cofer/Documents/University/TFG/snp_tag_tfg/snp_tag/results/full_20/hinds2005/greedy_multi/20260602T172526/2_comparativa/4_rankings/estadistica_hv/heatmap_dunn_range_full_20.png\ [36mheatmap_dunn_range_full_20.png[0m]8;;\
                   🖼️  Diagrama de Diferencia Crítica (CD): ]8;;file:///home/cofer/Documents/University/TFG/snp_tag_tfg/snp_tag/results/full_20/hinds2005/greedy_multi/20260602T172526/2_comparativa/4_rankings/estadistica_hv/diagrama_cd_range_full_20.png\ [36mdiagrama_cd_range_full_20.png[0m]8;;\

    • [1mMinSum[0m (↓)
          1. MOEAD_TCHE (greedy_multi+UX): 1.8970 ± 0.0105
          2. MOEAD_TCHE (greedy_multi+HUX): 1.9008 ± 0.0128
          3. MOEAD_TCHE (greedy_multi+2P): 1.9091 ± 0.0082
          4. MOEAD_TCHE (greedy_multi+1P): 1.9196 ± 0.0093
         • [1mPara más detalles[0m: ]8;;file:///home/cofer/Documents/University/TFG/snp_tag_tfg/snp_tag/results/full_20/hinds2005/greedy_multi/20260602T172526/2_comparativa/4_rankings/ranking_MinSum_full_20.csv\ [36mranking_MinSum_full_20.csv[0m]8;;\

         📊  [1mVALIDACIÓN ESTADÍSTICA (MinSum)[0m
         ──────────────────────────────────
             Estadístico H (Kruskal-Wallis): 35.8630
             P-valor: 8.0050e-08
             Significativo (p < 0.05): Sí

                   🖼️  Heatmap de Comparaciones Dunn (Post-hoc): ]8;;file:///home/cofer/Documents/University/TFG/snp_tag_tfg/snp_tag/results/full_20/hinds2005/greedy_multi/20260602T172526/2_comparativa/4_rankings/estadistica_hv/heatmap_dunn_minsum_full_20.png\ [36mheatmap_dunn_minsum_full_20.png[0m]8;;\
                   🖼️  Diagrama de Diferencia Crítica (CD): ]8;;file:///home/cofer/Documents/University/TFG/snp_tag_tfg/snp_tag/results/full_20/hinds2005/greedy_multi/20260602T172526/2_comparativa/4_rankings/estadistica_hv/diagrama_cd_minsum_full_20.png\ [36mdiagrama_cd_minsum_full_20.png[0m]8;;\

    • [1mSumMin[0m (↓)
          1. MOEAD_TCHE (greedy_multi+UX): 1.8318 ± 0.0157
          2. MOEAD_TCHE (greedy_multi+HUX): 1.8390 ± 0.0194
          3. MOEAD_TCHE (greedy_multi+2P): 1.8546 ± 0.0128
          4. MOEAD_TCHE (greedy_multi+1P): 1.8687 ± 0.0135
         • [1mPara más detalles[0m: ]8;;file:///home/cofer/Documents/University/TFG/snp_tag_tfg/snp_tag/results/full_20/hinds2005/greedy_multi/20260602T172526/2_comparativa/4_rankings/ranking_SumMin_full_20.csv\ [36mranking_SumMin_full_20.csv[0m]8;;\

         📊  [1mVALIDACIÓN ESTADÍSTICA (SumMin)[0m
         ──────────────────────────────────
             Estadístico H (Kruskal-Wallis): 38.6126
             P-valor: 2.0967e-08
             Significativo (p < 0.05): Sí

                   🖼️  Heatmap de Comparaciones Dunn (Post-hoc): ]8;;file:///home/cofer/Documents/University/TFG/snp_tag_tfg/snp_tag/results/full_20/hinds2005/greedy_multi/20260602T172526/2_comparativa/4_rankings/estadistica_hv/heatmap_dunn_summin_full_20.png\ [36mheatmap_dunn_summin_full_20.png[0m]8;;\
                   🖼️  Diagrama de Diferencia Crítica (CD): ]8;;file:///home/cofer/Documents/University/TFG/snp_tag_tfg/snp_tag/results/full_20/hinds2005/greedy_multi/20260602T172526/2_comparativa/4_rankings/estadistica_hv/diagrama_cd_summin_full_20.png\ [36mdiagrama_cd_summin_full_20.png[0m]8;;\

    • [1mMaxToleranceRate[0m (↑)
          1. MOEAD_TCHE (greedy_multi+HUX): 0.2183 ± 0.0125
          2. MOEAD_TCHE (greedy_multi+UX): 0.2160 ± 0.0128
          3. MOEAD_TCHE (greedy_multi+2P): 0.2132 ± 0.0131
          4. MOEAD_TCHE (greedy_multi+1P): 0.1998 ± 0.0190
         • [1mPara más detalles[0m: ]8;;file:///home/cofer/Documents/University/TFG/snp_tag_tfg/snp_tag/results/full_20/hinds2005/greedy_multi/20260602T172526/2_comparativa/4_rankings/ranking_MaxToleranceRate_full_20.csv\ [36mranking_MaxToleranceRate_full_20.csv[0m]8;;\

         📊  [1mVALIDACIÓN ESTADÍSTICA (MaxToleranceRate)[0m
         ────────────────────────────────────────────
             Estadístico H (Kruskal-Wallis): 12.1993
             P-valor: 6.7307e-03
             Significativo (p < 0.05): Sí

                   🖼️  Heatmap de Comparaciones Dunn (Post-hoc): ]8;;file:///home/cofer/Documents/University/TFG/snp_tag_tfg/snp_tag/results/full_20/hinds2005/greedy_multi/20260602T172526/2_comparativa/4_rankings/estadistica_hv/heatmap_dunn_maxtolerancerate_full_20.png\ [36mheatmap_dunn_maxtolerancerate_full_20.png[0m]8;;\
                   🖼️  Diagrama de Diferencia Crítica (CD): ]8;;file:///home/cofer/Documents/University/TFG/snp_tag_tfg/snp_tag/results/full_20/hinds2005/greedy_multi/20260602T172526/2_comparativa/4_rankings/estadistica_hv/diagrama_cd_maxtolerancerate_full_20.png\ [36mdiagrama_cd_maxtolerancerate_full_20.png[0m]8;;\

    • [1mAvgToleranceRate[0m (↑)
          1. MOEAD_TCHE (greedy_multi+UX): 0.1495 ± 0.0097
          2. MOEAD_TCHE (greedy_multi+HUX): 0.1490 ± 0.0125
          3. MOEAD_TCHE (greedy_multi+2P): 0.1407 ± 0.0147
          4. MOEAD_TCHE (greedy_multi+1P): 0.1287 ± 0.0179
         • [1mPara más detalles[0m: ]8;;file:///home/cofer/Documents/University/TFG/snp_tag_tfg/snp_tag/results/full_20/hinds2005/greedy_multi/20260602T172526/2_comparativa/4_rankings/ranking_AvgToleranceRate_full_20.csv\ [36mranking_AvgToleranceRate_full_20.csv[0m]8;;\

         📊  [1mVALIDACIÓN ESTADÍSTICA (AvgToleranceRate)[0m
         ────────────────────────────────────────────
             Estadístico H (Kruskal-Wallis): 18.0009
             P-valor: 4.3966e-04
             Significativo (p < 0.05): Sí

                   🖼️  Heatmap de Comparaciones Dunn (Post-hoc): ]8;;file:///home/cofer/Documents/University/TFG/snp_tag_tfg/snp_tag/results/full_20/hinds2005/greedy_multi/20260602T172526/2_comparativa/4_rankings/estadistica_hv/heatmap_dunn_avgtolerancerate_full_20.png\ [36mheatmap_dunn_avgtolerancerate_full_20.png[0m]8;;\
                   🖼️  Diagrama de Diferencia Crítica (CD): ]8;;file:///home/cofer/Documents/University/TFG/snp_tag_tfg/snp_tag/results/full_20/hinds2005/greedy_multi/20260602T172526/2_comparativa/4_rankings/estadistica_hv/diagrama_cd_avgtolerancerate_full_20.png\ [36mdiagrama_cd_avgtolerancerate_full_20.png[0m]8;;\

    • [1mAvgHammingDistance[0m (↑)
          1. MOEAD_TCHE (greedy_multi+UX): 17.7262 ± 1.3914
          2. MOEAD_TCHE (greedy_multi+HUX): 17.0595 ± 1.5081
          3. MOEAD_TCHE (greedy_multi+2P): 15.3404 ± 1.0710
          4. MOEAD_TCHE (greedy_multi+1P): 14.3936 ± 1.1150
         • [1mPara más detalles[0m: ]8;;file:///home/cofer/Documents/University/TFG/snp_tag_tfg/snp_tag/results/full_20/hinds2005/greedy_multi/20260602T172526/2_comparativa/4_rankings/ranking_AvgHammingDistance_full_20.csv\ [36mranking_AvgHammingDistance_full_20.csv[0m]8;;\

         📊  [1mVALIDACIÓN ESTADÍSTICA (AvgHammingDistance)[0m
         ──────────────────────────────────────────────
             Estadístico H (Kruskal-Wallis): 41.2383
             P-valor: 5.8207e-09
             Significativo (p < 0.05): Sí

                   🖼️  Heatmap de Comparaciones Dunn (Post-hoc): ]8;;file:///home/cofer/Documents/University/TFG/snp_tag_tfg/snp_tag/results/full_20/hinds2005/greedy_multi/20260602T172526/2_comparativa/4_rankings/estadistica_hv/heatmap_dunn_avghammingdistance_full_20.png\ [36mheatmap_dunn_avghammingdistance_full_20.png[0m]8;;\
                   🖼️  Diagrama de Diferencia Crítica (CD): ]8;;file:///home/cofer/Documents/University/TFG/snp_tag_tfg/snp_tag/results/full_20/hinds2005/greedy_multi/20260602T172526/2_comparativa/4_rankings/estadistica_hv/diagrama_cd_avghammingdistance_full_20.png\ [36mdiagrama_cd_avghammingdistance_full_20.png[0m]8;;\

    • [1mHypervolume[0m (↑)
          1. MOEAD_TCHE (greedy_multi+UX): 0.0417 ± 0.0034
          2. MOEAD_TCHE (greedy_multi+HUX): 0.0402 ± 0.0041
          3. MOEAD_TCHE (greedy_multi+2P): 0.0370 ± 0.0026
          4. MOEAD_TCHE (greedy_multi+1P): 0.0341 ± 0.0026
         • [1mPara más detalles[0m: ]8;;file:///home/cofer/Documents/University/TFG/snp_tag_tfg/snp_tag/results/full_20/hinds2005/greedy_multi/20260602T172526/2_comparativa/4_rankings/ranking_Hypervolume_full_20.csv\ [36mranking_Hypervolume_full_20.csv[0m]8;;\

         📊  [1mVALIDACIÓN ESTADÍSTICA (Hypervolume)[0m
         ───────────────────────────────────────
             Estadístico H (Kruskal-Wallis): 38.3652
             P-valor: 2.3655e-08
             Significativo (p < 0.05): Sí

                   🖼️  Heatmap de Comparaciones Dunn (Post-hoc): ]8;;file:///home/cofer/Documents/University/TFG/snp_tag_tfg/snp_tag/results/full_20/hinds2005/greedy_multi/20260602T172526/2_comparativa/4_rankings/estadistica_hv/heatmap_dunn_hypervolume_full_20.png\ [36mheatmap_dunn_hypervolume_full_20.png[0m]8;;\
                   🖼️  Diagrama de Diferencia Crítica (CD): ]8;;file:///home/cofer/Documents/University/TFG/snp_tag_tfg/snp_tag/results/full_20/hinds2005/greedy_multi/20260602T172526/2_comparativa/4_rankings/estadistica_hv/diagrama_cd_hypervolume_full_20.png\ [36mdiagrama_cd_hypervolume_full_20.png[0m]8;;\

    • [1mIGD+[0m (↓)
          1. MOEAD_TCHE (greedy_multi+UX): 0.0015 ± 0.0016
          2. MOEAD_TCHE (greedy_multi+1P): 0.0018 ± 0.0018
          3. MOEAD_TCHE (greedy_multi+HUX): 0.0020 ± 0.0017
          4. MOEAD_TCHE (greedy_multi+2P): 0.0024 ± 0.0026
         • [1mPara más detalles[0m: ]8;;file:///home/cofer/Documents/University/TFG/snp_tag_tfg/snp_tag/results/full_20/hinds2005/greedy_multi/20260602T172526/2_comparativa/4_rankings/ranking_IGD+_full_20.csv\ [36mranking_IGD+_full_20.csv[0m]8;;\

         📊  [1mVALIDACIÓN ESTADÍSTICA (IGD+)[0m
         ────────────────────────────────
             Estadístico H (Kruskal-Wallis): 0.9397
             P-valor: 8.1584e-01
             Significativo (p < 0.05): No

                   🖼️  Diagrama de Diferencia Crítica (CD): ]8;;file:///home/cofer/Documents/University/TFG/snp_tag_tfg/snp_tag/results/full_20/hinds2005/greedy_multi/20260602T172526/2_comparativa/4_rankings/estadistica_hv/diagrama_cd_igd+_full_20.png\ [36mdiagrama_cd_igd+_full_20.png[0m]8;;\

    • [1mGD+[0m (↓)
          1. MOEAD_TCHE (greedy_multi+1P): 0.5441 ± 0.0672
          2. MOEAD_TCHE (greedy_multi+2P): 0.5880 ± 0.0674
          3. MOEAD_TCHE (greedy_multi+HUX): 0.6960 ± 0.0900
          4. MOEAD_TCHE (greedy_multi+UX): 0.7321 ± 0.0863
         • [1mPara más detalles[0m: ]8;;file:///home/cofer/Documents/University/TFG/snp_tag_tfg/snp_tag/results/full_20/hinds2005/greedy_multi/20260602T172526/2_comparativa/4_rankings/ranking_GD+_full_20.csv\ [36mranking_GD+_full_20.csv[0m]8;;\

         📊  [1mVALIDACIÓN ESTADÍSTICA (GD+)[0m
         ───────────────────────────────
             Estadístico H (Kruskal-Wallis): 41.1424
             P-valor: 6.0999e-09
             Significativo (p < 0.05): Sí

                   🖼️  Heatmap de Comparaciones Dunn (Post-hoc): ]8;;file:///home/cofer/Documents/University/TFG/snp_tag_tfg/snp_tag/results/full_20/hinds2005/greedy_multi/20260602T172526/2_comparativa/4_rankings/estadistica_hv/heatmap_dunn_gd+_full_20.png\ [36mheatmap_dunn_gd+_full_20.png[0m]8;;\
                   🖼️  Diagrama de Diferencia Crítica (CD): ]8;;file:///home/cofer/Documents/University/TFG/snp_tag_tfg/snp_tag/results/full_20/hinds2005/greedy_multi/20260602T172526/2_comparativa/4_rankings/estadistica_hv/diagrama_cd_gd+_full_20.png\ [36mdiagrama_cd_gd+_full_20.png[0m]8;;\

    • [1mAverage Ranking Overall[0m (↓)
          1. MOEAD_TCHE (greedy_multi+UX): 1.4444 ± 0.0000
          2. MOEAD_TCHE (greedy_multi+HUX): 2.1111 ± 0.0000
          3. MOEAD_TCHE (greedy_multi+2P): 3.0000 ± 0.0000
          4. MOEAD_TCHE (greedy_multi+1P): 3.4444 ± 0.0000
         • [1mPara más detalles[0m: ]8;;file:///home/cofer/Documents/University/TFG/snp_tag_tfg/snp_tag/results/full_20/hinds2005/greedy_multi/20260602T172526/2_comparativa/4_rankings/ranking_Average_Ranking_Overall_full_20.csv\ [36mranking_Average_Ranking_Overall_full_20.csv[0m]8;;\

         📊  [1mTEST DE FRIEDMAN (Método (Algoritmo + Inicialización))[0m
         ───────────────────────────────────────────────────────────
             Estadístico: 13.0000
             P-valor: 4.6366e-03
             Significativo (p < 0.05): Sí

                   🖼️  Gráfico de Rangos Promedio (Método (Algoritmo + Inicialización)): ]8;;file:///home/cofer/Documents/University/TFG/snp_tag_tfg/snp_tag/results/full_20/hinds2005/greedy_multi/20260602T172526/2_comparativa/4_rankings/rangos_promedio_full_20.png\ [36mrangos_promedio_full_20.png[0m]8;;\
                   🖼️  Heatmap de Significancia Nemenyi (Método (Algoritmo + Inicialización)): ]8;;file:///home/cofer/Documents/University/TFG/snp_tag_tfg/snp_tag/results/full_20/hinds2005/greedy_multi/20260602T172526/2_comparativa/4_rankings/heatmap_nemenyi_full_20.png\ [36mheatmap_nemenyi_full_20.png[0m]8;;\

    • [1mAverage Ranking (Algorithm)[0m (↓)
          1. MOEAD_TCHE: 1.0000 ± 0.0000
         • [1mPara más detalles[0m: ]8;;file:///home/cofer/Documents/University/TFG/snp_tag_tfg/snp_tag/results/full_20/hinds2005/greedy_multi/20260602T172526/2_comparativa/4_rankings/ranking_Average_Ranking_(Algorithm)_full_20.csv\ [36mranking_Average_Ranking_(Algorithm)_full_20.csv[0m]8;;\

         📊  [1mTEST ESTADÍSTICO (Algoritmo)[0m
         ─────────────────────────────────
             ⚠️  Test de Friedman omitido: se requieren al menos 3 grupos, pero solo hay 1.

                   🖼️  Gráfico de Rangos Promedio (Algoritmo): ]8;;file:///home/cofer/Documents/University/TFG/snp_tag_tfg/snp_tag/results/full_20/hinds2005/greedy_multi/20260602T172526/2_comparativa/4_rankings/rangos_promedio_algorithm_full_20.png\ [36mrangos_promedio_algorithm_full_20.png[0m]8;;\
             • ⚠️  Test de Friedman no significativo para Algoritmo. Omitiendo post-hoc.

    • [1mAverage Ranking (Initialization)[0m (↓)
          1. greedy_multi: 1.0000 ± 0.0000
         • [1mPara más detalles[0m: ]8;;file:///home/cofer/Documents/University/TFG/snp_tag_tfg/snp_tag/results/full_20/hinds2005/greedy_multi/20260602T172526/2_comparativa/4_rankings/ranking_Average_Ranking_(Initialization)_full_20.csv\ [36mranking_Average_Ranking_(Initialization)_full_20.csv[0m]8;;\

         📊  [1mTEST ESTADÍSTICO (Inicialización)[0m
         ──────────────────────────────────────
             ⚠️  Test de Friedman omitido: se requieren al menos 3 grupos, pero solo hay 1.

                   🖼️  Gráfico de Rangos Promedio (Inicialización): ]8;;file:///home/cofer/Documents/University/TFG/snp_tag_tfg/snp_tag/results/full_20/hinds2005/greedy_multi/20260602T172526/2_comparativa/4_rankings/rangos_promedio_init_full_20.png\ [36mrangos_promedio_init_full_20.png[0m]8;;\
             • ⚠️  Test de Friedman no significativo para Inicialización. Omitiendo post-hoc.

    • [1mAverage Ranking (Crossover)[0m (↓)
          1. UX: 1.4444 ± 0.0000
          2. HUX: 2.1111 ± 0.0000
          3. 2P: 3.0000 ± 0.0000
          4. 1P: 3.4444 ± 0.0000
         • [1mPara más detalles[0m: ]8;;file:///home/cofer/Documents/University/TFG/snp_tag_tfg/snp_tag/results/full_20/hinds2005/greedy_multi/20260602T172526/2_comparativa/4_rankings/ranking_Average_Ranking_(Crossover)_full_20.csv\ [36mranking_Average_Ranking_(Crossover)_full_20.csv[0m]8;;\

         📊  [1mTEST DE FRIEDMAN (crossover)[0m
         ─────────────────────────────────
             Estadístico: 13.0000
             P-valor: 4.6366e-03
             Significativo (p < 0.05): Sí

                   🖼️  Gráfico de Rangos Promedio (crossover): ]8;;file:///home/cofer/Documents/University/TFG/snp_tag_tfg/snp_tag/results/full_20/hinds2005/greedy_multi/20260602T172526/2_comparativa/4_rankings/rangos_promedio_crossover_full_20.png\ [36mrangos_promedio_crossover_full_20.png[0m]8;;\
                   🖼️  Heatmap de Significancia Nemenyi (crossover): ]8;;file:///home/cofer/Documents/University/TFG/snp_tag_tfg/snp_tag/results/full_20/hinds2005/greedy_multi/20260602T172526/2_comparativa/4_rankings/heatmap_nemenyi_crossover_full_20.png\ [36mheatmap_nemenyi_crossover_full_20.png[0m]8;;\


  🎯  [1mAnálisis de Decisión Multi-Criterio (MCDM)[0m
  ────────────────────────────────────────────────
      • Soluciones en frente agregado: 4805
      ┌─ Compromiso (ASF) ───────────────────────────────────────────────────┐
      │  Solución #1047: Compacidad=32, Tolerancia=7.00,                     │
      │  Hamming=16.02, Balance=10.3250                                      │
      │  Config: MOEAD_TCHE (greedy_multi)                                   │
      └──────────────────────────────────────────────────────────────────────┘
      ┌─ Punto de Mayor Trade-off (Knee) ────────────────────────────────────┐
      │  133 knee points detectados                                          │
      │  Mejor knee: Solución #1499 (MOEAD_TCHE, greedy_multi)               │
      └──────────────────────────────────────────────────────────────────────┘
      ┌─ Pseudo-Pesos ───────────────────────────────────────────────────────┐
      │  Solución más afín a preferencias: #3987                             │
      │  Pesos implícitos: [0.25, 0.24, 0.25, 0.27]                          │
      └──────────────────────────────────────────────────────────────────────┘

      🖼️  Scatter MCDM (Agregado Global): ]8;;file:///home/cofer/Documents/University/TFG/snp_tag_tfg/snp_tag/results/full_20/hinds2005/greedy_multi/20260602T172526/2_comparativa/5_decision_mcdm/mcdm_scatter_agregado_full_20.png\ [36mmcdm_scatter_agregado_full_20.png[0m]8;;\
      🖼️  Radar Objetivos MCDM (Agregado): ]8;;file:///home/cofer/Documents/University/TFG/snp_tag_tfg/snp_tag/results/full_20/hinds2005/greedy_multi/20260602T172526/2_comparativa/5_decision_mcdm/mcdm_radar_objetivos_agregado_full_20.png\ [36mmcdm_radar_objetivos_agregado_full_20.png[0m]8;;\
      🖼️  Petal Objetivos MCDM (Agregado): ]8;;file:///home/cofer/Documents/University/TFG/snp_tag_tfg/snp_tag/results/full_20/hinds2005/greedy_multi/20260602T172526/2_comparativa/5_decision_mcdm/mcdm_petal_objetivos_agregado_full_20.png\ [36mmcdm_petal_objetivos_agregado_full_20.png[0m]8;;\
      🖼️  Radar Pseudo-Pesos (Agregado Global): ]8;;file:///home/cofer/Documents/University/TFG/snp_tag_tfg/snp_tag/results/full_20/hinds2005/greedy_multi/20260602T172526/2_comparativa/5_decision_mcdm/mcdm_radar_pseudow_full_20.png\ [36mmcdm_radar_pseudow_full_20.png[0m]8;;\
      🖼️  Scatter MCDM MOEAD_TCHE (greedy_multi): ]8;;file:///home/cofer/Documents/University/TFG/snp_tag_tfg/snp_tag/results/full_20/hinds2005/greedy_multi/20260602T172526/2_comparativa/5_decision_mcdm/mcdm_scatter_moead_tche_greedy_multi_full_20.png\ [36mmcdm_scatter_moead_tche_greedy_multi_full_20.png[0m]8;;\
      🖼️  Radar MCDM MOEAD_TCHE (greedy_multi): ]8;;file:///home/cofer/Documents/University/TFG/snp_tag_tfg/snp_tag/results/full_20/hinds2005/greedy_multi/20260602T172526/2_comparativa/5_decision_mcdm/mcdm_radar_objetivos_moead_tche_greedy_multi_full_20.png\ [36mmcdm_radar_objetivos_moead_tche_greedy_multi_full_20.png[0m]8;;\
      🖼️  Petal MCDM MOEAD_TCHE (greedy_multi): ]8;;file:///home/cofer/Documents/University/TFG/snp_tag_tfg/snp_tag/results/full_20/hinds2005/greedy_multi/20260602T172526/2_comparativa/5_decision_mcdm/mcdm_petal_objetivos_moead_tche_greedy_multi_full_20.png\ [36mmcdm_petal_objetivos_moead_tche_greedy_multi_full_20.png[0m]8;;\
      🖼️  CSV Recomendaciones MCDM: ]8;;file:///home/cofer/Documents/University/TFG/snp_tag_tfg/snp_tag/results/full_20/hinds2005/greedy_multi/20260602T172526/2_comparativa/5_decision_mcdm/mcdm_recomendaciones_full_20.csv\ [36mmcdm_recomendaciones_full_20.csv[0m]8;;\

========================================
⏱️  TIEMPO TOTAL DE EJECUCIÓN: 1h 9m 41.94s
========================================

