
  вҡҷпёҸ   [1mCONFIGURACIГ“N[0m
  в”Җв”Җв”Җв”Җв”Җв”Җв”Җв”Җв”Җв”Җв”Җв”Җв”Җв”Җв”Җв”Җв”Җв”Җв”Җ
      вҖў Modo=full | POP_SIZE=200 | N_GEN=500 | OFFSPRING=200 | PC=0.7 | PM=0.000969 | N_RUNS=5

  рҹ“Ҡ  [1mMetadatos y Dimensiones del Dataset[0m
  в”Җв”Җв”Җв”Җв”Җв”Җв”Җв”Җв”Җв”Җв”Җв”Җв”Җв”Җв”Җв”Җв”Җв”Җв”Җв”Җв”Җв”Җв”Җв”Җв”Җв”Җв”Җв”Җв”Җв”Җв”Җв”Җв”Җв”Җв”Җв”Җв”Җв”Җв”Җв”Җв”Җ
       [92mвң…  Hinds 2005 cargado y filtrado: 48 patrones alelicos Г— 772 SNPs polimГіrficos (de 1032 originales) desde 'snp_tag/data/datasets/hinds2005_1032.txt'[0m
      вҖў ORIGEN_DATOS=hinds2005 (Hinds et al. 2005 / Perlegen) | N_SNPS=772 | N_PATRONES=48 | PM=0.001295
      вҖў FICHERO=snp_tag/data/datasets/hinds2005_1032.txt
      вҖў REPORT_DPI=300 | EVALUATION_MODE=proportional | NORMALIZATION_MODE=static_proportional_limits | SEED_MODE=non_deterministic | OBJ_TRANSFORM=neg

[93m[1mв•”в•җв•җв•җв•җв•җв•җв•җв•җв•җв•җв•җв•җв•җв•җв•җв•җв•җв•җв•җв•җв•җв•җв•җв•җв•җв•җв•җв•җв•җв•җв•җв•җв•җв•җв•җв•җв•җв•җв•җв•җв•җв•җв•җв•җв•җв•җв•җв•җв•җв•җв•җв•җв•җв•җв•җв•җв•җв•җв•җв•җв•җв•җв•җв•җв•җв•җв•җв•җв•җв•җв•җв•җв•җв•җв•җв•җв•җв•җв•—
[93m[1mв•‘                  DIAGNГ“STICO DE DATOS Y DESEQUILIBRIO (LD)                   в•‘
[93m[1mв•ҡв•җв•җв•җв•җв•җв•җв•җв•җв•җв•җв•җв•җв•җв•җв•җв•җв•җв•җв•җв•җв•җв•җв•җв•җв•җв•җв•җв•җв•җв•җв•җв•җв•җв•җв•җв•җв•җв•җв•җв•җв•җв•җв•җв•җв•җв•җв•җв•җв•җв•җв•җв•җв•җв•җв•җв•җв•җв•җв•җв•җв•җв•җв•җв•җв•җв•җв•җв•җв•җв•җв•җв•җв•җв•җв•җв•җв•җв•җв•қ[0m

  рҹ§¬  [1mVisualizaciГіn de la Estructura de Haplotipos[0m
  в”Җв”Җв”Җв”Җв”Җв”Җв”Җв”Җв”Җв”Җв”Җв”Җв”Җв”Җв”Җв”Җв”Җв”Җв”Җв”Җв”Җв”Җв”Җв”Җв”Җв”Җв”Җв”Җв”Җв”Җв”Җв”Җв”Җв”Җв”Җв”Җв”Җв”Җв”Җв”Җв”Җв”Җв”Җв”Җв”Җв”Җв”Җв”Җв”Җв”Җ
      рҹ–јпёҸ  Mapa de calor de haplotipos: ]8;;file:///home/usuario/Escritorio/cofer_tfg/snp_tag_problem/snp_tag/results/full/hinds2005/greedy_hybrid-greedy_ting-random_dense-random_sparse/20260430T185224/0_datos_previos/heatmap_haplotipos_full.png\ [36mheatmap_haplotipos_full.png[0m]8;;\
      рҹ–јпёҸ  Estructura LD (3 bloques): ]8;;file:///home/usuario/Escritorio/cofer_tfg/snp_tag_problem/snp_tag/results/full/hinds2005/greedy_hybrid-greedy_ting-random_dense-random_sparse/20260430T185224/0_datos_previos/bloques_ld_haplotipos_full.png\ [36mbloques_ld_haplotipos_full.png[0m]8;;\

  рҹ“Ҳ  [1mAnГЎlisis de Variabilidad y Frecuencia AlГ©lica[0m
  в”Җв”Җв”Җв”Җв”Җв”Җв”Җв”Җв”Җв”Җв”Җв”Җв”Җв”Җв”Җв”Җв”Җв”Җв”Җв”Җв”Җв”Җв”Җв”Җв”Җв”Җв”Җв”Җв”Җв”Җв”Җв”Җв”Җв”Җв”Җв”Җв”Җв”Җв”Җв”Җв”Җв”Җв”Җв”Җв”Җв”Җв”Җв”Җв”Җв”Җв”Җ
      рҹ–јпёҸ  DistribuciГіn de frecuencia alГ©lica: ]8;;file:///home/usuario/Escritorio/cofer_tfg/snp_tag_problem/snp_tag/results/full/hinds2005/greedy_hybrid-greedy_ting-random_dense-random_sparse/20260430T185224/0_datos_previos/histograma_alelico_full.png\ [36mhistograma_alelico_full.png[0m]8;;\
      рҹ–јпёҸ  Variabilidad por SNP: ]8;;file:///home/usuario/Escritorio/cofer_tfg/snp_tag_problem/snp_tag/results/full/hinds2005/greedy_hybrid-greedy_ting-random_dense-random_sparse/20260430T185224/0_datos_previos/variabilidad_snps_full.png\ [36mvariabilidad_snps_full.png[0m]8;;\
      рҹ–јпёҸ  Alelos dominantes por haplotipo: ]8;;file:///home/usuario/Escritorio/cofer_tfg/snp_tag_problem/snp_tag/results/full/hinds2005/greedy_hybrid-greedy_ting-random_dense-random_sparse/20260430T185224/0_datos_previos/conteo_alelos_full.png\ [36mconteo_alelos_full.png[0m]8;;\
      рҹ–јпёҸ  DistribuciГіn de distancias de Hamming: ]8;;file:///home/usuario/Escritorio/cofer_tfg/snp_tag_problem/snp_tag/results/full/hinds2005/greedy_hybrid-greedy_ting-random_dense-random_sparse/20260430T185224/0_datos_previos/histograma_hamming_full.png\ [36mhistograma_hamming_full.png[0m]8;;\

  рҹ”—  [1mCaracterizaciГіn Global de CorrelaciГіn (LD)[0m
  в”Җв”Җв”Җв”Җв”Җв”Җв”Җв”Җв”Җв”Җв”Җв”Җв”Җв”Җв”Җв”Җв”Җв”Җв”Җв”Җв”Җв”Җв”Җв”Җв”Җв”Җв”Җв”Җв”Җв”Җв”Җв”Җв”Җв”Җв”Җв”Җв”Җв”Җв”Җв”Җв”Җв”Җв”Җв”Җв”Җв”Җв”Җв”Җ
      вҖў [1mCorrelaciГіn media absoluta (global |r|)[0m: 0.1387
      вҖў [1mTotal de pares evaluados[0m: 297606
      рҹ–јпёҸ  Mapa de calor de correlaciГіn (LD): ]8;;file:///home/usuario/Escritorio/cofer_tfg/snp_tag_problem/snp_tag/results/full/hinds2005/greedy_hybrid-greedy_ting-random_dense-random_sparse/20260430T185224/0_datos_previos/heatmap_correlacion_completa_full.png\ [36mheatmap_correlacion_completa_full.png[0m]8;;\
      рҹ–јпёҸ  DistribuciГіn de correlaciones (LD): ]8;;file:///home/usuario/Escritorio/cofer_tfg/snp_tag_problem/snp_tag/results/full/hinds2005/greedy_hybrid-greedy_ting-random_dense-random_sparse/20260430T185224/0_datos_previos/histograma_correlaciones_ld_full.png\ [36mhistograma_correlaciones_ld_full.png[0m]8;;\
      рҹ–јпёҸ  CDF de correlaciГіn LD: ]8;;file:///home/usuario/Escritorio/cofer_tfg/snp_tag_problem/snp_tag/results/full/hinds2005/greedy_hybrid-greedy_ting-random_dense-random_sparse/20260430T185224/0_datos_previos/cdf_correlacion_absoluta_ld_full.png\ [36mcdf_correlacion_absoluta_ld_full.png[0m]8;;\

  вҡ–пёҸ   [1mResumen Estructural del Dataset[0m
  в”Җв”Җв”Җв”Җв”Җв”Җв”Җв”Җв”Җв”Җв”Җв”Җв”Җв”Җв”Җв”Җв”Җв”Җв”Җв”Җв”Җв”Җв”Җв”Җв”Җв”Җв”Җв”Җв”Җв”Җв”Җв”Җв”Җв”Җв”Җв”Җв”Җ
      вҖў [1mEstructura detectada[0m: 3 bloques de ligamiento
      вҖў [1mCorrelaciГіn media absoluta (|r|)[0m: 0.1387
      вҖў [1mNaturaleza del dato[0m: Benchmark biolГіgico (Hinds)

  рҹ“җ  [1mAnГЎlisis de Similitud GenotГӯpica (Pares de Haplotipos)[0m
  в”Җв”Җв”Җв”Җв”Җв”Җв”Җв”Җв”Җв”Җв”Җв”Җв”Җв”Җв”Җв”Җв”Җв”Җв”Җв”Җв”Җв”Җв”Җв”Җв”Җв”Җв”Җв”Җв”Җв”Җв”Җв”Җв”Җв”Җв”Җв”Җв”Җв”Җв”Җв”Җв”Җв”Җв”Җв”Җв”Җв”Җв”Җв”Җв”Җв”Җв”Җв”Җв”Җв”Җв”Җв”Җв”Җв”Җв”Җв”Җ
      вҖў [1mNГәmero de pares de haplotipos[0m: 1128
      вҖў [1mPares mostrados[0m: 3 similares / 3 distintos
      вҖў [1mVista parcial[0m: primeros 32 SNPs
      вҖў [1mPercentiles (Hamming)[0m: P33=237.00, P66=273.00
      вҖў [Etiquetas: <=P33 -> muy similar | (P33,P66] -> intermedio | >P66 -> muy distinto]

  рҹӨқ  [1mPares de mayor similitud genГ©tica[0m
  в”Җв”Җв”Җв”Җв”Җв”Җв”Җв”Җв”Җв”Җв”Җв”Җв”Җв”Җв”Җв”Җв”Җв”Җв”Җв”Җв”Җв”Җв”Җв”Җв”Җв”Җв”Җв”Җв”Җв”Җв”Җв”Җв”Җв”Җв”Җв”Җв”Җв”Җв”Җ
      вҖў  [1mPar (26, 27)[0m | Hamming=[1m129[0m | muy similar
        h026: [90m0[0m[90m0[0m[90m0[0m[90m0[0m[90m0[0m[90m0[0m[90m0[0m[90m0[0m[90m0[0m[90m0[0m[90m0[0m1[90m0[0m[90m0[0m1111[90m0[0m[90m0[0m[90m0[0m[90m0[0m[90m0[0m[90m0[0m[90m0[0m[90m0[0m[90m0[0m11111...
        h027: 1111[90m0[0m111111[90m0[0m[90m0[0m[90m0[0m[90m0[0m1[90m0[0m[90m0[0m111[90m0[0m[90m0[0m1111[90m0[0m[90m0[0m[90m0[0m[90m0[0m[90m0[0m...
      вҖў  [1mPar (17, 41)[0m | Hamming=[1m134[0m | muy similar
        h017: 1111[90m0[0m111111[90m0[0m[90m0[0m[90m0[0m[90m0[0m1[90m0[0m[90m0[0m111[90m0[0m[90m0[0m1111[90m0[0m1111...
        h041: 1111[90m0[0m111111[90m0[0m[90m0[0m[90m0[0m[90m0[0m1[90m0[0m[90m0[0m111[90m0[0m[90m0[0m1111[90m0[0m[90m0[0m111...
      вҖў  [1mPar (36, 46)[0m | Hamming=[1m140[0m | muy similar
        h036: [90m0[0m[90m0[0m[90m0[0m[90m0[0m[90m0[0m[90m0[0m[90m0[0m[90m0[0m[90m0[0m[90m0[0m[90m0[0m1[90m0[0m[90m0[0m1111111[90m0[0m[90m0[0m1111[90m0[0m[90m0[0m[90m0[0m[90m0[0m[90m0[0m...
        h046: 1111[90m0[0m111111[90m0[0m[90m0[0m[90m0[0m[90m0[0m1[90m0[0m[90m0[0m111[90m0[0m[90m0[0m1111[90m0[0m[90m0[0m[90m0[0m[90m0[0m[90m0[0m...

  вҶ”пёҸ   [1mPares de mayor divergencia genГ©tica[0m
  в”Җв”Җв”Җв”Җв”Җв”Җв”Җв”Җв”Җв”Җв”Җв”Җв”Җв”Җв”Җв”Җв”Җв”Җв”Җв”Җв”Җв”Җв”Җв”Җв”Җв”Җв”Җв”Җв”Җв”Җв”Җв”Җв”Җв”Җв”Җв”Җв”Җв”Җв”Җв”Җв”Җ
      вҖў  [1mPar (29, 36)[0m | Hamming=[1m407[0m | muy distinto
        h029: [90m0[0m[90m0[0m[90m0[0m[90m0[0m1[90m0[0m[90m0[0m[90m0[0m[90m0[0m[90m0[0m[90m0[0m[90m0[0m11[90m0[0m[90m0[0m[90m0[0m[90m0[0m[90m0[0m[90m0[0m[90m0[0m[90m0[0m[90m0[0m[90m0[0m[90m0[0m[90m0[0m[90m0[0m1[90m0[0m[90m0[0m[90m0[0m[90m0[0m...
        h036: [90m0[0m[90m0[0m[90m0[0m[90m0[0m[90m0[0m[90m0[0m[90m0[0m[90m0[0m[90m0[0m[90m0[0m[90m0[0m1[90m0[0m[90m0[0m1111111[90m0[0m[90m0[0m1111[90m0[0m[90m0[0m[90m0[0m[90m0[0m[90m0[0m...
      вҖў  [1mPar (28, 29)[0m | Hamming=[1m404[0m | muy distinto
        h028: [90m0[0m[90m0[0m[90m0[0m[90m0[0m1[90m0[0m[90m0[0m[90m0[0m[90m0[0m[90m0[0m[90m0[0m[90m0[0m11[90m0[0m[90m0[0m[90m0[0m[90m0[0m[90m0[0m[90m0[0m[90m0[0m[90m0[0m[90m0[0m[90m0[0m[90m0[0m[90m0[0m[90m0[0m1[90m0[0m[90m0[0m[90m0[0m[90m0[0m...
        h029: [90m0[0m[90m0[0m[90m0[0m[90m0[0m1[90m0[0m[90m0[0m[90m0[0m[90m0[0m[90m0[0m[90m0[0m[90m0[0m11[90m0[0m[90m0[0m[90m0[0m[90m0[0m[90m0[0m[90m0[0m[90m0[0m[90m0[0m[90m0[0m[90m0[0m[90m0[0m[90m0[0m[90m0[0m1[90m0[0m[90m0[0m[90m0[0m[90m0[0m...
      вҖў  [1mPar (24, 29)[0m | Hamming=[1m390[0m | muy distinto
        h024: 1111[90m0[0m111111[90m0[0m[90m0[0m[90m0[0m[90m0[0m1[90m0[0m[90m0[0m111[90m0[0m[90m0[0m1[90m0[0m11[90m0[0m1111...
        h029: [90m0[0m[90m0[0m[90m0[0m[90m0[0m1[90m0[0m[90m0[0m[90m0[0m[90m0[0m[90m0[0m[90m0[0m[90m0[0m11[90m0[0m[90m0[0m[90m0[0m[90m0[0m[90m0[0m[90m0[0m[90m0[0m[90m0[0m[90m0[0m[90m0[0m[90m0[0m[90m0[0m[90m0[0m1[90m0[0m[90m0[0m[90m0[0m[90m0[0m...

[93m[1mв•”в•җв•җв•җв•җв•җв•җв•җв•җв•җв•җв•җв•җв•җв•җв•җв•җв•җв•җв•җв•җв•җв•җв•җв•җв•җв•җв•җв•җв•җв•җв•җв•җв•җв•җв•җв•җв•җв•җв•җв•җв•җв•җв•җв•җв•җв•җв•җв•җв•җв•җв•җв•җв•җв•җв•җв•җв•җв•җв•җв•җв•җв•җв•җв•җв•җв•җв•җв•җв•җв•җв•җв•җв•җв•җв•җв•җв•җв•җв•—
[93m[1mв•‘                             MOTOR MULTIOBJETIVO                              в•‘
[93m[1mв•ҡв•җв•җв•җв•җв•җв•җв•җв•җв•җв•җв•җв•җв•җв•җв•җв•җв•җв•җв•җв•җв•җв•җв•җв•җв•җв•җв•җв•җв•җв•җв•җв•җв•җв•җв•җв•җв•җв•җв•җв•җв•җв•җв•җв•җв•җв•җв•җв•җв•җв•җв•җв•җв•җв•җв•җв•җв•җв•җв•җв•җв•җв•җв•җв•җв•җв•җв•җв•җв•җв•җв•җв•җв•җв•җв•җв•җв•җв•җв•қ[0m

  вҡҷпёҸ   [1mConfiguraciГіn del Motor Evolutivo[0m
  в”Җв”Җв”Җв”Җв”Җв”Җв”Җв”Җв”Җв”Җв”Җв”Җв”Җв”Җв”Җв”Җв”Җв”Җв”Җв”Җв”Җв”Җв”Җв”Җв”Җв”Җв”Җв”Җв”Җв”Җв”Җв”Җв”Җв”Җв”Җв”Җв”Җв”Җв”Җ
      вҖў Modo=full | POP_SIZE=200 | N_GEN=500 | OFFSPRING=200 | PC=0.7 | PM=0.001295 | N_RUNS=5
      вҖў Desglose: 6 algoritmos x 4 inicializaciones x 5 runs = 120 ejecuciones
      вҖў Configuraciones Гәnicas (algoritmo-init): 24
      вҖў Algoritmos activos: NSGA2, NSGA3, SPEA2, MOEAD_TCHE, MOEAD_PBI, MOEAD_WS
      вҖў Puntos de referencia (ref_dirs): 200 | Particiones: 9
      вҖў TamaГұo de poblaciГіn (pop_size): 200

  рҹ§¬  [1mFase Evolutiva[0m
  в”Җв”Җв”Җв”Җв”Җв”Җв”Җв”Җв”Җв”Җв”Җв”Җв”Җв”Җв”Җв”Җв”Җв”Җв”Җв”Җ
    вҖў Iniciando 120 experimentos en modo paralelo seguro
      вҖў Paralelizando con hasta 22 procesos en paralelo
      вҖў [Progreso:   1/120] | [NSGA2-random_dense] ejecuciГіn 5/5 (69.1 s)
      вҖў [Progreso:   2/120] | [NSGA2-greedy_ting] ejecuciГіn 5/5 (75.6 s)
      вҖў [Progreso:   3/120] | [NSGA2-greedy_hybrid] ejecuciГіn 3/5 (112.8 s)
      вҖў [Progreso:   4/120] | [NSGA2-random_sparse] ejecuciГіn 2/5 (126.1 s)
      вҖў [Progreso:   5/120] | [NSGA2-random_sparse] ejecuciГіn 4/5 (126.2 s)
      вҖў [Progreso:   6/120] | [NSGA2-random_sparse] ejecuciГіn 3/5 (126.2 s)
      вҖў [Progreso:   7/120] | [NSGA2-greedy_hybrid] ejecuciГіn 1/5 (126.3 s)
      вҖў [Progreso:   8/120] | [NSGA2-random_dense] ejecuciГіn 1/5 (126.4 s)
      вҖў [Progreso:   9/120] | [NSGA2-random_dense] ejecuciГіn 3/5 (126.4 s)
      вҖў [Progreso:  10/120] | [NSGA2-random_sparse] ejecuciГіn 5/5 (126.4 s)
      вҖў [Progreso:  11/120] | [NSGA2-random_dense] ejecuciГіn 2/5 (126.5 s)
      вҖў [Progreso:  12/120] | [NSGA2-greedy_hybrid] ejecuciГіn 2/5 (129.6 s)
      вҖў [Progreso:  13/120] | [NSGA2-random_sparse] ejecuciГіn 1/5 (131.0 s)
      вҖў [Progreso:  14/120] | [NSGA2-greedy_ting] ejecuciГіn 4/5 (131.2 s)
      вҖў [Progreso:  15/120] | [NSGA3-random_sparse] ejecuciГіn 2/5 (132.0 s)
      вҖў [Progreso:  16/120] | [NSGA2-random_dense] ejecuciГіn 4/5 (132.0 s)
      вҖў [Progreso:  17/120] | [NSGA3-random_sparse] ejecuciГіn 1/5 (132.5 s)
      вҖў [Progreso:  18/120] | [NSGA2-greedy_ting] ejecuciГіn 1/5 (132.6 s)
      вҖў [Progreso:  19/120] | [NSGA2-greedy_ting] ejecuciГіn 3/5 (133.2 s)
      вҖў [Progreso:  20/120] | [NSGA2-greedy_hybrid] ejecuciГіn 5/5 (133.3 s)
      вҖў [Progreso:  21/120] | [NSGA2-greedy_ting] ejecuciГіn 2/5 (134.0 s)
      вҖў [Progreso:  22/120] | [NSGA2-greedy_hybrid] ejecuciГіn 4/5 (134.0 s)
      вҖў [Progreso:  23/120] | [NSGA3-random_sparse] ejecuciГіn 3/5 (73.7 s)
      вҖў [Progreso:  24/120] | [NSGA3-random_sparse] ejecuciГіn 4/5 (75.4 s)
      вҖў [Progreso:  25/120] | [SPEA2-random_sparse] ejecuciГіn 5/5 (82.0 s)
      вҖў [Progreso:  26/120] | [SPEA2-random_dense] ejecuciГіn 1/5 (80.7 s)
      вҖў [Progreso:  27/120] | [NSGA3-random_sparse] ejecuciГіn 5/5 (134.8 s)
      вҖў [Progreso:  28/120] | [NSGA3-random_dense] ejecuciГіn 1/5 (129.5 s)
      вҖў [Progreso:  29/120] | [NSGA3-random_dense] ejecuciГіn 3/5 (129.6 s)
      вҖў [Progreso:  30/120] | [NSGA3-random_dense] ejecuciГіn 2/5 (129.7 s)
      вҖў [Progreso:  31/120] | [NSGA3-random_dense] ejecuciГіn 4/5 (129.7 s)
      вҖў [Progreso:  32/120] | [NSGA3-random_dense] ejecuciГіn 5/5 (129.9 s)
      вҖў [Progreso:  33/120] | [NSGA3-greedy_ting] ejecuciГіn 1/5 (129.9 s)
      вҖў [Progreso:  34/120] | [NSGA3-greedy_ting] ejecuciГіn 2/5 (129.9 s)
      вҖў [Progreso:  35/120] | [NSGA3-greedy_ting] ejecuciГіn 3/5 (129.9 s)
      вҖў [Progreso:  36/120] | [NSGA3-greedy_ting] ejecuciГіn 4/5 (128.6 s)
      вҖў [Progreso:  37/120] | [NSGA3-greedy_hybrid] ejecuciГіn 3/5 (133.9 s)
      вҖў [Progreso:  38/120] | [NSGA3-greedy_ting] ejecuciГіn 5/5 (135.0 s)
      вҖў [Progreso:  39/120] | [NSGA3-greedy_hybrid] ejecuciГіn 1/5 (135.6 s)
      вҖў [Progreso:  40/120] | [NSGA3-greedy_hybrid] ejecuciГіn 2/5 (135.1 s)
      вҖў [Progreso:  41/120] | [NSGA3-greedy_hybrid] ejecuciГіn 4/5 (135.4 s)
      вҖў [Progreso:  42/120] | [NSGA3-greedy_hybrid] ejecuciГіn 5/5 (135.4 s)
      вҖў [Progreso:  43/120] | [SPEA2-random_sparse] ejecuciГіn 1/5 (146.7 s)
      вҖў [Progreso:  44/120] | [SPEA2-random_sparse] ejecuciГіn 2/5 (147.3 s)
      вҖў [Progreso:  45/120] | [SPEA2-random_sparse] ejecuciГіn 3/5 (147.4 s)
      вҖў [Progreso:  46/120] | [SPEA2-random_sparse] ejecuciГіn 4/5 (147.7 s)
      вҖў [Progreso:  47/120] | [SPEA2-random_dense] ejecuciГіn 2/5 (83.4 s)
      вҖў [Progreso:  48/120] | [SPEA2-random_dense] ejecuciГіn 3/5 (130.0 s)
      вҖў [Progreso:  49/120] | [SPEA2-greedy_ting] ejecuciГіn 3/5 (108.2 s)
      вҖў [Progreso:  50/120] | [SPEA2-greedy_hybrid] ejecuciГіn 4/5 (105.9 s)
      вҖў [Progreso:  51/120] | [SPEA2-random_dense] ejecuciГіn 4/5 (148.9 s)
      вҖў [Progreso:  52/120] | [SPEA2-greedy_hybrid] ejecuciГіn 3/5 (146.7 s)
      вҖў [Progreso:  53/120] | [SPEA2-random_dense] ejecuciГіn 5/5 (151.2 s)
      вҖў [Progreso:  54/120] | [SPEA2-greedy_ting] ejecuciГіn 1/5 (153.7 s)
      вҖў [Progreso:  55/120] | [SPEA2-greedy_ting] ejecuciГіn 2/5 (154.4 s)
      вҖў [Progreso:  56/120] | [SPEA2-greedy_hybrid] ejecuciГіn 1/5 (154.3 s)
      вҖў [Progreso:  57/120] | [SPEA2-greedy_ting] ejecuciГіn 5/5 (155.0 s)
      вҖў [Progreso:  58/120] | [SPEA2-greedy_hybrid] ejecuciГіn 2/5 (155.2 s)
      вҖў [Progreso:  59/120] | [SPEA2-greedy_ting] ejecuciГіn 4/5 (155.8 s)
      вҖў [Progreso:  60/120] | [SPEA2-greedy_hybrid] ejecuciГіn 5/5 (151.3 s)
      вҖў [Progreso:  61/120] | [MOEAD_TCHE-random_sparse] ejecuciГіn 1/5 (187.7 s)
      вҖў [Progreso:  62/120] | [MOEAD_TCHE-random_dense] ejecuciГіn 4/5 (181.0 s)
      вҖў [Progreso:  63/120] | [MOEAD_TCHE-random_sparse] ejecuciГіn 2/5 (226.9 s)
      вҖў [Progreso:  64/120] | [MOEAD_TCHE-random_sparse] ejecuciГіn 4/5 (226.7 s)
      вҖў [Progreso:  65/120] | [MOEAD_TCHE-random_sparse] ejecuciГіn 3/5 (227.8 s)
      вҖў [Progreso:  66/120] | [MOEAD_TCHE-random_dense] ejecuciГіn 2/5 (250.7 s)
      вҖў [Progreso:  67/120] | [MOEAD_TCHE-random_sparse] ejecuciГіn 5/5 (252.6 s)
      вҖў [Progreso:  68/120] | [MOEAD_TCHE-random_dense] ejecuciГіn 3/5 (251.0 s)
      вҖў [Progreso:  69/120] | [MOEAD_TCHE-random_dense] ejecuciГіn 1/5 (252.5 s)
      вҖў [Progreso:  70/120] | [MOEAD_TCHE-random_dense] ejecuciГіn 5/5 (176.0 s)
      вҖў [Progreso:  71/120] | [MOEAD_TCHE-greedy_ting] ejecuciГіn 2/5 (251.9 s)
      вҖў [Progreso:  72/120] | [MOEAD_TCHE-greedy_ting] ejecuciГіn 1/5 (284.5 s)
      вҖў [Progreso:  73/120] | [MOEAD_TCHE-greedy_ting] ejecuciГіn 3/5 (272.7 s)
      вҖў [Progreso:  74/120] | [MOEAD_TCHE-greedy_hybrid] ejecuciГіn 1/5 (273.4 s)
      вҖў [Progreso:  75/120] | [MOEAD_TCHE-greedy_ting] ejecuciГіn 5/5 (296.5 s)
      вҖў [Progreso:  76/120] | [MOEAD_TCHE-greedy_ting] ejecuciГіn 4/5 (307.2 s)
      вҖў [Progreso:  77/120] | [MOEAD_TCHE-greedy_hybrid] ejecuciГіn 2/5 (306.5 s)
      вҖў [Progreso:  78/120] | [MOEAD_PBI-random_sparse] ejecuciГіn 2/5 (300.9 s)
      вҖў [Progreso:  79/120] | [MOEAD_TCHE-greedy_hybrid] ejecuciГіn 3/5 (308.8 s)
      вҖў [Progreso:  80/120] | [MOEAD_TCHE-greedy_hybrid] ejecuciГіn 4/5 (308.8 s)
      вҖў [Progreso:  81/120] | [MOEAD_TCHE-greedy_hybrid] ejecuciГіn 5/5 (308.7 s)
      вҖў [Progreso:  82/120] | [MOEAD_PBI-random_sparse] ejecuciГіn 1/5 (310.6 s)
      вҖў [Progreso:  83/120] | [MOEAD_PBI-random_dense] ejecuciГіn 1/5 (234.6 s)
      вҖў [Progreso:  84/120] | [MOEAD_PBI-random_sparse] ejecuciГіn 3/5 (279.3 s)
      вҖў [Progreso:  85/120] | [MOEAD_PBI-random_dense] ejecuciГіn 2/5 (244.1 s)
      вҖў [Progreso:  86/120] | [MOEAD_PBI-random_sparse] ejecuciГіn 4/5 (294.4 s)
      вҖў [Progreso:  87/120] | [MOEAD_PBI-random_sparse] ejecuciГіn 5/5 (299.8 s)
      вҖў [Progreso:  88/120] | [MOEAD_PBI-greedy_ting] ejecuciГіn 2/5 (270.0 s)
      вҖў [Progreso:  89/120] | [MOEAD_PBI-random_dense] ejecuciГіn 3/5 (310.3 s)
      вҖў [Progreso:  90/120] | [MOEAD_PBI-random_dense] ejecuciГіn 4/5 (310.4 s)
      вҖў [Progreso:  91/120] | [MOEAD_PBI-random_dense] ejecuciГіn 5/5 (310.3 s)
      вҖў [Progreso:  92/120] | [MOEAD_PBI-greedy_ting] ejecuciГіn 1/5 (310.4 s)
      вҖў [Progreso:  93/120] | [MOEAD_WS-random_sparse] ejecuciГіn 5/5 (186.7 s)
      вҖў [Progreso:  94/120] | [MOEAD_WS-random_dense] ejecuciГіn 2/5 (186.7 s)
      вҖў [Progreso:  95/120] | [MOEAD_PBI-greedy_ting] ejecuciГіn 3/5 (313.5 s)
      вҖў [Progreso:  96/120] | [MOEAD_PBI-greedy_hybrid] ejecuciГіn 1/5 (274.9 s)
      вҖў [Progreso:  97/120] | [MOEAD_PBI-greedy_ting] ejecuciГіn 5/5 (293.0 s)
      вҖў [Progreso:  98/120] | [MOEAD_PBI-greedy_ting] ejecuciГіn 4/5 (313.8 s)
      вҖў [Progreso:  99/120] | [MOEAD_PBI-greedy_hybrid] ejecuciГіn 2/5 (308.1 s)
      вҖў [Progreso: 100/120] | [MOEAD_WS-random_sparse] ejecuciГіn 1/5 (292.9 s)
      вҖў [Progreso: 101/120] | [MOEAD_PBI-greedy_hybrid] ejecuciГіn 5/5 (298.1 s)
      вҖў [Progreso: 102/120] | [MOEAD_PBI-greedy_hybrid] ejecuciГіn 3/5 (310.1 s)
      вҖў [Progreso: 103/120] | [MOEAD_WS-random_sparse] ejecuciГіn 3/5 (303.7 s)
      вҖў [Progreso: 104/120] | [MOEAD_WS-random_sparse] ejecuciГіn 2/5 (304.8 s)
      вҖў [Progreso: 105/120] | [MOEAD_WS-random_dense] ejecuciГіn 1/5 (292.1 s)
      вҖў [Progreso: 106/120] | [MOEAD_PBI-greedy_hybrid] ejecuciГіn 4/5 (311.6 s)
      вҖў [Progreso: 107/120] | [MOEAD_WS-random_sparse] ejecuciГіn 4/5 (306.1 s)
      вҖў [Progreso: 108/120] | [MOEAD_WS-random_dense] ejecuciГіn 3/5 (260.3 s)
      вҖў [Progreso: 109/120] | [MOEAD_WS-random_dense] ejecuciГіn 4/5 (257.0 s)
      вҖў [Progreso: 110/120] | [MOEAD_WS-random_dense] ejecuciГіn 5/5 (251.9 s)
      вҖў [Progreso: 111/120] | [MOEAD_WS-greedy_ting] ejecuciГіn 3/5 (229.0 s)
      вҖў [Progreso: 112/120] | [MOEAD_WS-greedy_ting] ejecuciГіn 4/5 (229.0 s)
      вҖў [Progreso: 113/120] | [MOEAD_WS-greedy_ting] ejecuciГіn 5/5 (159.2 s)
      вҖў [Progreso: 114/120] | [MOEAD_WS-greedy_ting] ejecuciГіn 1/5 (237.3 s)
      вҖў [Progreso: 115/120] | [MOEAD_WS-greedy_hybrid] ejecuciГіn 1/5 (158.8 s)
      вҖў [Progreso: 116/120] | [MOEAD_WS-greedy_ting] ejecuciГіn 2/5 (244.0 s)
      вҖў [Progreso: 117/120] | [MOEAD_WS-greedy_hybrid] ejecuciГіn 2/5 (171.4 s)
      вҖў [Progreso: 118/120] | [MOEAD_WS-greedy_hybrid] ejecuciГіn 3/5 (151.5 s)
      вҖў [Progreso: 119/120] | [MOEAD_WS-greedy_hybrid] ejecuciГіn 4/5 (148.9 s)
      вҖў [Progreso: 120/120] | [MOEAD_WS-greedy_hybrid] ejecuciГіn 5/5 (151.9 s)

[93m[1mв•”в•җв•җв•җв•җв•җв•җв•җв•җв•җв•җв•җв•җв•җв•җв•җв•җв•җв•җв•җв•җв•җв•җв•җв•җв•җв•җв•җв•җв•җв•җв•җв•җв•җв•җв•җв•җв•җв•җв•җв•җв•җв•җв•җв•җв•җв•җв•җв•җв•җв•җв•җв•җв•җв•җв•җв•җв•җв•җв•җв•җв•җв•җв•җв•җв•җв•җв•җв•җв•җв•җв•җв•җв•җв•җв•җв•җв•җв•җв•—
[93m[1mв•‘                            SГҚNTESIS DE RESULTADOS                            в•‘
[93m[1mв•ҡв•җв•җв•җв•җв•җв•җв•җв•җв•җв•җв•җв•җв•җв•җв•җв•җв•җв•җв•җв•җв•җв•җв•җв•җв•җв•җв•җв•җв•җв•җв•җв•җв•җв•җв•җв•җв•җв•җв•җв•җв•җв•җв•җв•җв•җв•җв•җв•җв•җв•җв•җв•җв•җв•җв•җв•җв•җв•җв•җв•җв•җв•җв•җв•җв•җв•җв•җв•җв•җв•җв•җв•җв•җв•җв•җв•җв•җв•җв•қ[0m
  вҖў [1mConfiguraciГіn de sГӯntesis[0m: DPI=300

  вҸұпёҸ   [1mAnГЎlisis de Rendimiento y Tiempo[0m
  в”Җв”Җв”Җв”Җв”Җв”Җв”Җв”Җв”Җв”Җв”Җв”Җв”Җв”Җв”Җв”Җв”Җв”Җв”Җв”Җв”Җв”Җв”Җв”Җв”Җв”Җв”Җв”Җв”Җв”Җв”Җв”Җв”Җв”Җв”Җв”Җв”Җв”Җ
      рҹ–јпёҸ  Boxplot tiempo de ejecuciГіn: ]8;;file:///home/usuario/Escritorio/cofer_tfg/snp_tag_problem/snp_tag/results/full/hinds2005/greedy_hybrid-greedy_ting-random_dense-random_sparse/20260430T185224/2_comparativa/0_tiempo/boxplot_tiempo_full.png\ [36mboxplot_tiempo_full.png[0m]8;;\
      рҹ–јпёҸ  Media Вұ std tiempo ejecuciГіn: ]8;;file:///home/usuario/Escritorio/cofer_tfg/snp_tag_problem/snp_tag/results/full/hinds2005/greedy_hybrid-greedy_ting-random_dense-random_sparse/20260430T185224/2_comparativa/0_tiempo/media_std_tiempo_full.png\ [36mmedia_std_tiempo_full.png[0m]8;;\
      рҹ–јпёҸ  Tiempo vs TamaГұo de frente: ]8;;file:///home/usuario/Escritorio/cofer_tfg/snp_tag_problem/snp_tag/results/full/hinds2005/greedy_hybrid-greedy_ting-random_dense-random_sparse/20260430T185224/2_comparativa/0_tiempo/tiempo_vs_tamano_frente_full.png\ [36mtiempo_vs_tamano_frente_full.png[0m]8;;\
      вҖў Tiempo bloque 'AnГЎlisis de Rendimiento y Tiempo': 0.9s

  рҹ§®  [1mProcesamiento de MГ©tricas (con progreso)[0m
  в”Җв”Җв”Җв”Җв”Җв”Җв”Җв”Җв”Җв”Җв”Җв”Җв”Җв”Җв”Җв”Җв”Җв”Җв”Җв”Җв”Җв”Җв”Җв”Җв”Җв”Җв”Җв”Җв”Җв”Җв”Җв”Җв”Җв”Җв”Җв”Җв”Җв”Җв”Җв”Җв”Җв”Җв”Җв”Җв”Җв”Җ
    вҖў Iniciando mГ©tricas finales: 120 ejecuciones
      вҖў [Progreso:   1/120] | [NSGA2-random_sparse] ejecuciГіn 1/5 (0.0 s)
      вҖў [Progreso:   2/120] | [NSGA2-random_sparse] ejecuciГіn 2/5 (0.0 s)
      вҖў [Progreso:   3/120] | [NSGA2-random_sparse] ejecuciГіn 3/5 (0.0 s)
      вҖў [Progreso:   4/120] | [NSGA2-random_sparse] ejecuciГіn 4/5 (0.0 s)
      вҖў [Progreso:   5/120] | [NSGA2-random_sparse] ejecuciГіn 5/5 (0.0 s)
      вҖў [Progreso:   6/120] | [NSGA2-random_dense] ejecuciГіn 1/5 (0.0 s)
      вҖў [Progreso:   7/120] | [NSGA2-random_dense] ejecuciГіn 2/5 (0.0 s)
      вҖў [Progreso:   8/120] | [NSGA2-random_dense] ejecuciГіn 3/5 (0.0 s)
      вҖў [Progreso:   9/120] | [NSGA2-random_dense] ejecuciГіn 4/5 (0.0 s)
      вҖў [Progreso:  10/120] | [NSGA2-random_dense] ejecuciГіn 5/5 (0.0 s)
      вҖў [Progreso:  11/120] | [NSGA2-greedy_ting] ejecuciГіn 1/5 (0.0 s)
      вҖў [Progreso:  12/120] | [NSGA2-greedy_ting] ejecuciГіn 2/5 (0.0 s)
      вҖў [Progreso:  13/120] | [NSGA2-greedy_ting] ejecuciГіn 3/5 (0.0 s)
      вҖў [Progreso:  14/120] | [NSGA2-greedy_ting] ejecuciГіn 4/5 (0.0 s)
      вҖў [Progreso:  15/120] | [NSGA2-greedy_ting] ejecuciГіn 5/5 (0.0 s)
      вҖў [Progreso:  16/120] | [NSGA2-greedy_hybrid] ejecuciГіn 1/5 (0.0 s)
      вҖў [Progreso:  17/120] | [NSGA2-greedy_hybrid] ejecuciГіn 2/5 (0.0 s)
      вҖў [Progreso:  18/120] | [NSGA2-greedy_hybrid] ejecuciГіn 3/5 (0.0 s)
      вҖў [Progreso:  19/120] | [NSGA2-greedy_hybrid] ejecuciГіn 4/5 (0.0 s)
      вҖў [Progreso:  20/120] | [NSGA2-greedy_hybrid] ejecuciГіn 5/5 (0.0 s)
      вҖў [Progreso:  21/120] | [NSGA3-random_sparse] ejecuciГіn 1/5 (0.0 s)
      вҖў [Progreso:  22/120] | [NSGA3-random_sparse] ejecuciГіn 2/5 (0.0 s)
      вҖў [Progreso:  23/120] | [NSGA3-random_sparse] ejecuciГіn 3/5 (0.0 s)
      вҖў [Progreso:  24/120] | [NSGA3-random_sparse] ejecuciГіn 4/5 (0.0 s)
      вҖў [Progreso:  25/120] | [NSGA3-random_sparse] ejecuciГіn 5/5 (0.0 s)
      вҖў [Progreso:  26/120] | [NSGA3-random_dense] ejecuciГіn 1/5 (0.0 s)
      вҖў [Progreso:  27/120] | [NSGA3-random_dense] ejecuciГіn 2/5 (0.0 s)
      вҖў [Progreso:  28/120] | [NSGA3-random_dense] ejecuciГіn 3/5 (0.0 s)
      вҖў [Progreso:  29/120] | [NSGA3-random_dense] ejecuciГіn 4/5 (0.0 s)
      вҖў [Progreso:  30/120] | [NSGA3-random_dense] ejecuciГіn 5/5 (0.0 s)
      вҖў [Progreso:  31/120] | [NSGA3-greedy_ting] ejecuciГіn 1/5 (0.0 s)
      вҖў [Progreso:  32/120] | [NSGA3-greedy_ting] ejecuciГіn 2/5 (0.0 s)
      вҖў [Progreso:  33/120] | [NSGA3-greedy_ting] ejecuciГіn 3/5 (0.0 s)
      вҖў [Progreso:  34/120] | [NSGA3-greedy_ting] ejecuciГіn 4/5 (0.0 s)
      вҖў [Progreso:  35/120] | [NSGA3-greedy_ting] ejecuciГіn 5/5 (0.0 s)
      вҖў [Progreso:  36/120] | [NSGA3-greedy_hybrid] ejecuciГіn 1/5 (0.0 s)
      вҖў [Progreso:  37/120] | [NSGA3-greedy_hybrid] ejecuciГіn 2/5 (0.0 s)
      вҖў [Progreso:  38/120] | [NSGA3-greedy_hybrid] ejecuciГіn 3/5 (0.0 s)
      вҖў [Progreso:  39/120] | [NSGA3-greedy_hybrid] ejecuciГіn 4/5 (0.0 s)
      вҖў [Progreso:  40/120] | [NSGA3-greedy_hybrid] ejecuciГіn 5/5 (0.0 s)
      вҖў [Progreso:  41/120] | [SPEA2-random_sparse] ejecuciГіn 1/5 (0.0 s)
      вҖў [Progreso:  42/120] | [SPEA2-random_sparse] ejecuciГіn 2/5 (0.0 s)
      вҖў [Progreso:  43/120] | [SPEA2-random_sparse] ejecuciГіn 3/5 (0.0 s)
      вҖў [Progreso:  44/120] | [SPEA2-random_sparse] ejecuciГіn 4/5 (0.0 s)
      вҖў [Progreso:  45/120] | [SPEA2-random_sparse] ejecuciГіn 5/5 (0.0 s)
      вҖў [Progreso:  46/120] | [SPEA2-random_dense] ejecuciГіn 1/5 (0.0 s)
      вҖў [Progreso:  47/120] | [SPEA2-random_dense] ejecuciГіn 2/5 (0.0 s)
      вҖў [Progreso:  48/120] | [SPEA2-random_dense] ejecuciГіn 3/5 (0.0 s)
      вҖў [Progreso:  49/120] | [SPEA2-random_dense] ejecuciГіn 4/5 (0.0 s)
      вҖў [Progreso:  50/120] | [SPEA2-random_dense] ejecuciГіn 5/5 (0.0 s)
      вҖў [Progreso:  51/120] | [SPEA2-greedy_ting] ejecuciГіn 1/5 (0.0 s)
      вҖў [Progreso:  52/120] | [SPEA2-greedy_ting] ejecuciГіn 2/5 (0.0 s)
      вҖў [Progreso:  53/120] | [SPEA2-greedy_ting] ejecuciГіn 3/5 (0.0 s)
      вҖў [Progreso:  54/120] | [SPEA2-greedy_ting] ejecuciГіn 4/5 (0.0 s)
      вҖў [Progreso:  55/120] | [SPEA2-greedy_ting] ejecuciГіn 5/5 (0.0 s)
      вҖў [Progreso:  56/120] | [SPEA2-greedy_hybrid] ejecuciГіn 1/5 (0.0 s)
      вҖў [Progreso:  57/120] | [SPEA2-greedy_hybrid] ejecuciГіn 2/5 (0.0 s)
      вҖў [Progreso:  58/120] | [SPEA2-greedy_hybrid] ejecuciГіn 3/5 (0.0 s)
      вҖў [Progreso:  59/120] | [SPEA2-greedy_hybrid] ejecuciГіn 4/5 (0.0 s)
      вҖў [Progreso:  60/120] | [SPEA2-greedy_hybrid] ejecuciГіn 5/5 (0.0 s)
      вҖў [Progreso:  61/120] | [MOEAD_TCHE-random_sparse] ejecuciГіn 1/5 (0.0 s)
      вҖў [Progreso:  62/120] | [MOEAD_TCHE-random_sparse] ejecuciГіn 2/5 (0.0 s)
      вҖў [Progreso:  63/120] | [MOEAD_TCHE-random_sparse] ejecuciГіn 3/5 (0.0 s)
      вҖў [Progreso:  64/120] | [MOEAD_TCHE-random_sparse] ejecuciГіn 4/5 (0.0 s)
      вҖў [Progreso:  65/120] | [MOEAD_TCHE-random_sparse] ejecuciГіn 5/5 (0.0 s)
      вҖў [Progreso:  66/120] | [MOEAD_TCHE-random_dense] ejecuciГіn 1/5 (0.0 s)
      вҖў [Progreso:  67/120] | [MOEAD_TCHE-random_dense] ejecuciГіn 2/5 (0.0 s)
      вҖў [Progreso:  68/120] | [MOEAD_TCHE-random_dense] ejecuciГіn 3/5 (0.0 s)
      вҖў [Progreso:  69/120] | [MOEAD_TCHE-random_dense] ejecuciГіn 4/5 (0.0 s)
      вҖў [Progreso:  70/120] | [MOEAD_TCHE-random_dense] ejecuciГіn 5/5 (0.0 s)
      вҖў [Progreso:  71/120] | [MOEAD_TCHE-greedy_ting] ejecuciГіn 1/5 (0.0 s)
      вҖў [Progreso:  72/120] | [MOEAD_TCHE-greedy_ting] ejecuciГіn 2/5 (0.0 s)
      вҖў [Progreso:  73/120] | [MOEAD_TCHE-greedy_ting] ejecuciГіn 3/5 (0.0 s)
      вҖў [Progreso:  74/120] | [MOEAD_TCHE-greedy_ting] ejecuciГіn 4/5 (0.0 s)
      вҖў [Progreso:  75/120] | [MOEAD_TCHE-greedy_ting] ejecuciГіn 5/5 (0.0 s)
      вҖў [Progreso:  76/120] | [MOEAD_TCHE-greedy_hybrid] ejecuciГіn 1/5 (0.0 s)
      вҖў [Progreso:  77/120] | [MOEAD_TCHE-greedy_hybrid] ejecuciГіn 2/5 (0.0 s)
      вҖў [Progreso:  78/120] | [MOEAD_TCHE-greedy_hybrid] ejecuciГіn 3/5 (0.0 s)
      вҖў [Progreso:  79/120] | [MOEAD_TCHE-greedy_hybrid] ejecuciГіn 4/5 (0.0 s)
      вҖў [Progreso:  80/120] | [MOEAD_TCHE-greedy_hybrid] ejecuciГіn 5/5 (0.0 s)
      вҖў [Progreso:  81/120] | [MOEAD_PBI-random_sparse] ejecuciГіn 1/5 (0.0 s)
      вҖў [Progreso:  82/120] | [MOEAD_PBI-random_sparse] ejecuciГіn 2/5 (0.0 s)
      вҖў [Progreso:  83/120] | [MOEAD_PBI-random_sparse] ejecuciГіn 3/5 (0.0 s)
      вҖў [Progreso:  84/120] | [MOEAD_PBI-random_sparse] ejecuciГіn 4/5 (0.0 s)
      вҖў [Progreso:  85/120] | [MOEAD_PBI-random_sparse] ejecuciГіn 5/5 (0.0 s)
      вҖў [Progreso:  86/120] | [MOEAD_PBI-random_dense] ejecuciГіn 1/5 (0.0 s)
      вҖў [Progreso:  87/120] | [MOEAD_PBI-random_dense] ejecuciГіn 2/5 (0.0 s)
      вҖў [Progreso:  88/120] | [MOEAD_PBI-random_dense] ejecuciГіn 3/5 (0.0 s)
      вҖў [Progreso:  89/120] | [MOEAD_PBI-random_dense] ejecuciГіn 4/5 (0.0 s)
      вҖў [Progreso:  90/120] | [MOEAD_PBI-random_dense] ejecuciГіn 5/5 (0.0 s)
      вҖў [Progreso:  91/120] | [MOEAD_PBI-greedy_ting] ejecuciГіn 1/5 (0.0 s)
      вҖў [Progreso:  92/120] | [MOEAD_PBI-greedy_ting] ejecuciГіn 2/5 (0.0 s)
      вҖў [Progreso:  93/120] | [MOEAD_PBI-greedy_ting] ejecuciГіn 3/5 (0.0 s)
      вҖў [Progreso:  94/120] | [MOEAD_PBI-greedy_ting] ejecuciГіn 4/5 (0.0 s)
      вҖў [Progreso:  95/120] | [MOEAD_PBI-greedy_ting] ejecuciГіn 5/5 (0.0 s)
      вҖў [Progreso:  96/120] | [MOEAD_PBI-greedy_hybrid] ejecuciГіn 1/5 (0.0 s)
      вҖў [Progreso:  97/120] | [MOEAD_PBI-greedy_hybrid] ejecuciГіn 2/5 (0.0 s)
      вҖў [Progreso:  98/120] | [MOEAD_PBI-greedy_hybrid] ejecuciГіn 3/5 (0.0 s)
      вҖў [Progreso:  99/120] | [MOEAD_PBI-greedy_hybrid] ejecuciГіn 4/5 (0.0 s)
      вҖў [Progreso: 100/120] | [MOEAD_PBI-greedy_hybrid] ejecuciГіn 5/5 (0.0 s)
      вҖў [Progreso: 101/120] | [MOEAD_WS-random_sparse] ejecuciГіn 1/5 (0.0 s)
      вҖў [Progreso: 102/120] | [MOEAD_WS-random_sparse] ejecuciГіn 2/5 (0.0 s)
      вҖў [Progreso: 103/120] | [MOEAD_WS-random_sparse] ejecuciГіn 3/5 (0.0 s)
      вҖў [Progreso: 104/120] | [MOEAD_WS-random_sparse] ejecuciГіn 4/5 (0.0 s)
      вҖў [Progreso: 105/120] | [MOEAD_WS-random_sparse] ejecuciГіn 5/5 (0.0 s)
      вҖў [Progreso: 106/120] | [MOEAD_WS-random_dense] ejecuciГіn 1/5 (0.0 s)
      вҖў [Progreso: 107/120] | [MOEAD_WS-random_dense] ejecuciГіn 2/5 (0.0 s)
      вҖў [Progreso: 108/120] | [MOEAD_WS-random_dense] ejecuciГіn 3/5 (0.0 s)
      вҖў [Progreso: 109/120] | [MOEAD_WS-random_dense] ejecuciГіn 4/5 (0.0 s)
      вҖў [Progreso: 110/120] | [MOEAD_WS-random_dense] ejecuciГіn 5/5 (0.0 s)
      вҖў [Progreso: 111/120] | [MOEAD_WS-greedy_ting] ejecuciГіn 1/5 (0.0 s)
      вҖў [Progreso: 112/120] | [MOEAD_WS-greedy_ting] ejecuciГіn 2/5 (0.0 s)
      вҖў [Progreso: 113/120] | [MOEAD_WS-greedy_ting] ejecuciГіn 3/5 (0.0 s)
      вҖў [Progreso: 114/120] | [MOEAD_WS-greedy_ting] ejecuciГіn 4/5 (0.0 s)
      вҖў [Progreso: 115/120] | [MOEAD_WS-greedy_ting] ejecuciГіn 5/5 (0.0 s)
      вҖў [Progreso: 116/120] | [MOEAD_WS-greedy_hybrid] ejecuciГіn 1/5 (0.0 s)
      вҖў [Progreso: 117/120] | [MOEAD_WS-greedy_hybrid] ejecuciГіn 2/5 (0.0 s)
      вҖў [Progreso: 118/120] | [MOEAD_WS-greedy_hybrid] ejecuciГіn 3/5 (0.0 s)
      вҖў [Progreso: 119/120] | [MOEAD_WS-greedy_hybrid] ejecuciГіn 4/5 (0.0 s)
      вҖў [Progreso: 120/120] | [MOEAD_WS-greedy_hybrid] ejecuciГіn 5/5 (0.0 s)
      вҖў MГ©tricas finales completadas: 120 ejecuciones en 0.0s

    вҖў Iniciando mГ©tricas generacionales: 120 ejecuciones con historial
      вҖў [Progreso:   1/120] | [NSGA2-random_sparse] ejecuciГіn 1/5 (0.1 s)
      вҖў [Progreso:   2/120] | [NSGA2-random_sparse] ejecuciГіn 2/5 (0.1 s)
      вҖў [Progreso:   3/120] | [NSGA2-random_sparse] ejecuciГіn 3/5 (0.1 s)
      вҖў [Progreso:   4/120] | [NSGA2-random_sparse] ejecuciГіn 4/5 (0.1 s)
      вҖў [Progreso:   5/120] | [NSGA2-random_sparse] ejecuciГіn 5/5 (0.1 s)
      вҖў [Progreso:   6/120] | [NSGA2-random_dense] ejecuciГіn 1/5 (0.1 s)
      вҖў [Progreso:   7/120] | [NSGA2-random_dense] ejecuciГіn 2/5 (0.1 s)
      вҖў [Progreso:   8/120] | [NSGA2-random_dense] ejecuciГіn 5/5 (0.1 s)
      вҖў [Progreso:   9/120] | [NSGA2-greedy_ting] ejecuciГіn 4/5 (0.1 s)
      вҖў [Progreso:  10/120] | [NSGA2-greedy_ting] ejecuciГіn 5/5 (0.1 s)
      вҖў [Progreso:  11/120] | [NSGA2-greedy_hybrid] ejecuciГіn 1/5 (0.1 s)
      вҖў [Progreso:  12/120] | [NSGA2-random_dense] ejecuciГіn 3/5 (0.2 s)
      вҖў [Progreso:  13/120] | [NSGA3-random_sparse] ejecuciГіn 3/5 (0.1 s)
      вҖў [Progreso:  14/120] | [NSGA2-random_dense] ejecuciГіn 4/5 (0.2 s)
      вҖў [Progreso:  15/120] | [NSGA2-greedy_hybrid] ejecuciГіn 3/5 (0.1 s)
      вҖў [Progreso:  16/120] | [NSGA2-greedy_hybrid] ejecuciГіn 5/5 (0.1 s)
      вҖў [Progreso:  17/120] | [NSGA2-greedy_ting] ejecuciГіn 1/5 (0.2 s)
      вҖў [Progreso:  18/120] | [NSGA2-greedy_ting] ejecuciГіn 2/5 (0.2 s)
      вҖў [Progreso:  19/120] | [NSGA2-greedy_ting] ejecuciГіn 3/5 (0.2 s)
      вҖў [Progreso:  20/120] | [NSGA3-random_sparse] ejecuciГіn 1/5 (0.2 s)
      вҖў [Progreso:  21/120] | [NSGA3-random_dense] ejecuciГіn 1/5 (0.1 s)
      вҖў [Progreso:  22/120] | [NSGA3-random_sparse] ejecuciГіn 4/5 (0.1 s)
      вҖў [Progreso:  23/120] | [NSGA3-random_sparse] ejecuciГіn 2/5 (0.2 s)
      вҖў [Progreso:  24/120] | [NSGA3-random_dense] ejecuciГіn 4/5 (0.1 s)
      вҖў [Progreso:  25/120] | [NSGA3-random_sparse] ejecuciГіn 5/5 (0.2 s)
      вҖў [Progreso:  26/120] | [NSGA2-greedy_hybrid] ejecuciГіn 2/5 (0.2 s)
      вҖў [Progreso:  27/120] | [NSGA3-random_dense] ejecuciГіn 3/5 (0.2 s)
      вҖў [Progreso:  28/120] | [NSGA2-greedy_hybrid] ejecuciГіn 4/5 (0.2 s)
      вҖў [Progreso:  29/120] | [NSGA3-random_dense] ejecuciГіn 5/5 (0.2 s)
      вҖў [Progreso:  30/120] | [NSGA3-random_dense] ejecuciГіn 2/5 (0.2 s)
      вҖў [Progreso:  31/120] | [NSGA3-greedy_hybrid] ejecuciГіn 3/5 (0.1 s)
      вҖў [Progreso:  32/120] | [NSGA3-greedy_ting] ejecuciГіn 1/5 (0.2 s)
      вҖў [Progreso:  33/120] | [NSGA3-greedy_hybrid] ejecuciГіn 5/5 (0.1 s)
      вҖў [Progreso:  34/120] | [NSGA3-greedy_ting] ejecuciГіn 2/5 (0.2 s)
      вҖў [Progreso:  35/120] | [NSGA3-greedy_ting] ejecuciГіn 3/5 (0.2 s)
      вҖў [Progreso:  36/120] | [NSGA3-greedy_ting] ejecuciГіn 5/5 (0.2 s)
      вҖў [Progreso:  37/120] | [NSGA3-greedy_hybrid] ejecuciГіn 1/5 (0.2 s)
      вҖў [Progreso:  38/120] | [NSGA3-greedy_hybrid] ejecuciГіn 2/5 (0.2 s)
      вҖў [Progreso:  39/120] | [SPEA2-random_sparse] ejecuciГіn 2/5 (0.2 s)
      вҖў [Progreso:  40/120] | [NSGA3-greedy_ting] ejecuciГіn 4/5 (0.2 s)
      вҖў [Progreso:  41/120] | [SPEA2-random_sparse] ejecuciГіn 3/5 (0.2 s)
      вҖў [Progreso:  42/120] | [SPEA2-random_sparse] ejecuciГіn 4/5 (0.2 s)
      вҖў [Progreso:  43/120] | [SPEA2-random_sparse] ejecuciГіn 5/5 (0.2 s)
      вҖў [Progreso:  44/120] | [SPEA2-random_dense] ejecuciГіn 1/5 (0.2 s)
      вҖў [Progreso:  45/120] | [SPEA2-random_dense] ejecuciГіn 3/5 (0.2 s)
      вҖў [Progreso:  46/120] | [SPEA2-random_dense] ejecuciГіn 4/5 (0.2 s)
      вҖў [Progreso:  47/120] | [SPEA2-random_sparse] ejecuciГіn 1/5 (0.2 s)
      вҖў [Progreso:  48/120] | [NSGA3-greedy_hybrid] ejecuciГіn 4/5 (0.2 s)
      вҖў [Progreso:  49/120] | [SPEA2-random_dense] ejecuciГіn 2/5 (0.2 s)
      вҖў [Progreso:  50/120] | [SPEA2-greedy_ting] ejecuciГіn 3/5 (0.1 s)
      вҖў [Progreso:  51/120] | [SPEA2-random_dense] ejecuciГіn 5/5 (0.2 s)
      вҖў [Progreso:  52/120] | [SPEA2-greedy_ting] ejecuciГіn 5/5 (0.1 s)
      вҖў [Progreso:  53/120] | [SPEA2-greedy_ting] ejecuciГіn 1/5 (0.2 s)
      вҖў [Progreso:  54/120] | [MOEAD_TCHE-random_dense] ejecuciГіn 2/5 (0.1 s)
      вҖў [Progreso:  55/120] | [SPEA2-greedy_hybrid] ejecuciГіn 1/5 (0.2 s)
      вҖў [Progreso:  56/120] | [MOEAD_TCHE-random_dense] ejecuciГіn 4/5 (0.1 s)
      вҖў [Progreso:  57/120] | [SPEA2-greedy_hybrid] ejecuciГіn 2/5 (0.2 s)
      вҖў [Progreso:  58/120] | [SPEA2-greedy_ting] ejecuciГіn 2/5 (0.2 s)
      вҖў [Progreso:  59/120] | [MOEAD_TCHE-random_sparse] ejecuciГіn 1/5 (0.1 s)
      вҖў [Progreso:  60/120] | [SPEA2-greedy_hybrid] ejecuciГіn 3/5 (0.2 s)
      вҖў [Progreso:  61/120] | [SPEA2-greedy_hybrid] ejecuciГіn 4/5 (0.2 s)
      вҖў [Progreso:  62/120] | [SPEA2-greedy_hybrid] ejecuciГіn 5/5 (0.2 s)
      вҖў [Progreso:  63/120] | [MOEAD_TCHE-random_sparse] ejecuciГіn 4/5 (0.1 s)
      вҖў [Progreso:  64/120] | [MOEAD_TCHE-random_sparse] ejecuciГіn 5/5 (0.1 s)
      вҖў [Progreso:  65/120] | [MOEAD_TCHE-random_dense] ejecuciГіn 1/5 (0.1 s)
      вҖў [Progreso:  66/120] | [MOEAD_TCHE-random_sparse] ejecuciГіn 3/5 (0.1 s)
      вҖў [Progreso:  67/120] | [SPEA2-greedy_ting] ejecuciГіn 4/5 (0.2 s)
      вҖў [Progreso:  68/120] | [MOEAD_TCHE-random_dense] ejecuciГіn 3/5 (0.1 s)
      вҖў [Progreso:  69/120] | [MOEAD_TCHE-random_sparse] ejecuciГіn 2/5 (0.2 s)
      вҖў [Progreso:  70/120] | [MOEAD_TCHE-greedy_hybrid] ejecuciГіn 3/5 (0.1 s)
      вҖў [Progreso:  71/120] | [MOEAD_TCHE-random_dense] ejecuciГіn 5/5 (0.2 s)
      вҖў [Progreso:  72/120] | [MOEAD_TCHE-greedy_ting] ejecuciГіn 4/5 (0.1 s)
      вҖў [Progreso:  73/120] | [MOEAD_PBI-random_sparse] ejecuciГіn 4/5 (0.1 s)
      вҖў [Progreso:  74/120] | [MOEAD_PBI-random_sparse] ejecuciГіn 1/5 (0.1 s)
      вҖў [Progreso:  75/120] | [MOEAD_TCHE-greedy_hybrid] ejecuciГіn 1/5 (0.1 s)
      вҖў [Progreso:  76/120] | [MOEAD_TCHE-greedy_ting] ejecuciГіn 1/5 (0.2 s)
      вҖў [Progreso:  77/120] | [MOEAD_TCHE-greedy_ting] ejecuciГіn 2/5 (0.2 s)
      вҖў [Progreso:  78/120] | [MOEAD_TCHE-greedy_hybrid] ejecuciГіn 2/5 (0.1 s)
      вҖў [Progreso:  79/120] | [MOEAD_TCHE-greedy_hybrid] ejecuciГіn 4/5 (0.1 s)
      вҖў [Progreso:  80/120] | [MOEAD_TCHE-greedy_ting] ejecuciГіn 3/5 (0.2 s)
      вҖў [Progreso:  81/120] | [MOEAD_TCHE-greedy_hybrid] ejecuciГіn 5/5 (0.1 s)
      вҖў [Progreso:  82/120] | [MOEAD_TCHE-greedy_ting] ejecuciГіn 5/5 (0.2 s)
      вҖў [Progreso:  83/120] | [MOEAD_PBI-random_sparse] ejecuciГіn 2/5 (0.1 s)
      вҖў [Progreso:  84/120] | [MOEAD_PBI-random_dense] ejecuciГіn 2/5 (0.1 s)
      вҖў [Progreso:  85/120] | [MOEAD_PBI-random_dense] ejecuciГіn 4/5 (0.1 s)
      вҖў [Progreso:  86/120] | [MOEAD_PBI-random_sparse] ejecuciГіn 3/5 (0.1 s)
      вҖў [Progreso:  87/120] | [MOEAD_PBI-random_dense] ejecuciГіn 5/5 (0.1 s)
      вҖў [Progreso:  88/120] | [MOEAD_PBI-random_dense] ejecuciГіn 1/5 (0.1 s)
      вҖў [Progreso:  89/120] | [MOEAD_PBI-greedy_ting] ejecuciГіn 2/5 (0.1 s)
      вҖў [Progreso:  90/120] | [MOEAD_PBI-random_dense] ejecuciГіn 3/5 (0.1 s)
      вҖў [Progreso:  91/120] | [MOEAD_PBI-random_sparse] ejecuciГіn 5/5 (0.2 s)
      вҖў [Progreso:  92/120] | [MOEAD_PBI-greedy_ting] ejecuciГіn 4/5 (0.1 s)
      вҖў [Progreso:  93/120] | [MOEAD_PBI-greedy_ting] ejecuciГіn 3/5 (0.1 s)
      вҖў [Progreso:  94/120] | [MOEAD_PBI-greedy_ting] ejecuciГіn 1/5 (0.2 s)
      вҖў [Progreso:  95/120] | [MOEAD_WS-random_sparse] ejecuciГіn 3/5 (0.1 s)
      вҖў [Progreso:  96/120] | [MOEAD_PBI-greedy_ting] ejecuciГіn 5/5 (0.1 s)
      вҖў [Progreso:  97/120] | [MOEAD_PBI-greedy_hybrid] ejecuciГіn 3/5 (0.1 s)
      вҖў [Progreso:  98/120] | [MOEAD_PBI-greedy_hybrid] ejecuciГіn 5/5 (0.1 s)
      вҖў [Progreso:  99/120] | [MOEAD_WS-random_sparse] ejecuciГіn 2/5 (0.1 s)
      вҖў [Progreso: 100/120] | [MOEAD_WS-random_dense] ejecuciГіn 5/5 (0.1 s)
      вҖў [Progreso: 101/120] | [MOEAD_PBI-greedy_hybrid] ejecuciГіn 2/5 (0.1 s)
      вҖў [Progreso: 102/120] | [MOEAD_WS-random_dense] ejecuciГіn 1/5 (0.1 s)
      вҖў [Progreso: 103/120] | [MOEAD_PBI-greedy_hybrid] ejecuciГіn 1/5 (0.2 s)
      вҖў [Progreso: 104/120] | [MOEAD_WS-random_sparse] ejecuciГіn 5/5 (0.1 s)
      вҖў [Progreso: 105/120] | [MOEAD_WS-random_dense] ejecuciГіn 4/5 (0.1 s)
      вҖў [Progreso: 106/120] | [MOEAD_WS-random_dense] ejecuciГіn 3/5 (0.1 s)
      вҖў [Progreso: 107/120] | [MOEAD_WS-random_dense] ejecuciГіn 2/5 (0.1 s)
      вҖў [Progreso: 108/120] | [MOEAD_PBI-greedy_hybrid] ejecuciГіn 4/5 (0.2 s)
      вҖў [Progreso: 109/120] | [MOEAD_WS-random_sparse] ejecuciГіn 1/5 (0.2 s)
      вҖў [Progreso: 110/120] | [MOEAD_WS-greedy_hybrid] ejecuciГіn 2/5 (0.1 s)
      вҖў [Progreso: 111/120] | [MOEAD_WS-greedy_ting] ejecuciГіn 5/5 (0.1 s)
      вҖў [Progreso: 112/120] | [MOEAD_WS-greedy_hybrid] ejecuciГіn 1/5 (0.1 s)
      вҖў [Progreso: 113/120] | [MOEAD_WS-greedy_ting] ejecuciГіn 4/5 (0.1 s)
      вҖў [Progreso: 114/120] | [MOEAD_WS-random_sparse] ejecuciГіn 4/5 (0.2 s)
      вҖў [Progreso: 115/120] | [MOEAD_WS-greedy_ting] ejecuciГіn 1/5 (0.1 s)
      вҖў [Progreso: 116/120] | [MOEAD_WS-greedy_hybrid] ejecuciГіn 4/5 (0.1 s)
      вҖў [Progreso: 117/120] | [MOEAD_WS-greedy_hybrid] ejecuciГіn 3/5 (0.1 s)
      вҖў [Progreso: 118/120] | [MOEAD_WS-greedy_hybrid] ejecuciГіn 5/5 (0.1 s)
      вҖў [Progreso: 119/120] | [MOEAD_WS-greedy_ting] ejecuciГіn 2/5 (0.2 s)
      вҖў [Progreso: 120/120] | [MOEAD_WS-greedy_ting] ejecuciГіn 3/5 (0.1 s)
      вҖў MГ©tricas generacionales completadas: 120 ejecuciones en 1.0s

  рҹ“Ҡ  [1mTrazabilidad y ExportaciГіn de Datos (CSV)[0m
  в”Җв”Җв”Җв”Җв”Җв”Җв”Җв”Җв”Җв”Җв”Җв”Җв”Җв”Җв”Җв”Җв”Җв”Җв”Җв”Җв”Җв”Җв”Җв”Җв”Җв”Җв”Җв”Җв”Җв”Җв”Җв”Җв”Җв”Җв”Җв”Җв”Җв”Җв”Җв”Җв”Җв”Җв”Җв”Җв”Җв”Җв”Җ
      рҹ–јпёҸ  Resultados detallados por ejecuciГіn: ]8;;file:///home/usuario/Escritorio/cofer_tfg/snp_tag_problem/snp_tag/results/full/hinds2005/greedy_hybrid-greedy_ting-random_dense-random_sparse/20260430T185224/1_ejecuciones/resultados_detallados_full.csv\ [36mresultados_detallados_full.csv[0m]8;;\
      рҹ–јпёҸ  Historial evolutivo generacional: ]8;;file:///home/usuario/Escritorio/cofer_tfg/snp_tag_problem/snp_tag/results/full/hinds2005/greedy_hybrid-greedy_ting-random_dense-random_sparse/20260430T185224/1_ejecuciones/historico_generacional_full.csv\ [36mhistorico_generacional_full.csv[0m]8;;\
      рҹ–јпёҸ  Soluciones de frentes finales (CSV): ]8;;file:///home/usuario/Escritorio/cofer_tfg/snp_tag_problem/snp_tag/results/full/hinds2005/greedy_hybrid-greedy_ting-random_dense-random_sparse/20260430T185224/1_ejecuciones/frentes_pareto_full.csv\ [36mfrentes_pareto_full.csv[0m]8;;\

  рҹ“Қ  [1mPuntos CrГӯticos del Espacio de Objetivos[0m
  в”Җв”Җв”Җв”Җв”Җв”Җв”Җв”Җв”Җв”Җв”Җв”Җв”Җв”Җв”Җв”Җв”Җв”Җв”Җв”Җв”Җв”Җв”Җв”Җв”Җв”Җв”Җв”Җв”Җв”Җв”Җв”Җв”Җв”Җв”Җв”Җв”Җв”Җв”Җв”Җв”Җв”Җв”Җв”Җв”Җв”Җ
      вҖў [1mPunto Ideal EmpГӯrico (mejor)[0m: [ 8.00000000e+00 -9.80000000e+01 -5.10268913e-01  1.35335651e-03]
      вҖў [1mPunto Nadir EmpГӯrico (peor)[0m: [ 4.46000000e+02 -0.00000000e+00 -1.57928065e-01  3.38225932e-02]
      вҖў [1mPunto Ideal TeГіrico (Ref)[0m: [   1. -128.   -1.    0.]
      вҖў [1mPunto Nadir TeГіrico (Ref)[0m: [7.72000000e+02 1.00000000e+00 8.27403709e-17 2.50000000e-01]
      вҖў [1mPunto Ref. Hipervolumen (1.1)[0m: [8.49100000e+02 1.39000000e+01 1.00000001e-01 2.75000001e-01]

[93m[1mв•”в•җв•җв•җв•җв•җв•җв•җв•җв•җв•җв•җв•җв•җв•җв•җв•җв•җв•җв•җв•җв•җв•җв•җв•җв•җв•җв•җв•җв•җв•җв•җв•җв•җв•җв•җв•җв•җв•җв•җв•җв•җв•җв•җв•җв•җв•җв•җв•җв•җв•җв•җв•җв•җв•җв•җв•җв•җв•җв•җв•җв•җв•җв•җв•җв•җв•җв•җв•җв•җв•җв•җв•җв•җв•җв•җв•җв•җв•җв•—
[93m[1mв•‘                           REPORTES Y VISUALIZACIГ“N                           в•‘
[93m[1mв•ҡв•җв•җв•җв•җв•җв•җв•җв•җв•җв•җв•җв•җв•җв•җв•җв•җв•җв•җв•җв•җв•җв•җв•җв•җв•җв•җв•җв•җв•җв•җв•җв•җв•җв•җв•җв•җв•җв•җв•җв•җв•җв•җв•җв•җв•җв•җв•җв•җв•җв•җв•җв•җв•җв•җв•җв•җв•җв•җв•җв•җв•җв•җв•җв•җв•җв•җв•җв•җв•җв•җв•җв•җв•җв•җв•җв•җв•җв•җв•қ[0m

  рҹ”Қ  [1mDistribuciГіn y CorrelaciГіn de Frentes de Pareto[0m
  в”Җв”Җв”Җв”Җв”Җв”Җв”Җв”Җв”Җв”Җв”Җв”Җв”Җв”Җв”Җв”Җв”Җв”Җв”Җв”Җв”Җв”Җв”Җв”Җв”Җв”Җв”Җв”Җв”Җв”Җв”Җв”Җв”Җв”Җв”Җв”Җв”Җв”Җв”Җв”Җв”Җв”Җв”Җв”Җв”Җв”Җв”Җв”Җв”Җв”Җв”Җв”Җв”Җ

  рҹ”—  [1mCorrelaciГіn de Objetivos[0m
  в”Җв”Җв”Җв”Җв”Җв”Җв”Җв”Җв”Җв”Җв”Җв”Җв”Җв”Җв”Җв”Җв”Җв”Җв”Җв”Җв”Җв”Җв”Җв”Җв”Җв”Җв”Җв”Җв”Җв”Җ
      рҹ–јпёҸ  CorrelaciГіn objetivos Pareto (Valores Reales): ]8;;file:///home/usuario/Escritorio/cofer_tfg/snp_tag_problem/snp_tag/results/full/hinds2005/greedy_hybrid-greedy_ting-random_dense-random_sparse/20260430T185224/2_comparativa/1_frentes/otros/correlacion_objetivos_pareto_full.png\ [36mcorrelacion_objetivos_pareto_full.png[0m]8;;\

  рҹ“Ҳ  [1mCoordenadas Paralelas[0m
  в”Җв”Җв”Җв”Җв”Җв”Җв”Җв”Җв”Җв”Җв”Җв”Җв”Җв”Җв”Җв”Җв”Җв”Җв”Җв”Җв”Җв”Җв”Җв”Җв”Җв”Җв”Җ
      рҹ–јпёҸ  Coordenadas paralelas MOEAD_PBI (greedy_hybrid): ]8;;file:///home/usuario/Escritorio/cofer_tfg/snp_tag_problem/snp_tag/results/full/hinds2005/greedy_hybrid-greedy_ting-random_dense-random_sparse/20260430T185224/2_comparativa/1_frentes/coordenadas_paralelas/coordenadas_paralelas_MOEAD_PBI_greedy_hybrid_full.png\ [36mcoordenadas_paralelas_MOEAD_PBI_greedy_hybrid_full.png[0m]8;;\
      рҹ–јпёҸ  Coordenadas paralelas MOEAD_PBI (greedy_ting): ]8;;file:///home/usuario/Escritorio/cofer_tfg/snp_tag_problem/snp_tag/results/full/hinds2005/greedy_hybrid-greedy_ting-random_dense-random_sparse/20260430T185224/2_comparativa/1_frentes/coordenadas_paralelas/coordenadas_paralelas_MOEAD_PBI_greedy_ting_full.png\ [36mcoordenadas_paralelas_MOEAD_PBI_greedy_ting_full.png[0m]8;;\
      рҹ–јпёҸ  Coordenadas paralelas MOEAD_PBI (random_dense): ]8;;file:///home/usuario/Escritorio/cofer_tfg/snp_tag_problem/snp_tag/results/full/hinds2005/greedy_hybrid-greedy_ting-random_dense-random_sparse/20260430T185224/2_comparativa/1_frentes/coordenadas_paralelas/coordenadas_paralelas_MOEAD_PBI_random_dense_full.png\ [36mcoordenadas_paralelas_MOEAD_PBI_random_dense_full.png[0m]8;;\
      рҹ–јпёҸ  Coordenadas paralelas MOEAD_PBI (random_sparse): ]8;;file:///home/usuario/Escritorio/cofer_tfg/snp_tag_problem/snp_tag/results/full/hinds2005/greedy_hybrid-greedy_ting-random_dense-random_sparse/20260430T185224/2_comparativa/1_frentes/coordenadas_paralelas/coordenadas_paralelas_MOEAD_PBI_random_sparse_full.png\ [36mcoordenadas_paralelas_MOEAD_PBI_random_sparse_full.png[0m]8;;\
      рҹ–јпёҸ  Coordenadas paralelas MOEAD_TCHE (greedy_hybrid): ]8;;file:///home/usuario/Escritorio/cofer_tfg/snp_tag_problem/snp_tag/results/full/hinds2005/greedy_hybrid-greedy_ting-random_dense-random_sparse/20260430T185224/2_comparativa/1_frentes/coordenadas_paralelas/coordenadas_paralelas_MOEAD_TCHE_greedy_hybrid_full.png\ [36mcoordenadas_paralelas_MOEAD_TCHE_greedy_hybrid_full.png[0m]8;;\
      рҹ–јпёҸ  Coordenadas paralelas MOEAD_TCHE (greedy_ting): ]8;;file:///home/usuario/Escritorio/cofer_tfg/snp_tag_problem/snp_tag/results/full/hinds2005/greedy_hybrid-greedy_ting-random_dense-random_sparse/20260430T185224/2_comparativa/1_frentes/coordenadas_paralelas/coordenadas_paralelas_MOEAD_TCHE_greedy_ting_full.png\ [36mcoordenadas_paralelas_MOEAD_TCHE_greedy_ting_full.png[0m]8;;\
      рҹ–јпёҸ  Coordenadas paralelas MOEAD_TCHE (random_dense): ]8;;file:///home/usuario/Escritorio/cofer_tfg/snp_tag_problem/snp_tag/results/full/hinds2005/greedy_hybrid-greedy_ting-random_dense-random_sparse/20260430T185224/2_comparativa/1_frentes/coordenadas_paralelas/coordenadas_paralelas_MOEAD_TCHE_random_dense_full.png\ [36mcoordenadas_paralelas_MOEAD_TCHE_random_dense_full.png[0m]8;;\
      рҹ–јпёҸ  Coordenadas paralelas MOEAD_TCHE (random_sparse): ]8;;file:///home/usuario/Escritorio/cofer_tfg/snp_tag_problem/snp_tag/results/full/hinds2005/greedy_hybrid-greedy_ting-random_dense-random_sparse/20260430T185224/2_comparativa/1_frentes/coordenadas_paralelas/coordenadas_paralelas_MOEAD_TCHE_random_sparse_full.png\ [36mcoordenadas_paralelas_MOEAD_TCHE_random_sparse_full.png[0m]8;;\
      рҹ–јпёҸ  Coordenadas paralelas MOEAD_WS (greedy_hybrid): ]8;;file:///home/usuario/Escritorio/cofer_tfg/snp_tag_problem/snp_tag/results/full/hinds2005/greedy_hybrid-greedy_ting-random_dense-random_sparse/20260430T185224/2_comparativa/1_frentes/coordenadas_paralelas/coordenadas_paralelas_MOEAD_WS_greedy_hybrid_full.png\ [36mcoordenadas_paralelas_MOEAD_WS_greedy_hybrid_full.png[0m]8;;\
      рҹ–јпёҸ  Coordenadas paralelas MOEAD_WS (greedy_ting): ]8;;file:///home/usuario/Escritorio/cofer_tfg/snp_tag_problem/snp_tag/results/full/hinds2005/greedy_hybrid-greedy_ting-random_dense-random_sparse/20260430T185224/2_comparativa/1_frentes/coordenadas_paralelas/coordenadas_paralelas_MOEAD_WS_greedy_ting_full.png\ [36mcoordenadas_paralelas_MOEAD_WS_greedy_ting_full.png[0m]8;;\
      рҹ–јпёҸ  Coordenadas paralelas MOEAD_WS (random_dense): ]8;;file:///home/usuario/Escritorio/cofer_tfg/snp_tag_problem/snp_tag/results/full/hinds2005/greedy_hybrid-greedy_ting-random_dense-random_sparse/20260430T185224/2_comparativa/1_frentes/coordenadas_paralelas/coordenadas_paralelas_MOEAD_WS_random_dense_full.png\ [36mcoordenadas_paralelas_MOEAD_WS_random_dense_full.png[0m]8;;\
      рҹ–јпёҸ  Coordenadas paralelas MOEAD_WS (random_sparse): ]8;;file:///home/usuario/Escritorio/cofer_tfg/snp_tag_problem/snp_tag/results/full/hinds2005/greedy_hybrid-greedy_ting-random_dense-random_sparse/20260430T185224/2_comparativa/1_frentes/coordenadas_paralelas/coordenadas_paralelas_MOEAD_WS_random_sparse_full.png\ [36mcoordenadas_paralelas_MOEAD_WS_random_sparse_full.png[0m]8;;\
      рҹ–јпёҸ  Coordenadas paralelas NSGA2 (greedy_hybrid): ]8;;file:///home/usuario/Escritorio/cofer_tfg/snp_tag_problem/snp_tag/results/full/hinds2005/greedy_hybrid-greedy_ting-random_dense-random_sparse/20260430T185224/2_comparativa/1_frentes/coordenadas_paralelas/coordenadas_paralelas_NSGA2_greedy_hybrid_full.png\ [36mcoordenadas_paralelas_NSGA2_greedy_hybrid_full.png[0m]8;;\
      рҹ–јпёҸ  Coordenadas paralelas NSGA2 (greedy_ting): ]8;;file:///home/usuario/Escritorio/cofer_tfg/snp_tag_problem/snp_tag/results/full/hinds2005/greedy_hybrid-greedy_ting-random_dense-random_sparse/20260430T185224/2_comparativa/1_frentes/coordenadas_paralelas/coordenadas_paralelas_NSGA2_greedy_ting_full.png\ [36mcoordenadas_paralelas_NSGA2_greedy_ting_full.png[0m]8;;\
      рҹ–јпёҸ  Coordenadas paralelas NSGA2 (random_dense): ]8;;file:///home/usuario/Escritorio/cofer_tfg/snp_tag_problem/snp_tag/results/full/hinds2005/greedy_hybrid-greedy_ting-random_dense-random_sparse/20260430T185224/2_comparativa/1_frentes/coordenadas_paralelas/coordenadas_paralelas_NSGA2_random_dense_full.png\ [36mcoordenadas_paralelas_NSGA2_random_dense_full.png[0m]8;;\
      рҹ–јпёҸ  Coordenadas paralelas NSGA2 (random_sparse): ]8;;file:///home/usuario/Escritorio/cofer_tfg/snp_tag_problem/snp_tag/results/full/hinds2005/greedy_hybrid-greedy_ting-random_dense-random_sparse/20260430T185224/2_comparativa/1_frentes/coordenadas_paralelas/coordenadas_paralelas_NSGA2_random_sparse_full.png\ [36mcoordenadas_paralelas_NSGA2_random_sparse_full.png[0m]8;;\
      рҹ–јпёҸ  Coordenadas paralelas NSGA3 (greedy_hybrid): ]8;;file:///home/usuario/Escritorio/cofer_tfg/snp_tag_problem/snp_tag/results/full/hinds2005/greedy_hybrid-greedy_ting-random_dense-random_sparse/20260430T185224/2_comparativa/1_frentes/coordenadas_paralelas/coordenadas_paralelas_NSGA3_greedy_hybrid_full.png\ [36mcoordenadas_paralelas_NSGA3_greedy_hybrid_full.png[0m]8;;\
      рҹ–јпёҸ  Coordenadas paralelas NSGA3 (greedy_ting): ]8;;file:///home/usuario/Escritorio/cofer_tfg/snp_tag_problem/snp_tag/results/full/hinds2005/greedy_hybrid-greedy_ting-random_dense-random_sparse/20260430T185224/2_comparativa/1_frentes/coordenadas_paralelas/coordenadas_paralelas_NSGA3_greedy_ting_full.png\ [36mcoordenadas_paralelas_NSGA3_greedy_ting_full.png[0m]8;;\
      рҹ–јпёҸ  Coordenadas paralelas NSGA3 (random_dense): ]8;;file:///home/usuario/Escritorio/cofer_tfg/snp_tag_problem/snp_tag/results/full/hinds2005/greedy_hybrid-greedy_ting-random_dense-random_sparse/20260430T185224/2_comparativa/1_frentes/coordenadas_paralelas/coordenadas_paralelas_NSGA3_random_dense_full.png\ [36mcoordenadas_paralelas_NSGA3_random_dense_full.png[0m]8;;\
      рҹ–јпёҸ  Coordenadas paralelas NSGA3 (random_sparse): ]8;;file:///home/usuario/Escritorio/cofer_tfg/snp_tag_problem/snp_tag/results/full/hinds2005/greedy_hybrid-greedy_ting-random_dense-random_sparse/20260430T185224/2_comparativa/1_frentes/coordenadas_paralelas/coordenadas_paralelas_NSGA3_random_sparse_full.png\ [36mcoordenadas_paralelas_NSGA3_random_sparse_full.png[0m]8;;\
      рҹ–јпёҸ  Coordenadas paralelas SPEA2 (greedy_hybrid): ]8;;file:///home/usuario/Escritorio/cofer_tfg/snp_tag_problem/snp_tag/results/full/hinds2005/greedy_hybrid-greedy_ting-random_dense-random_sparse/20260430T185224/2_comparativa/1_frentes/coordenadas_paralelas/coordenadas_paralelas_SPEA2_greedy_hybrid_full.png\ [36mcoordenadas_paralelas_SPEA2_greedy_hybrid_full.png[0m]8;;\
      рҹ–јпёҸ  Coordenadas paralelas SPEA2 (greedy_ting): ]8;;file:///home/usuario/Escritorio/cofer_tfg/snp_tag_problem/snp_tag/results/full/hinds2005/greedy_hybrid-greedy_ting-random_dense-random_sparse/20260430T185224/2_comparativa/1_frentes/coordenadas_paralelas/coordenadas_paralelas_SPEA2_greedy_ting_full.png\ [36mcoordenadas_paralelas_SPEA2_greedy_ting_full.png[0m]8;;\
      рҹ–јпёҸ  Coordenadas paralelas SPEA2 (random_dense): ]8;;file:///home/usuario/Escritorio/cofer_tfg/snp_tag_problem/snp_tag/results/full/hinds2005/greedy_hybrid-greedy_ting-random_dense-random_sparse/20260430T185224/2_comparativa/1_frentes/coordenadas_paralelas/coordenadas_paralelas_SPEA2_random_dense_full.png\ [36mcoordenadas_paralelas_SPEA2_random_dense_full.png[0m]8;;\
      рҹ–јпёҸ  Coordenadas paralelas SPEA2 (random_sparse): ]8;;file:///home/usuario/Escritorio/cofer_tfg/snp_tag_problem/snp_tag/results/full/hinds2005/greedy_hybrid-greedy_ting-random_dense-random_sparse/20260430T185224/2_comparativa/1_frentes/coordenadas_paralelas/coordenadas_paralelas_SPEA2_random_sparse_full.png\ [36mcoordenadas_paralelas_SPEA2_random_sparse_full.png[0m]8;;\

  рҹҺҜ  [1mFrentes de Pareto[0m
  в”Җв”Җв”Җв”Җв”Җв”Җв”Җв”Җв”Җв”Җв”Җв”Җв”Җв”Җв”Җв”Җв”Җв”Җв”Җв”Җв”Җв”Җв”Җ
      рҹ–јпёҸ  Frente Pareto NSGA3 (greedy_hybrid): ]8;;file:///home/usuario/Escritorio/cofer_tfg/snp_tag_problem/snp_tag/results/full/hinds2005/greedy_hybrid-greedy_ting-random_dense-random_sparse/20260430T185224/2_comparativa/1_frentes/frentes_pareto/frentes_pareto_nsga3_greedy_hybrid_full.png\ [36mfrentes_pareto_nsga3_greedy_hybrid_full.png[0m]8;;\
      рҹ–јпёҸ  Frente Pareto NSGA3 (greedy_ting): ]8;;file:///home/usuario/Escritorio/cofer_tfg/snp_tag_problem/snp_tag/results/full/hinds2005/greedy_hybrid-greedy_ting-random_dense-random_sparse/20260430T185224/2_comparativa/1_frentes/frentes_pareto/frentes_pareto_nsga3_greedy_ting_full.png\ [36mfrentes_pareto_nsga3_greedy_ting_full.png[0m]8;;\
      рҹ–јпёҸ  Frente Pareto NSGA3 (random_dense): ]8;;file:///home/usuario/Escritorio/cofer_tfg/snp_tag_problem/snp_tag/results/full/hinds2005/greedy_hybrid-greedy_ting-random_dense-random_sparse/20260430T185224/2_comparativa/1_frentes/frentes_pareto/frentes_pareto_nsga3_random_dense_full.png\ [36mfrentes_pareto_nsga3_random_dense_full.png[0m]8;;\
      рҹ–јпёҸ  Frente Pareto NSGA3 (random_sparse): ]8;;file:///home/usuario/Escritorio/cofer_tfg/snp_tag_problem/snp_tag/results/full/hinds2005/greedy_hybrid-greedy_ting-random_dense-random_sparse/20260430T185224/2_comparativa/1_frentes/frentes_pareto/frentes_pareto_nsga3_random_sparse_full.png\ [36mfrentes_pareto_nsga3_random_sparse_full.png[0m]8;;\
      рҹ–јпёҸ  Frente Agregado: Frentes de Pareto Agregados: NSGA3: ]8;;file:///home/usuario/Escritorio/cofer_tfg/snp_tag_problem/snp_tag/results/full/hinds2005/greedy_hybrid-greedy_ting-random_dense-random_sparse/20260430T185224/2_comparativa/1_frentes/frentes_pareto/frentes_pareto_agregados_nsga3_full.png\ [36mfrentes_pareto_agregados_nsga3_full.png[0m]8;;\
      рҹ–јпёҸ  Frente Pareto MOEAD_TCHE (greedy_hybrid): ]8;;file:///home/usuario/Escritorio/cofer_tfg/snp_tag_problem/snp_tag/results/full/hinds2005/greedy_hybrid-greedy_ting-random_dense-random_sparse/20260430T185224/2_comparativa/1_frentes/frentes_pareto/frentes_pareto_moead_tche_greedy_hybrid_full.png\ [36mfrentes_pareto_moead_tche_greedy_hybrid_full.png[0m]8;;\
      рҹ–јпёҸ  Frente Pareto MOEAD_TCHE (greedy_ting): ]8;;file:///home/usuario/Escritorio/cofer_tfg/snp_tag_problem/snp_tag/results/full/hinds2005/greedy_hybrid-greedy_ting-random_dense-random_sparse/20260430T185224/2_comparativa/1_frentes/frentes_pareto/frentes_pareto_moead_tche_greedy_ting_full.png\ [36mfrentes_pareto_moead_tche_greedy_ting_full.png[0m]8;;\
      рҹ–јпёҸ  Frente Pareto MOEAD_TCHE (random_dense): ]8;;file:///home/usuario/Escritorio/cofer_tfg/snp_tag_problem/snp_tag/results/full/hinds2005/greedy_hybrid-greedy_ting-random_dense-random_sparse/20260430T185224/2_comparativa/1_frentes/frentes_pareto/frentes_pareto_moead_tche_random_dense_full.png\ [36mfrentes_pareto_moead_tche_random_dense_full.png[0m]8;;\
      рҹ–јпёҸ  Frente Pareto MOEAD_TCHE (random_sparse): ]8;;file:///home/usuario/Escritorio/cofer_tfg/snp_tag_problem/snp_tag/results/full/hinds2005/greedy_hybrid-greedy_ting-random_dense-random_sparse/20260430T185224/2_comparativa/1_frentes/frentes_pareto/frentes_pareto_moead_tche_random_sparse_full.png\ [36mfrentes_pareto_moead_tche_random_sparse_full.png[0m]8;;\
      рҹ–јпёҸ  Frente Agregado: Frentes de Pareto Agregados: MOEAD_TCHE: ]8;;file:///home/usuario/Escritorio/cofer_tfg/snp_tag_problem/snp_tag/results/full/hinds2005/greedy_hybrid-greedy_ting-random_dense-random_sparse/20260430T185224/2_comparativa/1_frentes/frentes_pareto/frentes_pareto_agregados_moead_tche_full.png\ [36mfrentes_pareto_agregados_moead_tche_full.png[0m]8;;\
      рҹ–јпёҸ  Frente Pareto MOEAD_PBI (greedy_hybrid): ]8;;file:///home/usuario/Escritorio/cofer_tfg/snp_tag_problem/snp_tag/results/full/hinds2005/greedy_hybrid-greedy_ting-random_dense-random_sparse/20260430T185224/2_comparativa/1_frentes/frentes_pareto/frentes_pareto_moead_pbi_greedy_hybrid_full.png\ [36mfrentes_pareto_moead_pbi_greedy_hybrid_full.png[0m]8;;\
      рҹ–јпёҸ  Frente Pareto MOEAD_PBI (greedy_ting): ]8;;file:///home/usuario/Escritorio/cofer_tfg/snp_tag_problem/snp_tag/results/full/hinds2005/greedy_hybrid-greedy_ting-random_dense-random_sparse/20260430T185224/2_comparativa/1_frentes/frentes_pareto/frentes_pareto_moead_pbi_greedy_ting_full.png\ [36mfrentes_pareto_moead_pbi_greedy_ting_full.png[0m]8;;\
      рҹ–јпёҸ  Frente Pareto MOEAD_PBI (random_dense): ]8;;file:///home/usuario/Escritorio/cofer_tfg/snp_tag_problem/snp_tag/results/full/hinds2005/greedy_hybrid-greedy_ting-random_dense-random_sparse/20260430T185224/2_comparativa/1_frentes/frentes_pareto/frentes_pareto_moead_pbi_random_dense_full.png\ [36mfrentes_pareto_moead_pbi_random_dense_full.png[0m]8;;\
      рҹ–јпёҸ  Frente Pareto MOEAD_PBI (random_sparse): ]8;;file:///home/usuario/Escritorio/cofer_tfg/snp_tag_problem/snp_tag/results/full/hinds2005/greedy_hybrid-greedy_ting-random_dense-random_sparse/20260430T185224/2_comparativa/1_frentes/frentes_pareto/frentes_pareto_moead_pbi_random_sparse_full.png\ [36mfrentes_pareto_moead_pbi_random_sparse_full.png[0m]8;;\
      рҹ–јпёҸ  Frente Agregado: Frentes de Pareto Agregados: MOEAD_PBI: ]8;;file:///home/usuario/Escritorio/cofer_tfg/snp_tag_problem/snp_tag/results/full/hinds2005/greedy_hybrid-greedy_ting-random_dense-random_sparse/20260430T185224/2_comparativa/1_frentes/frentes_pareto/frentes_pareto_agregados_moead_pbi_full.png\ [36mfrentes_pareto_agregados_moead_pbi_full.png[0m]8;;\
      рҹ–јпёҸ  Frente Pareto MOEAD_WS (greedy_hybrid): ]8;;file:///home/usuario/Escritorio/cofer_tfg/snp_tag_problem/snp_tag/results/full/hinds2005/greedy_hybrid-greedy_ting-random_dense-random_sparse/20260430T185224/2_comparativa/1_frentes/frentes_pareto/frentes_pareto_moead_ws_greedy_hybrid_full.png\ [36mfrentes_pareto_moead_ws_greedy_hybrid_full.png[0m]8;;\
      рҹ–јпёҸ  Frente Pareto MOEAD_WS (greedy_ting): ]8;;file:///home/usuario/Escritorio/cofer_tfg/snp_tag_problem/snp_tag/results/full/hinds2005/greedy_hybrid-greedy_ting-random_dense-random_sparse/20260430T185224/2_comparativa/1_frentes/frentes_pareto/frentes_pareto_moead_ws_greedy_ting_full.png\ [36mfrentes_pareto_moead_ws_greedy_ting_full.png[0m]8;;\
      рҹ–јпёҸ  Frente Pareto MOEAD_WS (random_dense): ]8;;file:///home/usuario/Escritorio/cofer_tfg/snp_tag_problem/snp_tag/results/full/hinds2005/greedy_hybrid-greedy_ting-random_dense-random_sparse/20260430T185224/2_comparativa/1_frentes/frentes_pareto/frentes_pareto_moead_ws_random_dense_full.png\ [36mfrentes_pareto_moead_ws_random_dense_full.png[0m]8;;\
      рҹ–јпёҸ  Frente Pareto MOEAD_WS (random_sparse): ]8;;file:///home/usuario/Escritorio/cofer_tfg/snp_tag_problem/snp_tag/results/full/hinds2005/greedy_hybrid-greedy_ting-random_dense-random_sparse/20260430T185224/2_comparativa/1_frentes/frentes_pareto/frentes_pareto_moead_ws_random_sparse_full.png\ [36mfrentes_pareto_moead_ws_random_sparse_full.png[0m]8;;\
      рҹ–јпёҸ  Frente Agregado: Frentes de Pareto Agregados: MOEAD_WS: ]8;;file:///home/usuario/Escritorio/cofer_tfg/snp_tag_problem/snp_tag/results/full/hinds2005/greedy_hybrid-greedy_ting-random_dense-random_sparse/20260430T185224/2_comparativa/1_frentes/frentes_pareto/frentes_pareto_agregados_moead_ws_full.png\ [36mfrentes_pareto_agregados_moead_ws_full.png[0m]8;;\
      рҹ–јпёҸ  Frente Pareto NSGA2 (greedy_hybrid): ]8;;file:///home/usuario/Escritorio/cofer_tfg/snp_tag_problem/snp_tag/results/full/hinds2005/greedy_hybrid-greedy_ting-random_dense-random_sparse/20260430T185224/2_comparativa/1_frentes/frentes_pareto/frentes_pareto_nsga2_greedy_hybrid_full.png\ [36mfrentes_pareto_nsga2_greedy_hybrid_full.png[0m]8;;\
      рҹ–јпёҸ  Frente Pareto NSGA2 (greedy_ting): ]8;;file:///home/usuario/Escritorio/cofer_tfg/snp_tag_problem/snp_tag/results/full/hinds2005/greedy_hybrid-greedy_ting-random_dense-random_sparse/20260430T185224/2_comparativa/1_frentes/frentes_pareto/frentes_pareto_nsga2_greedy_ting_full.png\ [36mfrentes_pareto_nsga2_greedy_ting_full.png[0m]8;;\
      рҹ–јпёҸ  Frente Pareto NSGA2 (random_dense): ]8;;file:///home/usuario/Escritorio/cofer_tfg/snp_tag_problem/snp_tag/results/full/hinds2005/greedy_hybrid-greedy_ting-random_dense-random_sparse/20260430T185224/2_comparativa/1_frentes/frentes_pareto/frentes_pareto_nsga2_random_dense_full.png\ [36mfrentes_pareto_nsga2_random_dense_full.png[0m]8;;\
      рҹ–јпёҸ  Frente Pareto NSGA2 (random_sparse): ]8;;file:///home/usuario/Escritorio/cofer_tfg/snp_tag_problem/snp_tag/results/full/hinds2005/greedy_hybrid-greedy_ting-random_dense-random_sparse/20260430T185224/2_comparativa/1_frentes/frentes_pareto/frentes_pareto_nsga2_random_sparse_full.png\ [36mfrentes_pareto_nsga2_random_sparse_full.png[0m]8;;\
      рҹ–јпёҸ  Frente Agregado: Frentes de Pareto Agregados: NSGA2: ]8;;file:///home/usuario/Escritorio/cofer_tfg/snp_tag_problem/snp_tag/results/full/hinds2005/greedy_hybrid-greedy_ting-random_dense-random_sparse/20260430T185224/2_comparativa/1_frentes/frentes_pareto/frentes_pareto_agregados_nsga2_full.png\ [36mfrentes_pareto_agregados_nsga2_full.png[0m]8;;\
      рҹ–јпёҸ  Frente Pareto SPEA2 (greedy_hybrid): ]8;;file:///home/usuario/Escritorio/cofer_tfg/snp_tag_problem/snp_tag/results/full/hinds2005/greedy_hybrid-greedy_ting-random_dense-random_sparse/20260430T185224/2_comparativa/1_frentes/frentes_pareto/frentes_pareto_spea2_greedy_hybrid_full.png\ [36mfrentes_pareto_spea2_greedy_hybrid_full.png[0m]8;;\
      рҹ–јпёҸ  Frente Pareto SPEA2 (greedy_ting): ]8;;file:///home/usuario/Escritorio/cofer_tfg/snp_tag_problem/snp_tag/results/full/hinds2005/greedy_hybrid-greedy_ting-random_dense-random_sparse/20260430T185224/2_comparativa/1_frentes/frentes_pareto/frentes_pareto_spea2_greedy_ting_full.png\ [36mfrentes_pareto_spea2_greedy_ting_full.png[0m]8;;\
      рҹ–јпёҸ  Frente Pareto SPEA2 (random_dense): ]8;;file:///home/usuario/Escritorio/cofer_tfg/snp_tag_problem/snp_tag/results/full/hinds2005/greedy_hybrid-greedy_ting-random_dense-random_sparse/20260430T185224/2_comparativa/1_frentes/frentes_pareto/frentes_pareto_spea2_random_dense_full.png\ [36mfrentes_pareto_spea2_random_dense_full.png[0m]8;;\
      рҹ–јпёҸ  Frente Pareto SPEA2 (random_sparse): ]8;;file:///home/usuario/Escritorio/cofer_tfg/snp_tag_problem/snp_tag/results/full/hinds2005/greedy_hybrid-greedy_ting-random_dense-random_sparse/20260430T185224/2_comparativa/1_frentes/frentes_pareto/frentes_pareto_spea2_random_sparse_full.png\ [36mfrentes_pareto_spea2_random_sparse_full.png[0m]8;;\
      рҹ–јпёҸ  Frente Agregado: Frentes de Pareto Agregados: SPEA2: ]8;;file:///home/usuario/Escritorio/cofer_tfg/snp_tag_problem/snp_tag/results/full/hinds2005/greedy_hybrid-greedy_ting-random_dense-random_sparse/20260430T185224/2_comparativa/1_frentes/frentes_pareto/frentes_pareto_agregados_spea2_full.png\ [36mfrentes_pareto_agregados_spea2_full.png[0m]8;;\
      рҹ–јпёҸ  Frente Agregado: Comparativa Global de Frentes de Pareto: ]8;;file:///home/usuario/Escritorio/cofer_tfg/snp_tag_problem/snp_tag/results/full/hinds2005/greedy_hybrid-greedy_ting-random_dense-random_sparse/20260430T185224/2_comparativa/1_frentes/frentes_pareto/frentes_pareto_global_full.png\ [36mfrentes_pareto_global_full.png[0m]8;;\
      вҖў Tiempo bloque 'Frentes de Pareto': 23.4s

  рҹ”„  [1mAnГЎlisis de Convergencia Progresiva[0m
  в”Җв”Җв”Җв”Җв”Җв”Җв”Җв”Җв”Җв”Җв”Җв”Җв”Җв”Җв”Җв”Җв”Җв”Җв”Җв”Җв”Җв”Җв”Җв”Җв”Җв”Җв”Җв”Җв”Җв”Җв”Җв”Җв”Җв”Җв”Җв”Җв”Җв”Җв”Җв”Җв”Җ
      рҹ–јпёҸ  Convergencia por mГ©trica (AvgHammingDistance) con subplots por algoritmo: ]8;;file:///home/usuario/Escritorio/cofer_tfg/snp_tag_problem/snp_tag/results/full/hinds2005/greedy_hybrid-greedy_ting-random_dense-random_sparse/20260430T185224/2_comparativa/2_metricas_convergencia/convergencia_avghammingdistance_full.png\ [36mconvergencia_avghammingdistance_full.png[0m]8;;\
      рҹ–јпёҸ  Convergencia por mГ©trica (AvgToleranceRate) con subplots por algoritmo: ]8;;file:///home/usuario/Escritorio/cofer_tfg/snp_tag_problem/snp_tag/results/full/hinds2005/greedy_hybrid-greedy_ting-random_dense-random_sparse/20260430T185224/2_comparativa/2_metricas_convergencia/convergencia_avgtolerancerate_full.png\ [36mconvergencia_avgtolerancerate_full.png[0m]8;;\
      рҹ–јпёҸ  Convergencia por mГ©trica (Hypervolume) con subplots por algoritmo: ]8;;file:///home/usuario/Escritorio/cofer_tfg/snp_tag_problem/snp_tag/results/full/hinds2005/greedy_hybrid-greedy_ting-random_dense-random_sparse/20260430T185224/2_comparativa/2_metricas_convergencia/convergencia_hypervolume_full.png\ [36mconvergencia_hypervolume_full.png[0m]8;;\
      рҹ–јпёҸ  Convergencia por mГ©trica (MaxToleranceRate) con subplots por algoritmo: ]8;;file:///home/usuario/Escritorio/cofer_tfg/snp_tag_problem/snp_tag/results/full/hinds2005/greedy_hybrid-greedy_ting-random_dense-random_sparse/20260430T185224/2_comparativa/2_metricas_convergencia/convergencia_maxtolerancerate_full.png\ [36mconvergencia_maxtolerancerate_full.png[0m]8;;\
      рҹ–јпёҸ  Convergencia por mГ©trica (MinSum) con subplots por algoritmo: ]8;;file:///home/usuario/Escritorio/cofer_tfg/snp_tag_problem/snp_tag/results/full/hinds2005/greedy_hybrid-greedy_ting-random_dense-random_sparse/20260430T185224/2_comparativa/2_metricas_convergencia/convergencia_minsum_full.png\ [36mconvergencia_minsum_full.png[0m]8;;\
      рҹ–јпёҸ  Convergencia por mГ©trica (Range) con subplots por algoritmo: ]8;;file:///home/usuario/Escritorio/cofer_tfg/snp_tag_problem/snp_tag/results/full/hinds2005/greedy_hybrid-greedy_ting-random_dense-random_sparse/20260430T185224/2_comparativa/2_metricas_convergencia/convergencia_range_full.png\ [36mconvergencia_range_full.png[0m]8;;\
      рҹ–јпёҸ  Convergencia por mГ©trica (SumMin) con subplots por algoritmo: ]8;;file:///home/usuario/Escritorio/cofer_tfg/snp_tag_problem/snp_tag/results/full/hinds2005/greedy_hybrid-greedy_ting-random_dense-random_sparse/20260430T185224/2_comparativa/2_metricas_convergencia/convergencia_summin_full.png\ [36mconvergencia_summin_full.png[0m]8;;\

  рҹ“Ҡ  [1mSГӯntesis EstadГӯstica Comparativa[0m
  в”Җв”Җв”Җв”Җв”Җв”Җв”Җв”Җв”Җв”Җв”Җв”Җв”Җв”Җв”Җв”Җв”Җв”Җв”Җв”Җв”Җв”Җв”Җв”Җв”Җв”Җв”Җв”Җв”Җв”Җв”Җв”Җв”Җв”Җв”Җв”Җв”Җв”Җ

  рҹ“Ұ  [1mResumen Global (Boxplots)[0m
  в”Җв”Җв”Җв”Җв”Җв”Җв”Җв”Җв”Җв”Җв”Җв”Җв”Җв”Җв”Җв”Җв”Җв”Җв”Җв”Җв”Җв”Җв”Җв”Җв”Җв”Җв”Җв”Җв”Җв”Җв”Җ
      рҹ–јпёҸ  Panel de Boxplots comparativos: ]8;;file:///home/usuario/Escritorio/cofer_tfg/snp_tag_problem/snp_tag/results/full/hinds2005/greedy_hybrid-greedy_ting-random_dense-random_sparse/20260430T185224/2_comparativa/3_sintesis/0_boxplots/boxplots_metricas_finales_full.png\ [36mboxplots_metricas_finales_full.png[0m]8;;\
      рҹ–јпёҸ  DistribuciГіn Range (Boxplot): ]8;;file:///home/usuario/Escritorio/cofer_tfg/snp_tag_problem/snp_tag/results/full/hinds2005/greedy_hybrid-greedy_ting-random_dense-random_sparse/20260430T185224/2_comparativa/3_sintesis/0_boxplots/boxplot_metricas_Range_full.png\ [36mboxplot_metricas_Range_full.png[0m]8;;\
      рҹ–јпёҸ  DistribuciГіn SumMin (Boxplot): ]8;;file:///home/usuario/Escritorio/cofer_tfg/snp_tag_problem/snp_tag/results/full/hinds2005/greedy_hybrid-greedy_ting-random_dense-random_sparse/20260430T185224/2_comparativa/3_sintesis/0_boxplots/boxplot_metricas_SumMin_full.png\ [36mboxplot_metricas_SumMin_full.png[0m]8;;\
      рҹ–јпёҸ  DistribuciГіn MinSum (Boxplot): ]8;;file:///home/usuario/Escritorio/cofer_tfg/snp_tag_problem/snp_tag/results/full/hinds2005/greedy_hybrid-greedy_ting-random_dense-random_sparse/20260430T185224/2_comparativa/3_sintesis/0_boxplots/boxplot_metricas_MinSum_full.png\ [36mboxplot_metricas_MinSum_full.png[0m]8;;\
      рҹ–јпёҸ  DistribuciГіn MaxToleranceRate (Boxplot): ]8;;file:///home/usuario/Escritorio/cofer_tfg/snp_tag_problem/snp_tag/results/full/hinds2005/greedy_hybrid-greedy_ting-random_dense-random_sparse/20260430T185224/2_comparativa/3_sintesis/0_boxplots/boxplot_metricas_MaxToleranceRate_full.png\ [36mboxplot_metricas_MaxToleranceRate_full.png[0m]8;;\
      рҹ–јпёҸ  DistribuciГіn AvgToleranceRate (Boxplot): ]8;;file:///home/usuario/Escritorio/cofer_tfg/snp_tag_problem/snp_tag/results/full/hinds2005/greedy_hybrid-greedy_ting-random_dense-random_sparse/20260430T185224/2_comparativa/3_sintesis/0_boxplots/boxplot_metricas_AvgToleranceRate_full.png\ [36mboxplot_metricas_AvgToleranceRate_full.png[0m]8;;\
      рҹ–јпёҸ  DistribuciГіn AvgHammingDistance (Boxplot): ]8;;file:///home/usuario/Escritorio/cofer_tfg/snp_tag_problem/snp_tag/results/full/hinds2005/greedy_hybrid-greedy_ting-random_dense-random_sparse/20260430T185224/2_comparativa/3_sintesis/0_boxplots/boxplot_metricas_AvgHammingDistance_full.png\ [36mboxplot_metricas_AvgHammingDistance_full.png[0m]8;;\
      рҹ–јпёҸ  DistribuciГіn Hypervolume (Boxplot): ]8;;file:///home/usuario/Escritorio/cofer_tfg/snp_tag_problem/snp_tag/results/full/hinds2005/greedy_hybrid-greedy_ting-random_dense-random_sparse/20260430T185224/2_comparativa/3_sintesis/0_boxplots/boxplot_metricas_Hypervolume_full.png\ [36mboxplot_metricas_Hypervolume_full.png[0m]8;;\

  рҹҺ»  [1mDistribuciones Detalladas (Violin Plots)[0m
  в”Җв”Җв”Җв”Җв”Җв”Җв”Җв”Җв”Җв”Җв”Җв”Җв”Җв”Җв”Җв”Җв”Җв”Җв”Җв”Җв”Җв”Җв”Җв”Җв”Җв”Җв”Җв”Җв”Җв”Җв”Җв”Җв”Җв”Җв”Җв”Җв”Җв”Җв”Җв”Җв”Җв”Җв”Җв”Җв”Җв”Җ
      рҹ–јпёҸ  Panel de DistribuciГіn Violin: ]8;;file:///home/usuario/Escritorio/cofer_tfg/snp_tag_problem/snp_tag/results/full/hinds2005/greedy_hybrid-greedy_ting-random_dense-random_sparse/20260430T185224/2_comparativa/3_sintesis/1_violines/violin_panel_metricas_finales_full.png\ [36mviolin_panel_metricas_finales_full.png[0m]8;;\
      рҹ–јпёҸ  DistribuciГіn Range (Violin): ]8;;file:///home/usuario/Escritorio/cofer_tfg/snp_tag_problem/snp_tag/results/full/hinds2005/greedy_hybrid-greedy_ting-random_dense-random_sparse/20260430T185224/2_comparativa/3_sintesis/1_violines/violin_metricas_Range_full.png\ [36mviolin_metricas_Range_full.png[0m]8;;\
      рҹ–јпёҸ  DistribuciГіn SumMin (Violin): ]8;;file:///home/usuario/Escritorio/cofer_tfg/snp_tag_problem/snp_tag/results/full/hinds2005/greedy_hybrid-greedy_ting-random_dense-random_sparse/20260430T185224/2_comparativa/3_sintesis/1_violines/violin_metricas_SumMin_full.png\ [36mviolin_metricas_SumMin_full.png[0m]8;;\
      рҹ–јпёҸ  DistribuciГіn MinSum (Violin): ]8;;file:///home/usuario/Escritorio/cofer_tfg/snp_tag_problem/snp_tag/results/full/hinds2005/greedy_hybrid-greedy_ting-random_dense-random_sparse/20260430T185224/2_comparativa/3_sintesis/1_violines/violin_metricas_MinSum_full.png\ [36mviolin_metricas_MinSum_full.png[0m]8;;\
      рҹ–јпёҸ  DistribuciГіn MaxToleranceRate (Violin): ]8;;file:///home/usuario/Escritorio/cofer_tfg/snp_tag_problem/snp_tag/results/full/hinds2005/greedy_hybrid-greedy_ting-random_dense-random_sparse/20260430T185224/2_comparativa/3_sintesis/1_violines/violin_metricas_MaxToleranceRate_full.png\ [36mviolin_metricas_MaxToleranceRate_full.png[0m]8;;\
      рҹ–јпёҸ  DistribuciГіn AvgToleranceRate (Violin): ]8;;file:///home/usuario/Escritorio/cofer_tfg/snp_tag_problem/snp_tag/results/full/hinds2005/greedy_hybrid-greedy_ting-random_dense-random_sparse/20260430T185224/2_comparativa/3_sintesis/1_violines/violin_metricas_AvgToleranceRate_full.png\ [36mviolin_metricas_AvgToleranceRate_full.png[0m]8;;\
      рҹ–јпёҸ  DistribuciГіn AvgHammingDistance (Violin): ]8;;file:///home/usuario/Escritorio/cofer_tfg/snp_tag_problem/snp_tag/results/full/hinds2005/greedy_hybrid-greedy_ting-random_dense-random_sparse/20260430T185224/2_comparativa/3_sintesis/1_violines/violin_metricas_AvgHammingDistance_full.png\ [36mviolin_metricas_AvgHammingDistance_full.png[0m]8;;\
      рҹ–јпёҸ  DistribuciГіn Hypervolume (Violin): ]8;;file:///home/usuario/Escritorio/cofer_tfg/snp_tag_problem/snp_tag/results/full/hinds2005/greedy_hybrid-greedy_ting-random_dense-random_sparse/20260430T185224/2_comparativa/3_sintesis/1_violines/violin_metricas_Hypervolume_full.png\ [36mviolin_metricas_Hypervolume_full.png[0m]8;;\

  рҹ“ү  [1mAnГЎlisis de Tendencia Central (Media Вұ Std)[0m
  в”Җв”Җв”Җв”Җв”Җв”Җв”Җв”Җв”Җв”Җв”Җв”Җв”Җв”Җв”Җв”Җв”Җв”Җв”Җв”Җв”Җв”Җв”Җв”Җв”Җв”Җв”Җв”Җв”Җв”Җв”Җв”Җв”Җв”Җв”Җв”Җв”Җв”Җв”Җв”Җв”Җв”Җв”Җв”Җв”Җв”Җв”Җв”Җв”Җ
      рҹ–јпёҸ  Panel de Tendencia Central (Media Вұ Std): ]8;;file:///home/usuario/Escritorio/cofer_tfg/snp_tag_problem/snp_tag/results/full/hinds2005/greedy_hybrid-greedy_ting-random_dense-random_sparse/20260430T185224/2_comparativa/3_sintesis/2_barras/media_std_panel_metricas_finales_full.png\ [36mmedia_std_panel_metricas_finales_full.png[0m]8;;\
      рҹ–јпёҸ  Media Вұ std Range: ]8;;file:///home/usuario/Escritorio/cofer_tfg/snp_tag_problem/snp_tag/results/full/hinds2005/greedy_hybrid-greedy_ting-random_dense-random_sparse/20260430T185224/2_comparativa/3_sintesis/2_barras/media_std_metricas_Range_full.png\ [36mmedia_std_metricas_Range_full.png[0m]8;;\
      рҹ–јпёҸ  Media Вұ std SumMin: ]8;;file:///home/usuario/Escritorio/cofer_tfg/snp_tag_problem/snp_tag/results/full/hinds2005/greedy_hybrid-greedy_ting-random_dense-random_sparse/20260430T185224/2_comparativa/3_sintesis/2_barras/media_std_metricas_SumMin_full.png\ [36mmedia_std_metricas_SumMin_full.png[0m]8;;\
      рҹ–јпёҸ  Media Вұ std MinSum: ]8;;file:///home/usuario/Escritorio/cofer_tfg/snp_tag_problem/snp_tag/results/full/hinds2005/greedy_hybrid-greedy_ting-random_dense-random_sparse/20260430T185224/2_comparativa/3_sintesis/2_barras/media_std_metricas_MinSum_full.png\ [36mmedia_std_metricas_MinSum_full.png[0m]8;;\
      рҹ–јпёҸ  Media Вұ std MaxToleranceRate: ]8;;file:///home/usuario/Escritorio/cofer_tfg/snp_tag_problem/snp_tag/results/full/hinds2005/greedy_hybrid-greedy_ting-random_dense-random_sparse/20260430T185224/2_comparativa/3_sintesis/2_barras/media_std_metricas_MaxToleranceRate_full.png\ [36mmedia_std_metricas_MaxToleranceRate_full.png[0m]8;;\
      рҹ–јпёҸ  Media Вұ std AvgToleranceRate: ]8;;file:///home/usuario/Escritorio/cofer_tfg/snp_tag_problem/snp_tag/results/full/hinds2005/greedy_hybrid-greedy_ting-random_dense-random_sparse/20260430T185224/2_comparativa/3_sintesis/2_barras/media_std_metricas_AvgToleranceRate_full.png\ [36mmedia_std_metricas_AvgToleranceRate_full.png[0m]8;;\
      рҹ–јпёҸ  Media Вұ std AvgHammingDistance: ]8;;file:///home/usuario/Escritorio/cofer_tfg/snp_tag_problem/snp_tag/results/full/hinds2005/greedy_hybrid-greedy_ting-random_dense-random_sparse/20260430T185224/2_comparativa/3_sintesis/2_barras/media_std_metricas_AvgHammingDistance_full.png\ [36mmedia_std_metricas_AvgHammingDistance_full.png[0m]8;;\
      рҹ–јпёҸ  Media Вұ std Hypervolume: ]8;;file:///home/usuario/Escritorio/cofer_tfg/snp_tag_problem/snp_tag/results/full/hinds2005/greedy_hybrid-greedy_ting-random_dense-random_sparse/20260430T185224/2_comparativa/3_sintesis/2_barras/media_std_metricas_Hypervolume_full.png\ [36mmedia_std_metricas_Hypervolume_full.png[0m]8;;\

  рҹҸҶ  [1mTop 10 por MГ©trica[0m
  в”Җв”Җв”Җв”Җв”Җв”Җв”Җв”Җв”Җв”Җв”Җв”Җв”Җв”Җв”Җв”Җв”Җв”Җв”Җв”Җв”Җв”Җв”Җв”Җ
    вҖў [1mRange[0m (вҶ‘)
         1. NSGA2 (greedy_ting): 1.6077 Вұ 0.0170
         2. MOEAD_WS (greedy_ting): 1.4943 Вұ 0.0525
         3. NSGA2 (greedy_hybrid): 1.4933 Вұ 0.0388
         4. MOEAD_WS (greedy_hybrid): 1.3500 Вұ 0.0376
         5. MOEAD_TCHE (greedy_ting): 1.3413 Вұ 0.0320
         6. NSGA3 (greedy_hybrid): 1.3120 Вұ 0.1099
         7. NSGA3 (greedy_ting): 1.2920 Вұ 0.1137
         8. MOEAD_TCHE (greedy_hybrid): 1.2577 Вұ 0.0426
         9. SPEA2 (greedy_ting): 1.2469 Вұ 0.0661
        10. SPEA2 (greedy_hybrid): 1.2072 Вұ 0.0728
    вҖў [1mSumMin[0m (вҶ“)
         1. NSGA2 (greedy_ting): 0.8328 Вұ 0.0114
         2. MOEAD_WS (greedy_ting): 0.8395 Вұ 0.0257
         3. NSGA2 (greedy_hybrid): 0.8793 Вұ 0.0164
         4. MOEAD_TCHE (greedy_ting): 0.8803 Вұ 0.0231
         5. NSGA3 (greedy_hybrid): 0.9033 Вұ 0.0373
         6. NSGA3 (greedy_ting): 0.9050 Вұ 0.0427
         7. MOEAD_WS (greedy_hybrid): 0.9258 Вұ 0.0201
         8. MOEAD_TCHE (greedy_hybrid): 0.9453 Вұ 0.0141
         9. NSGA2 (random_dense): 0.9838 Вұ 0.0242
        10. SPEA2 (greedy_ting): 0.9933 Вұ 0.0241
    вҖў [1mMinSum[0m (вҶ“)
         1. NSGA3 (random_dense): 1.3704 Вұ 0.0044
         2. MOEAD_TCHE (greedy_ting): 1.3755 Вұ 0.0095
         3. SPEA2 (random_dense): 1.3936 Вұ 0.0117
         4. MOEAD_PBI (greedy_ting): 1.3994 Вұ 0.0069
         5. MOEAD_TCHE (random_dense): 1.4170 Вұ 0.0148
         6. MOEAD_TCHE (greedy_hybrid): 1.4207 Вұ 0.0118
         7. MOEAD_PBI (greedy_hybrid): 1.4232 Вұ 0.0128
         8. NSGA2 (random_dense): 1.4400 Вұ 0.0137
         9. MOEAD_WS (random_dense): 1.4439 Вұ 0.0181
        10. NSGA3 (greedy_ting): 1.4644 Вұ 0.0253
    вҖў [1mMaxToleranceRate[0m (вҶ‘)
         1. MOEAD_PBI (greedy_ting): 0.2870 Вұ 0.0052
         2. MOEAD_TCHE (greedy_ting): 0.2776 Вұ 0.0028
         3. MOEAD_PBI (greedy_hybrid): 0.2766 Вұ 0.0049
         4. NSGA3 (random_sparse): 0.2717 Вұ 0.0066
         5. NSGA3 (random_dense): 0.2707 Вұ 0.0010
         6. MOEAD_TCHE (greedy_hybrid): 0.2695 Вұ 0.0067
         7. SPEA2 (random_dense): 0.2603 Вұ 0.0057
         8. NSGA2 (random_dense): 0.2518 Вұ 0.0060
         9. NSGA3 (greedy_hybrid): 0.2507 Вұ 0.0070
        10. MOEAD_TCHE (random_sparse): 0.2506 Вұ 0.0072
    вҖў [1mAvgToleranceRate[0m (вҶ‘)
         1. NSGA3 (random_dense): 0.2471 Вұ 0.0035
         2. MOEAD_PBI (greedy_ting): 0.2457 Вұ 0.0059
         3. MOEAD_PBI (greedy_hybrid): 0.2304 Вұ 0.0046
         4. MOEAD_TCHE (random_dense): 0.2268 Вұ 0.0020
         5. SPEA2 (random_dense): 0.2258 Вұ 0.0045
         6. MOEAD_WS (random_dense): 0.2208 Вұ 0.0056
         7. MOEAD_PBI (random_sparse): 0.2199 Вұ 0.0128
         8. NSGA2 (random_dense): 0.2192 Вұ 0.0082
         9. MOEAD_TCHE (greedy_ting): 0.2089 Вұ 0.0118
        10. MOEAD_PBI (random_dense): 0.2059 Вұ 0.0046
    вҖў [1mAvgHammingDistance[0m (вҶ‘)
         1. MOEAD_WS (greedy_hybrid): 0.4544 Вұ 0.0089
         2. MOEAD_WS (random_sparse): 0.4534 Вұ 0.0074
         3. MOEAD_WS (greedy_ting): 0.4507 Вұ 0.0064
         4. MOEAD_TCHE (random_sparse): 0.4505 Вұ 0.0083
         5. MOEAD_TCHE (greedy_hybrid): 0.4466 Вұ 0.0026
         6. MOEAD_TCHE (greedy_ting): 0.4385 Вұ 0.0050
         7. NSGA3 (random_sparse): 0.4374 Вұ 0.0160
         8. MOEAD_PBI (random_sparse): 0.4307 Вұ 0.0075
         9. MOEAD_PBI (greedy_hybrid): 0.4255 Вұ 0.0040
        10. NSGA3 (greedy_hybrid): 0.4231 Вұ 0.0122
    вҖў [1mHypervolume[0m (вҶ‘)
         1. MOEAD_TCHE (greedy_ting): 0.4242 Вұ 0.0039
         2. NSGA2 (random_dense): 0.3960 Вұ 0.0078
         3. MOEAD_TCHE (greedy_hybrid): 0.3873 Вұ 0.0077
         4. NSGA3 (greedy_ting): 0.3759 Вұ 0.0043
         5. NSGA2 (greedy_ting): 0.3756 Вұ 0.0066
         6. NSGA3 (greedy_hybrid): 0.3726 Вұ 0.0076
         7. NSGA3 (random_dense): 0.3691 Вұ 0.0037
         8. MOEAD_PBI (greedy_ting): 0.3688 Вұ 0.0048
         9. NSGA2 (greedy_hybrid): 0.3672 Вұ 0.0090
        10. MOEAD_PBI (greedy_hybrid): 0.3590 Вұ 0.0074


  рҹ“Ҡ  [1mResumen EstadГӯstico de MГ©tricas[0m
  в”Җв”Җв”Җв”Җв”Җв”Җв”Җв”Җв”Җв”Җв”Җв”Җв”Җв”Җв”Җв”Җв”Җв”Җв”Җв”Җв”Җв”Җв”Җв”Җв”Җв”Җв”Җв”Җв”Җв”Җв”Җв”Җв”Җв”Җв”Җв”Җв”Җ
      рҹ–јпёҸ  Mapa de calor comparativo (Benchmark): ]8;;file:///home/usuario/Escritorio/cofer_tfg/snp_tag_problem/snp_tag/results/full/hinds2005/greedy_hybrid-greedy_ting-random_dense-random_sparse/20260430T185224/2_comparativa/4_rankings/heatmap_comparativa_full.png\ [36mheatmap_comparativa_full.png[0m]8;;\

  рҹ“Ҳ  [1mAnГЎlisis EstadГӯstico Riguroso (Friedman + Nemenyi)[0m
  в”Җв”Җв”Җв”Җв”Җв”Җв”Җв”Җв”Җв”Җв”Җв”Җв”Җв”Җв”Җв”Җв”Җв”Җв”Җв”Җв”Җв”Җв”Җв”Җв”Җв”Җв”Җв”Җв”Җв”Җв”Җв”Җв”Җв”Җв”Җв”Җв”Җв”Җв”Җв”Җв”Җв”Җв”Җв”Җв”Җв”Җв”Җв”Җв”Җв”Җв”Җв”Җв”Җв”Җв”Җв”Җ

  рҹ“Ҡ  [1mTEST DE FRIEDMAN (MГ©todo (Algoritmo + InicializaciГіn))[0m
  в”Җв”Җв”Җв”Җв”Җв”Җв”Җв”Җв”Җв”Җв”Җв”Җв”Җв”Җв”Җв”Җв”Җв”Җв”Җв”Җв”Җв”Җв”Җв”Җв”Җв”Җв”Җв”Җв”Җв”Җв”Җв”Җв”Җв”Җв”Җв”Җв”Җв”Җв”Җв”Җв”Җв”Җв”Җв”Җв”Җв”Җв”Җв”Җв”Җв”Җв”Җв”Җв”Җв”Җв”Җв”Җв”Җв”Җв”Җв”Җ
      EstadГӯstico: 66.4343
      P-valor: 4.2652e-06
      Significativo (p < 0.05): SГӯ

      рҹ–јпёҸ  Heatmap de Significancia Nemenyi (MГ©todo (Algoritmo + InicializaciГіn)): ]8;;file:///home/usuario/Escritorio/cofer_tfg/snp_tag_problem/snp_tag/results/full/hinds2005/greedy_hybrid-greedy_ting-random_dense-random_sparse/20260430T185224/2_comparativa/4_rankings/estadistica/method/heatmap_nemenyi_full.png\ [36mheatmap_nemenyi_full.png[0m]8;;\
      рҹ–јпёҸ  GrГЎfico de Rangos Promedio (MГ©todo (Algoritmo + InicializaciГіn)): ]8;;file:///home/usuario/Escritorio/cofer_tfg/snp_tag_problem/snp_tag/results/full/hinds2005/greedy_hybrid-greedy_ting-random_dense-random_sparse/20260430T185224/2_comparativa/4_rankings/estadistica/method/rangos_promedio_full.png\ [36mrangos_promedio_full.png[0m]8;;\

  рҹ“Ҡ  [1mTEST DE FRIEDMAN (Algoritmo)[0m
  в”Җв”Җв”Җв”Җв”Җв”Җв”Җв”Җв”Җв”Җв”Җв”Җв”Җв”Җв”Җв”Җв”Җв”Җв”Җв”Җв”Җв”Җв”Җв”Җв”Җв”Җв”Җв”Җв”Җв”Җв”Җв”Җв”Җв”Җ
      EstadГӯstico: 8.0612
      P-valor: 1.5289e-01
      Significativo (p < 0.05): No

      вҖў вҡ пёҸ  Test de Friedman no significativo para Algoritmo. Omitiendo post-hoc.

  рҹ“Ҡ  [1mTEST DE FRIEDMAN (InicializaciГіn)[0m
  в”Җв”Җв”Җв”Җв”Җв”Җв”Җв”Җв”Җв”Җв”Җв”Җв”Җв”Җв”Җв”Җв”Җв”Җв”Җв”Җв”Җв”Җв”Җв”Җв”Җв”Җв”Җв”Җв”Җв”Җв”Җв”Җв”Җв”Җв”Җв”Җв”Җв”Җв”Җ
      EstadГӯstico: 8.6571
      P-valor: 3.4214e-02
      Significativo (p < 0.05): SГӯ

      рҹ–јпёҸ  Heatmap de Significancia Nemenyi (InicializaciГіn): ]8;;file:///home/usuario/Escritorio/cofer_tfg/snp_tag_problem/snp_tag/results/full/hinds2005/greedy_hybrid-greedy_ting-random_dense-random_sparse/20260430T185224/2_comparativa/4_rankings/estadistica/init/heatmap_nemenyi_init_full.png\ [36mheatmap_nemenyi_init_full.png[0m]8;;\
      рҹ–јпёҸ  GrГЎfico de Rangos Promedio (InicializaciГіn): ]8;;file:///home/usuario/Escritorio/cofer_tfg/snp_tag_problem/snp_tag/results/full/hinds2005/greedy_hybrid-greedy_ting-random_dense-random_sparse/20260430T185224/2_comparativa/4_rankings/estadistica/init/rangos_promedio_init_full.png\ [36mrangos_promedio_init_full.png[0m]8;;\

========================================
вҸұпёҸ  TIEMPO TOTAL DE EJECUCIГ“N: 0h 19m 26.24s
========================================

