This is LuaHBTeX, Version 1.17.0 (TeX Live 2023/Debian)  (format=lualatex 2025.12.1)  13 MAY 2026 21:21
 restricted system commands enabled.
**"/home/cofer/Documents/University/TFG/snp_tag_tfg/ejecuciones_guardadas/13_5_26/general experiment/analisis/analisis13_5_26.tex"
("/home/cofer/Documents/University/TFG/snp_tag_tfg/ejecuciones_guardadas/13_5_26/general experiment/analisis/analisis13_5_26.tex"
LaTeX2e <2023-11-01> patch level 1
L3 programming layer <2024-01-22>
Lua module: luaotfload 2023-08-31 3.26 Lua based OpenType font support
Lua module: lualibs 2023-07-13 2.76 ConTeXt Lua standard libraries.
Lua module: lualibs-extended 2023-07-13 2.76 ConTeXt Lua libraries -- extended collection.
luaotfload | conf : Root cache directory is "/home/cofer/.texlive2023/texmf-var/luatex-cache/generic/names".
luaotfload | init : Loading fontloader "fontloader-2023-08-19.lua" from kpse-resolved path "/usr/share/texlive/texmf-dist/tex/luatex/luaotfload/fontloader-2023-08-19.lua".
Lua-only attribute luaotfload@noligature = 1
luaotfload | init : Context OpenType loader version 3.133
Inserting `luaotfload.node_processor' in `pre_linebreak_filter'.
Inserting `luaotfload.node_processor' in `hpack_filter'.
Inserting `luaotfload.glyph_stream' in `glyph_stream_provider'.
Inserting `luaotfload.define_font' in `define_font'.
Lua-only attribute luaotfload_color_attribute = 2
luaotfload | conf : Root cache directory is "/home/cofer/.texlive2023/texmf-var/luatex-cache/generic/names".
Inserting `luaotfload.harf.strip_prefix' in `find_opentype_file'.
Inserting `luaotfload.harf.strip_prefix' in `find_truetype_file'.
Removing  `luaotfload.glyph_stream' from `glyph_stream_provider'.
Inserting `luaotfload.harf.glyphstream' in `glyph_stream_provider'.
Inserting `luaotfload.harf.finalize_vlist' in `post_linebreak_filter'.
Inserting `luaotfload.harf.finalize_hlist' in `hpack_filter'.
Inserting `luaotfload.cleanup_files' in `wrapup_run'.
Inserting `luaotfload.harf.finalize_unicode' in `finish_pdffile'.
Inserting `luaotfload.glyphinfo' in `glyph_info'.
Lua-only attribute luaotfload.letterspace_done = 3
Inserting `luaotfload.aux.set_sscale_dimens' in `luaotfload.patch_font'.
Inserting `luaotfload.aux.set_font_index' in `luaotfload.patch_font'.
Inserting `luaotfload.aux.patch_cambria_domh' in `luaotfload.patch_font'.
Inserting `luaotfload.aux.fixup_fontdata' in `luaotfload.patch_font_unsafe'.
Inserting `luaotfload.aux.set_capheight' in `luaotfload.patch_font'.
Inserting `luaotfload.aux.set_xheight' in `luaotfload.patch_font'.
Inserting `luaotfload.rewrite_fontname' in `luaotfload.patch_font'.
Inserting `tracingstacklevels' in `input_level_string'. (/usr/share/texlive/texmf-dist/tex/latex/base/article.cls
Document Class: article 2023/05/17 v1.4n Standard LaTeX document class
(/usr/share/texlive/texmf-dist/tex/latex/base/size10.clo
File: size10.clo 2023/05/17 v1.4n Standard LaTeX file (size option)
luaotfload | db : Font names database loaded from /home/cofer/.texlive2023/texmf-var/luatex-cache/generic/names/luaotfload-names.luc.gz)
\c@part=\count185
\c@section=\count186
\c@subsection=\count187
\c@subsubsection=\count188
\c@paragraph=\count189
\c@subparagraph=\count190
\c@figure=\count191
\c@table=\count192
\abovecaptionskip=\skip48
\belowcaptionskip=\skip49
\bibindent=\dimen139
) (/usr/share/texlive/texmf-dist/tex/latex/base/inputenc.sty
Package: inputenc 2021/02/14 v1.3d Input encoding file
\inpenc@prehook=\toks17
\inpenc@posthook=\toks18


Package inputenc Warning: inputenc package ignored with utf8 based engines.

) (/usr/share/texlive/texmf-dist/tex/latex/base/fontenc.sty
Package: fontenc 2021/04/29 v2.0v Standard LaTeX package
LaTeX Font Info:    Trying to load font information for T1+lmr on input line 112.
 (/usr/share/texmf/tex/latex/lm/t1lmr.fd
File: t1lmr.fd 2015/05/01 v1.6.1 Font defs for Latin Modern
)) (/usr/share/texlive/texmf-dist/tex/generic/babel/babel.sty
Package: babel 2024/01/07 v24.1 The Babel package
 (/usr/share/texlive/texmf-dist/tex/generic/babel/luababel.def
\bbl@readstream=\read2
\l@dumylang=\language2
Package babel Info: Non-standard hyphenation setup on input line 118.
\l@nohyphenation=\language3
\l@vietnamese=\language4
\l@hebrew=\language5
\l@hindi=\language6
\l@croatian=\language7
\l@turkmen=\language8
\l@romansh=\language9
\l@slovak=\language10
\l@bokmal=\language11
\l@estonian=\language12
\l@ukenglish=\language13
\l@mongolian=\language14
\l@liturgicallatin=\language15
\l@kannada=\language16
\l@lithuanian=\language17
\l@latin=\language18
\l@serbian=\language19
\l@serbianc=\language20
\l@irish=\language21
\l@kurmanji=\language22
\l@macedonian=\language23
\l@ancientgreek=\language24
\l@bengali=\language25
\l@sanskrit=\language26
\l@marathi=\language27
\l@monogreek=\language28
\l@ngerman=\language29
\l@schoolfinnish=\language30
\l@afrikaans=\language31
\l@swissgerman=\language32
\l@turkish=\language33
\l@indonesian=\language34
\l@mongolianlmc=\language35
\l@gujarati=\language36
\l@coptic=\language37
\l@catalan=\language38
\l@portuguese=\language39
\l@belarusian=\language40
\l@ethiopic=\language41
\l@assamese=\language42
\l@german-x-2023-03-06=\language43
\l@welsh=\language44
\l@hungarian=\language45
\l@arabic=\language46
\l@panjabi=\language47
\l@interlingua=\language48
\l@usenglishmax=\language49
\l@friulan=\language50
\l@german=\language51
\l@nynorsk=\language52
\l@occitan=\language53
\l@basque=\language54
\l@latvian=\language55
\l@pinyin=\language56
\l@french=\language57
\l@swedish=\language58
\l@ibycus=\language59
\l@tamil=\language60
\l@finnish=\language61
\l@greek=\language62
\l@esperanto=\language63
\l@thai=\language64
\l@slovenian=\language65
\l@icelandic=\language66
\l@ukrainian=\language67
\l@piedmontese=\language68
\l@malayalam=\language69
\l@dutch=\language70
\l@telugu=\language71
\l@italian=\language72
\l@danish=\language73
\l@polish=\language74
\l@romanian=\language75
\l@uppersorbian=\language76
\l@classiclatin=\language77
\l@farsi=\language78
\l@galician=\language79
\l@churchslavonic=\language80
\l@oriya=\language81
\l@georgian=\language82
\l@russian=\language83
\l@ngerman-x-2023-03-06=\language84
\l@armenian=\language85
\l@spanish=\language86
\l@pali=\language87
\l@bulgarian=\language88
\l@czech=\language89
\babelcatcodetablenum=\catcodetable14
\bbl@pattcodes=\catcodetable15
)
\babel@savecnt=\count193
\U@D=\dimen140
\l@unhyphenated=\language90
 (/usr/share/texlive/texmf-dist/tex/generic/babel/luababel.def
\bbl@attr@locale=\attribute4
) (/usr/share/texlive/texmf-dist/tex/generic/babel-spanish/spanish.ldf
Language: spanish.ldf 2021/05/27 v5.0q Spanish support from the babel system
\es@quottoks=\toks19
\es@quotdepth=\count194
Package babel Info: Making " an active character on input line 570.
Package babel Info: Making . an active character on input line 675.
Package babel Info: Making < an active character on input line 722.
Package babel Info: Making > an active character on input line 722.
 (/usr/share/texlive/texmf-dist/tex/generic/hyph-utf8/loadhyph/loadhyph-es.tex UTF-8 Spanish hyphenation patterns (/usr/share/texlive/texmf-dist/tex/generic/hyph-utf8/patterns/tex/hyph-es.tex)))) (/usr/share/texlive/texmf-dist/tex/generic/babel/locale/es/babel-spanish.tex
Package babel Info: Importing font and identification data for spanish
(babel)             from babel-es.ini. Reported on input line 11.
) (/usr/share/texlive/texmf-dist/tex/latex/graphics/graphicx.sty
Package: graphicx 2021/09/16 v1.2d Enhanced LaTeX Graphics (DPC,SPQR)
 (/usr/share/texlive/texmf-dist/tex/latex/graphics/keyval.sty
Package: keyval 2022/05/29 v1.15 key=value parser (DPC)
\KV@toks@=\toks20
) (/usr/share/texlive/texmf-dist/tex/latex/graphics/graphics.sty
Package: graphics 2022/03/10 v1.4e Standard LaTeX Graphics (DPC,SPQR)
 (/usr/share/texlive/texmf-dist/tex/latex/graphics/trig.sty
Package: trig 2021/08/11 v1.11 sin cos tan (DPC)
) (/usr/share/texlive/texmf-dist/tex/latex/graphics-cfg/graphics.cfg
File: graphics.cfg 2016/06/04 v1.11 sample graphics configuration
)
Package graphics Info: Driver file: luatex.def on input line 107.
 (/usr/share/texlive/texmf-dist/tex/latex/graphics-def/luatex.def
File: luatex.def 2022/09/22 v1.2d Graphics/color driver for luatex
))
\Gin@req@height=\dimen141
\Gin@req@width=\dimen142
) (/usr/share/texlive/texmf-dist/tex/latex/booktabs/booktabs.sty
Package: booktabs 2020/01/12 v1.61803398 Publication quality tables
\heavyrulewidth=\dimen143
\lightrulewidth=\dimen144
\cmidrulewidth=\dimen145
\belowrulesep=\dimen146
\belowbottomsep=\dimen147
\aboverulesep=\dimen148
\abovetopsep=\dimen149
\cmidrulesep=\dimen150
\cmidrulekern=\dimen151
\defaultaddspace=\dimen152
\@cmidla=\count195
\@cmidlb=\count196
\@aboverulesep=\dimen153
\@belowrulesep=\dimen154
\@thisruleclass=\count197
\@lastruleclass=\count198
\@thisrulewidth=\dimen155
) (/usr/share/texlive/texmf-dist/tex/latex/amsmath/amsmath.sty
Package: amsmath 2023/05/13 v2.17o AMS math features
\@mathmargin=\skip50

For additional information on amsmath, use the `?' option.
(/usr/share/texlive/texmf-dist/tex/latex/amsmath/amstext.sty
Package: amstext 2021/08/26 v2.01 AMS text
 (/usr/share/texlive/texmf-dist/tex/latex/amsmath/amsgen.sty
File: amsgen.sty 1999/11/30 v2.0 generic functions
\@emptytoks=\toks21
\ex@=\dimen156
)) (/usr/share/texlive/texmf-dist/tex/latex/amsmath/amsbsy.sty
Package: amsbsy 1999/11/29 v1.2d Bold Symbols
\pmbraise@=\dimen157
) (/usr/share/texlive/texmf-dist/tex/latex/amsmath/amsopn.sty
Package: amsopn 2022/04/08 v2.04 operator names
)
\inf@bad=\count199
LaTeX Info: Redefining \frac on input line 236.
\uproot@=\count266
\leftroot@=\count267
LaTeX Info: Redefining \overline on input line 399.
LaTeX Info: Redefining \colon on input line 410.
\classnum@=\count268
\DOTSCASE@=\count269
LaTeX Info: Redefining \ldots on input line 496.
LaTeX Info: Redefining \dots on input line 499.
LaTeX Info: Redefining \cdots on input line 620.
\Mathstrutbox@=\box51
\strutbox@=\box52
LaTeX Info: Redefining \big on input line 722.
LaTeX Info: Redefining \Big on input line 723.
LaTeX Info: Redefining \bigg on input line 724.
LaTeX Info: Redefining \Bigg on input line 725.
\big@size=\dimen158
LaTeX Font Info:    Redeclaring font encoding OML on input line 743.
LaTeX Font Info:    Redeclaring font encoding OMS on input line 744.
\macc@depth=\count270
LaTeX Info: Redefining \bmod on input line 905.
LaTeX Info: Redefining \pmod on input line 910.
LaTeX Info: Redefining \smash on input line 940.
LaTeX Info: Redefining \relbar on input line 970.
LaTeX Info: Redefining \Relbar on input line 971.
\c@MaxMatrixCols=\count271
\dotsspace@=\muskip16
\c@parentequation=\count272
\dspbrk@lvl=\count273
\tag@help=\toks22
\row@=\count274
\column@=\count275
\maxfields@=\count276
\andhelp@=\toks23
\eqnshift@=\dimen159
\alignsep@=\dimen160
\tagshift@=\dimen161
\tagwidth@=\dimen162
\totwidth@=\dimen163
\lineht@=\dimen164
\@envbody=\toks24
\multlinegap=\skip51
\multlinetaggap=\skip52
\mathdisplay@stack=\toks25
LaTeX Info: Redefining \[ on input line 2953.
LaTeX Info: Redefining \] on input line 2954.
) (/usr/share/texlive/texmf-dist/tex/latex/amsfonts/amssymb.sty
Package: amssymb 2013/01/14 v3.01 AMS font symbols
 (/usr/share/texlive/texmf-dist/tex/latex/amsfonts/amsfonts.sty
Package: amsfonts 2013/01/14 v3.01 Basic AMSFonts support
\symAMSa=\mathgroup4
\symAMSb=\mathgroup5
LaTeX Font Info:    Redeclaring math symbol \hbar on input line 98.
LaTeX Font Info:    Overwriting math alphabet `\mathfrak' in version `bold'
(Font)                  U/euf/m/n --> U/euf/b/n on input line 106.
)) (/usr/share/texlive/texmf-dist/tex/latex/hyperref/hyperref.sty
Package: hyperref 2024-01-20 v7.01h Hypertext links for LaTeX
 (/usr/share/texlive/texmf-dist/tex/generic/iftex/iftex.sty
Package: iftex 2022/02/03 v1.0f TeX engine tests
) (/usr/share/texlive/texmf-dist/tex/latex/kvsetkeys/kvsetkeys.sty
Package: kvsetkeys 2022-10-05 v1.19 Key value parser (HO)
) (/usr/share/texlive/texmf-dist/tex/generic/kvdefinekeys/kvdefinekeys.sty
Package: kvdefinekeys 2019-12-19 v1.6 Define keys (HO)
) (/usr/share/texlive/texmf-dist/tex/generic/pdfescape/pdfescape.sty
Package: pdfescape 2019/12/09 v1.15 Implements pdfTeX's escape features (HO)
 (/usr/share/texlive/texmf-dist/tex/generic/ltxcmds/ltxcmds.sty
Package: ltxcmds 2023-12-04 v1.26 LaTeX kernel commands for general use (HO)
) (/usr/share/texlive/texmf-dist/tex/generic/pdftexcmds/pdftexcmds.sty
Package: pdftexcmds 2020-06-27 v0.33 Utility functions of pdfTeX for LuaTeX (HO)
 (/usr/share/texlive/texmf-dist/tex/generic/infwarerr/infwarerr.sty
Package: infwarerr 2019/12/03 v1.5 Providing info/warning/error messages (HO)
)
Package pdftexcmds Info: \pdf@primitive is available.
Package pdftexcmds Info: \pdf@ifprimitive is available.
Package pdftexcmds Info: \pdfdraftmode found.
\pdftexcmds@toks=\toks26
)) (/usr/share/texlive/texmf-dist/tex/latex/hycolor/hycolor.sty
Package: hycolor 2020-01-27 v1.10 Color options for hyperref/bookmark (HO)
) (/usr/share/texlive/texmf-dist/tex/latex/auxhook/auxhook.sty
Package: auxhook 2019-12-17 v1.6 Hooks for auxiliary files (HO)
) (/usr/share/texlive/texmf-dist/tex/latex/hyperref/nameref.sty
Package: nameref 2023-11-26 v2.56 Cross-referencing by name of section
 (/usr/share/texlive/texmf-dist/tex/latex/refcount/refcount.sty
Package: refcount 2019/12/15 v3.6 Data extraction from label references (HO)
) (/usr/share/texlive/texmf-dist/tex/generic/gettitlestring/gettitlestring.sty
Package: gettitlestring 2019/12/15 v1.6 Cleanup title references (HO)
 (/usr/share/texlive/texmf-dist/tex/latex/kvoptions/kvoptions.sty
Package: kvoptions 2022-06-15 v3.15 Key value format for package options (HO)
))
\c@section@level=\count277
) (/usr/share/texlive/texmf-dist/tex/latex/etoolbox/etoolbox.sty
Package: etoolbox 2020/10/05 v2.5k e-TeX tools for LaTeX (JAW)
\etb@tempcnta=\count278
)
\@linkdim=\dimen165
\Hy@linkcounter=\count279
\Hy@pagecounter=\count280
 (/usr/share/texlive/texmf-dist/tex/latex/hyperref/pd1enc.def
File: pd1enc.def 2024-01-20 v7.01h Hyperref: PDFDocEncoding definition (HO)
) (/usr/share/texlive/texmf-dist/tex/generic/intcalc/intcalc.sty
Package: intcalc 2019/12/15 v1.3 Expandable calculations with integers (HO)
)
\Hy@SavedSpaceFactor=\count281
 (/usr/share/texlive/texmf-dist/tex/latex/hyperref/puenc.def
File: puenc.def 2024-01-20 v7.01h Hyperref: PDF Unicode definition (HO)
)
Package hyperref Info: Hyper figures OFF on input line 4179.
Package hyperref Info: Link nesting OFF on input line 4184.
Package hyperref Info: Hyper index ON on input line 4187.
Package hyperref Info: Plain pages OFF on input line 4194.
Package hyperref Info: Backreferencing OFF on input line 4199.
Package hyperref Info: Implicit mode ON; LaTeX internals redefined.
Package hyperref Info: Bookmarks ON on input line 4446.
\c@Hy@tempcnt=\count282
 (/usr/share/texlive/texmf-dist/tex/latex/url/url.sty
\Urlmuskip=\muskip17
Package: url 2013/09/16  ver 3.4  Verb mode for urls, etc.
)
LaTeX Info: Redefining \url on input line 4784.
\XeTeXLinkMargin=\dimen166
 (/usr/share/texlive/texmf-dist/tex/generic/bitset/bitset.sty
Package: bitset 2019/12/09 v1.3 Handle bit-vector datatype (HO)
 (/usr/share/texlive/texmf-dist/tex/generic/bigintcalc/bigintcalc.sty
Package: bigintcalc 2019/12/15 v1.5 Expandable calculations on big integers (HO)
))
\Fld@menulength=\count283
\Field@Width=\dimen167
\Fld@charsize=\dimen168
Package hyperref Info: Hyper figures OFF on input line 6063.
Package hyperref Info: Link nesting OFF on input line 6068.
Package hyperref Info: Hyper index ON on input line 6071.
Package hyperref Info: backreferencing OFF on input line 6078.
Package hyperref Info: Link coloring OFF on input line 6083.
Package hyperref Info: Link coloring with OCG OFF on input line 6088.
Package hyperref Info: PDF/A mode OFF on input line 6093.
 (/usr/share/texlive/texmf-dist/tex/latex/base/atbegshi-ltx.sty
Package: atbegshi-ltx 2021/01/10 v1.0c Emulation of the original atbegshi
package with kernel methods
)
\Hy@abspage=\count284
\c@Item=\count285
\c@Hfootnote=\count286
)
Package hyperref Info: Driver (autodetected): hluatex.
 (/usr/share/texlive/texmf-dist/tex/latex/hyperref/hluatex.def
File: hluatex.def 2024-01-20 v7.01h Hyperref driver for luaTeX
 (/usr/share/texlive/texmf-dist/tex/generic/stringenc/stringenc.sty
Package: stringenc 2019/11/29 v1.12 Convert strings between diff. encodings (HO)
) (/usr/share/texlive/texmf-dist/tex/latex/base/atveryend-ltx.sty
Package: atveryend-ltx 2020/08/19 v1.0a Emulation of the original atveryend package
with kernel methods
)
\Fld@listcount=\count287
\c@bookmark@seq@number=\count288
 (/usr/share/texlive/texmf-dist/tex/latex/rerunfilecheck/rerunfilecheck.sty
Package: rerunfilecheck 2022-07-10 v1.10 Rerun checks for auxiliary files (HO)
 (/usr/share/texlive/texmf-dist/tex/generic/uniquecounter/uniquecounter.sty
Package: uniquecounter 2019/12/15 v1.4 Provide unlimited unique counter (HO)
)
Package uniquecounter Info: New unique counter `rerunfilecheck' on input line 285.
)
\Hy@SectionHShift=\skip53
) (/usr/share/texlive/texmf-dist/tex/latex/geometry/geometry.sty
Package: geometry 2020/01/02 v5.9 Page Geometry
 (/usr/share/texlive/texmf-dist/tex/generic/iftex/ifvtex.sty
Package: ifvtex 2019/10/25 v1.7 ifvtex legacy package. Use iftex instead.
)
\Gm@cnth=\count289
\Gm@cntv=\count290
\c@Gm@tempcnt=\count291
\Gm@bindingoffset=\dimen169
\Gm@wd@mp=\dimen170
\Gm@odd@mp=\dimen171
\Gm@even@mp=\dimen172
\Gm@layoutwidth=\dimen173
\Gm@layoutheight=\dimen174
\Gm@layouthoffset=\dimen175
\Gm@layoutvoffset=\dimen176
\Gm@dimlist=\toks27
) (/usr/share/texlive/texmf-dist/tex/latex/caption/caption.sty
Package: caption 2023/08/05 v3.6o Customizing captions (AR)
 (/usr/share/texlive/texmf-dist/tex/latex/caption/caption3.sty
Package: caption3 2023/07/31 v2.4d caption3 kernel (AR)
\caption@tempdima=\dimen177
\captionmargin=\dimen178
\caption@leftmargin=\dimen179
\caption@rightmargin=\dimen180
\caption@width=\dimen181
\caption@indent=\dimen182
\caption@parindent=\dimen183
\caption@hangindent=\dimen184
Package caption Info: Standard document class detected.
)
\c@caption@flags=\count292
\c@continuedfloat=\count293
Package caption Info: hyperref package is loaded.
) (/usr/share/texlive/texmf-dist/tex/latex/caption/subcaption.sty
Package: subcaption 2023/07/28 v1.6b Sub-captions (AR)
Package caption Info: New subtype `subfigure' on input line 238.
\c@subfigure=\count294
Package caption Info: New subtype `subtable' on input line 238.
\c@subtable=\count295
) (/usr/share/texlive/texmf-dist/tex/latex/tools/longtable.sty
Package: longtable 2023-11-01 v4.19 Multi-page Table package (DPC)
\LTleft=\skip54
\LTright=\skip55
\LTpre=\skip56
\LTpost=\skip57
\LTchunksize=\count296
\LTcapwidth=\dimen185
\LT@head=\box53
\LT@firsthead=\box54
\LT@foot=\box55
\LT@lastfoot=\box56
\LT@gbox=\box57
\LT@cols=\count297
\LT@rows=\count298
\c@LT@tables=\count299
\c@LT@chunks=\count300
\LT@p@ftn=\toks28
) (/usr/share/texlive/texmf-dist/tex/latex/tools/array.sty
Package: array 2023/10/16 v2.5g Tabular extension package (FMi)
\col@sep=\dimen186
\ar@mcellbox=\box58
\extrarowheight=\dimen187
\NC@list=\toks29
\extratabsurround=\skip58
\backup@length=\skip59
\ar@cellbox=\box59
) (/usr/share/texlive/texmf-dist/tex/latex/float/float.sty
Package: float 2001/11/08 v1.3d Float enhancements (AL)
\c@float@type=\count301
\float@exts=\toks30
\float@box=\box60
\@float@everytoks=\toks31
\@floatcapt=\box61
) (/usr/share/texlive/texmf-dist/tex/latex/titlesec/titlesec.sty
Package: titlesec 2023/10/27 v2.16 Sectioning titles
\ttl@box=\box62
\beforetitleunit=\skip60
\aftertitleunit=\skip61
\ttl@plus=\dimen188
\ttl@minus=\dimen189
\ttl@toksa=\toks32
\titlewidth=\dimen190
\titlewidthlast=\dimen191
\titlewidthfirst=\dimen192
) (/usr/share/texlive/texmf-dist/tex/latex/xcolor/xcolor.sty
Package: xcolor 2023/11/15 v3.01 LaTeX color extensions (UK)
 (/usr/share/texlive/texmf-dist/tex/latex/graphics-cfg/color.cfg
File: color.cfg 2016/01/02 v1.6 sample color configuration
)
Package xcolor Info: Driver file: luatex.def on input line 274.
 (/usr/share/texlive/texmf-dist/tex/latex/graphics/mathcolor.ltx)
Package xcolor Info: Model `cmy' substituted by `cmy0' on input line 1350.
Package xcolor Info: Model `hsb' substituted by `rgb' on input line 1354.
Package xcolor Info: Model `RGB' extended on input line 1366.
Package xcolor Info: Model `HTML' substituted by `rgb' on input line 1368.
Package xcolor Info: Model `Hsb' substituted by `hsb' on input line 1369.
Package xcolor Info: Model `tHsb' substituted by `hsb' on input line 1370.
Package xcolor Info: Model `HSB' substituted by `hsb' on input line 1371.
Package xcolor Info: Model `Gray' substituted by `gray' on input line 1372.
Package xcolor Info: Model `wave' substituted by `hsb' on input line 1373.
) (/usr/share/texlive/texmf-dist/tex/latex/colortbl/colortbl.sty
Package: colortbl 2022/06/20 v1.0f Color table columns (DPC)
\everycr=\toks33
\minrowclearance=\skip62
\rownum=\count302
) (/usr/share/texlive/texmf-dist/tex/latex/underscore/underscore.sty
Package: underscore 2006/09/13
LaTeX Info: Redefining \_ on input line 42.
) (/usr/share/texlive/texmf-dist/tex/latex/firstaid/underscore-ltx.sty
Package: underscore-ltx 2023/09/20 LaTeX firstaid to make underscore protected 
)
Package hyperref Info: Option `colorlinks' set `true' on input line 37.
 (/usr/share/texlive/texmf-dist/tex/latex/l3backend/l3backend-luatex.def
File: l3backend-luatex.def 2024-01-04 L3 backend support: PDF output (LuaTeX)
\l__color_backend_stack_int=\count303
Inserting `l3color' in `luaotfload.parse_color'.
\l__pdf_internal_box=\box63
) (./analisis13_5_26.aux
LaTeX Info: Redefining \. on input line 12.
LaTeX Info: Redefining \% on input line 12.
)
\openout1 = analisis13_5_26.aux

LaTeX Font Info:    Checking defaults for OML/cmm/m/it on input line 60.
LaTeX Font Info:    ... okay on input line 60.
LaTeX Font Info:    Checking defaults for OMS/cmsy/m/n on input line 60.
LaTeX Font Info:    ... okay on input line 60.
LaTeX Font Info:    Checking defaults for OT1/cmr/m/n on input line 60.
LaTeX Font Info:    ... okay on input line 60.
LaTeX Font Info:    Checking defaults for T1/cmr/m/n on input line 60.
LaTeX Font Info:    ... okay on input line 60.
LaTeX Font Info:    Checking defaults for TS1/cmr/m/n on input line 60.
LaTeX Font Info:    Trying to load font information for TS1+cmr on input line 60.
 (/usr/share/texlive/texmf-dist/tex/latex/base/ts1cmr.fd
File: ts1cmr.fd 2023/04/13 v2.5m Standard LaTeX font definitions
)
LaTeX Font Info:    ... okay on input line 60.
LaTeX Font Info:    Checking defaults for TU/lmr/m/n on input line 60.
LaTeX Font Info:    ... okay on input line 60.
LaTeX Font Info:    Checking defaults for OMX/cmex/m/n on input line 60.
LaTeX Font Info:    ... okay on input line 60.
LaTeX Font Info:    Checking defaults for U/cmr/m/n on input line 60.
LaTeX Font Info:    ... okay on input line 60.
LaTeX Font Info:    Checking defaults for PD1/pdf/m/n on input line 60.
LaTeX Font Info:    ... okay on input line 60.
LaTeX Font Info:    Checking defaults for PU/pdf/m/n on input line 60.
LaTeX Font Info:    ... okay on input line 60.
LaTeX Info: Redefining \. on input line 60.
LaTeX Info: Redefining \% on input line 60.
 (/usr/share/texlive/texmf-dist/tex/context/base/mkii/supp-pdf.mkii
[Loading MPS to PDF converter (version 2006.09.02).]
\scratchcounter=\count304
\scratchdimen=\dimen193
\scratchbox=\box64
\nofMPsegments=\count305
\nofMParguments=\count306
\everyMPshowfont=\toks34
\MPscratchCnt=\count307
\MPscratchDim=\dimen194
\MPnumerator=\count308
\makeMPintoPDFobject=\count309
\everyMPtoPDFconversion=\toks35
) (/usr/share/texlive/texmf-dist/tex/latex/epstopdf-pkg/epstopdf-base.sty
Package: epstopdf-base 2020-01-24 v2.11 Base part for package epstopdf
Package epstopdf-base Info: Redefining graphics rule for `.eps' on input line 485.
 (/usr/share/texlive/texmf-dist/tex/latex/latexconfig/epstopdf-sys.cfg
File: epstopdf-sys.cfg 2010/07/13 v1.3 Configuration of (r)epstopdf for TeX Live
))
Package hyperref Info: Link coloring ON on input line 60.
 (./analisis13_5_26.out) (./analisis13_5_26.out)
\@outlinefile=\write3

\openout3 = analisis13_5_26.out

*geometry* driver: auto-detecting
*geometry* detected driver: luatex
*geometry* verbose mode - [ preamble ] result:
* driver: luatex
* paper: a4paper
* layout: <same size as paper>
* layoutoffset:(h,v)=(0.0pt,0.0pt)
* modes: 
* h-part:(L,W,R)=(42.67912pt, 512.14963pt, 42.67912pt)
* v-part:(T,H,B)=(42.67912pt, 759.6886pt, 42.67912pt)
* \paperwidth=597.50787pt
* \paperheight=845.04684pt
* \textwidth=512.14963pt
* \textheight=759.6886pt
* \oddsidemargin=-29.59087pt
* \evensidemargin=-29.59087pt
* \topmargin=-66.59087pt
* \headheight=12.0pt
* \headsep=25.0pt
* \topskip=10.0pt
* \footskip=30.0pt
* \marginparwidth=57.0pt
* \marginparsep=11.0pt
* \columnsep=10.0pt
* \skip\footins=9.0pt plus 4.0pt minus 2.0pt
* \hoffset=0.0pt
* \voffset=0.0pt
* \mag=1000
* \@twocolumnfalse
* \@twosidefalse
* \@mparswitchfalse
* \@reversemarginfalse
* (1in=72.27pt=25.4mm, 1cm=28.453pt)

Package caption Info: Begin \AtBeginDocument code.
Package caption Info: float package is loaded.
Package caption Info: longtable package is loaded.
(/usr/share/texlive/texmf-dist/tex/latex/caption/ltcaption.sty
Package: ltcaption 2021/01/08 v1.4c longtable captions (AR)
)
Package caption Info: End \AtBeginDocument code.
LaTeX Font Info:    Trying to load font information for U+msa on input line 63.
 (/usr/share/texlive/texmf-dist/tex/latex/amsfonts/umsa.fd
File: umsa.fd 2013/01/14 v3.01 AMS symbols A
)
LaTeX Font Info:    Trying to load font information for U+msb on input line 63.
 (/usr/share/texlive/texmf-dist/tex/latex/amsfonts/umsb.fd
File: umsb.fd 2013/01/14 v3.01 AMS symbols B
) [1

{/var/lib/texmf/fonts/map/pdftex/updmap/pdftex.map}] (./analisis13_5_26.toc
LaTeX Info: Redefining \. on input line 1.
LaTeX Info: Redefining \% on input line 1.
)
\tf@toc=\write4

\openout4 = analisis13_5_26.toc
 [2

]
LaTeX Font Info:    Trying to load font information for T1+lmtt on input line 79.
 (/usr/share/texmf/tex/latex/lm/t1lmtt.fd
File: t1lmtt.fd 2015/05/01 v1.6.1 Font defs for Latin Modern
) [3

]
<analisis_assets/frentes_pareto_agregados_nsga2_full.png, id=137, 1291.7058pt x 993.7125pt>
File: analisis_assets/frentes_pareto_agregados_nsga2_full.png Graphic file (type png)
<use analisis_assets/frentes_pareto_agregados_nsga2_full.png>
Package luatex.def Info: analisis_assets/frentes_pareto_agregados_nsga2_full.png  used on input line 97.
(luatex.def)             Requested size: 112.67354pt x 86.67062pt.
<analisis_assets/frentes_pareto_agregados_nsga3_full.png, id=138, 1291.7058pt x 993.7125pt>
File: analisis_assets/frentes_pareto_agregados_nsga3_full.png Graphic file (type png)
<use analisis_assets/frentes_pareto_agregados_nsga3_full.png>
Package luatex.def Info: analisis_assets/frentes_pareto_agregados_nsga3_full.png  used on input line 97.
(luatex.def)             Requested size: 112.67354pt x 86.67062pt.
<analisis_assets/frentes_pareto_agregados_spea2_full.png, id=139, 1291.7058pt x 993.7125pt>
File: analisis_assets/frentes_pareto_agregados_spea2_full.png Graphic file (type png)
<use analisis_assets/frentes_pareto_agregados_spea2_full.png>
Package luatex.def Info: analisis_assets/frentes_pareto_agregados_spea2_full.png  used on input line 97.
(luatex.def)             Requested size: 112.67354pt x 86.67062pt.
<analisis_assets/frentes_pareto_agregados_moead_tche_full.png, id=140, 1291.7058pt x 993.7125pt>
File: analisis_assets/frentes_pareto_agregados_moead_tche_full.png Graphic file (type png)
<use analisis_assets/frentes_pareto_agregados_moead_tche_full.png>
Package luatex.def Info: analisis_assets/frentes_pareto_agregados_moead_tche_full.png  used on input line 97.
(luatex.def)             Requested size: 112.67354pt x 86.67062pt.
<analisis_assets/frentes_pareto_agregados_agemoea2_full.png, id=141, 1291.7058pt x 993.7125pt>
File: analisis_assets/frentes_pareto_agregados_agemoea2_full.png Graphic file (type png)
<use analisis_assets/frentes_pareto_agregados_agemoea2_full.png>
Package luatex.def Info: analisis_assets/frentes_pareto_agregados_agemoea2_full.png  used on input line 99.
(luatex.def)             Requested size: 112.67354pt x 86.67062pt.
<analisis_assets/frentes_pareto_agregados_smsemoa_full.png, id=142, 1291.7058pt x 993.7125pt>
File: analisis_assets/frentes_pareto_agregados_smsemoa_full.png Graphic file (type png)
<use analisis_assets/frentes_pareto_agregados_smsemoa_full.png>
Package luatex.def Info: analisis_assets/frentes_pareto_agregados_smsemoa_full.png  used on input line 99.
(luatex.def)             Requested size: 112.67354pt x 86.67062pt.
<analisis_assets/frentes_pareto_agregados_rvea_full.png, id=143, 1291.7058pt x 993.7125pt>
File: analisis_assets/frentes_pareto_agregados_rvea_full.png Graphic file (type png)
<use analisis_assets/frentes_pareto_agregados_rvea_full.png>
Package luatex.def Info: analisis_assets/frentes_pareto_agregados_rvea_full.png  used on input line 99.
(luatex.def)             Requested size: 112.67354pt x 86.67062pt.
<analisis_assets/frentes_pareto_global_full.png, id=144, 1291.7058pt x 993.7125pt>
File: analisis_assets/frentes_pareto_global_full.png Graphic file (type png)
<use analisis_assets/frentes_pareto_global_full.png>
Package luatex.def Info: analisis_assets/frentes_pareto_global_full.png  used on input line 99.
(luatex.def)             Requested size: 112.67354pt x 86.67062pt.
 [4

<./analisis_assets/frentes_pareto_agregados_nsga2_full.png><./analisis_assets/frentes_pareto_agregados_nsga3_full.png><./analisis_assets/frentes_pareto_agregados_spea2_full.png><./analisis_assets/frentes_pareto_agregados_moead_tche_full.png><./analisis_assets/frentes_pareto_agregados_agemoea2_full.png><./analisis_assets/frentes_pareto_agregados_smsemoa_full.png><./analisis_assets/frentes_pareto_agregados_rvea_full.png><./analisis_assets/frentes_pareto_global_full.png>]

Package hyperref Warning: Token not allowed in a PDF string (Unicode):
(hyperref)                removing `math shift' on input line 108.


Package hyperref Warning: Token not allowed in a PDF string (Unicode):
(hyperref)                removing `\uparrow' on input line 108.


Package hyperref Warning: Token not allowed in a PDF string (Unicode):
(hyperref)                removing `math shift' on input line 108.

<analisis_assets/heatmap_dunn_range_full.png, id=158, 964.0818pt x 851.8224pt>
File: analisis_assets/heatmap_dunn_range_full.png Graphic file (type png)
<use analisis_assets/heatmap_dunn_range_full.png>
Package luatex.def Info: analisis_assets/heatmap_dunn_range_full.png  used on input line 130.
(luatex.def)             Requested size: 281.68385pt x 248.88084pt.

Package hyperref Warning: Token not allowed in a PDF string (Unicode):
(hyperref)                removing `math shift' on input line 134.


Package hyperref Warning: Token not allowed in a PDF string (Unicode):
(hyperref)                removing `\downarrow' on input line 134.


Package hyperref Warning: Token not allowed in a PDF string (Unicode):
(hyperref)                removing `math shift' on input line 134.

[5

<./analisis_assets/heatmap_dunn_range_full.png>]
<analisis_assets/heatmap_dunn_minsum_full.png, id=173, 964.0818pt x 851.8224pt>
File: analisis_assets/heatmap_dunn_minsum_full.png Graphic file (type png)
<use analisis_assets/heatmap_dunn_minsum_full.png>
Package luatex.def Info: analisis_assets/heatmap_dunn_minsum_full.png  used on input line 156.
(luatex.def)             Requested size: 281.68385pt x 248.88084pt.


Package hyperref Warning: Token not allowed in a PDF string (Unicode):
(hyperref)                removing `math shift' on input line 160.


Package hyperref Warning: Token not allowed in a PDF string (Unicode):
(hyperref)                removing `\downarrow' on input line 160.


Package hyperref Warning: Token not allowed in a PDF string (Unicode):
(hyperref)                removing `math shift' on input line 160.

[6<./analisis_assets/heatmap_dunn_minsum_full.png>]
<analisis_assets/heatmap_dunn_summin_full.png, id=181, 964.0818pt x 851.8224pt>
File: analisis_assets/heatmap_dunn_summin_full.png Graphic file (type png)
<use analisis_assets/heatmap_dunn_summin_full.png>
Package luatex.def Info: analisis_assets/heatmap_dunn_summin_full.png  used on input line 182.
(luatex.def)             Requested size: 281.68385pt x 248.88084pt.


Package hyperref Warning: Token not allowed in a PDF string (Unicode):
(hyperref)                removing `math shift' on input line 186.


Package hyperref Warning: Token not allowed in a PDF string (Unicode):
(hyperref)                removing `\uparrow' on input line 186.


Package hyperref Warning: Token not allowed in a PDF string (Unicode):
(hyperref)                removing `math shift' on input line 186.

[7<./analisis_assets/heatmap_dunn_summin_full.png>]
<analisis_assets/heatmap_dunn_maxtolerancerate_full.png, id=190, 964.0818pt x 851.8224pt>
File: analisis_assets/heatmap_dunn_maxtolerancerate_full.png Graphic file (type png)
<use analisis_assets/heatmap_dunn_maxtolerancerate_full.png>
Package luatex.def Info: analisis_assets/heatmap_dunn_maxtolerancerate_full.png  used on input line 208.
(luatex.def)             Requested size: 281.68385pt x 248.88084pt.


Package hyperref Warning: Token not allowed in a PDF string (Unicode):
(hyperref)                removing `math shift' on input line 212.


Package hyperref Warning: Token not allowed in a PDF string (Unicode):
(hyperref)                removing `\uparrow' on input line 212.


Package hyperref Warning: Token not allowed in a PDF string (Unicode):
(hyperref)                removing `math shift' on input line 212.

[8<./analisis_assets/heatmap_dunn_maxtolerancerate_full.png>]
<analisis_assets/heatmap_dunn_avgtolerancerate_full.png, id=198, 964.0818pt x 851.8224pt>
File: analisis_assets/heatmap_dunn_avgtolerancerate_full.png Graphic file (type png)
<use analisis_assets/heatmap_dunn_avgtolerancerate_full.png>
Package luatex.def Info: analisis_assets/heatmap_dunn_avgtolerancerate_full.png  used on input line 234.
(luatex.def)             Requested size: 281.68385pt x 248.88084pt.


Package hyperref Warning: Token not allowed in a PDF string (Unicode):
(hyperref)                removing `math shift' on input line 238.


Package hyperref Warning: Token not allowed in a PDF string (Unicode):
(hyperref)                removing `\uparrow' on input line 238.


Package hyperref Warning: Token not allowed in a PDF string (Unicode):
(hyperref)                removing `math shift' on input line 238.

[9<./analisis_assets/heatmap_dunn_avgtolerancerate_full.png>]
<analisis_assets/heatmap_dunn_avghammingdistance_full.png, id=206, 964.0818pt x 851.8224pt>
File: analisis_assets/heatmap_dunn_avghammingdistance_full.png Graphic file (type png)
<use analisis_assets/heatmap_dunn_avghammingdistance_full.png>
Package luatex.def Info: analisis_assets/heatmap_dunn_avghammingdistance_full.png  used on input line 260.
(luatex.def)             Requested size: 281.68385pt x 248.88084pt.


Package hyperref Warning: Token not allowed in a PDF string (Unicode):
(hyperref)                removing `math shift' on input line 264.


Package hyperref Warning: Token not allowed in a PDF string (Unicode):
(hyperref)                removing `\uparrow' on input line 264.


Package hyperref Warning: Token not allowed in a PDF string (Unicode):
(hyperref)                removing `math shift' on input line 264.

[10<./analisis_assets/heatmap_dunn_avghammingdistance_full.png>]
<analisis_assets/heatmap_dunn_hypervolume_full.png, id=214, 964.0818pt x 851.8224pt>
File: analisis_assets/heatmap_dunn_hypervolume_full.png Graphic file (type png)
<use analisis_assets/heatmap_dunn_hypervolume_full.png>
Package luatex.def Info: analisis_assets/heatmap_dunn_hypervolume_full.png  used on input line 286.
(luatex.def)             Requested size: 281.68385pt x 248.88084pt.


Package hyperref Warning: Token not allowed in a PDF string (Unicode):
(hyperref)                removing `math shift' on input line 290.


Package hyperref Warning: Token not allowed in a PDF string (Unicode):
(hyperref)                removing `\downarrow' on input line 290.


Package hyperref Warning: Token not allowed in a PDF string (Unicode):
(hyperref)                removing `math shift' on input line 290.

[11<./analisis_assets/heatmap_dunn_hypervolume_full.png>]
<analisis_assets/heatmap_dunn_igd+_full.png, id=223, 964.0818pt x 851.8224pt>
File: analisis_assets/heatmap_dunn_igd+_full.png Graphic file (type png)
<use analisis_assets/heatmap_dunn_igd+_full.png>
Package luatex.def Info: analisis_assets/heatmap_dunn_igd+_full.png  used on input line 312.
(luatex.def)             Requested size: 281.68385pt x 248.88084pt.


Package hyperref Warning: Token not allowed in a PDF string (Unicode):
(hyperref)                removing `math shift' on input line 316.


Package hyperref Warning: Token not allowed in a PDF string (Unicode):
(hyperref)                removing `\downarrow' on input line 316.


Package hyperref Warning: Token not allowed in a PDF string (Unicode):
(hyperref)                removing `math shift' on input line 316.

[12<./analisis_assets/heatmap_dunn_igd+_full.png>]
<analisis_assets/heatmap_dunn_gd+_full.png, id=231, 964.0818pt x 851.8224pt>
File: analisis_assets/heatmap_dunn_gd+_full.png Graphic file (type png)
<use analisis_assets/heatmap_dunn_gd+_full.png>
Package luatex.def Info: analisis_assets/heatmap_dunn_gd+_full.png  used on input line 338.
(luatex.def)             Requested size: 281.68385pt x 248.88084pt.
 [13<./analisis_assets/heatmap_dunn_gd+_full.png>]

Package hyperref Warning: Token not allowed in a PDF string (Unicode):
(hyperref)                removing `math shift' on input line 344.


Package hyperref Warning: Token not allowed in a PDF string (Unicode):
(hyperref)                removing `\downarrow' on input line 344.


Package hyperref Warning: Token not allowed in a PDF string (Unicode):
(hyperref)                removing `math shift' on input line 344.

<analisis_assets/heatmap_nemenyi_full.png, id=239, 1000.2168pt x 852.3042pt>
File: analisis_assets/heatmap_nemenyi_full.png Graphic file (type png)
<use analisis_assets/heatmap_nemenyi_full.png>
Package luatex.def Info: analisis_assets/heatmap_nemenyi_full.png  used on input line 362.
(luatex.def)             Requested size: 358.50317pt x 305.48975pt.
[14

<./analisis_assets/heatmap_nemenyi_full.png>]
<analisis_assets/heatmap_nemenyi_algorithm_full.png, id=247, 981.1857pt x 852.0633pt>
File: analisis_assets/heatmap_nemenyi_algorithm_full.png Graphic file (type png)
<use analisis_assets/heatmap_nemenyi_algorithm_full.png>
Package luatex.def Info: analisis_assets/heatmap_nemenyi_algorithm_full.png  used on input line 408.
(luatex.def)             Requested size: 230.46576pt x 200.13089pt.
<analisis_assets/heatmap_nemenyi_crossover_full.png, id=248, 982.872pt x 851.8224pt>
File: analisis_assets/heatmap_nemenyi_crossover_full.png Graphic file (type png)
<use analisis_assets/heatmap_nemenyi_crossover_full.png>
Package luatex.def Info: analisis_assets/heatmap_nemenyi_crossover_full.png  used on input line 413.
(luatex.def)             Requested size: 230.46576pt x 199.73636pt.
 [15<./analisis_assets/heatmap_nemenyi_algorithm_full.png><./analisis_assets/heatmap_nemenyi_crossover_full.png>] [16]
<analisis_assets/mcdm_radar_objetivos_agregado_full.png, id=261, 541.7841pt x 478.1865pt>
File: analisis_assets/mcdm_radar_objetivos_agregado_full.png Graphic file (type png)
<use analisis_assets/mcdm_radar_objetivos_agregado_full.png>
Package luatex.def Info: analisis_assets/mcdm_radar_objetivos_agregado_full.png  used on input line 443.
(luatex.def)             Requested size: 358.50317pt x 316.41397pt.
 [17


<./analisis_assets/mcdm_radar_objetivos_agregado_full.png>] (./analisis13_5_26.aux
LaTeX Info: Redefining \. on input line 12.
LaTeX Info: Redefining \% on input line 12.
)
 ***********
LaTeX2e <2023-11-01> patch level 1
L3 programming layer <2024-01-22>
 ***********
Package rerunfilecheck Info: File `analisis13_5_26.out' has not changed.
(rerunfilecheck)             Checksum: 24F1C608E72D533ADBC805B939BBB249;3939.
)

Here is how much of LuaTeX's memory you used:
 15425 strings out of 476553
 125027,1977958 words of node,token memory allocated
 573 words of node memory still in use:
   7 hlist, 2 vlist, 2 rule, 4 glue, 4 kern, 1 glyph, 12 attribute, 62 glue_spec, 8 attribute_list, 1 write nodes
   avail lists: 1:2,2:1270,3:232,4:168,5:258,6:68,7:5117,8:16,9:525,10:10,11:645
 36980 multiletter control sequences out of 65536+600000
 67 fonts using 4154175 bytes
 72i,13n,75p,928b,555s stack positions out of 10000i,1000n,20000p,200000b,200000s
{/usr/share/texmf/fonts/enc/dvips/lm/lm-ec.enc}</usr/share/texlive/texmf-dist/fonts/type1/public/amsfonts/cm/cmmi10.pfb></usr/share/texlive/texmf-dist/fonts/type1/public/amsfonts/cm/cmmi9.pfb></usr/share/texlive/texmf-dist/fonts/type1/public/amsfonts/cm/cmr10.pfb></usr/share/texlive/texmf-dist/fonts/type1/public/amsfonts/cm/cmr7.pfb></usr/share/texlive/texmf-dist/fonts/type1/public/amsfonts/cm/cmr9.pfb></usr/share/texlive/texmf-dist/fonts/type1/public/amsfonts/cm/cmsy10.pfb></usr/share/texlive/texmf-dist/fonts/type1/public/amsfonts/cm/cmsy7.pfb></usr/share/texlive/texmf-dist/fonts/type1/public/amsfonts/cm/cmsy9.pfb></usr/share/texmf/fonts/type1/public/lm/lmbx10.pfb></usr/share/texmf/fonts/type1/public/lm/lmbx12.pfb></usr/share/texmf/fonts/type1/public/lm/lmbx9.pfb></usr/share/texmf/fonts/type1/public/lm/lmr10.pfb></usr/share/texmf/fonts/type1/public/lm/lmr12.pfb></usr/share/texmf/fonts/type1/public/lm/lmr17.pfb></usr/share/texmf/fonts/type1/public/lm/lmr9.pfb></usr/share/texmf/fonts/type1/public/lm/lmtt10.pfb>
Output written on analisis13_5_26.pdf (17 pages, 26573873 bytes).

PDF statistics: 326 PDF objects out of 1000 (max. 8388607)
 246 compressed objects within 3 object streams
 64 named destinations out of 1000 (max. 131072)
 177 words of extra memory for PDF output out of 10000 (max. 100000000)

