
  ⚙️   [1mCONFIGURACIÓN[0m
  ───────────────────
      • Modo=full | POP_SIZE=200 | N_GEN=500 | OFFSPRING=200 | PC=0.7 | PM=0.000969 | N_RUNS=5

  📊  [1mMetadatos y Dimensiones del Dataset[0m
  ─────────────────────────────────────────
       [92m✅  Hinds 2005 cargado y filtrado: 48 patrones alelicos × 772 SNPs polimórficos (de 1032 originales) desde 'snp_tag/data/datasets/hinds2005_1032.txt'[0m
      • ORIGEN_DATOS=hinds2005 (Hinds et al. 2005 / Perlegen) | N_SNPS=772 | N_PATRONES=48 | PM=0.001295
      • FICHERO=snp_tag/data/datasets/hinds2005_1032.txt
      • REPORT_DPI=300 | EVALUATION_MODE=proportional | NORMALIZATION_MODE=static_proportional_limits | SEED_MODE=non_deterministic | OBJ_TRANSFORM=inverse

[93m[1m╔══════════════════════════════════════════════════════════════════════════════╗
[93m[1m║                  DIAGNÓSTICO DE DATOS Y DESEQUILIBRIO (LD)                   ║
[93m[1m╚══════════════════════════════════════════════════════════════════════════════╝[0m

  🧬  [1mVisualización de la Estructura de Haplotipos[0m
  ──────────────────────────────────────────────────
      🖼️  Mapa de calor de haplotipos: ]8;;file:///home/cofer/Documents/University/TFG/snp_tag_tfg/snp_tag/results/full/hinds2005/greedy_hybrid-greedy_pure-random_dense-random_sparse/20260425T170417/0_datos_previos/heatmap_haplotipos_full.png\ [36mheatmap_haplotipos_full.png[0m]8;;\
      🖼️  Estructura LD (3 bloques): ]8;;file:///home/cofer/Documents/University/TFG/snp_tag_tfg/snp_tag/results/full/hinds2005/greedy_hybrid-greedy_pure-random_dense-random_sparse/20260425T170417/0_datos_previos/bloques_ld_haplotipos_full.png\ [36mbloques_ld_haplotipos_full.png[0m]8;;\

  📈  [1mAnálisis de Variabilidad y Frecuencia Alélica[0m
  ───────────────────────────────────────────────────
      🖼️  Distribución de frecuencia alélica: ]8;;file:///home/cofer/Documents/University/TFG/snp_tag_tfg/snp_tag/results/full/hinds2005/greedy_hybrid-greedy_pure-random_dense-random_sparse/20260425T170417/0_datos_previos/histograma_alelico_full.png\ [36mhistograma_alelico_full.png[0m]8;;\
      🖼️  Variabilidad por SNP: ]8;;file:///home/cofer/Documents/University/TFG/snp_tag_tfg/snp_tag/results/full/hinds2005/greedy_hybrid-greedy_pure-random_dense-random_sparse/20260425T170417/0_datos_previos/variabilidad_snps_full.png\ [36mvariabilidad_snps_full.png[0m]8;;\
      🖼️  Alelos dominantes por haplotipo: ]8;;file:///home/cofer/Documents/University/TFG/snp_tag_tfg/snp_tag/results/full/hinds2005/greedy_hybrid-greedy_pure-random_dense-random_sparse/20260425T170417/0_datos_previos/conteo_alelos_full.png\ [36mconteo_alelos_full.png[0m]8;;\
      🖼️  Distribución de distancias de Hamming: ]8;;file:///home/cofer/Documents/University/TFG/snp_tag_tfg/snp_tag/results/full/hinds2005/greedy_hybrid-greedy_pure-random_dense-random_sparse/20260425T170417/0_datos_previos/histograma_hamming_full.png\ [36mhistograma_hamming_full.png[0m]8;;\

  🔗  [1mCaracterización Global de Correlación (LD)[0m
  ────────────────────────────────────────────────
      • [1mCorrelación media absoluta (global |r|)[0m: 0.1387
      • [1mTotal de pares evaluados[0m: 297606
      🖼️  Mapa de calor de correlación (LD): ]8;;file:///home/cofer/Documents/University/TFG/snp_tag_tfg/snp_tag/results/full/hinds2005/greedy_hybrid-greedy_pure-random_dense-random_sparse/20260425T170417/0_datos_previos/heatmap_correlacion_completa_full.png\ [36mheatmap_correlacion_completa_full.png[0m]8;;\
      🖼️  Distribución de correlaciones (LD): ]8;;file:///home/cofer/Documents/University/TFG/snp_tag_tfg/snp_tag/results/full/hinds2005/greedy_hybrid-greedy_pure-random_dense-random_sparse/20260425T170417/0_datos_previos/histograma_correlaciones_ld_full.png\ [36mhistograma_correlaciones_ld_full.png[0m]8;;\
      🖼️  CDF de correlación LD: ]8;;file:///home/cofer/Documents/University/TFG/snp_tag_tfg/snp_tag/results/full/hinds2005/greedy_hybrid-greedy_pure-random_dense-random_sparse/20260425T170417/0_datos_previos/cdf_correlacion_absoluta_ld_full.png\ [36mcdf_correlacion_absoluta_ld_full.png[0m]8;;\

  ⚖️   [1mResumen Estructural del Dataset[0m
  ─────────────────────────────────────
      • [1mEstructura detectada[0m: 3 bloques de ligamiento
      • [1mCorrelación media absoluta (|r|)[0m: 0.1387
      • [1mNaturaleza del dato[0m: Benchmark biológico (Hinds)

  📐  [1mAnálisis de Similitud Genotípica (Pares de Haplotipos)[0m
  ────────────────────────────────────────────────────────────
      • [1mNúmero de pares de haplotipos[0m: 1128
      • [1mPares mostrados[0m: 3 similares / 3 distintos
      • [1mVista parcial[0m: primeros 32 SNPs
      • [1mPercentiles (Hamming)[0m: P33=237.00, P66=273.00
      • [Etiquetas: <=P33 -> muy similar | (P33,P66] -> intermedio | >P66 -> muy distinto]

  🤝  [1mPares de mayor similitud genética[0m
  ───────────────────────────────────────
      •  [1mPar (26, 27)[0m | Hamming=[1m129[0m | muy similar
        h026: [90m0[0m[90m0[0m[90m0[0m[90m0[0m[90m0[0m[90m0[0m[90m0[0m[90m0[0m[90m0[0m[90m0[0m[90m0[0m1[90m0[0m[90m0[0m1111[90m0[0m[90m0[0m[90m0[0m[90m0[0m[90m0[0m[90m0[0m[90m0[0m[90m0[0m[90m0[0m11111...
        h027: 1111[90m0[0m111111[90m0[0m[90m0[0m[90m0[0m[90m0[0m1[90m0[0m[90m0[0m111[90m0[0m[90m0[0m1111[90m0[0m[90m0[0m[90m0[0m[90m0[0m[90m0[0m...
      •  [1mPar (17, 41)[0m | Hamming=[1m134[0m | muy similar
        h017: 1111[90m0[0m111111[90m0[0m[90m0[0m[90m0[0m[90m0[0m1[90m0[0m[90m0[0m111[90m0[0m[90m0[0m1111[90m0[0m1111...
        h041: 1111[90m0[0m111111[90m0[0m[90m0[0m[90m0[0m[90m0[0m1[90m0[0m[90m0[0m111[90m0[0m[90m0[0m1111[90m0[0m[90m0[0m111...
      •  [1mPar (36, 46)[0m | Hamming=[1m140[0m | muy similar
        h036: [90m0[0m[90m0[0m[90m0[0m[90m0[0m[90m0[0m[90m0[0m[90m0[0m[90m0[0m[90m0[0m[90m0[0m[90m0[0m1[90m0[0m[90m0[0m1111111[90m0[0m[90m0[0m1111[90m0[0m[90m0[0m[90m0[0m[90m0[0m[90m0[0m...
        h046: 1111[90m0[0m111111[90m0[0m[90m0[0m[90m0[0m[90m0[0m1[90m0[0m[90m0[0m111[90m0[0m[90m0[0m1111[90m0[0m[90m0[0m[90m0[0m[90m0[0m[90m0[0m...

  ↔️   [1mPares de mayor divergencia genética[0m
  ─────────────────────────────────────────
      •  [1mPar (29, 36)[0m | Hamming=[1m407[0m | muy distinto
        h029: [90m0[0m[90m0[0m[90m0[0m[90m0[0m1[90m0[0m[90m0[0m[90m0[0m[90m0[0m[90m0[0m[90m0[0m[90m0[0m11[90m0[0m[90m0[0m[90m0[0m[90m0[0m[90m0[0m[90m0[0m[90m0[0m[90m0[0m[90m0[0m[90m0[0m[90m0[0m[90m0[0m[90m0[0m1[90m0[0m[90m0[0m[90m0[0m[90m0[0m...
        h036: [90m0[0m[90m0[0m[90m0[0m[90m0[0m[90m0[0m[90m0[0m[90m0[0m[90m0[0m[90m0[0m[90m0[0m[90m0[0m1[90m0[0m[90m0[0m1111111[90m0[0m[90m0[0m1111[90m0[0m[90m0[0m[90m0[0m[90m0[0m[90m0[0m...
      •  [1mPar (28, 29)[0m | Hamming=[1m404[0m | muy distinto
        h028: [90m0[0m[90m0[0m[90m0[0m[90m0[0m1[90m0[0m[90m0[0m[90m0[0m[90m0[0m[90m0[0m[90m0[0m[90m0[0m11[90m0[0m[90m0[0m[90m0[0m[90m0[0m[90m0[0m[90m0[0m[90m0[0m[90m0[0m[90m0[0m[90m0[0m[90m0[0m[90m0[0m[90m0[0m1[90m0[0m[90m0[0m[90m0[0m[90m0[0m...
        h029: [90m0[0m[90m0[0m[90m0[0m[90m0[0m1[90m0[0m[90m0[0m[90m0[0m[90m0[0m[90m0[0m[90m0[0m[90m0[0m11[90m0[0m[90m0[0m[90m0[0m[90m0[0m[90m0[0m[90m0[0m[90m0[0m[90m0[0m[90m0[0m[90m0[0m[90m0[0m[90m0[0m[90m0[0m1[90m0[0m[90m0[0m[90m0[0m[90m0[0m...
      •  [1mPar (24, 29)[0m | Hamming=[1m390[0m | muy distinto
        h024: 1111[90m0[0m111111[90m0[0m[90m0[0m[90m0[0m[90m0[0m1[90m0[0m[90m0[0m111[90m0[0m[90m0[0m1[90m0[0m11[90m0[0m1111...
        h029: [90m0[0m[90m0[0m[90m0[0m[90m0[0m1[90m0[0m[90m0[0m[90m0[0m[90m0[0m[90m0[0m[90m0[0m[90m0[0m11[90m0[0m[90m0[0m[90m0[0m[90m0[0m[90m0[0m[90m0[0m[90m0[0m[90m0[0m[90m0[0m[90m0[0m[90m0[0m[90m0[0m[90m0[0m1[90m0[0m[90m0[0m[90m0[0m[90m0[0m...

[93m[1m╔══════════════════════════════════════════════════════════════════════════════╗
[93m[1m║                             MOTOR MULTIOBJETIVO                              ║
[93m[1m╚══════════════════════════════════════════════════════════════════════════════╝[0m

  ⚙️   [1mConfiguración del Motor Evolutivo[0m
  ───────────────────────────────────────
      • Modo=full | POP_SIZE=200 | N_GEN=500 | OFFSPRING=200 | PC=0.7 | PM=0.001295 | N_RUNS=5
      • Desglose: 6 algoritmos x 4 inicializaciones x 5 runs = 120 ejecuciones
      • Configuraciones únicas (algoritmo-init): 24
      • Algoritmos activos: NSGA2, NSGA3, SPEA2, MOEAD_TCHE, MOEAD_PBI, MOEAD_WS
      • Puntos de referencia (ref_dirs): 200 | Particiones: 9
      • Tamaño de población (pop_size): 200

  🧬  [1mFase Evolutiva[0m
  ────────────────────
    • Iniciando 120 experimentos en modo paralelo seguro
      • Paralelizando con hasta 12 procesos en paralelo
      • [Progreso:   1/120] | [NSGA2-random_dense] ejecución 4/5 (118.6 s)
      • [Progreso:   2/120] | [NSGA2-greedy_pure] ejecución 1/5 (122.2 s)
      • [Progreso:   3/120] | [NSGA2-random_dense] ejecución 3/5 (128.9 s)
      • [Progreso:   4/120] | [NSGA2-random_dense] ejecución 1/5 (135.0 s)
      • [Progreso:   5/120] | [NSGA2-random_sparse] ejecución 4/5 (172.3 s)
      • [Progreso:   6/120] | [NSGA2-random_dense] ejecución 2/5 (182.9 s)
      • [Progreso:   7/120] | [NSGA2-greedy_pure] ejecución 2/5 (186.7 s)
      • [Progreso:   8/120] | [NSGA2-random_sparse] ejecución 2/5 (205.9 s)
      • [Progreso:   9/120] | [NSGA2-random_dense] ejecución 5/5 (207.6 s)
      • [Progreso:  10/120] | [NSGA2-random_sparse] ejecución 5/5 (207.7 s)
      • [Progreso:  11/120] | [NSGA2-random_sparse] ejecución 1/5 (209.0 s)
      • [Progreso:  12/120] | [NSGA2-random_sparse] ejecución 3/5 (213.6 s)
      • [Progreso:  13/120] | [NSGA2-greedy_pure] ejecución 4/5 (109.0 s)
      • [Progreso:  14/120] | [NSGA2-greedy_pure] ejecución 3/5 (113.0 s)
      • [Progreso:  15/120] | [NSGA2-greedy_hybrid] ejecución 1/5 (108.0 s)
      • [Progreso:  16/120] | [NSGA2-greedy_pure] ejecución 5/5 (131.2 s)
      • [Progreso:  17/120] | [NSGA3-random_sparse] ejecución 5/5 (107.4 s)
      • [Progreso:  18/120] | [NSGA3-random_dense] ejecución 1/5 (109.2 s)
      • [Progreso:  19/120] | [NSGA3-random_dense] ejecución 2/5 (107.2 s)
      • [Progreso:  20/120] | [NSGA3-random_dense] ejecución 3/5 (107.1 s)
      • [Progreso:  21/120] | [NSGA2-greedy_hybrid] ejecución 4/5 (188.1 s)
      • [Progreso:  22/120] | [NSGA2-greedy_hybrid] ejecución 2/5 (204.9 s)
      • [Progreso:  23/120] | [NSGA2-greedy_hybrid] ejecución 3/5 (204.1 s)
      • [Progreso:  24/120] | [NSGA2-greedy_hybrid] ejecución 5/5 (203.6 s)
      • [Progreso:  25/120] | [NSGA3-random_sparse] ejecución 1/5 (207.7 s)
      • [Progreso:  26/120] | [NSGA3-random_sparse] ejecución 2/5 (217.5 s)
      • [Progreso:  27/120] | [NSGA3-random_sparse] ejecución 3/5 (219.1 s)
      • [Progreso:  28/120] | [NSGA3-random_sparse] ejecución 4/5 (217.8 s)
      • [Progreso:  29/120] | [NSGA3-random_dense] ejecución 5/5 (109.2 s)
      • [Progreso:  30/120] | [NSGA3-random_dense] ejecución 4/5 (141.6 s)
      • [Progreso:  31/120] | [NSGA3-greedy_pure] ejecución 2/5 (114.3 s)
      • [Progreso:  32/120] | [NSGA3-greedy_pure] ejecución 3/5 (127.5 s)
      • [Progreso:  33/120] | [NSGA3-greedy_hybrid] ejecución 1/5 (107.4 s)
      • [Progreso:  34/120] | [NSGA3-greedy_pure] ejecución 1/5 (210.4 s)
      • [Progreso:  35/120] | [SPEA2-random_sparse] ejecución 1/5 (128.7 s)
      • [Progreso:  36/120] | [NSGA3-greedy_pure] ejecución 4/5 (205.3 s)
      • [Progreso:  37/120] | [NSGA3-greedy_pure] ejecución 5/5 (201.0 s)
      • [Progreso:  38/120] | [SPEA2-random_sparse] ejecución 3/5 (126.7 s)
      • [Progreso:  39/120] | [NSGA3-greedy_hybrid] ejecución 2/5 (213.5 s)
      • [Progreso:  40/120] | [SPEA2-random_sparse] ejecución 4/5 (126.5 s)
      • [Progreso:  41/120] | [NSGA3-greedy_hybrid] ejecución 3/5 (221.5 s)
      • [Progreso:  42/120] | [NSGA3-greedy_hybrid] ejecución 4/5 (222.5 s)
      • [Progreso:  43/120] | [NSGA3-greedy_hybrid] ejecución 5/5 (222.1 s)
      • [Progreso:  44/120] | [SPEA2-random_sparse] ejecución 5/5 (190.4 s)
      • [Progreso:  45/120] | [SPEA2-random_dense] ejecución 2/5 (131.6 s)
      • [Progreso:  46/120] | [SPEA2-random_sparse] ejecución 2/5 (250.6 s)
      • [Progreso:  47/120] | [SPEA2-random_dense] ejecución 5/5 (128.6 s)
      • [Progreso:  48/120] | [SPEA2-random_dense] ejecución 4/5 (150.9 s)
      • [Progreso:  49/120] | [SPEA2-random_dense] ejecución 3/5 (167.7 s)
      • [Progreso:  50/120] | [SPEA2-greedy_pure] ejecución 2/5 (141.1 s)
      • [Progreso:  51/120] | [SPEA2-random_dense] ejecución 1/5 (261.8 s)
      • [Progreso:  52/120] | [SPEA2-greedy_hybrid] ejecución 2/5 (151.5 s)
      • [Progreso:  53/120] | [SPEA2-greedy_pure] ejecución 1/5 (256.5 s)
      • [Progreso:  54/120] | [SPEA2-greedy_pure] ejecución 3/5 (267.9 s)
      • [Progreso:  55/120] | [SPEA2-greedy_hybrid] ejecución 4/5 (177.9 s)
      • [Progreso:  56/120] | [SPEA2-greedy_pure] ejecución 4/5 (268.9 s)
      • [Progreso:  57/120] | [SPEA2-greedy_hybrid] ejecución 5/5 (182.8 s)
      • [Progreso:  58/120] | [SPEA2-greedy_pure] ejecución 5/5 (269.7 s)
      • [Progreso:  59/120] | [SPEA2-greedy_hybrid] ejecución 1/5 (258.7 s)
      • [Progreso:  60/120] | [SPEA2-greedy_hybrid] ejecución 3/5 (254.5 s)
      • [Progreso:  61/120] | [MOEAD_TCHE-random_sparse] ejecución 1/5 (244.5 s)
      • [Progreso:  62/120] | [MOEAD_TCHE-random_sparse] ejecución 2/5 (267.0 s)
      • [Progreso:  63/120] | [MOEAD_TCHE-random_sparse] ejecución 3/5 (462.5 s)
      • [Progreso:  64/120] | [MOEAD_TCHE-random_sparse] ejecución 5/5 (423.4 s)
      • [Progreso:  65/120] | [MOEAD_TCHE-random_dense] ejecución 3/5 (426.3 s)
      • [Progreso:  66/120] | [MOEAD_TCHE-random_sparse] ejecución 4/5 (520.2 s)
      • [Progreso:  67/120] | [MOEAD_TCHE-greedy_pure] ejecución 3/5 (435.1 s)
      • [Progreso:  68/120] | [MOEAD_TCHE-greedy_pure] ejecución 1/5 (514.3 s)
      • [Progreso:  69/120] | [MOEAD_TCHE-greedy_pure] ejecución 2/5 (506.8 s)
      • [Progreso:  70/120] | [MOEAD_TCHE-random_dense] ejecución 2/5 (578.1 s)
      • [Progreso:  71/120] | [MOEAD_TCHE-greedy_pure] ejecución 4/5 (462.2 s)
      • [Progreso:  72/120] | [MOEAD_TCHE-random_dense] ejecución 4/5 (578.0 s)
      • [Progreso:  73/120] | [MOEAD_TCHE-random_dense] ejecución 1/5 (627.7 s)
      • [Progreso:  74/120] | [MOEAD_TCHE-random_dense] ejecución 5/5 (630.0 s)
      • [Progreso:  75/120] | [MOEAD_TCHE-greedy_hybrid] ejecución 1/5 (377.7 s)
      • [Progreso:  76/120] | [MOEAD_TCHE-greedy_hybrid] ejecución 3/5 (422.5 s)
      • [Progreso:  77/120] | [MOEAD_TCHE-greedy_hybrid] ejecución 2/5 (469.6 s)
      • [Progreso:  78/120] | [MOEAD_TCHE-greedy_pure] ejecución 5/5 (626.3 s)
      • [Progreso:  79/120] | [MOEAD_PBI-random_sparse] ejecución 1/5 (446.4 s)
      • [Progreso:  80/120] | [MOEAD_PBI-random_sparse] ejecución 4/5 (449.3 s)
      • [Progreso:  81/120] | [MOEAD_TCHE-greedy_hybrid] ejecución 5/5 (531.8 s)
      • [Progreso:  82/120] | [MOEAD_TCHE-greedy_hybrid] ejecución 4/5 (623.0 s)
      • [Progreso:  83/120] | [MOEAD_PBI-random_sparse] ejecución 5/5 (546.8 s)
      • [Progreso:  84/120] | [MOEAD_PBI-random_dense] ejecución 2/5 (410.6 s)
      • [Progreso:  85/120] | [MOEAD_PBI-random_sparse] ejecución 2/5 (638.7 s)
      • [Progreso:  86/120] | [MOEAD_PBI-random_sparse] ejecución 3/5 (637.9 s)
      • [Progreso:  87/120] | [MOEAD_PBI-random_dense] ejecución 1/5 (640.2 s)
      • [Progreso:  88/120] | [MOEAD_PBI-random_dense] ejecución 4/5 (468.2 s)
      • [Progreso:  89/120] | [MOEAD_PBI-random_dense] ejecución 3/5 (581.9 s)
      • [Progreso:  90/120] | [MOEAD_PBI-greedy_pure] ejecución 1/5 (504.9 s)
      • [Progreso:  91/120] | [MOEAD_PBI-random_dense] ejecución 5/5 (601.4 s)
      • [Progreso:  92/120] | [MOEAD_PBI-greedy_pure] ejecución 2/5 (571.8 s)
      • [Progreso:  93/120] | [MOEAD_PBI-greedy_pure] ejecución 3/5 (573.3 s)
      • [Progreso:  94/120] | [MOEAD_PBI-greedy_pure] ejecución 5/5 (503.3 s)
      • [Progreso:  95/120] | [MOEAD_PBI-greedy_pure] ejecución 4/5 (543.0 s)
      • [Progreso:  96/120] | [MOEAD_PBI-greedy_hybrid] ejecución 3/5 (471.8 s)
      • [Progreso:  97/120] | [MOEAD_PBI-greedy_hybrid] ejecución 1/5 (544.3 s)
      • [Progreso:  98/120] | [MOEAD_PBI-greedy_hybrid] ejecución 2/5 (568.2 s)
      • [Progreso:  99/120] | [MOEAD_PBI-greedy_hybrid] ejecución 4/5 (594.4 s)
      • [Progreso: 100/120] | [MOEAD_WS-random_sparse] ejecución 3/5 (410.1 s)
      • [Progreso: 101/120] | [MOEAD_PBI-greedy_hybrid] ejecución 5/5 (643.1 s)
      • [Progreso: 102/120] | [MOEAD_WS-random_sparse] ejecución 4/5 (416.0 s)
      • [Progreso: 103/120] | [MOEAD_WS-random_sparse] ejecución 1/5 (625.4 s)
      • [Progreso: 104/120] | [MOEAD_WS-random_dense] ejecución 3/5 (406.1 s)
      • [Progreso: 105/120] | [MOEAD_WS-random_sparse] ejecución 2/5 (625.5 s)
      • [Progreso: 106/120] | [MOEAD_WS-greedy_pure] ejecución 1/5 (372.1 s)
      • [Progreso: 107/120] | [MOEAD_WS-random_sparse] ejecución 5/5 (629.7 s)
      • [Progreso: 108/120] | [MOEAD_WS-random_dense] ejecución 2/5 (622.0 s)
      • [Progreso: 109/120] | [MOEAD_WS-random_dense] ejecución 1/5 (631.7 s)
      • [Progreso: 110/120] | [MOEAD_WS-random_dense] ejecución 4/5 (613.8 s)
      • [Progreso: 111/120] | [MOEAD_WS-random_dense] ejecución 5/5 (612.2 s)
      • [Progreso: 112/120] | [MOEAD_WS-greedy_pure] ejecución 2/5 (390.8 s)
      • [Progreso: 113/120] | [MOEAD_WS-greedy_pure] ejecución 4/5 (382.9 s)
      • [Progreso: 114/120] | [MOEAD_WS-greedy_pure] ejecución 3/5 (412.3 s)
      • [Progreso: 115/120] | [MOEAD_WS-greedy_hybrid] ejecución 1/5 (390.6 s)
      • [Progreso: 116/120] | [MOEAD_WS-greedy_pure] ejecución 5/5 (399.0 s)
      • [Progreso: 117/120] | [MOEAD_WS-greedy_hybrid] ejecución 2/5 (351.0 s)
      • [Progreso: 118/120] | [MOEAD_WS-greedy_hybrid] ejecución 3/5 (265.1 s)
      • [Progreso: 119/120] | [MOEAD_WS-greedy_hybrid] ejecución 5/5 (234.6 s)
      • [Progreso: 120/120] | [MOEAD_WS-greedy_hybrid] ejecución 4/5 (245.9 s)

[93m[1m╔══════════════════════════════════════════════════════════════════════════════╗
[93m[1m║                            SÍNTESIS DE RESULTADOS                            ║
[93m[1m╚══════════════════════════════════════════════════════════════════════════════╝[0m
  • [1mConfiguración de síntesis[0m: DPI=300

  ⏱️   [1mAnálisis de Rendimiento y Tiempo[0m
  ──────────────────────────────────────
      🖼️  Boxplot tiempo de ejecución: ]8;;file:///home/cofer/Documents/University/TFG/snp_tag_tfg/snp_tag/results/full/hinds2005/greedy_hybrid-greedy_pure-random_dense-random_sparse/20260425T170417/2_comparativa/0_tiempo/boxplot_tiempo_full.png\ [36mboxplot_tiempo_full.png[0m]8;;\
      🖼️  Media ± std tiempo ejecución: ]8;;file:///home/cofer/Documents/University/TFG/snp_tag_tfg/snp_tag/results/full/hinds2005/greedy_hybrid-greedy_pure-random_dense-random_sparse/20260425T170417/2_comparativa/0_tiempo/media_std_tiempo_full.png\ [36mmedia_std_tiempo_full.png[0m]8;;\
      🖼️  Tiempo vs Tamaño de frente: ]8;;file:///home/cofer/Documents/University/TFG/snp_tag_tfg/snp_tag/results/full/hinds2005/greedy_hybrid-greedy_pure-random_dense-random_sparse/20260425T170417/2_comparativa/0_tiempo/tiempo_vs_tamano_frente_full.png\ [36mtiempo_vs_tamano_frente_full.png[0m]8;;\
      • Tiempo bloque 'Análisis de Rendimiento y Tiempo': 1.1s

  🧮  [1mProcesamiento de Métricas (con progreso)[0m
  ──────────────────────────────────────────────
    • Iniciando métricas finales: 120 ejecuciones
      • [Progreso:   1/120] | [NSGA2-random_sparse] ejecución 1/5 (0.1 s)
      • [Progreso:   2/120] | [NSGA2-random_sparse] ejecución 2/5 (0.0 s)
      • [Progreso:   3/120] | [NSGA2-random_sparse] ejecución 3/5 (0.0 s)
      • [Progreso:   4/120] | [NSGA2-random_sparse] ejecución 4/5 (0.0 s)
      • [Progreso:   5/120] | [NSGA2-random_sparse] ejecución 5/5 (0.0 s)
      • [Progreso:   6/120] | [NSGA2-random_dense] ejecución 1/5 (0.1 s)
      • [Progreso:   7/120] | [NSGA2-random_dense] ejecución 2/5 (0.1 s)
      • [Progreso:   8/120] | [NSGA2-random_dense] ejecución 3/5 (0.1 s)
      • [Progreso:   9/120] | [NSGA2-random_dense] ejecución 4/5 (0.0 s)
      • [Progreso:  10/120] | [NSGA2-random_dense] ejecución 5/5 (0.1 s)
      • [Progreso:  11/120] | [NSGA2-greedy_pure] ejecución 1/5 (0.0 s)
      • [Progreso:  12/120] | [NSGA2-greedy_pure] ejecución 2/5 (0.0 s)
      • [Progreso:  13/120] | [NSGA2-greedy_pure] ejecución 3/5 (0.0 s)
      • [Progreso:  14/120] | [NSGA2-greedy_pure] ejecución 4/5 (0.0 s)
      • [Progreso:  15/120] | [NSGA2-greedy_pure] ejecución 5/5 (0.0 s)
      • [Progreso:  16/120] | [NSGA2-greedy_hybrid] ejecución 1/5 (0.1 s)
      • [Progreso:  17/120] | [NSGA2-greedy_hybrid] ejecución 2/5 (0.1 s)
      • [Progreso:  18/120] | [NSGA2-greedy_hybrid] ejecución 3/5 (0.1 s)
      • [Progreso:  19/120] | [NSGA2-greedy_hybrid] ejecución 4/5 (0.1 s)
      • [Progreso:  20/120] | [NSGA2-greedy_hybrid] ejecución 5/5 (0.1 s)
      • [Progreso:  21/120] | [NSGA3-random_sparse] ejecución 1/5 (0.0 s)
      • [Progreso:  22/120] | [NSGA3-random_sparse] ejecución 2/5 (0.0 s)
      • [Progreso:  23/120] | [NSGA3-random_sparse] ejecución 3/5 (0.0 s)
      • [Progreso:  24/120] | [NSGA3-random_sparse] ejecución 4/5 (0.0 s)
      • [Progreso:  25/120] | [NSGA3-random_sparse] ejecución 5/5 (0.0 s)
      • [Progreso:  26/120] | [NSGA3-random_dense] ejecución 1/5 (0.0 s)
      • [Progreso:  27/120] | [NSGA3-random_dense] ejecución 2/5 (0.0 s)
      • [Progreso:  28/120] | [NSGA3-random_dense] ejecución 3/5 (0.0 s)
      • [Progreso:  29/120] | [NSGA3-random_dense] ejecución 4/5 (0.0 s)
      • [Progreso:  30/120] | [NSGA3-random_dense] ejecución 5/5 (0.0 s)
      • [Progreso:  31/120] | [NSGA3-greedy_pure] ejecución 1/5 (0.0 s)
      • [Progreso:  32/120] | [NSGA3-greedy_pure] ejecución 2/5 (0.0 s)
      • [Progreso:  33/120] | [NSGA3-greedy_pure] ejecución 3/5 (0.0 s)
      • [Progreso:  34/120] | [NSGA3-greedy_pure] ejecución 4/5 (0.0 s)
      • [Progreso:  35/120] | [NSGA3-greedy_pure] ejecución 5/5 (0.0 s)
      • [Progreso:  36/120] | [NSGA3-greedy_hybrid] ejecución 1/5 (0.0 s)
      • [Progreso:  37/120] | [NSGA3-greedy_hybrid] ejecución 2/5 (0.0 s)
      • [Progreso:  38/120] | [NSGA3-greedy_hybrid] ejecución 3/5 (0.0 s)
      • [Progreso:  39/120] | [NSGA3-greedy_hybrid] ejecución 4/5 (0.0 s)
      • [Progreso:  40/120] | [NSGA3-greedy_hybrid] ejecución 5/5 (0.0 s)
      • [Progreso:  41/120] | [SPEA2-random_sparse] ejecución 1/5 (0.0 s)
      • [Progreso:  42/120] | [SPEA2-random_sparse] ejecución 2/5 (0.0 s)
      • [Progreso:  43/120] | [SPEA2-random_sparse] ejecución 3/5 (0.0 s)
      • [Progreso:  44/120] | [SPEA2-random_sparse] ejecución 4/5 (0.0 s)
      • [Progreso:  45/120] | [SPEA2-random_sparse] ejecución 5/5 (0.0 s)
      • [Progreso:  46/120] | [SPEA2-random_dense] ejecución 1/5 (0.0 s)
      • [Progreso:  47/120] | [SPEA2-random_dense] ejecución 2/5 (0.0 s)
      • [Progreso:  48/120] | [SPEA2-random_dense] ejecución 3/5 (0.0 s)
      • [Progreso:  49/120] | [SPEA2-random_dense] ejecución 4/5 (0.0 s)
      • [Progreso:  50/120] | [SPEA2-random_dense] ejecución 5/5 (0.0 s)
      • [Progreso:  51/120] | [SPEA2-greedy_pure] ejecución 1/5 (0.0 s)
      • [Progreso:  52/120] | [SPEA2-greedy_pure] ejecución 2/5 (0.0 s)
      • [Progreso:  53/120] | [SPEA2-greedy_pure] ejecución 3/5 (0.0 s)
      • [Progreso:  54/120] | [SPEA2-greedy_pure] ejecución 4/5 (0.0 s)
      • [Progreso:  55/120] | [SPEA2-greedy_pure] ejecución 5/5 (0.0 s)
      • [Progreso:  56/120] | [SPEA2-greedy_hybrid] ejecución 1/5 (0.0 s)
      • [Progreso:  57/120] | [SPEA2-greedy_hybrid] ejecución 2/5 (0.1 s)
      • [Progreso:  58/120] | [SPEA2-greedy_hybrid] ejecución 3/5 (0.0 s)
      • [Progreso:  59/120] | [SPEA2-greedy_hybrid] ejecución 4/5 (0.0 s)
      • [Progreso:  60/120] | [SPEA2-greedy_hybrid] ejecución 5/5 (0.1 s)
      • [Progreso:  61/120] | [MOEAD_TCHE-random_sparse] ejecución 1/5 (0.0 s)
      • [Progreso:  62/120] | [MOEAD_TCHE-random_sparse] ejecución 2/5 (0.0 s)
      • [Progreso:  63/120] | [MOEAD_TCHE-random_sparse] ejecución 3/5 (0.0 s)
      • [Progreso:  64/120] | [MOEAD_TCHE-random_sparse] ejecución 4/5 (0.0 s)
      • [Progreso:  65/120] | [MOEAD_TCHE-random_sparse] ejecución 5/5 (0.0 s)
      • [Progreso:  66/120] | [MOEAD_TCHE-random_dense] ejecución 1/5 (0.0 s)
      • [Progreso:  67/120] | [MOEAD_TCHE-random_dense] ejecución 2/5 (0.0 s)
      • [Progreso:  68/120] | [MOEAD_TCHE-random_dense] ejecución 3/5 (0.0 s)
      • [Progreso:  69/120] | [MOEAD_TCHE-random_dense] ejecución 4/5 (0.0 s)
      • [Progreso:  70/120] | [MOEAD_TCHE-random_dense] ejecución 5/5 (0.0 s)
      • [Progreso:  71/120] | [MOEAD_TCHE-greedy_pure] ejecución 1/5 (0.0 s)
      • [Progreso:  72/120] | [MOEAD_TCHE-greedy_pure] ejecución 2/5 (0.0 s)
      • [Progreso:  73/120] | [MOEAD_TCHE-greedy_pure] ejecución 3/5 (0.0 s)
      • [Progreso:  74/120] | [MOEAD_TCHE-greedy_pure] ejecución 4/5 (0.0 s)
      • [Progreso:  75/120] | [MOEAD_TCHE-greedy_pure] ejecución 5/5 (0.0 s)
      • [Progreso:  76/120] | [MOEAD_TCHE-greedy_hybrid] ejecución 1/5 (0.0 s)
      • [Progreso:  77/120] | [MOEAD_TCHE-greedy_hybrid] ejecución 2/5 (0.0 s)
      • [Progreso:  78/120] | [MOEAD_TCHE-greedy_hybrid] ejecución 3/5 (0.0 s)
      • [Progreso:  79/120] | [MOEAD_TCHE-greedy_hybrid] ejecución 4/5 (0.0 s)
      • [Progreso:  80/120] | [MOEAD_TCHE-greedy_hybrid] ejecución 5/5 (0.0 s)
      • [Progreso:  81/120] | [MOEAD_PBI-random_sparse] ejecución 1/5 (0.0 s)
      • [Progreso:  82/120] | [MOEAD_PBI-random_sparse] ejecución 2/5 (0.0 s)
      • [Progreso:  83/120] | [MOEAD_PBI-random_sparse] ejecución 3/5 (0.0 s)
      • [Progreso:  84/120] | [MOEAD_PBI-random_sparse] ejecución 4/5 (0.0 s)
      • [Progreso:  85/120] | [MOEAD_PBI-random_sparse] ejecución 5/5 (0.0 s)
      • [Progreso:  86/120] | [MOEAD_PBI-random_dense] ejecución 1/5 (0.0 s)
      • [Progreso:  87/120] | [MOEAD_PBI-random_dense] ejecución 2/5 (0.0 s)
      • [Progreso:  88/120] | [MOEAD_PBI-random_dense] ejecución 3/5 (0.0 s)
      • [Progreso:  89/120] | [MOEAD_PBI-random_dense] ejecución 4/5 (0.0 s)
      • [Progreso:  90/120] | [MOEAD_PBI-random_dense] ejecución 5/5 (0.0 s)
      • [Progreso:  91/120] | [MOEAD_PBI-greedy_pure] ejecución 1/5 (0.0 s)
      • [Progreso:  92/120] | [MOEAD_PBI-greedy_pure] ejecución 2/5 (0.0 s)
      • [Progreso:  93/120] | [MOEAD_PBI-greedy_pure] ejecución 3/5 (0.0 s)
      • [Progreso:  94/120] | [MOEAD_PBI-greedy_pure] ejecución 4/5 (0.0 s)
      • [Progreso:  95/120] | [MOEAD_PBI-greedy_pure] ejecución 5/5 (0.0 s)
      • [Progreso:  96/120] | [MOEAD_PBI-greedy_hybrid] ejecución 1/5 (0.0 s)
      • [Progreso:  97/120] | [MOEAD_PBI-greedy_hybrid] ejecución 2/5 (0.0 s)
      • [Progreso:  98/120] | [MOEAD_PBI-greedy_hybrid] ejecución 3/5 (0.0 s)
      • [Progreso:  99/120] | [MOEAD_PBI-greedy_hybrid] ejecución 4/5 (0.0 s)
      • [Progreso: 100/120] | [MOEAD_PBI-greedy_hybrid] ejecución 5/5 (0.0 s)
      • [Progreso: 101/120] | [MOEAD_WS-random_sparse] ejecución 1/5 (0.0 s)
      • [Progreso: 102/120] | [MOEAD_WS-random_sparse] ejecución 2/5 (0.0 s)
      • [Progreso: 103/120] | [MOEAD_WS-random_sparse] ejecución 3/5 (0.0 s)
      • [Progreso: 104/120] | [MOEAD_WS-random_sparse] ejecución 4/5 (0.0 s)
      • [Progreso: 105/120] | [MOEAD_WS-random_sparse] ejecución 5/5 (0.0 s)
      • [Progreso: 106/120] | [MOEAD_WS-random_dense] ejecución 1/5 (0.0 s)
      • [Progreso: 107/120] | [MOEAD_WS-random_dense] ejecución 2/5 (0.0 s)
      • [Progreso: 108/120] | [MOEAD_WS-random_dense] ejecución 3/5 (0.0 s)
      • [Progreso: 109/120] | [MOEAD_WS-random_dense] ejecución 4/5 (0.0 s)
      • [Progreso: 110/120] | [MOEAD_WS-random_dense] ejecución 5/5 (0.0 s)
      • [Progreso: 111/120] | [MOEAD_WS-greedy_pure] ejecución 1/5 (0.0 s)
      • [Progreso: 112/120] | [MOEAD_WS-greedy_pure] ejecución 2/5 (0.0 s)
      • [Progreso: 113/120] | [MOEAD_WS-greedy_pure] ejecución 3/5 (0.0 s)
      • [Progreso: 114/120] | [MOEAD_WS-greedy_pure] ejecución 4/5 (0.0 s)
      • [Progreso: 115/120] | [MOEAD_WS-greedy_pure] ejecución 5/5 (0.0 s)
      • [Progreso: 116/120] | [MOEAD_WS-greedy_hybrid] ejecución 1/5 (0.0 s)
      • [Progreso: 117/120] | [MOEAD_WS-greedy_hybrid] ejecución 2/5 (0.0 s)
      • [Progreso: 118/120] | [MOEAD_WS-greedy_hybrid] ejecución 3/5 (0.0 s)
      • [Progreso: 119/120] | [MOEAD_WS-greedy_hybrid] ejecución 4/5 (0.0 s)
      • [Progreso: 120/120] | [MOEAD_WS-greedy_hybrid] ejecución 5/5 (0.0 s)
      • Métricas finales completadas: 120 ejecuciones en 2.1s

    • Iniciando métricas generacionales: 120 ejecuciones con historial
      • [Progreso:   1/120] | [NSGA2-greedy_pure] ejecución 2/5 (14.9 s)
      • [Progreso:   2/120] | [NSGA2-greedy_pure] ejecución 1/5 (22.1 s)
      • [Progreso:   3/120] | [NSGA2-random_sparse] ejecución 1/5 (24.3 s)
      • [Progreso:   4/120] | [NSGA2-greedy_pure] ejecución 3/5 (25.8 s)
      • [Progreso:   5/120] | [NSGA2-greedy_pure] ejecución 4/5 (27.5 s)
      • [Progreso:   6/120] | [NSGA2-greedy_pure] ejecución 5/5 (13.2 s)
      • [Progreso:   7/120] | [NSGA2-random_sparse] ejecución 4/5 (41.0 s)
      • [Progreso:   8/120] | [NSGA2-random_sparse] ejecución 3/5 (41.3 s)
      • [Progreso:   9/120] | [NSGA2-random_sparse] ejecución 5/5 (44.7 s)
      • [Progreso:  10/120] | [NSGA2-random_sparse] ejecución 2/5 (45.7 s)
      • [Progreso:  11/120] | [NSGA2-random_dense] ejecución 4/5 (55.0 s)
      • [Progreso:  12/120] | [NSGA2-random_dense] ejecución 2/5 (55.2 s)
      • [Progreso:  13/120] | [NSGA2-random_dense] ejecución 1/5 (57.3 s)
      • [Progreso:  14/120] | [NSGA2-random_dense] ejecución 5/5 (58.7 s)
      • [Progreso:  15/120] | [NSGA2-random_dense] ejecución 3/5 (60.2 s)
      • [Progreso:  16/120] | [NSGA2-greedy_hybrid] ejecución 2/5 (41.4 s)
      • [Progreso:  17/120] | [NSGA3-random_sparse] ejecución 1/5 (31.1 s)
      • [Progreso:  18/120] | [NSGA3-random_sparse] ejecución 2/5 (31.0 s)
      • [Progreso:  19/120] | [NSGA2-greedy_hybrid] ejecución 3/5 (52.1 s)
      • [Progreso:  20/120] | [NSGA3-random_sparse] ejecución 4/5 (35.3 s)
      • [Progreso:  21/120] | [NSGA3-random_sparse] ejecución 3/5 (38.6 s)
      • [Progreso:  22/120] | [NSGA3-random_sparse] ejecución 5/5 (32.2 s)
      • [Progreso:  23/120] | [NSGA2-greedy_hybrid] ejecución 5/5 (59.1 s)
      • [Progreso:  24/120] | [NSGA3-greedy_pure] ejecución 1/5 (18.6 s)
      • [Progreso:  25/120] | [NSGA2-greedy_hybrid] ejecución 1/5 (70.1 s)
      • [Progreso:  26/120] | [NSGA3-greedy_pure] ejecución 2/5 (21.3 s)
      • [Progreso:  27/120] | [NSGA3-random_dense] ejecución 5/5 (29.1 s)
      • [Progreso:  28/120] | [NSGA3-greedy_pure] ejecución 3/5 (20.3 s)
      • [Progreso:  29/120] | [NSGA3-random_dense] ejecución 1/5 (44.7 s)
      • [Progreso:  30/120] | [NSGA3-random_dense] ejecución 3/5 (45.6 s)
      • [Progreso:  31/120] | [NSGA3-random_dense] ejecución 2/5 (47.3 s)
      • [Progreso:  32/120] | [NSGA2-greedy_hybrid] ejecución 4/5 (77.7 s)
      • [Progreso:  33/120] | [NSGA3-greedy_pure] ejecución 4/5 (26.1 s)
      • [Progreso:  34/120] | [NSGA3-random_dense] ejecución 4/5 (50.1 s)
      • [Progreso:  35/120] | [NSGA3-greedy_pure] ejecución 5/5 (27.4 s)
      • [Progreso:  36/120] | [SPEA2-random_sparse] ejecución 1/5 (22.8 s)
      • [Progreso:  37/120] | [SPEA2-random_sparse] ejecución 2/5 (28.9 s)
      • [Progreso:  38/120] | [NSGA3-greedy_hybrid] ejecución 2/5 (48.3 s)
      • [Progreso:  39/120] | [SPEA2-random_sparse] ejecución 3/5 (35.5 s)
      • [Progreso:  40/120] | [NSGA3-greedy_hybrid] ejecución 1/5 (50.6 s)
      • [Progreso:  41/120] | [NSGA3-greedy_hybrid] ejecución 4/5 (47.7 s)
      • [Progreso:  42/120] | [SPEA2-random_sparse] ejecución 5/5 (35.4 s)
      • [Progreso:  43/120] | [SPEA2-random_sparse] ejecución 4/5 (35.8 s)
      • [Progreso:  44/120] | [SPEA2-greedy_pure] ejecución 1/5 (15.4 s)
      • [Progreso:  45/120] | [NSGA3-greedy_hybrid] ejecución 3/5 (55.1 s)
      • [Progreso:  46/120] | [SPEA2-greedy_pure] ejecución 2/5 (16.2 s)
      • [Progreso:  47/120] | [SPEA2-random_dense] ejecución 5/5 (35.1 s)
      • [Progreso:  48/120] | [SPEA2-random_dense] ejecución 3/5 (44.6 s)
      • [Progreso:  49/120] | [SPEA2-random_dense] ejecución 1/5 (50.1 s)
      • [Progreso:  50/120] | [SPEA2-random_dense] ejecución 2/5 (48.5 s)
      • [Progreso:  51/120] | [SPEA2-greedy_pure] ejecución 3/5 (21.4 s)
      • [Progreso:  52/120] | [NSGA3-greedy_hybrid] ejecución 5/5 (68.0 s)
      • [Progreso:  53/120] | [SPEA2-random_dense] ejecución 4/5 (52.2 s)
      • [Progreso:  54/120] | [MOEAD_TCHE-random_sparse] ejecución 4/5 (8.8 s)
      • [Progreso:  55/120] | [MOEAD_TCHE-random_sparse] ejecución 5/5 (7.4 s)
      • [Progreso:  56/120] | [SPEA2-greedy_pure] ejecución 4/5 (26.5 s)
      • [Progreso:  57/120] | [MOEAD_TCHE-random_sparse] ejecución 1/5 (13.1 s)
      • [Progreso:  58/120] | [SPEA2-greedy_pure] ejecución 5/5 (26.0 s)
      • [Progreso:  59/120] | [MOEAD_TCHE-random_sparse] ejecución 2/5 (12.4 s)
      • [Progreso:  60/120] | [MOEAD_TCHE-greedy_pure] ejecución 2/5 (3.3 s)
      • [Progreso:  61/120] | [MOEAD_TCHE-greedy_pure] ejecución 1/5 (4.0 s)
      • [Progreso:  62/120] | [MOEAD_TCHE-random_sparse] ejecución 3/5 (14.6 s)
      • [Progreso:  63/120] | [MOEAD_TCHE-greedy_pure] ejecución 3/5 (2.7 s)
      • [Progreso:  64/120] | [MOEAD_TCHE-greedy_pure] ejecución 4/5 (2.8 s)
      • [Progreso:  65/120] | [MOEAD_TCHE-greedy_pure] ejecución 5/5 (2.5 s)
      • [Progreso:  66/120] | [MOEAD_TCHE-random_dense] ejecución 3/5 (11.4 s)
      • [Progreso:  67/120] | [MOEAD_TCHE-random_dense] ejecución 2/5 (13.2 s)
      • [Progreso:  68/120] | [MOEAD_TCHE-random_dense] ejecución 1/5 (17.4 s)
      • [Progreso:  69/120] | [MOEAD_PBI-random_sparse] ejecución 1/5 (5.0 s)
      • [Progreso:  70/120] | [MOEAD_TCHE-random_dense] ejecución 5/5 (18.0 s)
      • [Progreso:  71/120] | [MOEAD_PBI-random_sparse] ejecución 3/5 (4.3 s)
      • [Progreso:  72/120] | [MOEAD_TCHE-random_dense] ejecución 4/5 (21.3 s)
      • [Progreso:  73/120] | [SPEA2-greedy_hybrid] ejecución 3/5 (43.3 s)
      • [Progreso:  74/120] | [MOEAD_PBI-random_sparse] ejecución 4/5 (3.7 s)
      • [Progreso:  75/120] | [MOEAD_PBI-random_sparse] ejecución 2/5 (7.9 s)
      • [Progreso:  76/120] | [MOEAD_PBI-random_dense] ejecución 3/5 (1.4 s)
      • [Progreso:  77/120] | [MOEAD_PBI-random_dense] ejecución 1/5 (1.9 s)
      • [Progreso:  78/120] | [MOEAD_PBI-random_dense] ejecución 2/5 (2.1 s)
      • [Progreso:  79/120] | [MOEAD_PBI-greedy_pure] ejecución 1/5 (0.5 s)
      • [Progreso:  80/120] | [MOEAD_PBI-random_dense] ejecución 5/5 (0.9 s)
      • [Progreso:  81/120] | [MOEAD_PBI-random_dense] ejecución 4/5 (1.5 s)
      • [Progreso:  82/120] | [MOEAD_PBI-greedy_pure] ejecución 2/5 (0.5 s)
      • [Progreso:  83/120] | [MOEAD_PBI-greedy_pure] ejecución 3/5 (0.6 s)
      • [Progreso:  84/120] | [MOEAD_PBI-greedy_pure] ejecución 5/5 (0.5 s)
      • [Progreso:  85/120] | [MOEAD_PBI-greedy_pure] ejecución 4/5 (0.7 s)
      • [Progreso:  86/120] | [MOEAD_TCHE-greedy_hybrid] ejecución 1/5 (21.1 s)
      • [Progreso:  87/120] | [MOEAD_PBI-random_sparse] ejecución 5/5 (6.6 s)
      • [Progreso:  88/120] | [MOEAD_PBI-greedy_hybrid] ejecución 1/5 (4.5 s)
      • [Progreso:  89/120] | [SPEA2-greedy_hybrid] ejecución 5/5 (41.8 s)
      • [Progreso:  90/120] | [MOEAD_TCHE-greedy_hybrid] ejecución 2/5 (23.6 s)
      • [Progreso:  91/120] | [SPEA2-greedy_hybrid] ejecución 1/5 (54.2 s)
      • [Progreso:  92/120] | [MOEAD_PBI-greedy_hybrid] ejecución 3/5 (5.5 s)
      • [Progreso:  93/120] | [MOEAD_PBI-greedy_hybrid] ejecución 5/5 (4.5 s)
      • [Progreso:  94/120] | [MOEAD_WS-random_dense] ejecución 1/5 (1.4 s)
      • [Progreso:  95/120] | [MOEAD_PBI-greedy_hybrid] ejecución 4/5 (7.4 s)
      • [Progreso:  96/120] | [MOEAD_TCHE-greedy_hybrid] ejecución 3/5 (25.6 s)
      • [Progreso:  97/120] | [MOEAD_WS-random_dense] ejecución 2/5 (2.0 s)
      • [Progreso:  98/120] | [MOEAD_TCHE-greedy_hybrid] ejecución 4/5 (25.3 s)
      • [Progreso:  99/120] | [SPEA2-greedy_hybrid] ejecución 2/5 (57.6 s)
      • [Progreso: 100/120] | [MOEAD_WS-random_dense] ejecución 3/5 (1.9 s)
      • [Progreso: 101/120] | [MOEAD_WS-random_dense] ejecución 4/5 (1.6 s)
      • [Progreso: 102/120] | [MOEAD_PBI-greedy_hybrid] ejecución 2/5 (9.8 s)
      • [Progreso: 103/120] | [SPEA2-greedy_hybrid] ejecución 4/5 (53.0 s)
      • [Progreso: 104/120] | [MOEAD_WS-greedy_pure] ejecución 3/5 (1.2 s)
      • [Progreso: 105/120] | [MOEAD_WS-greedy_pure] ejecución 5/5 (1.3 s)
      • [Progreso: 106/120] | [MOEAD_WS-random_sparse] ejecución 2/5 (6.9 s)
      • [Progreso: 107/120] | [MOEAD_WS-greedy_pure] ejecución 1/5 (2.3 s)
      • [Progreso: 108/120] | [MOEAD_WS-greedy_pure] ejecución 2/5 (2.5 s)
      • [Progreso: 109/120] | [MOEAD_WS-greedy_pure] ejecución 4/5 (2.7 s)
      • [Progreso: 110/120] | [MOEAD_WS-random_dense] ejecución 5/5 (3.1 s)
      • [Progreso: 111/120] | [MOEAD_TCHE-greedy_hybrid] ejecución 5/5 (25.3 s)
      • [Progreso: 112/120] | [MOEAD_WS-random_sparse] ejecución 3/5 (7.7 s)
      • [Progreso: 113/120] | [MOEAD_WS-random_sparse] ejecución 4/5 (7.9 s)
      • [Progreso: 114/120] | [MOEAD_WS-random_sparse] ejecución 1/5 (11.0 s)
      • [Progreso: 115/120] | [MOEAD_WS-random_sparse] ejecución 5/5 (9.9 s)
      • [Progreso: 116/120] | [MOEAD_WS-greedy_hybrid] ejecución 4/5 (8.7 s)
      • [Progreso: 117/120] | [MOEAD_WS-greedy_hybrid] ejecución 1/5 (10.4 s)
      • [Progreso: 118/120] | [MOEAD_WS-greedy_hybrid] ejecución 3/5 (9.9 s)
      • [Progreso: 119/120] | [MOEAD_WS-greedy_hybrid] ejecución 5/5 (10.0 s)
      • [Progreso: 120/120] | [MOEAD_WS-greedy_hybrid] ejecución 2/5 (12.5 s)
      • Métricas generacionales completadas: 120 ejecuciones en 211.5s

  📊  [1mTrazabilidad y Exportación de Datos (CSV)[0m
  ───────────────────────────────────────────────
      🖼️  Resultados detallados por ejecución: ]8;;file:///home/cofer/Documents/University/TFG/snp_tag_tfg/snp_tag/results/full/hinds2005/greedy_hybrid-greedy_pure-random_dense-random_sparse/20260425T170417/1_ejecuciones/resultados_detallados_full.csv\ [36mresultados_detallados_full.csv[0m]8;;\
      🖼️  Historial evolutivo generacional: ]8;;file:///home/cofer/Documents/University/TFG/snp_tag_tfg/snp_tag/results/full/hinds2005/greedy_hybrid-greedy_pure-random_dense-random_sparse/20260425T170417/1_ejecuciones/historico_generacional_full.csv\ [36mhistorico_generacional_full.csv[0m]8;;\
      🖼️  Soluciones de frentes finales (CSV): ]8;;file:///home/cofer/Documents/University/TFG/snp_tag_tfg/snp_tag/results/full/hinds2005/greedy_hybrid-greedy_pure-random_dense-random_sparse/20260425T170417/1_ejecuciones/frentes_pareto_full.csv\ [36mfrentes_pareto_full.csv[0m]8;;\

  📍  [1mPuntos Críticos del Espacio de Objetivos[0m
  ──────────────────────────────────────────────
      • [1mPunto Ideal Empírico (mejor)[0m: [8.00000000e+00 9.90099010e-03 1.95975098e+00 1.01357791e-03]
      • [1mPunto Nadir Empírico (peor)[0m: [4.54000000e+02 1.00000000e+00 7.52501668e+00 3.38225932e-02]
      • [1mPunto Ideal Teórico (Ref)[0m: [1.         0.00775194 1.         0.        ]
      • [1mPunto Nadir Teórico (Ref)[0m: [7.72e+02 1.00e+00 1.00e+01 2.50e-01]
      • [1mPunto Ref. Hipervolumen (1.1)[0m: [8.49100000e+02 1.09922481e+00 1.09000000e+01 2.75000001e-01]

[93m[1m╔══════════════════════════════════════════════════════════════════════════════╗
[93m[1m║                           REPORTES Y VISUALIZACIÓN                           ║
[93m[1m╚══════════════════════════════════════════════════════════════════════════════╝[0m

  🔍  [1mDistribución y Correlación de Frentes de Pareto[0m
  ─────────────────────────────────────────────────────

  🔗  [1mCorrelación de Objetivos[0m
  ──────────────────────────────
      🖼️  Correlación objetivos Pareto (Valores Reales): ]8;;file:///home/cofer/Documents/University/TFG/snp_tag_tfg/snp_tag/results/full/hinds2005/greedy_hybrid-greedy_pure-random_dense-random_sparse/20260425T170417/2_comparativa/1_frentes/otros/correlacion_objetivos_pareto_full.png\ [36mcorrelacion_objetivos_pareto_full.png[0m]8;;\

  📈  [1mCoordenadas Paralelas[0m
  ───────────────────────────
      🖼️  Coordenadas paralelas MOEAD_PBI (greedy_hybrid): ]8;;file:///home/cofer/Documents/University/TFG/snp_tag_tfg/snp_tag/results/full/hinds2005/greedy_hybrid-greedy_pure-random_dense-random_sparse/20260425T170417/2_comparativa/1_frentes/coordenadas_paralelas/coordenadas_paralelas_MOEAD_PBI_greedy_hybrid_full.png\ [36mcoordenadas_paralelas_MOEAD_PBI_greedy_hybrid_full.png[0m]8;;\
      🖼️  Coordenadas paralelas MOEAD_PBI (greedy_pure): ]8;;file:///home/cofer/Documents/University/TFG/snp_tag_tfg/snp_tag/results/full/hinds2005/greedy_hybrid-greedy_pure-random_dense-random_sparse/20260425T170417/2_comparativa/1_frentes/coordenadas_paralelas/coordenadas_paralelas_MOEAD_PBI_greedy_pure_full.png\ [36mcoordenadas_paralelas_MOEAD_PBI_greedy_pure_full.png[0m]8;;\
      🖼️  Coordenadas paralelas MOEAD_PBI (random_dense): ]8;;file:///home/cofer/Documents/University/TFG/snp_tag_tfg/snp_tag/results/full/hinds2005/greedy_hybrid-greedy_pure-random_dense-random_sparse/20260425T170417/2_comparativa/1_frentes/coordenadas_paralelas/coordenadas_paralelas_MOEAD_PBI_random_dense_full.png\ [36mcoordenadas_paralelas_MOEAD_PBI_random_dense_full.png[0m]8;;\
      🖼️  Coordenadas paralelas MOEAD_PBI (random_sparse): ]8;;file:///home/cofer/Documents/University/TFG/snp_tag_tfg/snp_tag/results/full/hinds2005/greedy_hybrid-greedy_pure-random_dense-random_sparse/20260425T170417/2_comparativa/1_frentes/coordenadas_paralelas/coordenadas_paralelas_MOEAD_PBI_random_sparse_full.png\ [36mcoordenadas_paralelas_MOEAD_PBI_random_sparse_full.png[0m]8;;\
      🖼️  Coordenadas paralelas MOEAD_TCHE (greedy_hybrid): ]8;;file:///home/cofer/Documents/University/TFG/snp_tag_tfg/snp_tag/results/full/hinds2005/greedy_hybrid-greedy_pure-random_dense-random_sparse/20260425T170417/2_comparativa/1_frentes/coordenadas_paralelas/coordenadas_paralelas_MOEAD_TCHE_greedy_hybrid_full.png\ [36mcoordenadas_paralelas_MOEAD_TCHE_greedy_hybrid_full.png[0m]8;;\
      🖼️  Coordenadas paralelas MOEAD_TCHE (greedy_pure): ]8;;file:///home/cofer/Documents/University/TFG/snp_tag_tfg/snp_tag/results/full/hinds2005/greedy_hybrid-greedy_pure-random_dense-random_sparse/20260425T170417/2_comparativa/1_frentes/coordenadas_paralelas/coordenadas_paralelas_MOEAD_TCHE_greedy_pure_full.png\ [36mcoordenadas_paralelas_MOEAD_TCHE_greedy_pure_full.png[0m]8;;\
      🖼️  Coordenadas paralelas MOEAD_TCHE (random_dense): ]8;;file:///home/cofer/Documents/University/TFG/snp_tag_tfg/snp_tag/results/full/hinds2005/greedy_hybrid-greedy_pure-random_dense-random_sparse/20260425T170417/2_comparativa/1_frentes/coordenadas_paralelas/coordenadas_paralelas_MOEAD_TCHE_random_dense_full.png\ [36mcoordenadas_paralelas_MOEAD_TCHE_random_dense_full.png[0m]8;;\
      🖼️  Coordenadas paralelas MOEAD_TCHE (random_sparse): ]8;;file:///home/cofer/Documents/University/TFG/snp_tag_tfg/snp_tag/results/full/hinds2005/greedy_hybrid-greedy_pure-random_dense-random_sparse/20260425T170417/2_comparativa/1_frentes/coordenadas_paralelas/coordenadas_paralelas_MOEAD_TCHE_random_sparse_full.png\ [36mcoordenadas_paralelas_MOEAD_TCHE_random_sparse_full.png[0m]8;;\
      🖼️  Coordenadas paralelas MOEAD_WS (greedy_hybrid): ]8;;file:///home/cofer/Documents/University/TFG/snp_tag_tfg/snp_tag/results/full/hinds2005/greedy_hybrid-greedy_pure-random_dense-random_sparse/20260425T170417/2_comparativa/1_frentes/coordenadas_paralelas/coordenadas_paralelas_MOEAD_WS_greedy_hybrid_full.png\ [36mcoordenadas_paralelas_MOEAD_WS_greedy_hybrid_full.png[0m]8;;\
      🖼️  Coordenadas paralelas MOEAD_WS (greedy_pure): ]8;;file:///home/cofer/Documents/University/TFG/snp_tag_tfg/snp_tag/results/full/hinds2005/greedy_hybrid-greedy_pure-random_dense-random_sparse/20260425T170417/2_comparativa/1_frentes/coordenadas_paralelas/coordenadas_paralelas_MOEAD_WS_greedy_pure_full.png\ [36mcoordenadas_paralelas_MOEAD_WS_greedy_pure_full.png[0m]8;;\
      🖼️  Coordenadas paralelas MOEAD_WS (random_dense): ]8;;file:///home/cofer/Documents/University/TFG/snp_tag_tfg/snp_tag/results/full/hinds2005/greedy_hybrid-greedy_pure-random_dense-random_sparse/20260425T170417/2_comparativa/1_frentes/coordenadas_paralelas/coordenadas_paralelas_MOEAD_WS_random_dense_full.png\ [36mcoordenadas_paralelas_MOEAD_WS_random_dense_full.png[0m]8;;\
      🖼️  Coordenadas paralelas MOEAD_WS (random_sparse): ]8;;file:///home/cofer/Documents/University/TFG/snp_tag_tfg/snp_tag/results/full/hinds2005/greedy_hybrid-greedy_pure-random_dense-random_sparse/20260425T170417/2_comparativa/1_frentes/coordenadas_paralelas/coordenadas_paralelas_MOEAD_WS_random_sparse_full.png\ [36mcoordenadas_paralelas_MOEAD_WS_random_sparse_full.png[0m]8;;\
      🖼️  Coordenadas paralelas NSGA2 (greedy_hybrid): ]8;;file:///home/cofer/Documents/University/TFG/snp_tag_tfg/snp_tag/results/full/hinds2005/greedy_hybrid-greedy_pure-random_dense-random_sparse/20260425T170417/2_comparativa/1_frentes/coordenadas_paralelas/coordenadas_paralelas_NSGA2_greedy_hybrid_full.png\ [36mcoordenadas_paralelas_NSGA2_greedy_hybrid_full.png[0m]8;;\
      🖼️  Coordenadas paralelas NSGA2 (greedy_pure): ]8;;file:///home/cofer/Documents/University/TFG/snp_tag_tfg/snp_tag/results/full/hinds2005/greedy_hybrid-greedy_pure-random_dense-random_sparse/20260425T170417/2_comparativa/1_frentes/coordenadas_paralelas/coordenadas_paralelas_NSGA2_greedy_pure_full.png\ [36mcoordenadas_paralelas_NSGA2_greedy_pure_full.png[0m]8;;\
      🖼️  Coordenadas paralelas NSGA2 (random_dense): ]8;;file:///home/cofer/Documents/University/TFG/snp_tag_tfg/snp_tag/results/full/hinds2005/greedy_hybrid-greedy_pure-random_dense-random_sparse/20260425T170417/2_comparativa/1_frentes/coordenadas_paralelas/coordenadas_paralelas_NSGA2_random_dense_full.png\ [36mcoordenadas_paralelas_NSGA2_random_dense_full.png[0m]8;;\
      🖼️  Coordenadas paralelas NSGA2 (random_sparse): ]8;;file:///home/cofer/Documents/University/TFG/snp_tag_tfg/snp_tag/results/full/hinds2005/greedy_hybrid-greedy_pure-random_dense-random_sparse/20260425T170417/2_comparativa/1_frentes/coordenadas_paralelas/coordenadas_paralelas_NSGA2_random_sparse_full.png\ [36mcoordenadas_paralelas_NSGA2_random_sparse_full.png[0m]8;;\
      🖼️  Coordenadas paralelas NSGA3 (greedy_hybrid): ]8;;file:///home/cofer/Documents/University/TFG/snp_tag_tfg/snp_tag/results/full/hinds2005/greedy_hybrid-greedy_pure-random_dense-random_sparse/20260425T170417/2_comparativa/1_frentes/coordenadas_paralelas/coordenadas_paralelas_NSGA3_greedy_hybrid_full.png\ [36mcoordenadas_paralelas_NSGA3_greedy_hybrid_full.png[0m]8;;\
      🖼️  Coordenadas paralelas NSGA3 (greedy_pure): ]8;;file:///home/cofer/Documents/University/TFG/snp_tag_tfg/snp_tag/results/full/hinds2005/greedy_hybrid-greedy_pure-random_dense-random_sparse/20260425T170417/2_comparativa/1_frentes/coordenadas_paralelas/coordenadas_paralelas_NSGA3_greedy_pure_full.png\ [36mcoordenadas_paralelas_NSGA3_greedy_pure_full.png[0m]8;;\
      🖼️  Coordenadas paralelas NSGA3 (random_dense): ]8;;file:///home/cofer/Documents/University/TFG/snp_tag_tfg/snp_tag/results/full/hinds2005/greedy_hybrid-greedy_pure-random_dense-random_sparse/20260425T170417/2_comparativa/1_frentes/coordenadas_paralelas/coordenadas_paralelas_NSGA3_random_dense_full.png\ [36mcoordenadas_paralelas_NSGA3_random_dense_full.png[0m]8;;\
      🖼️  Coordenadas paralelas NSGA3 (random_sparse): ]8;;file:///home/cofer/Documents/University/TFG/snp_tag_tfg/snp_tag/results/full/hinds2005/greedy_hybrid-greedy_pure-random_dense-random_sparse/20260425T170417/2_comparativa/1_frentes/coordenadas_paralelas/coordenadas_paralelas_NSGA3_random_sparse_full.png\ [36mcoordenadas_paralelas_NSGA3_random_sparse_full.png[0m]8;;\
      🖼️  Coordenadas paralelas SPEA2 (greedy_hybrid): ]8;;file:///home/cofer/Documents/University/TFG/snp_tag_tfg/snp_tag/results/full/hinds2005/greedy_hybrid-greedy_pure-random_dense-random_sparse/20260425T170417/2_comparativa/1_frentes/coordenadas_paralelas/coordenadas_paralelas_SPEA2_greedy_hybrid_full.png\ [36mcoordenadas_paralelas_SPEA2_greedy_hybrid_full.png[0m]8;;\
      🖼️  Coordenadas paralelas SPEA2 (greedy_pure): ]8;;file:///home/cofer/Documents/University/TFG/snp_tag_tfg/snp_tag/results/full/hinds2005/greedy_hybrid-greedy_pure-random_dense-random_sparse/20260425T170417/2_comparativa/1_frentes/coordenadas_paralelas/coordenadas_paralelas_SPEA2_greedy_pure_full.png\ [36mcoordenadas_paralelas_SPEA2_greedy_pure_full.png[0m]8;;\
      🖼️  Coordenadas paralelas SPEA2 (random_dense): ]8;;file:///home/cofer/Documents/University/TFG/snp_tag_tfg/snp_tag/results/full/hinds2005/greedy_hybrid-greedy_pure-random_dense-random_sparse/20260425T170417/2_comparativa/1_frentes/coordenadas_paralelas/coordenadas_paralelas_SPEA2_random_dense_full.png\ [36mcoordenadas_paralelas_SPEA2_random_dense_full.png[0m]8;;\
      🖼️  Coordenadas paralelas SPEA2 (random_sparse): ]8;;file:///home/cofer/Documents/University/TFG/snp_tag_tfg/snp_tag/results/full/hinds2005/greedy_hybrid-greedy_pure-random_dense-random_sparse/20260425T170417/2_comparativa/1_frentes/coordenadas_paralelas/coordenadas_paralelas_SPEA2_random_sparse_full.png\ [36mcoordenadas_paralelas_SPEA2_random_sparse_full.png[0m]8;;\

  🎯  [1mFrentes de Pareto[0m
  ───────────────────────
      🖼️  Frente Pareto NSGA3 (greedy_hybrid): ]8;;file:///home/cofer/Documents/University/TFG/snp_tag_tfg/snp_tag/results/full/hinds2005/greedy_hybrid-greedy_pure-random_dense-random_sparse/20260425T170417/2_comparativa/1_frentes/frentes_pareto/frentes_pareto_nsga3_greedy_hybrid_full.png\ [36mfrentes_pareto_nsga3_greedy_hybrid_full.png[0m]8;;\
      🖼️  Frente Pareto NSGA3 (greedy_pure): ]8;;file:///home/cofer/Documents/University/TFG/snp_tag_tfg/snp_tag/results/full/hinds2005/greedy_hybrid-greedy_pure-random_dense-random_sparse/20260425T170417/2_comparativa/1_frentes/frentes_pareto/frentes_pareto_nsga3_greedy_pure_full.png\ [36mfrentes_pareto_nsga3_greedy_pure_full.png[0m]8;;\
      🖼️  Frente Pareto NSGA3 (random_dense): ]8;;file:///home/cofer/Documents/University/TFG/snp_tag_tfg/snp_tag/results/full/hinds2005/greedy_hybrid-greedy_pure-random_dense-random_sparse/20260425T170417/2_comparativa/1_frentes/frentes_pareto/frentes_pareto_nsga3_random_dense_full.png\ [36mfrentes_pareto_nsga3_random_dense_full.png[0m]8;;\
      🖼️  Frente Pareto NSGA3 (random_sparse): ]8;;file:///home/cofer/Documents/University/TFG/snp_tag_tfg/snp_tag/results/full/hinds2005/greedy_hybrid-greedy_pure-random_dense-random_sparse/20260425T170417/2_comparativa/1_frentes/frentes_pareto/frentes_pareto_nsga3_random_sparse_full.png\ [36mfrentes_pareto_nsga3_random_sparse_full.png[0m]8;;\
      🖼️  Frente Agregado: Frentes de Pareto Agregados: NSGA3: ]8;;file:///home/cofer/Documents/University/TFG/snp_tag_tfg/snp_tag/results/full/hinds2005/greedy_hybrid-greedy_pure-random_dense-random_sparse/20260425T170417/2_comparativa/1_frentes/frentes_pareto/frentes_pareto_agregados_nsga3_full.png\ [36mfrentes_pareto_agregados_nsga3_full.png[0m]8;;\
      🖼️  Frente Pareto MOEAD_TCHE (greedy_hybrid): ]8;;file:///home/cofer/Documents/University/TFG/snp_tag_tfg/snp_tag/results/full/hinds2005/greedy_hybrid-greedy_pure-random_dense-random_sparse/20260425T170417/2_comparativa/1_frentes/frentes_pareto/frentes_pareto_moead_tche_greedy_hybrid_full.png\ [36mfrentes_pareto_moead_tche_greedy_hybrid_full.png[0m]8;;\
      🖼️  Frente Pareto MOEAD_TCHE (greedy_pure): ]8;;file:///home/cofer/Documents/University/TFG/snp_tag_tfg/snp_tag/results/full/hinds2005/greedy_hybrid-greedy_pure-random_dense-random_sparse/20260425T170417/2_comparativa/1_frentes/frentes_pareto/frentes_pareto_moead_tche_greedy_pure_full.png\ [36mfrentes_pareto_moead_tche_greedy_pure_full.png[0m]8;;\
      🖼️  Frente Pareto MOEAD_TCHE (random_dense): ]8;;file:///home/cofer/Documents/University/TFG/snp_tag_tfg/snp_tag/results/full/hinds2005/greedy_hybrid-greedy_pure-random_dense-random_sparse/20260425T170417/2_comparativa/1_frentes/frentes_pareto/frentes_pareto_moead_tche_random_dense_full.png\ [36mfrentes_pareto_moead_tche_random_dense_full.png[0m]8;;\
      🖼️  Frente Pareto MOEAD_TCHE (random_sparse): ]8;;file:///home/cofer/Documents/University/TFG/snp_tag_tfg/snp_tag/results/full/hinds2005/greedy_hybrid-greedy_pure-random_dense-random_sparse/20260425T170417/2_comparativa/1_frentes/frentes_pareto/frentes_pareto_moead_tche_random_sparse_full.png\ [36mfrentes_pareto_moead_tche_random_sparse_full.png[0m]8;;\
      🖼️  Frente Agregado: Frentes de Pareto Agregados: MOEAD_TCHE: ]8;;file:///home/cofer/Documents/University/TFG/snp_tag_tfg/snp_tag/results/full/hinds2005/greedy_hybrid-greedy_pure-random_dense-random_sparse/20260425T170417/2_comparativa/1_frentes/frentes_pareto/frentes_pareto_agregados_moead_tche_full.png\ [36mfrentes_pareto_agregados_moead_tche_full.png[0m]8;;\
      🖼️  Frente Pareto MOEAD_PBI (greedy_hybrid): ]8;;file:///home/cofer/Documents/University/TFG/snp_tag_tfg/snp_tag/results/full/hinds2005/greedy_hybrid-greedy_pure-random_dense-random_sparse/20260425T170417/2_comparativa/1_frentes/frentes_pareto/frentes_pareto_moead_pbi_greedy_hybrid_full.png\ [36mfrentes_pareto_moead_pbi_greedy_hybrid_full.png[0m]8;;\
      🖼️  Frente Pareto MOEAD_PBI (greedy_pure): ]8;;file:///home/cofer/Documents/University/TFG/snp_tag_tfg/snp_tag/results/full/hinds2005/greedy_hybrid-greedy_pure-random_dense-random_sparse/20260425T170417/2_comparativa/1_frentes/frentes_pareto/frentes_pareto_moead_pbi_greedy_pure_full.png\ [36mfrentes_pareto_moead_pbi_greedy_pure_full.png[0m]8;;\
      🖼️  Frente Pareto MOEAD_PBI (random_dense): ]8;;file:///home/cofer/Documents/University/TFG/snp_tag_tfg/snp_tag/results/full/hinds2005/greedy_hybrid-greedy_pure-random_dense-random_sparse/20260425T170417/2_comparativa/1_frentes/frentes_pareto/frentes_pareto_moead_pbi_random_dense_full.png\ [36mfrentes_pareto_moead_pbi_random_dense_full.png[0m]8;;\
      🖼️  Frente Pareto MOEAD_PBI (random_sparse): ]8;;file:///home/cofer/Documents/University/TFG/snp_tag_tfg/snp_tag/results/full/hinds2005/greedy_hybrid-greedy_pure-random_dense-random_sparse/20260425T170417/2_comparativa/1_frentes/frentes_pareto/frentes_pareto_moead_pbi_random_sparse_full.png\ [36mfrentes_pareto_moead_pbi_random_sparse_full.png[0m]8;;\
      🖼️  Frente Agregado: Frentes de Pareto Agregados: MOEAD_PBI: ]8;;file:///home/cofer/Documents/University/TFG/snp_tag_tfg/snp_tag/results/full/hinds2005/greedy_hybrid-greedy_pure-random_dense-random_sparse/20260425T170417/2_comparativa/1_frentes/frentes_pareto/frentes_pareto_agregados_moead_pbi_full.png\ [36mfrentes_pareto_agregados_moead_pbi_full.png[0m]8;;\
      🖼️  Frente Pareto MOEAD_WS (greedy_hybrid): ]8;;file:///home/cofer/Documents/University/TFG/snp_tag_tfg/snp_tag/results/full/hinds2005/greedy_hybrid-greedy_pure-random_dense-random_sparse/20260425T170417/2_comparativa/1_frentes/frentes_pareto/frentes_pareto_moead_ws_greedy_hybrid_full.png\ [36mfrentes_pareto_moead_ws_greedy_hybrid_full.png[0m]8;;\
      🖼️  Frente Pareto MOEAD_WS (greedy_pure): ]8;;file:///home/cofer/Documents/University/TFG/snp_tag_tfg/snp_tag/results/full/hinds2005/greedy_hybrid-greedy_pure-random_dense-random_sparse/20260425T170417/2_comparativa/1_frentes/frentes_pareto/frentes_pareto_moead_ws_greedy_pure_full.png\ [36mfrentes_pareto_moead_ws_greedy_pure_full.png[0m]8;;\
      🖼️  Frente Pareto MOEAD_WS (random_dense): ]8;;file:///home/cofer/Documents/University/TFG/snp_tag_tfg/snp_tag/results/full/hinds2005/greedy_hybrid-greedy_pure-random_dense-random_sparse/20260425T170417/2_comparativa/1_frentes/frentes_pareto/frentes_pareto_moead_ws_random_dense_full.png\ [36mfrentes_pareto_moead_ws_random_dense_full.png[0m]8;;\
      🖼️  Frente Pareto MOEAD_WS (random_sparse): ]8;;file:///home/cofer/Documents/University/TFG/snp_tag_tfg/snp_tag/results/full/hinds2005/greedy_hybrid-greedy_pure-random_dense-random_sparse/20260425T170417/2_comparativa/1_frentes/frentes_pareto/frentes_pareto_moead_ws_random_sparse_full.png\ [36mfrentes_pareto_moead_ws_random_sparse_full.png[0m]8;;\
      🖼️  Frente Agregado: Frentes de Pareto Agregados: MOEAD_WS: ]8;;file:///home/cofer/Documents/University/TFG/snp_tag_tfg/snp_tag/results/full/hinds2005/greedy_hybrid-greedy_pure-random_dense-random_sparse/20260425T170417/2_comparativa/1_frentes/frentes_pareto/frentes_pareto_agregados_moead_ws_full.png\ [36mfrentes_pareto_agregados_moead_ws_full.png[0m]8;;\
      🖼️  Frente Pareto NSGA2 (greedy_hybrid): ]8;;file:///home/cofer/Documents/University/TFG/snp_tag_tfg/snp_tag/results/full/hinds2005/greedy_hybrid-greedy_pure-random_dense-random_sparse/20260425T170417/2_comparativa/1_frentes/frentes_pareto/frentes_pareto_nsga2_greedy_hybrid_full.png\ [36mfrentes_pareto_nsga2_greedy_hybrid_full.png[0m]8;;\
      🖼️  Frente Pareto NSGA2 (greedy_pure): ]8;;file:///home/cofer/Documents/University/TFG/snp_tag_tfg/snp_tag/results/full/hinds2005/greedy_hybrid-greedy_pure-random_dense-random_sparse/20260425T170417/2_comparativa/1_frentes/frentes_pareto/frentes_pareto_nsga2_greedy_pure_full.png\ [36mfrentes_pareto_nsga2_greedy_pure_full.png[0m]8;;\
      🖼️  Frente Pareto NSGA2 (random_dense): ]8;;file:///home/cofer/Documents/University/TFG/snp_tag_tfg/snp_tag/results/full/hinds2005/greedy_hybrid-greedy_pure-random_dense-random_sparse/20260425T170417/2_comparativa/1_frentes/frentes_pareto/frentes_pareto_nsga2_random_dense_full.png\ [36mfrentes_pareto_nsga2_random_dense_full.png[0m]8;;\
      🖼️  Frente Pareto NSGA2 (random_sparse): ]8;;file:///home/cofer/Documents/University/TFG/snp_tag_tfg/snp_tag/results/full/hinds2005/greedy_hybrid-greedy_pure-random_dense-random_sparse/20260425T170417/2_comparativa/1_frentes/frentes_pareto/frentes_pareto_nsga2_random_sparse_full.png\ [36mfrentes_pareto_nsga2_random_sparse_full.png[0m]8;;\
      🖼️  Frente Agregado: Frentes de Pareto Agregados: NSGA2: ]8;;file:///home/cofer/Documents/University/TFG/snp_tag_tfg/snp_tag/results/full/hinds2005/greedy_hybrid-greedy_pure-random_dense-random_sparse/20260425T170417/2_comparativa/1_frentes/frentes_pareto/frentes_pareto_agregados_nsga2_full.png\ [36mfrentes_pareto_agregados_nsga2_full.png[0m]8;;\
      🖼️  Frente Pareto SPEA2 (greedy_hybrid): ]8;;file:///home/cofer/Documents/University/TFG/snp_tag_tfg/snp_tag/results/full/hinds2005/greedy_hybrid-greedy_pure-random_dense-random_sparse/20260425T170417/2_comparativa/1_frentes/frentes_pareto/frentes_pareto_spea2_greedy_hybrid_full.png\ [36mfrentes_pareto_spea2_greedy_hybrid_full.png[0m]8;;\
      🖼️  Frente Pareto SPEA2 (greedy_pure): ]8;;file:///home/cofer/Documents/University/TFG/snp_tag_tfg/snp_tag/results/full/hinds2005/greedy_hybrid-greedy_pure-random_dense-random_sparse/20260425T170417/2_comparativa/1_frentes/frentes_pareto/frentes_pareto_spea2_greedy_pure_full.png\ [36mfrentes_pareto_spea2_greedy_pure_full.png[0m]8;;\
      🖼️  Frente Pareto SPEA2 (random_dense): ]8;;file:///home/cofer/Documents/University/TFG/snp_tag_tfg/snp_tag/results/full/hinds2005/greedy_hybrid-greedy_pure-random_dense-random_sparse/20260425T170417/2_comparativa/1_frentes/frentes_pareto/frentes_pareto_spea2_random_dense_full.png\ [36mfrentes_pareto_spea2_random_dense_full.png[0m]8;;\
      🖼️  Frente Pareto SPEA2 (random_sparse): ]8;;file:///home/cofer/Documents/University/TFG/snp_tag_tfg/snp_tag/results/full/hinds2005/greedy_hybrid-greedy_pure-random_dense-random_sparse/20260425T170417/2_comparativa/1_frentes/frentes_pareto/frentes_pareto_spea2_random_sparse_full.png\ [36mfrentes_pareto_spea2_random_sparse_full.png[0m]8;;\
      🖼️  Frente Agregado: Frentes de Pareto Agregados: SPEA2: ]8;;file:///home/cofer/Documents/University/TFG/snp_tag_tfg/snp_tag/results/full/hinds2005/greedy_hybrid-greedy_pure-random_dense-random_sparse/20260425T170417/2_comparativa/1_frentes/frentes_pareto/frentes_pareto_agregados_spea2_full.png\ [36mfrentes_pareto_agregados_spea2_full.png[0m]8;;\
      🖼️  Frente Agregado: Comparativa Global de Frentes de Pareto: ]8;;file:///home/cofer/Documents/University/TFG/snp_tag_tfg/snp_tag/results/full/hinds2005/greedy_hybrid-greedy_pure-random_dense-random_sparse/20260425T170417/2_comparativa/1_frentes/frentes_pareto/frentes_pareto_global_full.png\ [36mfrentes_pareto_global_full.png[0m]8;;\
      • Tiempo bloque 'Frentes de Pareto': 30.2s

  🔄  [1mAnálisis de Convergencia Progresiva[0m
  ─────────────────────────────────────────
      🖼️  Convergencia por métrica (AvgHammingDistance) con subplots por algoritmo: ]8;;file:///home/cofer/Documents/University/TFG/snp_tag_tfg/snp_tag/results/full/hinds2005/greedy_hybrid-greedy_pure-random_dense-random_sparse/20260425T170417/2_comparativa/2_metricas_convergencia/convergencia_avghammingdistance_full.png\ [36mconvergencia_avghammingdistance_full.png[0m]8;;\
      🖼️  Convergencia por métrica (AvgToleranceRate) con subplots por algoritmo: ]8;;file:///home/cofer/Documents/University/TFG/snp_tag_tfg/snp_tag/results/full/hinds2005/greedy_hybrid-greedy_pure-random_dense-random_sparse/20260425T170417/2_comparativa/2_metricas_convergencia/convergencia_avgtolerancerate_full.png\ [36mconvergencia_avgtolerancerate_full.png[0m]8;;\
      🖼️  Convergencia por métrica (Hypervolume) con subplots por algoritmo: ]8;;file:///home/cofer/Documents/University/TFG/snp_tag_tfg/snp_tag/results/full/hinds2005/greedy_hybrid-greedy_pure-random_dense-random_sparse/20260425T170417/2_comparativa/2_metricas_convergencia/convergencia_hypervolume_full.png\ [36mconvergencia_hypervolume_full.png[0m]8;;\
      🖼️  Convergencia por métrica (MaxToleranceRate) con subplots por algoritmo: ]8;;file:///home/cofer/Documents/University/TFG/snp_tag_tfg/snp_tag/results/full/hinds2005/greedy_hybrid-greedy_pure-random_dense-random_sparse/20260425T170417/2_comparativa/2_metricas_convergencia/convergencia_maxtolerancerate_full.png\ [36mconvergencia_maxtolerancerate_full.png[0m]8;;\
      🖼️  Convergencia por métrica (MinSum) con subplots por algoritmo: ]8;;file:///home/cofer/Documents/University/TFG/snp_tag_tfg/snp_tag/results/full/hinds2005/greedy_hybrid-greedy_pure-random_dense-random_sparse/20260425T170417/2_comparativa/2_metricas_convergencia/convergencia_minsum_full.png\ [36mconvergencia_minsum_full.png[0m]8;;\
      🖼️  Convergencia por métrica (Range) con subplots por algoritmo: ]8;;file:///home/cofer/Documents/University/TFG/snp_tag_tfg/snp_tag/results/full/hinds2005/greedy_hybrid-greedy_pure-random_dense-random_sparse/20260425T170417/2_comparativa/2_metricas_convergencia/convergencia_range_full.png\ [36mconvergencia_range_full.png[0m]8;;\
      🖼️  Convergencia por métrica (SumMin) con subplots por algoritmo: ]8;;file:///home/cofer/Documents/University/TFG/snp_tag_tfg/snp_tag/results/full/hinds2005/greedy_hybrid-greedy_pure-random_dense-random_sparse/20260425T170417/2_comparativa/2_metricas_convergencia/convergencia_summin_full.png\ [36mconvergencia_summin_full.png[0m]8;;\

  📊  [1mSíntesis Estadística Comparativa[0m
  ──────────────────────────────────────

  📦  [1mResumen Global (Boxplots)[0m
  ───────────────────────────────
      🖼️  Panel de Boxplots comparativos: ]8;;file:///home/cofer/Documents/University/TFG/snp_tag_tfg/snp_tag/results/full/hinds2005/greedy_hybrid-greedy_pure-random_dense-random_sparse/20260425T170417/2_comparativa/3_sintesis/0_boxplots/boxplots_metricas_finales_full.png\ [36mboxplots_metricas_finales_full.png[0m]8;;\
      🖼️  Distribución Range (Boxplot): ]8;;file:///home/cofer/Documents/University/TFG/snp_tag_tfg/snp_tag/results/full/hinds2005/greedy_hybrid-greedy_pure-random_dense-random_sparse/20260425T170417/2_comparativa/3_sintesis/0_boxplots/boxplot_metricas_Range_full.png\ [36mboxplot_metricas_Range_full.png[0m]8;;\
      🖼️  Distribución SumMin (Boxplot): ]8;;file:///home/cofer/Documents/University/TFG/snp_tag_tfg/snp_tag/results/full/hinds2005/greedy_hybrid-greedy_pure-random_dense-random_sparse/20260425T170417/2_comparativa/3_sintesis/0_boxplots/boxplot_metricas_SumMin_full.png\ [36mboxplot_metricas_SumMin_full.png[0m]8;;\
      🖼️  Distribución MinSum (Boxplot): ]8;;file:///home/cofer/Documents/University/TFG/snp_tag_tfg/snp_tag/results/full/hinds2005/greedy_hybrid-greedy_pure-random_dense-random_sparse/20260425T170417/2_comparativa/3_sintesis/0_boxplots/boxplot_metricas_MinSum_full.png\ [36mboxplot_metricas_MinSum_full.png[0m]8;;\
      🖼️  Distribución MaxToleranceRate (Boxplot): ]8;;file:///home/cofer/Documents/University/TFG/snp_tag_tfg/snp_tag/results/full/hinds2005/greedy_hybrid-greedy_pure-random_dense-random_sparse/20260425T170417/2_comparativa/3_sintesis/0_boxplots/boxplot_metricas_MaxToleranceRate_full.png\ [36mboxplot_metricas_MaxToleranceRate_full.png[0m]8;;\
      🖼️  Distribución AvgToleranceRate (Boxplot): ]8;;file:///home/cofer/Documents/University/TFG/snp_tag_tfg/snp_tag/results/full/hinds2005/greedy_hybrid-greedy_pure-random_dense-random_sparse/20260425T170417/2_comparativa/3_sintesis/0_boxplots/boxplot_metricas_AvgToleranceRate_full.png\ [36mboxplot_metricas_AvgToleranceRate_full.png[0m]8;;\
      🖼️  Distribución AvgHammingDistance (Boxplot): ]8;;file:///home/cofer/Documents/University/TFG/snp_tag_tfg/snp_tag/results/full/hinds2005/greedy_hybrid-greedy_pure-random_dense-random_sparse/20260425T170417/2_comparativa/3_sintesis/0_boxplots/boxplot_metricas_AvgHammingDistance_full.png\ [36mboxplot_metricas_AvgHammingDistance_full.png[0m]8;;\
      🖼️  Distribución Hypervolume (Boxplot): ]8;;file:///home/cofer/Documents/University/TFG/snp_tag_tfg/snp_tag/results/full/hinds2005/greedy_hybrid-greedy_pure-random_dense-random_sparse/20260425T170417/2_comparativa/3_sintesis/0_boxplots/boxplot_metricas_Hypervolume_full.png\ [36mboxplot_metricas_Hypervolume_full.png[0m]8;;\

  🎻  [1mDistribuciones Detalladas (Violin Plots)[0m
  ──────────────────────────────────────────────
      🖼️  Panel de Distribución Violin: ]8;;file:///home/cofer/Documents/University/TFG/snp_tag_tfg/snp_tag/results/full/hinds2005/greedy_hybrid-greedy_pure-random_dense-random_sparse/20260425T170417/2_comparativa/3_sintesis/1_violines/violin_panel_metricas_finales_full.png\ [36mviolin_panel_metricas_finales_full.png[0m]8;;\
      🖼️  Distribución Range (Violin): ]8;;file:///home/cofer/Documents/University/TFG/snp_tag_tfg/snp_tag/results/full/hinds2005/greedy_hybrid-greedy_pure-random_dense-random_sparse/20260425T170417/2_comparativa/3_sintesis/1_violines/violin_metricas_Range_full.png\ [36mviolin_metricas_Range_full.png[0m]8;;\
      🖼️  Distribución SumMin (Violin): ]8;;file:///home/cofer/Documents/University/TFG/snp_tag_tfg/snp_tag/results/full/hinds2005/greedy_hybrid-greedy_pure-random_dense-random_sparse/20260425T170417/2_comparativa/3_sintesis/1_violines/violin_metricas_SumMin_full.png\ [36mviolin_metricas_SumMin_full.png[0m]8;;\
      🖼️  Distribución MinSum (Violin): ]8;;file:///home/cofer/Documents/University/TFG/snp_tag_tfg/snp_tag/results/full/hinds2005/greedy_hybrid-greedy_pure-random_dense-random_sparse/20260425T170417/2_comparativa/3_sintesis/1_violines/violin_metricas_MinSum_full.png\ [36mviolin_metricas_MinSum_full.png[0m]8;;\
      🖼️  Distribución MaxToleranceRate (Violin): ]8;;file:///home/cofer/Documents/University/TFG/snp_tag_tfg/snp_tag/results/full/hinds2005/greedy_hybrid-greedy_pure-random_dense-random_sparse/20260425T170417/2_comparativa/3_sintesis/1_violines/violin_metricas_MaxToleranceRate_full.png\ [36mviolin_metricas_MaxToleranceRate_full.png[0m]8;;\
      🖼️  Distribución AvgToleranceRate (Violin): ]8;;file:///home/cofer/Documents/University/TFG/snp_tag_tfg/snp_tag/results/full/hinds2005/greedy_hybrid-greedy_pure-random_dense-random_sparse/20260425T170417/2_comparativa/3_sintesis/1_violines/violin_metricas_AvgToleranceRate_full.png\ [36mviolin_metricas_AvgToleranceRate_full.png[0m]8;;\
      🖼️  Distribución AvgHammingDistance (Violin): ]8;;file:///home/cofer/Documents/University/TFG/snp_tag_tfg/snp_tag/results/full/hinds2005/greedy_hybrid-greedy_pure-random_dense-random_sparse/20260425T170417/2_comparativa/3_sintesis/1_violines/violin_metricas_AvgHammingDistance_full.png\ [36mviolin_metricas_AvgHammingDistance_full.png[0m]8;;\
      🖼️  Distribución Hypervolume (Violin): ]8;;file:///home/cofer/Documents/University/TFG/snp_tag_tfg/snp_tag/results/full/hinds2005/greedy_hybrid-greedy_pure-random_dense-random_sparse/20260425T170417/2_comparativa/3_sintesis/1_violines/violin_metricas_Hypervolume_full.png\ [36mviolin_metricas_Hypervolume_full.png[0m]8;;\

  📉  [1mAnálisis de Tendencia Central (Media ± Std)[0m
  ─────────────────────────────────────────────────
      🖼️  Panel de Tendencia Central (Media ± Std): ]8;;file:///home/cofer/Documents/University/TFG/snp_tag_tfg/snp_tag/results/full/hinds2005/greedy_hybrid-greedy_pure-random_dense-random_sparse/20260425T170417/2_comparativa/3_sintesis/2_barras/media_std_panel_metricas_finales_full.png\ [36mmedia_std_panel_metricas_finales_full.png[0m]8;;\
      🖼️  Media ± std Range: ]8;;file:///home/cofer/Documents/University/TFG/snp_tag_tfg/snp_tag/results/full/hinds2005/greedy_hybrid-greedy_pure-random_dense-random_sparse/20260425T170417/2_comparativa/3_sintesis/2_barras/media_std_metricas_Range_full.png\ [36mmedia_std_metricas_Range_full.png[0m]8;;\
      🖼️  Media ± std SumMin: ]8;;file:///home/cofer/Documents/University/TFG/snp_tag_tfg/snp_tag/results/full/hinds2005/greedy_hybrid-greedy_pure-random_dense-random_sparse/20260425T170417/2_comparativa/3_sintesis/2_barras/media_std_metricas_SumMin_full.png\ [36mmedia_std_metricas_SumMin_full.png[0m]8;;\
      🖼️  Media ± std MinSum: ]8;;file:///home/cofer/Documents/University/TFG/snp_tag_tfg/snp_tag/results/full/hinds2005/greedy_hybrid-greedy_pure-random_dense-random_sparse/20260425T170417/2_comparativa/3_sintesis/2_barras/media_std_metricas_MinSum_full.png\ [36mmedia_std_metricas_MinSum_full.png[0m]8;;\
      🖼️  Media ± std MaxToleranceRate: ]8;;file:///home/cofer/Documents/University/TFG/snp_tag_tfg/snp_tag/results/full/hinds2005/greedy_hybrid-greedy_pure-random_dense-random_sparse/20260425T170417/2_comparativa/3_sintesis/2_barras/media_std_metricas_MaxToleranceRate_full.png\ [36mmedia_std_metricas_MaxToleranceRate_full.png[0m]8;;\
      🖼️  Media ± std AvgToleranceRate: ]8;;file:///home/cofer/Documents/University/TFG/snp_tag_tfg/snp_tag/results/full/hinds2005/greedy_hybrid-greedy_pure-random_dense-random_sparse/20260425T170417/2_comparativa/3_sintesis/2_barras/media_std_metricas_AvgToleranceRate_full.png\ [36mmedia_std_metricas_AvgToleranceRate_full.png[0m]8;;\
      🖼️  Media ± std AvgHammingDistance: ]8;;file:///home/cofer/Documents/University/TFG/snp_tag_tfg/snp_tag/results/full/hinds2005/greedy_hybrid-greedy_pure-random_dense-random_sparse/20260425T170417/2_comparativa/3_sintesis/2_barras/media_std_metricas_AvgHammingDistance_full.png\ [36mmedia_std_metricas_AvgHammingDistance_full.png[0m]8;;\
      🖼️  Media ± std Hypervolume: ]8;;file:///home/cofer/Documents/University/TFG/snp_tag_tfg/snp_tag/results/full/hinds2005/greedy_hybrid-greedy_pure-random_dense-random_sparse/20260425T170417/2_comparativa/3_sintesis/2_barras/media_std_metricas_Hypervolume_full.png\ [36mmedia_std_metricas_Hypervolume_full.png[0m]8;;\

  🏆  [1mTop 10 por Métrica[0m
  ────────────────────────
    • [1mRange[0m (↑)
         1. NSGA2 (greedy_hybrid): 2.0421 ± 0.0512
         2. NSGA2 (random_sparse): 1.7825 ± 0.0589
         3. SPEA2 (greedy_hybrid): 1.7637 ± 0.0264
         4. SPEA2 (random_sparse): 1.6435 ± 0.0558
         5. NSGA3 (greedy_hybrid): 1.5972 ± 0.1457
         6. MOEAD_TCHE (greedy_hybrid): 1.5888 ± 0.1167
         7. MOEAD_WS (greedy_hybrid): 1.5202 ± 0.0715
         8. NSGA3 (random_sparse): 1.3386 ± 0.0311
         9. MOEAD_WS (greedy_pure): 1.0741 ± 0.0365
        10. SPEA2 (greedy_pure): 1.0651 ± 0.0227
    • [1mSumMin[0m (↓)
         1. NSGA2 (greedy_hybrid): 0.1269 ± 0.0012
         2. MOEAD_WS (greedy_hybrid): 0.1400 ± 0.0028
         3. MOEAD_TCHE (greedy_hybrid): 0.1420 ± 0.0043
         4. NSGA3 (greedy_hybrid): 0.1489 ± 0.0063
         5. SPEA2 (greedy_hybrid): 0.1490 ± 0.0144
         6. NSGA2 (random_sparse): 0.1533 ± 0.0032
         7. SPEA2 (random_sparse): 0.1877 ± 0.0135
         8. MOEAD_TCHE (random_sparse): 0.1997 ± 0.0076
         9. NSGA3 (random_sparse): 0.2020 ± 0.0096
        10. MOEAD_WS (random_sparse): 0.2189 ± 0.0244
    • [1mMinSum[0m (↓)
         1. MOEAD_WS (greedy_hybrid): 0.2742 ± 0.0025
         2. MOEAD_TCHE (greedy_hybrid): 0.2822 ± 0.0013
         3. MOEAD_TCHE (random_sparse): 0.2895 ± 0.0017
         4. NSGA3 (greedy_hybrid): 0.2903 ± 0.0037
         5. MOEAD_WS (random_sparse): 0.2967 ± 0.0071
         6. NSGA3 (random_sparse): 0.3056 ± 0.0098
         7. MOEAD_PBI (random_sparse): 0.3121 ± 0.0133
         8. MOEAD_PBI (greedy_hybrid): 0.3242 ± 0.0162
         9. SPEA2 (greedy_hybrid): 0.3437 ± 0.0079
        10. SPEA2 (random_dense): 0.3486 ± 0.0104
    • [1mMaxToleranceRate[0m (↑)
         1. MOEAD_WS (greedy_hybrid): 0.2832 ± 0.0045
         2. NSGA3 (random_dense): 0.2654 ± 0.0044
         3. MOEAD_TCHE (greedy_hybrid): 0.2632 ± 0.0022
         4. MOEAD_TCHE (random_sparse): 0.2587 ± 0.0047
         5. MOEAD_WS (random_sparse): 0.2475 ± 0.0102
         6. NSGA2 (random_dense): 0.2438 ± 0.0072
         7. SPEA2 (random_dense): 0.2419 ± 0.0096
         8. NSGA3 (greedy_hybrid): 0.2352 ± 0.0088
         9. MOEAD_PBI (random_sparse): 0.2326 ± 0.0100
        10. MOEAD_WS (random_dense): 0.2257 ± 0.0073
    • [1mAvgToleranceRate[0m (↑)
         1. NSGA3 (random_dense): 0.2410 ± 0.0040
         2. MOEAD_PBI (random_sparse): 0.2145 ± 0.0068
         3. MOEAD_WS (greedy_hybrid): 0.2085 ± 0.0058
         4. MOEAD_WS (random_dense): 0.2076 ± 0.0068
         5. MOEAD_TCHE (random_dense): 0.2055 ± 0.0041
         6. MOEAD_WS (random_sparse): 0.2047 ± 0.0079
         7. NSGA2 (random_dense): 0.2036 ± 0.0059
         8. MOEAD_TCHE (random_sparse): 0.1961 ± 0.0105
         9. MOEAD_TCHE (greedy_hybrid): 0.1941 ± 0.0042
        10. MOEAD_PBI (greedy_hybrid): 0.1904 ± 0.0172
    • [1mAvgHammingDistance[0m (↑)
         1. MOEAD_PBI (greedy_pure): 0.4647 ± 0.0067
         2. MOEAD_WS (greedy_hybrid): 0.4619 ± 0.0044
         3. NSGA3 (greedy_pure): 0.4618 ± 0.0137
         4. MOEAD_TCHE (greedy_pure): 0.4583 ± 0.0084
         5. MOEAD_WS (greedy_pure): 0.4525 ± 0.0082
         6. MOEAD_TCHE (greedy_hybrid): 0.4522 ± 0.0016
         7. MOEAD_TCHE (random_sparse): 0.4445 ± 0.0066
         8. MOEAD_WS (random_sparse): 0.4322 ± 0.0066
         9. NSGA2 (greedy_pure): 0.4225 ± 0.0211
        10. MOEAD_PBI (random_sparse): 0.4181 ± 0.0165
    • [1mHypervolume[0m (↑)
         1. MOEAD_WS (greedy_hybrid): 1.2584 ± 0.0021
         2. MOEAD_TCHE (greedy_hybrid): 1.2509 ± 0.0045
         3. NSGA3 (greedy_hybrid): 1.2492 ± 0.0039
         4. NSGA2 (greedy_hybrid): 1.2405 ± 0.0102
         5. SPEA2 (greedy_hybrid): 1.2180 ± 0.0130
         6. NSGA2 (random_sparse): 1.2100 ± 0.0075
         7. MOEAD_TCHE (random_sparse): 1.2032 ± 0.0067
         8. NSGA3 (random_sparse): 1.1965 ± 0.0104
         9. MOEAD_WS (random_sparse): 1.1846 ± 0.0261
        10. SPEA2 (random_sparse): 1.1750 ± 0.0183


  📊  [1mResumen Estadístico de Métricas[0m
  ─────────────────────────────────────
      🖼️  Mapa de calor comparativo (Benchmark): ]8;;file:///home/cofer/Documents/University/TFG/snp_tag_tfg/snp_tag/results/full/hinds2005/greedy_hybrid-greedy_pure-random_dense-random_sparse/20260425T170417/2_comparativa/4_rankings/heatmap_comparativa_full.png\ [36mheatmap_comparativa_full.png[0m]8;;\

  📈  [1mAnálisis Estadístico Riguroso (Friedman + Nemenyi)[0m
  ────────────────────────────────────────────────────────

  📊  [1mTEST DE FRIEDMAN (Método (Algoritmo + Inicialización))[0m
  ────────────────────────────────────────────────────────────
      Estadístico: 63.4229
      P-valor: 1.2048e-05
      Significativo (p < 0.05): Sí

      🖼️  Heatmap de Significancia Nemenyi (Método (Algoritmo + Inicialización)): ]8;;file:///home/cofer/Documents/University/TFG/snp_tag_tfg/snp_tag/results/full/hinds2005/greedy_hybrid-greedy_pure-random_dense-random_sparse/20260425T170417/2_comparativa/4_rankings/estadistica/method/heatmap_nemenyi_full.png\ [36mheatmap_nemenyi_full.png[0m]8;;\
      🖼️  Gráfico de Rangos Promedio (Método (Algoritmo + Inicialización)): ]8;;file:///home/cofer/Documents/University/TFG/snp_tag_tfg/snp_tag/results/full/hinds2005/greedy_hybrid-greedy_pure-random_dense-random_sparse/20260425T170417/2_comparativa/4_rankings/estadistica/method/rangos_promedio_full.png\ [36mrangos_promedio_full.png[0m]8;;\

  📊  [1mTEST DE FRIEDMAN (Algoritmo)[0m
  ──────────────────────────────────
      Estadístico: 6.3469
      P-valor: 2.7391e-01
      Significativo (p < 0.05): No

      • ⚠️  Test de Friedman no significativo para Algoritmo. Omitiendo post-hoc.

  📊  [1mTEST DE FRIEDMAN (Inicialización)[0m
  ───────────────────────────────────────
      Estadístico: 9.8571
      P-valor: 1.9820e-02
      Significativo (p < 0.05): Sí

      🖼️  Heatmap de Significancia Nemenyi (Inicialización): ]8;;file:///home/cofer/Documents/University/TFG/snp_tag_tfg/snp_tag/results/full/hinds2005/greedy_hybrid-greedy_pure-random_dense-random_sparse/20260425T170417/2_comparativa/4_rankings/estadistica/init/heatmap_nemenyi_init_full.png\ [36mheatmap_nemenyi_init_full.png[0m]8;;\
      🖼️  Gráfico de Rangos Promedio (Inicialización): ]8;;file:///home/cofer/Documents/University/TFG/snp_tag_tfg/snp_tag/results/full/hinds2005/greedy_hybrid-greedy_pure-random_dense-random_sparse/20260425T170417/2_comparativa/4_rankings/estadistica/init/rangos_promedio_init_full.png\ [36mrangos_promedio_init_full.png[0m]8;;\

========================================
⏱️  TIEMPO TOTAL DE EJECUCIÓN: 1h 2m 18.36s
========================================

