
  ⚙️   [1mCONFIGURACIÓN[0m
  ───────────────────
      • Modo=full | POP_SIZE=200 | N_GEN=500 | OFFSPRING=200 | PC=0.7 | PM=0.000969 | N_RUNS=5

  📊  [1mMetadatos y Dimensiones del Dataset[0m
  ─────────────────────────────────────────
       [92m✅  Hinds 2005 cargado y filtrado: 48 patrones alelicos × 772 SNPs polimórficos (de 1032 originales) desde 'snp_tag/data/datasets/hinds2005_1032.txt'[0m
      • ORIGEN_DATOS=hinds2005 (Hinds et al. 2005 / Perlegen) | N_SNPS=772 | N_PATRONES=48 | PM=0.001295
      • FICHERO=snp_tag/data/datasets/hinds2005_1032.txt
      • REPORT_DPI=300 | EVALUATION_MODE=proportional | NORMALIZATION_MODE=static_proportional_limits | SEED_MODE=non_deterministic | OBJ_TRANSFORM=inverse

[93m[1m╔══════════════════════════════════════════════════════════════════════════════╗
[93m[1m║                  DIAGNÓSTICO DE DATOS Y DESEQUILIBRIO (LD)                   ║
[93m[1m╚══════════════════════════════════════════════════════════════════════════════╝[0m

  🧬  [1mVisualización de la Estructura de Haplotipos[0m
  ──────────────────────────────────────────────────
      🖼️  Mapa de calor de haplotipos: ]8;;file:///home/usuario/Escritorio/cofer_tfg/snp_tag_problem/snp_tag/results/full/hinds2005/greedy_hybrid-greedy_ting-random_dense-random_sparse/20260430T183144/0_datos_previos/heatmap_haplotipos_full.png\ [36mheatmap_haplotipos_full.png[0m]8;;\
      🖼️  Estructura LD (3 bloques): ]8;;file:///home/usuario/Escritorio/cofer_tfg/snp_tag_problem/snp_tag/results/full/hinds2005/greedy_hybrid-greedy_ting-random_dense-random_sparse/20260430T183144/0_datos_previos/bloques_ld_haplotipos_full.png\ [36mbloques_ld_haplotipos_full.png[0m]8;;\

  📈  [1mAnálisis de Variabilidad y Frecuencia Alélica[0m
  ───────────────────────────────────────────────────
      🖼️  Distribución de frecuencia alélica: ]8;;file:///home/usuario/Escritorio/cofer_tfg/snp_tag_problem/snp_tag/results/full/hinds2005/greedy_hybrid-greedy_ting-random_dense-random_sparse/20260430T183144/0_datos_previos/histograma_alelico_full.png\ [36mhistograma_alelico_full.png[0m]8;;\
      🖼️  Variabilidad por SNP: ]8;;file:///home/usuario/Escritorio/cofer_tfg/snp_tag_problem/snp_tag/results/full/hinds2005/greedy_hybrid-greedy_ting-random_dense-random_sparse/20260430T183144/0_datos_previos/variabilidad_snps_full.png\ [36mvariabilidad_snps_full.png[0m]8;;\
      🖼️  Alelos dominantes por haplotipo: ]8;;file:///home/usuario/Escritorio/cofer_tfg/snp_tag_problem/snp_tag/results/full/hinds2005/greedy_hybrid-greedy_ting-random_dense-random_sparse/20260430T183144/0_datos_previos/conteo_alelos_full.png\ [36mconteo_alelos_full.png[0m]8;;\
      🖼️  Distribución de distancias de Hamming: ]8;;file:///home/usuario/Escritorio/cofer_tfg/snp_tag_problem/snp_tag/results/full/hinds2005/greedy_hybrid-greedy_ting-random_dense-random_sparse/20260430T183144/0_datos_previos/histograma_hamming_full.png\ [36mhistograma_hamming_full.png[0m]8;;\

  🔗  [1mCaracterización Global de Correlación (LD)[0m
  ────────────────────────────────────────────────
      • [1mCorrelación media absoluta (global |r|)[0m: 0.1387
      • [1mTotal de pares evaluados[0m: 297606
      🖼️  Mapa de calor de correlación (LD): ]8;;file:///home/usuario/Escritorio/cofer_tfg/snp_tag_problem/snp_tag/results/full/hinds2005/greedy_hybrid-greedy_ting-random_dense-random_sparse/20260430T183144/0_datos_previos/heatmap_correlacion_completa_full.png\ [36mheatmap_correlacion_completa_full.png[0m]8;;\
      🖼️  Distribución de correlaciones (LD): ]8;;file:///home/usuario/Escritorio/cofer_tfg/snp_tag_problem/snp_tag/results/full/hinds2005/greedy_hybrid-greedy_ting-random_dense-random_sparse/20260430T183144/0_datos_previos/histograma_correlaciones_ld_full.png\ [36mhistograma_correlaciones_ld_full.png[0m]8;;\
      🖼️  CDF de correlación LD: ]8;;file:///home/usuario/Escritorio/cofer_tfg/snp_tag_problem/snp_tag/results/full/hinds2005/greedy_hybrid-greedy_ting-random_dense-random_sparse/20260430T183144/0_datos_previos/cdf_correlacion_absoluta_ld_full.png\ [36mcdf_correlacion_absoluta_ld_full.png[0m]8;;\

  ⚖️   [1mResumen Estructural del Dataset[0m
  ─────────────────────────────────────
      • [1mEstructura detectada[0m: 3 bloques de ligamiento
      • [1mCorrelación media absoluta (|r|)[0m: 0.1387
      • [1mNaturaleza del dato[0m: Benchmark biológico (Hinds)

  📐  [1mAnálisis de Similitud Genotípica (Pares de Haplotipos)[0m
  ────────────────────────────────────────────────────────────
      • [1mNúmero de pares de haplotipos[0m: 1128
      • [1mPares mostrados[0m: 3 similares / 3 distintos
      • [1mVista parcial[0m: primeros 32 SNPs
      • [1mPercentiles (Hamming)[0m: P33=237.00, P66=273.00
      • [Etiquetas: <=P33 -> muy similar | (P33,P66] -> intermedio | >P66 -> muy distinto]

  🤝  [1mPares de mayor similitud genética[0m
  ───────────────────────────────────────
      •  [1mPar (26, 27)[0m | Hamming=[1m129[0m | muy similar
        h026: [90m0[0m[90m0[0m[90m0[0m[90m0[0m[90m0[0m[90m0[0m[90m0[0m[90m0[0m[90m0[0m[90m0[0m[90m0[0m1[90m0[0m[90m0[0m1111[90m0[0m[90m0[0m[90m0[0m[90m0[0m[90m0[0m[90m0[0m[90m0[0m[90m0[0m[90m0[0m11111...
        h027: 1111[90m0[0m111111[90m0[0m[90m0[0m[90m0[0m[90m0[0m1[90m0[0m[90m0[0m111[90m0[0m[90m0[0m1111[90m0[0m[90m0[0m[90m0[0m[90m0[0m[90m0[0m...
      •  [1mPar (17, 41)[0m | Hamming=[1m134[0m | muy similar
        h017: 1111[90m0[0m111111[90m0[0m[90m0[0m[90m0[0m[90m0[0m1[90m0[0m[90m0[0m111[90m0[0m[90m0[0m1111[90m0[0m1111...
        h041: 1111[90m0[0m111111[90m0[0m[90m0[0m[90m0[0m[90m0[0m1[90m0[0m[90m0[0m111[90m0[0m[90m0[0m1111[90m0[0m[90m0[0m111...
      •  [1mPar (36, 46)[0m | Hamming=[1m140[0m | muy similar
        h036: [90m0[0m[90m0[0m[90m0[0m[90m0[0m[90m0[0m[90m0[0m[90m0[0m[90m0[0m[90m0[0m[90m0[0m[90m0[0m1[90m0[0m[90m0[0m1111111[90m0[0m[90m0[0m1111[90m0[0m[90m0[0m[90m0[0m[90m0[0m[90m0[0m...
        h046: 1111[90m0[0m111111[90m0[0m[90m0[0m[90m0[0m[90m0[0m1[90m0[0m[90m0[0m111[90m0[0m[90m0[0m1111[90m0[0m[90m0[0m[90m0[0m[90m0[0m[90m0[0m...

  ↔️   [1mPares de mayor divergencia genética[0m
  ─────────────────────────────────────────
      •  [1mPar (29, 36)[0m | Hamming=[1m407[0m | muy distinto
        h029: [90m0[0m[90m0[0m[90m0[0m[90m0[0m1[90m0[0m[90m0[0m[90m0[0m[90m0[0m[90m0[0m[90m0[0m[90m0[0m11[90m0[0m[90m0[0m[90m0[0m[90m0[0m[90m0[0m[90m0[0m[90m0[0m[90m0[0m[90m0[0m[90m0[0m[90m0[0m[90m0[0m[90m0[0m1[90m0[0m[90m0[0m[90m0[0m[90m0[0m...
        h036: [90m0[0m[90m0[0m[90m0[0m[90m0[0m[90m0[0m[90m0[0m[90m0[0m[90m0[0m[90m0[0m[90m0[0m[90m0[0m1[90m0[0m[90m0[0m1111111[90m0[0m[90m0[0m1111[90m0[0m[90m0[0m[90m0[0m[90m0[0m[90m0[0m...
      •  [1mPar (28, 29)[0m | Hamming=[1m404[0m | muy distinto
        h028: [90m0[0m[90m0[0m[90m0[0m[90m0[0m1[90m0[0m[90m0[0m[90m0[0m[90m0[0m[90m0[0m[90m0[0m[90m0[0m11[90m0[0m[90m0[0m[90m0[0m[90m0[0m[90m0[0m[90m0[0m[90m0[0m[90m0[0m[90m0[0m[90m0[0m[90m0[0m[90m0[0m[90m0[0m1[90m0[0m[90m0[0m[90m0[0m[90m0[0m...
        h029: [90m0[0m[90m0[0m[90m0[0m[90m0[0m1[90m0[0m[90m0[0m[90m0[0m[90m0[0m[90m0[0m[90m0[0m[90m0[0m11[90m0[0m[90m0[0m[90m0[0m[90m0[0m[90m0[0m[90m0[0m[90m0[0m[90m0[0m[90m0[0m[90m0[0m[90m0[0m[90m0[0m[90m0[0m1[90m0[0m[90m0[0m[90m0[0m[90m0[0m...
      •  [1mPar (24, 29)[0m | Hamming=[1m390[0m | muy distinto
        h024: 1111[90m0[0m111111[90m0[0m[90m0[0m[90m0[0m[90m0[0m1[90m0[0m[90m0[0m111[90m0[0m[90m0[0m1[90m0[0m11[90m0[0m1111...
        h029: [90m0[0m[90m0[0m[90m0[0m[90m0[0m1[90m0[0m[90m0[0m[90m0[0m[90m0[0m[90m0[0m[90m0[0m[90m0[0m11[90m0[0m[90m0[0m[90m0[0m[90m0[0m[90m0[0m[90m0[0m[90m0[0m[90m0[0m[90m0[0m[90m0[0m[90m0[0m[90m0[0m[90m0[0m1[90m0[0m[90m0[0m[90m0[0m[90m0[0m...

[93m[1m╔══════════════════════════════════════════════════════════════════════════════╗
[93m[1m║                             MOTOR MULTIOBJETIVO                              ║
[93m[1m╚══════════════════════════════════════════════════════════════════════════════╝[0m

  ⚙️   [1mConfiguración del Motor Evolutivo[0m
  ───────────────────────────────────────
      • Modo=full | POP_SIZE=200 | N_GEN=500 | OFFSPRING=200 | PC=0.7 | PM=0.001295 | N_RUNS=5
      • Desglose: 6 algoritmos x 4 inicializaciones x 5 runs = 120 ejecuciones
      • Configuraciones únicas (algoritmo-init): 24
      • Algoritmos activos: NSGA2, NSGA3, SPEA2, MOEAD_TCHE, MOEAD_PBI, MOEAD_WS
      • Puntos de referencia (ref_dirs): 200 | Particiones: 9
      • Tamaño de población (pop_size): 200

  🧬  [1mFase Evolutiva[0m
  ────────────────────
    • Iniciando 120 experimentos en modo paralelo seguro
      • Paralelizando con hasta 22 procesos en paralelo
      • [Progreso:   1/120] | [NSGA2-random_dense] ejecución 4/5 (69.3 s)
      • [Progreso:   2/120] | [NSGA2-greedy_ting] ejecución 5/5 (69.4 s)
      • [Progreso:   3/120] | [NSGA2-random_dense] ejecución 2/5 (125.7 s)
      • [Progreso:   4/120] | [NSGA2-greedy_ting] ejecución 3/5 (126.0 s)
      • [Progreso:   5/120] | [NSGA2-random_sparse] ejecución 3/5 (126.0 s)
      • [Progreso:   6/120] | [NSGA2-greedy_ting] ejecución 2/5 (126.1 s)
      • [Progreso:   7/120] | [NSGA2-random_dense] ejecución 1/5 (126.4 s)
      • [Progreso:   8/120] | [NSGA2-random_dense] ejecución 5/5 (126.5 s)
      • [Progreso:   9/120] | [NSGA2-random_sparse] ejecución 4/5 (126.6 s)
      • [Progreso:  10/120] | [NSGA2-random_sparse] ejecución 5/5 (126.8 s)
      • [Progreso:  11/120] | [NSGA2-greedy_hybrid] ejecución 2/5 (128.4 s)
      • [Progreso:  12/120] | [NSGA2-random_dense] ejecución 3/5 (130.0 s)
      • [Progreso:  13/120] | [NSGA2-random_sparse] ejecución 1/5 (131.0 s)
      • [Progreso:  14/120] | [NSGA2-greedy_hybrid] ejecución 4/5 (131.3 s)
      • [Progreso:  15/120] | [NSGA2-greedy_ting] ejecución 1/5 (131.3 s)
      • [Progreso:  16/120] | [NSGA2-greedy_hybrid] ejecución 1/5 (131.4 s)
      • [Progreso:  17/120] | [NSGA2-greedy_ting] ejecución 4/5 (131.4 s)
      • [Progreso:  18/120] | [NSGA2-greedy_hybrid] ejecución 3/5 (131.7 s)
      • [Progreso:  19/120] | [NSGA3-random_sparse] ejecución 2/5 (132.2 s)
      • [Progreso:  20/120] | [NSGA2-greedy_hybrid] ejecución 5/5 (132.5 s)
      • [Progreso:  21/120] | [NSGA2-random_sparse] ejecución 2/5 (132.5 s)
      • [Progreso:  22/120] | [NSGA3-random_sparse] ejecución 1/5 (132.7 s)
      • [Progreso:  23/120] | [NSGA3-random_sparse] ejecución 3/5 (74.7 s)
      • [Progreso:  24/120] | [NSGA3-random_sparse] ejecución 4/5 (83.2 s)
      • [Progreso:  25/120] | [SPEA2-random_sparse] ejecución 1/5 (79.8 s)
      • [Progreso:  26/120] | [SPEA2-random_sparse] ejecución 3/5 (88.8 s)
      • [Progreso:  27/120] | [NSGA3-random_dense] ejecución 1/5 (126.2 s)
      • [Progreso:  28/120] | [NSGA3-random_dense] ejecución 3/5 (129.2 s)
      • [Progreso:  29/120] | [NSGA3-random_dense] ejecución 4/5 (129.4 s)
      • [Progreso:  30/120] | [NSGA3-random_sparse] ejecución 5/5 (130.1 s)
      • [Progreso:  31/120] | [NSGA3-random_dense] ejecución 2/5 (130.0 s)
      • [Progreso:  32/120] | [NSGA3-random_dense] ejecución 5/5 (129.5 s)
      • [Progreso:  33/120] | [NSGA3-greedy_ting] ejecución 2/5 (129.5 s)
      • [Progreso:  34/120] | [NSGA3-greedy_ting] ejecución 1/5 (130.1 s)
      • [Progreso:  35/120] | [NSGA3-greedy_ting] ejecución 3/5 (129.6 s)
      • [Progreso:  36/120] | [NSGA3-greedy_ting] ejecución 4/5 (130.1 s)
      • [Progreso:  37/120] | [SPEA2-random_sparse] ejecución 5/5 (119.4 s)
      • [Progreso:  38/120] | [NSGA3-greedy_hybrid] ejecución 1/5 (134.0 s)
      • [Progreso:  39/120] | [NSGA3-greedy_hybrid] ejecución 3/5 (134.0 s)
      • [Progreso:  40/120] | [NSGA3-greedy_ting] ejecución 5/5 (135.9 s)
      • [Progreso:  41/120] | [NSGA3-greedy_hybrid] ejecución 2/5 (135.7 s)
      • [Progreso:  42/120] | [NSGA3-greedy_hybrid] ejecución 4/5 (138.3 s)
      • [Progreso:  43/120] | [NSGA3-greedy_hybrid] ejecución 5/5 (138.3 s)
      • [Progreso:  44/120] | [SPEA2-random_sparse] ejecución 2/5 (145.4 s)
      • [Progreso:  45/120] | [SPEA2-random_sparse] ejecución 4/5 (145.8 s)
      • [Progreso:  46/120] | [SPEA2-random_dense] ejecución 1/5 (148.8 s)
      • [Progreso:  47/120] | [SPEA2-random_dense] ejecución 2/5 (115.4 s)
      • [Progreso:  48/120] | [SPEA2-random_dense] ejecución 4/5 (84.5 s)
      • [Progreso:  49/120] | [SPEA2-greedy_hybrid] ejecución 2/5 (98.7 s)
      • [Progreso:  50/120] | [SPEA2-random_dense] ejecución 3/5 (151.6 s)
      • [Progreso:  51/120] | [SPEA2-greedy_hybrid] ejecución 4/5 (120.9 s)
      • [Progreso:  52/120] | [SPEA2-greedy_hybrid] ejecución 1/5 (137.6 s)
      • [Progreso:  53/120] | [SPEA2-greedy_ting] ejecución 1/5 (147.9 s)
      • [Progreso:  54/120] | [SPEA2-greedy_ting] ejecución 3/5 (151.1 s)
      • [Progreso:  55/120] | [SPEA2-greedy_ting] ejecución 2/5 (151.2 s)
      • [Progreso:  56/120] | [SPEA2-greedy_ting] ejecución 4/5 (152.7 s)
      • [Progreso:  57/120] | [SPEA2-random_dense] ejecución 5/5 (153.9 s)
      • [Progreso:  58/120] | [SPEA2-greedy_ting] ejecución 5/5 (153.4 s)
      • [Progreso:  59/120] | [SPEA2-greedy_hybrid] ejecución 3/5 (151.3 s)
      • [Progreso:  60/120] | [SPEA2-greedy_hybrid] ejecución 5/5 (147.4 s)
      • [Progreso:  61/120] | [MOEAD_TCHE-random_sparse] ejecución 2/5 (207.2 s)
      • [Progreso:  62/120] | [MOEAD_TCHE-random_sparse] ejecución 1/5 (225.8 s)
      • [Progreso:  63/120] | [MOEAD_TCHE-random_sparse] ejecución 3/5 (225.8 s)
      • [Progreso:  64/120] | [MOEAD_TCHE-random_sparse] ejecución 5/5 (236.2 s)
      • [Progreso:  65/120] | [MOEAD_TCHE-random_sparse] ejecución 4/5 (236.5 s)
      • [Progreso:  66/120] | [MOEAD_TCHE-random_dense] ejecución 2/5 (231.6 s)
      • [Progreso:  67/120] | [MOEAD_TCHE-random_dense] ejecución 1/5 (237.4 s)
      • [Progreso:  68/120] | [MOEAD_TCHE-random_dense] ejecución 5/5 (184.2 s)
      • [Progreso:  69/120] | [MOEAD_TCHE-random_dense] ejecución 3/5 (247.9 s)
      • [Progreso:  70/120] | [MOEAD_TCHE-greedy_ting] ejecución 2/5 (204.3 s)
      • [Progreso:  71/120] | [MOEAD_TCHE-random_dense] ejecución 4/5 (259.8 s)
      • [Progreso:  72/120] | [MOEAD_TCHE-greedy_ting] ejecución 3/5 (221.8 s)
      • [Progreso:  73/120] | [MOEAD_TCHE-greedy_ting] ejecución 1/5 (289.5 s)
      • [Progreso:  74/120] | [MOEAD_PBI-random_sparse] ejecución 2/5 (248.9 s)
      • [Progreso:  75/120] | [MOEAD_TCHE-greedy_ting] ejecución 5/5 (289.3 s)
      • [Progreso:  76/120] | [MOEAD_TCHE-greedy_hybrid] ejecución 5/5 (286.9 s)
      • [Progreso:  77/120] | [MOEAD_TCHE-greedy_ting] ejecución 4/5 (304.7 s)
      • [Progreso:  78/120] | [MOEAD_TCHE-greedy_hybrid] ejecución 3/5 (301.9 s)
      • [Progreso:  79/120] | [MOEAD_TCHE-greedy_hybrid] ejecución 1/5 (305.5 s)
      • [Progreso:  80/120] | [MOEAD_TCHE-greedy_hybrid] ejecución 2/5 (305.5 s)
      • [Progreso:  81/120] | [MOEAD_TCHE-greedy_hybrid] ejecución 4/5 (308.8 s)
      • [Progreso:  82/120] | [MOEAD_PBI-random_sparse] ejecución 1/5 (308.4 s)
      • [Progreso:  83/120] | [MOEAD_PBI-random_sparse] ejecución 3/5 (272.2 s)
      • [Progreso:  84/120] | [MOEAD_PBI-random_dense] ejecución 4/5 (280.5 s)
      • [Progreso:  85/120] | [MOEAD_PBI-random_sparse] ejecución 5/5 (305.5 s)
      • [Progreso:  86/120] | [MOEAD_PBI-random_sparse] ejecución 4/5 (311.1 s)
      • [Progreso:  87/120] | [MOEAD_PBI-greedy_ting] ejecución 4/5 (202.6 s)
      • [Progreso:  88/120] | [MOEAD_PBI-greedy_ting] ejecución 2/5 (236.1 s)
      • [Progreso:  89/120] | [MOEAD_PBI-random_dense] ejecución 2/5 (307.7 s)
      • [Progreso:  90/120] | [MOEAD_PBI-random_dense] ejecución 1/5 (307.7 s)
      • [Progreso:  91/120] | [MOEAD_PBI-random_dense] ejecución 3/5 (305.6 s)
      • [Progreso:  92/120] | [MOEAD_PBI-random_dense] ejecución 5/5 (299.1 s)
      • [Progreso:  93/120] | [MOEAD_PBI-greedy_ting] ejecución 1/5 (303.4 s)
      • [Progreso:  94/120] | [MOEAD_PBI-greedy_ting] ejecución 3/5 (285.7 s)
      • [Progreso:  95/120] | [MOEAD_PBI-greedy_hybrid] ejecución 2/5 (251.7 s)
      • [Progreso:  96/120] | [MOEAD_PBI-greedy_ting] ejecución 5/5 (300.7 s)
      • [Progreso:  97/120] | [MOEAD_WS-random_sparse] ejecución 5/5 (203.5 s)
      • [Progreso:  98/120] | [MOEAD_PBI-greedy_hybrid] ejecución 1/5 (304.5 s)
      • [Progreso:  99/120] | [MOEAD_PBI-greedy_hybrid] ejecución 3/5 (301.3 s)
      • [Progreso: 100/120] | [MOEAD_WS-random_dense] ejecución 4/5 (193.5 s)
      • [Progreso: 101/120] | [MOEAD_PBI-greedy_hybrid] ejecución 4/5 (311.1 s)
      • [Progreso: 102/120] | [MOEAD_WS-random_sparse] ejecución 2/5 (306.2 s)
      • [Progreso: 103/120] | [MOEAD_PBI-greedy_hybrid] ejecución 5/5 (308.7 s)
      • [Progreso: 104/120] | [MOEAD_WS-random_sparse] ejecución 1/5 (307.1 s)
      • [Progreso: 105/120] | [MOEAD_WS-random_sparse] ejecución 3/5 (307.0 s)
      • [Progreso: 106/120] | [MOEAD_WS-random_sparse] ejecución 4/5 (305.7 s)
      • [Progreso: 107/120] | [MOEAD_WS-random_dense] ejecución 1/5 (256.8 s)
      • [Progreso: 108/120] | [MOEAD_WS-greedy_ting] ejecución 2/5 (247.3 s)
      • [Progreso: 109/120] | [MOEAD_WS-greedy_ting] ejecución 4/5 (242.6 s)
      • [Progreso: 110/120] | [MOEAD_WS-greedy_ting] ejecución 3/5 (249.2 s)
      • [Progreso: 111/120] | [MOEAD_WS-random_dense] ejecución 5/5 (252.5 s)
      • [Progreso: 112/120] | [MOEAD_WS-random_dense] ejecución 3/5 (269.0 s)
      • [Progreso: 113/120] | [MOEAD_WS-random_dense] ejecución 2/5 (275.5 s)
      • [Progreso: 114/120] | [MOEAD_WS-greedy_ting] ejecución 1/5 (263.0 s)
      • [Progreso: 115/120] | [MOEAD_WS-greedy_ting] ejecución 5/5 (228.5 s)
      • [Progreso: 116/120] | [MOEAD_WS-greedy_hybrid] ejecución 1/5 (218.2 s)
      • [Progreso: 117/120] | [MOEAD_WS-greedy_hybrid] ejecución 4/5 (147.1 s)
      • [Progreso: 118/120] | [MOEAD_WS-greedy_hybrid] ejecución 3/5 (154.0 s)
      • [Progreso: 119/120] | [MOEAD_WS-greedy_hybrid] ejecución 2/5 (157.4 s)
      • [Progreso: 120/120] | [MOEAD_WS-greedy_hybrid] ejecución 5/5 (149.5 s)

[93m[1m╔══════════════════════════════════════════════════════════════════════════════╗
[93m[1m║                            SÍNTESIS DE RESULTADOS                            ║
[93m[1m╚══════════════════════════════════════════════════════════════════════════════╝[0m
  • [1mConfiguración de síntesis[0m: DPI=300

  ⏱️   [1mAnálisis de Rendimiento y Tiempo[0m
  ──────────────────────────────────────
      🖼️  Boxplot tiempo de ejecución: ]8;;file:///home/usuario/Escritorio/cofer_tfg/snp_tag_problem/snp_tag/results/full/hinds2005/greedy_hybrid-greedy_ting-random_dense-random_sparse/20260430T183144/2_comparativa/0_tiempo/boxplot_tiempo_full.png\ [36mboxplot_tiempo_full.png[0m]8;;\
      🖼️  Media ± std tiempo ejecución: ]8;;file:///home/usuario/Escritorio/cofer_tfg/snp_tag_problem/snp_tag/results/full/hinds2005/greedy_hybrid-greedy_ting-random_dense-random_sparse/20260430T183144/2_comparativa/0_tiempo/media_std_tiempo_full.png\ [36mmedia_std_tiempo_full.png[0m]8;;\
      🖼️  Tiempo vs Tamaño de frente: ]8;;file:///home/usuario/Escritorio/cofer_tfg/snp_tag_problem/snp_tag/results/full/hinds2005/greedy_hybrid-greedy_ting-random_dense-random_sparse/20260430T183144/2_comparativa/0_tiempo/tiempo_vs_tamano_frente_full.png\ [36mtiempo_vs_tamano_frente_full.png[0m]8;;\
      • Tiempo bloque 'Análisis de Rendimiento y Tiempo': 0.9s

  🧮  [1mProcesamiento de Métricas (con progreso)[0m
  ──────────────────────────────────────────────
    • Iniciando métricas finales: 120 ejecuciones
      • [Progreso:   1/120] | [NSGA2-random_sparse] ejecución 1/5 (0.0 s)
      • [Progreso:   2/120] | [NSGA2-random_sparse] ejecución 2/5 (0.0 s)
      • [Progreso:   3/120] | [NSGA2-random_sparse] ejecución 3/5 (0.0 s)
      • [Progreso:   4/120] | [NSGA2-random_sparse] ejecución 4/5 (0.0 s)
      • [Progreso:   5/120] | [NSGA2-random_sparse] ejecución 5/5 (0.0 s)
      • [Progreso:   6/120] | [NSGA2-random_dense] ejecución 1/5 (0.0 s)
      • [Progreso:   7/120] | [NSGA2-random_dense] ejecución 2/5 (0.0 s)
      • [Progreso:   8/120] | [NSGA2-random_dense] ejecución 3/5 (0.0 s)
      • [Progreso:   9/120] | [NSGA2-random_dense] ejecución 4/5 (0.0 s)
      • [Progreso:  10/120] | [NSGA2-random_dense] ejecución 5/5 (0.0 s)
      • [Progreso:  11/120] | [NSGA2-greedy_ting] ejecución 1/5 (0.0 s)
      • [Progreso:  12/120] | [NSGA2-greedy_ting] ejecución 2/5 (0.0 s)
      • [Progreso:  13/120] | [NSGA2-greedy_ting] ejecución 3/5 (0.0 s)
      • [Progreso:  14/120] | [NSGA2-greedy_ting] ejecución 4/5 (0.0 s)
      • [Progreso:  15/120] | [NSGA2-greedy_ting] ejecución 5/5 (0.0 s)
      • [Progreso:  16/120] | [NSGA2-greedy_hybrid] ejecución 1/5 (0.0 s)
      • [Progreso:  17/120] | [NSGA2-greedy_hybrid] ejecución 2/5 (0.0 s)
      • [Progreso:  18/120] | [NSGA2-greedy_hybrid] ejecución 3/5 (0.0 s)
      • [Progreso:  19/120] | [NSGA2-greedy_hybrid] ejecución 4/5 (0.0 s)
      • [Progreso:  20/120] | [NSGA2-greedy_hybrid] ejecución 5/5 (0.0 s)
      • [Progreso:  21/120] | [NSGA3-random_sparse] ejecución 1/5 (0.0 s)
      • [Progreso:  22/120] | [NSGA3-random_sparse] ejecución 2/5 (0.0 s)
      • [Progreso:  23/120] | [NSGA3-random_sparse] ejecución 3/5 (0.0 s)
      • [Progreso:  24/120] | [NSGA3-random_sparse] ejecución 4/5 (0.0 s)
      • [Progreso:  25/120] | [NSGA3-random_sparse] ejecución 5/5 (0.0 s)
      • [Progreso:  26/120] | [NSGA3-random_dense] ejecución 1/5 (0.0 s)
      • [Progreso:  27/120] | [NSGA3-random_dense] ejecución 2/5 (0.0 s)
      • [Progreso:  28/120] | [NSGA3-random_dense] ejecución 3/5 (0.0 s)
      • [Progreso:  29/120] | [NSGA3-random_dense] ejecución 4/5 (0.0 s)
      • [Progreso:  30/120] | [NSGA3-random_dense] ejecución 5/5 (0.0 s)
      • [Progreso:  31/120] | [NSGA3-greedy_ting] ejecución 1/5 (0.0 s)
      • [Progreso:  32/120] | [NSGA3-greedy_ting] ejecución 2/5 (0.0 s)
      • [Progreso:  33/120] | [NSGA3-greedy_ting] ejecución 3/5 (0.0 s)
      • [Progreso:  34/120] | [NSGA3-greedy_ting] ejecución 4/5 (0.0 s)
      • [Progreso:  35/120] | [NSGA3-greedy_ting] ejecución 5/5 (0.0 s)
      • [Progreso:  36/120] | [NSGA3-greedy_hybrid] ejecución 1/5 (0.0 s)
      • [Progreso:  37/120] | [NSGA3-greedy_hybrid] ejecución 2/5 (0.0 s)
      • [Progreso:  38/120] | [NSGA3-greedy_hybrid] ejecución 3/5 (0.0 s)
      • [Progreso:  39/120] | [NSGA3-greedy_hybrid] ejecución 4/5 (0.0 s)
      • [Progreso:  40/120] | [NSGA3-greedy_hybrid] ejecución 5/5 (0.0 s)
      • [Progreso:  41/120] | [SPEA2-random_sparse] ejecución 1/5 (0.0 s)
      • [Progreso:  42/120] | [SPEA2-random_sparse] ejecución 2/5 (0.0 s)
      • [Progreso:  43/120] | [SPEA2-random_sparse] ejecución 3/5 (0.0 s)
      • [Progreso:  44/120] | [SPEA2-random_sparse] ejecución 4/5 (0.0 s)
      • [Progreso:  45/120] | [SPEA2-random_sparse] ejecución 5/5 (0.0 s)
      • [Progreso:  46/120] | [SPEA2-random_dense] ejecución 1/5 (0.0 s)
      • [Progreso:  47/120] | [SPEA2-random_dense] ejecución 2/5 (0.0 s)
      • [Progreso:  48/120] | [SPEA2-random_dense] ejecución 3/5 (0.0 s)
      • [Progreso:  49/120] | [SPEA2-random_dense] ejecución 4/5 (0.0 s)
      • [Progreso:  50/120] | [SPEA2-random_dense] ejecución 5/5 (0.0 s)
      • [Progreso:  51/120] | [SPEA2-greedy_ting] ejecución 1/5 (0.0 s)
      • [Progreso:  52/120] | [SPEA2-greedy_ting] ejecución 2/5 (0.0 s)
      • [Progreso:  53/120] | [SPEA2-greedy_ting] ejecución 3/5 (0.0 s)
      • [Progreso:  54/120] | [SPEA2-greedy_ting] ejecución 4/5 (0.0 s)
      • [Progreso:  55/120] | [SPEA2-greedy_ting] ejecución 5/5 (0.0 s)
      • [Progreso:  56/120] | [SPEA2-greedy_hybrid] ejecución 1/5 (0.0 s)
      • [Progreso:  57/120] | [SPEA2-greedy_hybrid] ejecución 2/5 (0.0 s)
      • [Progreso:  58/120] | [SPEA2-greedy_hybrid] ejecución 3/5 (0.0 s)
      • [Progreso:  59/120] | [SPEA2-greedy_hybrid] ejecución 4/5 (0.0 s)
      • [Progreso:  60/120] | [SPEA2-greedy_hybrid] ejecución 5/5 (0.0 s)
      • [Progreso:  61/120] | [MOEAD_TCHE-random_sparse] ejecución 1/5 (0.0 s)
      • [Progreso:  62/120] | [MOEAD_TCHE-random_sparse] ejecución 2/5 (0.0 s)
      • [Progreso:  63/120] | [MOEAD_TCHE-random_sparse] ejecución 3/5 (0.0 s)
      • [Progreso:  64/120] | [MOEAD_TCHE-random_sparse] ejecución 4/5 (0.0 s)
      • [Progreso:  65/120] | [MOEAD_TCHE-random_sparse] ejecución 5/5 (0.0 s)
      • [Progreso:  66/120] | [MOEAD_TCHE-random_dense] ejecución 1/5 (0.0 s)
      • [Progreso:  67/120] | [MOEAD_TCHE-random_dense] ejecución 2/5 (0.0 s)
      • [Progreso:  68/120] | [MOEAD_TCHE-random_dense] ejecución 3/5 (0.0 s)
      • [Progreso:  69/120] | [MOEAD_TCHE-random_dense] ejecución 4/5 (0.0 s)
      • [Progreso:  70/120] | [MOEAD_TCHE-random_dense] ejecución 5/5 (0.0 s)
      • [Progreso:  71/120] | [MOEAD_TCHE-greedy_ting] ejecución 1/5 (0.0 s)
      • [Progreso:  72/120] | [MOEAD_TCHE-greedy_ting] ejecución 2/5 (0.0 s)
      • [Progreso:  73/120] | [MOEAD_TCHE-greedy_ting] ejecución 3/5 (0.0 s)
      • [Progreso:  74/120] | [MOEAD_TCHE-greedy_ting] ejecución 4/5 (0.0 s)
      • [Progreso:  75/120] | [MOEAD_TCHE-greedy_ting] ejecución 5/5 (0.0 s)
      • [Progreso:  76/120] | [MOEAD_TCHE-greedy_hybrid] ejecución 1/5 (0.0 s)
      • [Progreso:  77/120] | [MOEAD_TCHE-greedy_hybrid] ejecución 2/5 (0.0 s)
      • [Progreso:  78/120] | [MOEAD_TCHE-greedy_hybrid] ejecución 3/5 (0.0 s)
      • [Progreso:  79/120] | [MOEAD_TCHE-greedy_hybrid] ejecución 4/5 (0.0 s)
      • [Progreso:  80/120] | [MOEAD_TCHE-greedy_hybrid] ejecución 5/5 (0.0 s)
      • [Progreso:  81/120] | [MOEAD_PBI-random_sparse] ejecución 1/5 (0.0 s)
      • [Progreso:  82/120] | [MOEAD_PBI-random_sparse] ejecución 2/5 (0.0 s)
      • [Progreso:  83/120] | [MOEAD_PBI-random_sparse] ejecución 3/5 (0.0 s)
      • [Progreso:  84/120] | [MOEAD_PBI-random_sparse] ejecución 4/5 (0.0 s)
      • [Progreso:  85/120] | [MOEAD_PBI-random_sparse] ejecución 5/5 (0.0 s)
      • [Progreso:  86/120] | [MOEAD_PBI-random_dense] ejecución 1/5 (0.0 s)
      • [Progreso:  87/120] | [MOEAD_PBI-random_dense] ejecución 2/5 (0.0 s)
      • [Progreso:  88/120] | [MOEAD_PBI-random_dense] ejecución 3/5 (0.0 s)
      • [Progreso:  89/120] | [MOEAD_PBI-random_dense] ejecución 4/5 (0.0 s)
      • [Progreso:  90/120] | [MOEAD_PBI-random_dense] ejecución 5/5 (0.0 s)
      • [Progreso:  91/120] | [MOEAD_PBI-greedy_ting] ejecución 1/5 (0.0 s)
      • [Progreso:  92/120] | [MOEAD_PBI-greedy_ting] ejecución 2/5 (0.0 s)
      • [Progreso:  93/120] | [MOEAD_PBI-greedy_ting] ejecución 3/5 (0.0 s)
      • [Progreso:  94/120] | [MOEAD_PBI-greedy_ting] ejecución 4/5 (0.0 s)
      • [Progreso:  95/120] | [MOEAD_PBI-greedy_ting] ejecución 5/5 (0.0 s)
      • [Progreso:  96/120] | [MOEAD_PBI-greedy_hybrid] ejecución 1/5 (0.0 s)
      • [Progreso:  97/120] | [MOEAD_PBI-greedy_hybrid] ejecución 2/5 (0.0 s)
      • [Progreso:  98/120] | [MOEAD_PBI-greedy_hybrid] ejecución 3/5 (0.0 s)
      • [Progreso:  99/120] | [MOEAD_PBI-greedy_hybrid] ejecución 4/5 (0.0 s)
      • [Progreso: 100/120] | [MOEAD_PBI-greedy_hybrid] ejecución 5/5 (0.0 s)
      • [Progreso: 101/120] | [MOEAD_WS-random_sparse] ejecución 1/5 (0.0 s)
      • [Progreso: 102/120] | [MOEAD_WS-random_sparse] ejecución 2/5 (0.0 s)
      • [Progreso: 103/120] | [MOEAD_WS-random_sparse] ejecución 3/5 (0.0 s)
      • [Progreso: 104/120] | [MOEAD_WS-random_sparse] ejecución 4/5 (0.0 s)
      • [Progreso: 105/120] | [MOEAD_WS-random_sparse] ejecución 5/5 (0.0 s)
      • [Progreso: 106/120] | [MOEAD_WS-random_dense] ejecución 1/5 (0.0 s)
      • [Progreso: 107/120] | [MOEAD_WS-random_dense] ejecución 2/5 (0.0 s)
      • [Progreso: 108/120] | [MOEAD_WS-random_dense] ejecución 3/5 (0.0 s)
      • [Progreso: 109/120] | [MOEAD_WS-random_dense] ejecución 4/5 (0.0 s)
      • [Progreso: 110/120] | [MOEAD_WS-random_dense] ejecución 5/5 (0.0 s)
      • [Progreso: 111/120] | [MOEAD_WS-greedy_ting] ejecución 1/5 (0.0 s)
      • [Progreso: 112/120] | [MOEAD_WS-greedy_ting] ejecución 2/5 (0.0 s)
      • [Progreso: 113/120] | [MOEAD_WS-greedy_ting] ejecución 3/5 (0.0 s)
      • [Progreso: 114/120] | [MOEAD_WS-greedy_ting] ejecución 4/5 (0.0 s)
      • [Progreso: 115/120] | [MOEAD_WS-greedy_ting] ejecución 5/5 (0.0 s)
      • [Progreso: 116/120] | [MOEAD_WS-greedy_hybrid] ejecución 1/5 (0.0 s)
      • [Progreso: 117/120] | [MOEAD_WS-greedy_hybrid] ejecución 2/5 (0.0 s)
      • [Progreso: 118/120] | [MOEAD_WS-greedy_hybrid] ejecución 3/5 (0.0 s)
      • [Progreso: 119/120] | [MOEAD_WS-greedy_hybrid] ejecución 4/5 (0.0 s)
      • [Progreso: 120/120] | [MOEAD_WS-greedy_hybrid] ejecución 5/5 (0.0 s)
      • Métricas finales completadas: 120 ejecuciones en 0.0s

    • Iniciando métricas generacionales: 120 ejecuciones con historial
      • [Progreso:   1/120] | [NSGA2-random_sparse] ejecución 1/5 (0.1 s)
      • [Progreso:   2/120] | [NSGA2-random_sparse] ejecución 2/5 (0.1 s)
      • [Progreso:   3/120] | [NSGA2-random_sparse] ejecución 4/5 (0.1 s)
      • [Progreso:   4/120] | [NSGA2-random_sparse] ejecución 3/5 (0.1 s)
      • [Progreso:   5/120] | [NSGA2-random_sparse] ejecución 5/5 (0.1 s)
      • [Progreso:   6/120] | [NSGA2-random_dense] ejecución 1/5 (0.1 s)
      • [Progreso:   7/120] | [NSGA2-random_dense] ejecución 2/5 (0.1 s)
      • [Progreso:   8/120] | [NSGA2-random_dense] ejecución 3/5 (0.1 s)
      • [Progreso:   9/120] | [NSGA2-greedy_ting] ejecución 4/5 (0.1 s)
      • [Progreso:  10/120] | [NSGA2-greedy_hybrid] ejecución 1/5 (0.1 s)
      • [Progreso:  11/120] | [NSGA2-greedy_hybrid] ejecución 3/5 (0.1 s)
      • [Progreso:  12/120] | [NSGA2-greedy_hybrid] ejecución 2/5 (0.1 s)
      • [Progreso:  13/120] | [NSGA2-random_dense] ejecución 4/5 (0.2 s)
      • [Progreso:  14/120] | [NSGA2-greedy_hybrid] ejecución 4/5 (0.1 s)
      • [Progreso:  15/120] | [NSGA2-random_dense] ejecución 5/5 (0.2 s)
      • [Progreso:  16/120] | [NSGA2-greedy_ting] ejecución 1/5 (0.2 s)
      • [Progreso:  17/120] | [NSGA2-greedy_ting] ejecución 2/5 (0.2 s)
      • [Progreso:  18/120] | [NSGA2-greedy_hybrid] ejecución 5/5 (0.2 s)
      • [Progreso:  19/120] | [NSGA3-random_sparse] ejecución 2/5 (0.1 s)
      • [Progreso:  20/120] | [NSGA2-greedy_ting] ejecución 3/5 (0.2 s)
      • [Progreso:  21/120] | [NSGA3-random_sparse] ejecución 1/5 (0.2 s)
      • [Progreso:  22/120] | [NSGA2-greedy_ting] ejecución 5/5 (0.2 s)
      • [Progreso:  23/120] | [NSGA3-random_sparse] ejecución 5/5 (0.2 s)
      • [Progreso:  24/120] | [NSGA3-random_dense] ejecución 1/5 (0.2 s)
      • [Progreso:  25/120] | [NSGA3-random_sparse] ejecución 4/5 (0.2 s)
      • [Progreso:  26/120] | [NSGA3-random_dense] ejecución 2/5 (0.2 s)
      • [Progreso:  27/120] | [NSGA3-greedy_ting] ejecución 1/5 (0.1 s)
      • [Progreso:  28/120] | [NSGA3-random_dense] ejecución 3/5 (0.2 s)
      • [Progreso:  29/120] | [NSGA3-random_sparse] ejecución 3/5 (0.2 s)
      • [Progreso:  30/120] | [NSGA3-greedy_ting] ejecución 2/5 (0.1 s)
      • [Progreso:  31/120] | [NSGA3-random_dense] ejecución 5/5 (0.2 s)
      • [Progreso:  32/120] | [NSGA3-greedy_ting] ejecución 4/5 (0.1 s)
      • [Progreso:  33/120] | [NSGA3-random_dense] ejecución 4/5 (0.2 s)
      • [Progreso:  34/120] | [NSGA3-greedy_hybrid] ejecución 1/5 (0.2 s)
      • [Progreso:  35/120] | [NSGA3-greedy_hybrid] ejecución 2/5 (0.2 s)
      • [Progreso:  36/120] | [NSGA3-greedy_hybrid] ejecución 5/5 (0.2 s)
      • [Progreso:  37/120] | [SPEA2-random_sparse] ejecución 1/5 (0.2 s)
      • [Progreso:  38/120] | [SPEA2-random_sparse] ejecución 3/5 (0.2 s)
      • [Progreso:  39/120] | [SPEA2-random_sparse] ejecución 4/5 (0.2 s)
      • [Progreso:  40/120] | [SPEA2-greedy_ting] ejecución 2/5 (0.1 s)
      • [Progreso:  41/120] | [SPEA2-random_sparse] ejecución 5/5 (0.2 s)
      • [Progreso:  42/120] | [NSGA3-greedy_ting] ejecución 3/5 (0.2 s)
      • [Progreso:  43/120] | [NSGA3-greedy_ting] ejecución 5/5 (0.2 s)
      • [Progreso:  44/120] | [SPEA2-random_dense] ejecución 1/5 (0.2 s)
      • [Progreso:  45/120] | [NSGA3-greedy_hybrid] ejecución 3/5 (0.2 s)
      • [Progreso:  46/120] | [NSGA3-greedy_hybrid] ejecución 4/5 (0.2 s)
      • [Progreso:  47/120] | [SPEA2-greedy_ting] ejecución 4/5 (0.1 s)
      • [Progreso:  48/120] | [SPEA2-random_sparse] ejecución 2/5 (0.2 s)
      • [Progreso:  49/120] | [SPEA2-random_dense] ejecución 3/5 (0.2 s)
      • [Progreso:  50/120] | [SPEA2-random_dense] ejecución 5/5 (0.2 s)
      • [Progreso:  51/120] | [SPEA2-greedy_ting] ejecución 1/5 (0.2 s)
      • [Progreso:  52/120] | [SPEA2-greedy_ting] ejecución 3/5 (0.2 s)
      • [Progreso:  53/120] | [SPEA2-random_dense] ejecución 2/5 (0.2 s)
      • [Progreso:  54/120] | [SPEA2-random_dense] ejecución 4/5 (0.2 s)
      • [Progreso:  55/120] | [SPEA2-greedy_ting] ejecución 5/5 (0.2 s)
      • [Progreso:  56/120] | [SPEA2-greedy_hybrid] ejecución 2/5 (0.1 s)
      • [Progreso:  57/120] | [SPEA2-greedy_hybrid] ejecución 1/5 (0.2 s)
      • [Progreso:  58/120] | [MOEAD_TCHE-random_sparse] ejecución 1/5 (0.1 s)
      • [Progreso:  59/120] | [SPEA2-greedy_hybrid] ejecución 3/5 (0.2 s)
      • [Progreso:  60/120] | [SPEA2-greedy_hybrid] ejecución 4/5 (0.2 s)
      • [Progreso:  61/120] | [MOEAD_TCHE-random_dense] ejecución 1/5 (0.1 s)
      • [Progreso:  62/120] | [MOEAD_TCHE-random_dense] ejecución 5/5 (0.1 s)
      • [Progreso:  63/120] | [SPEA2-greedy_hybrid] ejecución 5/5 (0.2 s)
      • [Progreso:  64/120] | [MOEAD_TCHE-random_dense] ejecución 3/5 (0.1 s)
      • [Progreso:  65/120] | [MOEAD_TCHE-random_dense] ejecución 4/5 (0.1 s)
      • [Progreso:  66/120] | [MOEAD_TCHE-random_sparse] ejecución 4/5 (0.2 s)
      • [Progreso:  67/120] | [MOEAD_TCHE-greedy_ting] ejecución 2/5 (0.1 s)
      • [Progreso:  68/120] | [MOEAD_TCHE-greedy_ting] ejecución 1/5 (0.1 s)
      • [Progreso:  69/120] | [MOEAD_TCHE-random_sparse] ejecución 3/5 (0.2 s)
      • [Progreso:  70/120] | [MOEAD_TCHE-random_sparse] ejecución 2/5 (0.2 s)
      • [Progreso:  71/120] | [MOEAD_TCHE-greedy_hybrid] ejecución 3/5 (0.1 s)
      • [Progreso:  72/120] | [MOEAD_TCHE-random_sparse] ejecución 5/5 (0.2 s)
      • [Progreso:  73/120] | [MOEAD_TCHE-greedy_ting] ejecución 4/5 (0.1 s)
      • [Progreso:  74/120] | [MOEAD_TCHE-random_dense] ejecución 2/5 (0.2 s)
      • [Progreso:  75/120] | [MOEAD_TCHE-greedy_hybrid] ejecución 2/5 (0.1 s)
      • [Progreso:  76/120] | [MOEAD_TCHE-greedy_ting] ejecución 3/5 (0.2 s)
      • [Progreso:  77/120] | [MOEAD_TCHE-greedy_ting] ejecución 5/5 (0.2 s)
      • [Progreso:  78/120] | [MOEAD_PBI-random_sparse] ejecución 4/5 (0.1 s)
      • [Progreso:  79/120] | [MOEAD_TCHE-greedy_hybrid] ejecución 1/5 (0.2 s)
      • [Progreso:  80/120] | [MOEAD_PBI-random_sparse] ejecución 1/5 (0.1 s)
      • [Progreso:  81/120] | [MOEAD_TCHE-greedy_hybrid] ejecución 5/5 (0.1 s)
      • [Progreso:  82/120] | [MOEAD_PBI-random_sparse] ejecución 2/5 (0.1 s)
      • [Progreso:  83/120] | [MOEAD_TCHE-greedy_hybrid] ejecución 4/5 (0.2 s)
      • [Progreso:  84/120] | [MOEAD_PBI-greedy_ting] ejecución 4/5 (0.1 s)
      • [Progreso:  85/120] | [MOEAD_PBI-random_dense] ejecución 1/5 (0.1 s)
      • [Progreso:  86/120] | [MOEAD_PBI-random_sparse] ejecución 3/5 (0.1 s)
      • [Progreso:  87/120] | [MOEAD_PBI-random_sparse] ejecución 5/5 (0.1 s)
      • [Progreso:  88/120] | [MOEAD_PBI-greedy_ting] ejecución 1/5 (0.1 s)
      • [Progreso:  89/120] | [MOEAD_PBI-random_dense] ejecución 4/5 (0.1 s)
      • [Progreso:  90/120] | [MOEAD_PBI-random_dense] ejecución 5/5 (0.1 s)
      • [Progreso:  91/120] | [MOEAD_PBI-greedy_ting] ejecución 3/5 (0.1 s)
      • [Progreso:  92/120] | [MOEAD_PBI-random_dense] ejecución 2/5 (0.2 s)
      • [Progreso:  93/120] | [MOEAD_PBI-greedy_ting] ejecución 5/5 (0.1 s)
      • [Progreso:  94/120] | [MOEAD_PBI-greedy_hybrid] ejecución 5/5 (0.1 s)
      • [Progreso:  95/120] | [MOEAD_PBI-greedy_hybrid] ejecución 2/5 (0.1 s)
      • [Progreso:  96/120] | [MOEAD_PBI-random_dense] ejecución 3/5 (0.2 s)
      • [Progreso:  97/120] | [MOEAD_PBI-greedy_ting] ejecución 2/5 (0.2 s)
      • [Progreso:  98/120] | [MOEAD_WS-random_dense] ejecución 2/5 (0.1 s)
      • [Progreso:  99/120] | [MOEAD_PBI-greedy_hybrid] ejecución 1/5 (0.2 s)
      • [Progreso: 100/120] | [MOEAD_WS-random_dense] ejecución 1/5 (0.1 s)
      • [Progreso: 101/120] | [MOEAD_WS-random_sparse] ejecución 4/5 (0.1 s)
      • [Progreso: 102/120] | [MOEAD_WS-random_sparse] ejecución 2/5 (0.1 s)
      • [Progreso: 103/120] | [MOEAD_WS-random_sparse] ejecución 3/5 (0.1 s)
      • [Progreso: 104/120] | [MOEAD_PBI-greedy_hybrid] ejecución 3/5 (0.2 s)
      • [Progreso: 105/120] | [MOEAD_WS-random_sparse] ejecución 5/5 (0.1 s)
      • [Progreso: 106/120] | [MOEAD_WS-random_dense] ejecución 4/5 (0.1 s)
      • [Progreso: 107/120] | [MOEAD_PBI-greedy_hybrid] ejecución 4/5 (0.2 s)
      • [Progreso: 108/120] | [MOEAD_WS-random_dense] ejecución 3/5 (0.1 s)
      • [Progreso: 109/120] | [MOEAD_WS-random_dense] ejecución 5/5 (0.1 s)
      • [Progreso: 110/120] | [MOEAD_WS-random_sparse] ejecución 1/5 (0.2 s)
      • [Progreso: 111/120] | [MOEAD_WS-greedy_ting] ejecución 2/5 (0.1 s)
      • [Progreso: 112/120] | [MOEAD_WS-greedy_ting] ejecución 1/5 (0.1 s)
      • [Progreso: 113/120] | [MOEAD_WS-greedy_hybrid] ejecución 2/5 (0.1 s)
      • [Progreso: 114/120] | [MOEAD_WS-greedy_hybrid] ejecución 1/5 (0.1 s)
      • [Progreso: 115/120] | [MOEAD_WS-greedy_hybrid] ejecución 5/5 (0.1 s)
      • [Progreso: 116/120] | [MOEAD_WS-greedy_ting] ejecución 5/5 (0.1 s)
      • [Progreso: 117/120] | [MOEAD_WS-greedy_ting] ejecución 3/5 (0.1 s)
      • [Progreso: 118/120] | [MOEAD_WS-greedy_ting] ejecución 4/5 (0.1 s)
      • [Progreso: 119/120] | [MOEAD_WS-greedy_hybrid] ejecución 3/5 (0.1 s)
      • [Progreso: 120/120] | [MOEAD_WS-greedy_hybrid] ejecución 4/5 (0.1 s)
      • Métricas generacionales completadas: 120 ejecuciones en 1.1s

  📊  [1mTrazabilidad y Exportación de Datos (CSV)[0m
  ───────────────────────────────────────────────
      🖼️  Resultados detallados por ejecución: ]8;;file:///home/usuario/Escritorio/cofer_tfg/snp_tag_problem/snp_tag/results/full/hinds2005/greedy_hybrid-greedy_ting-random_dense-random_sparse/20260430T183144/1_ejecuciones/resultados_detallados_full.csv\ [36mresultados_detallados_full.csv[0m]8;;\
      🖼️  Historial evolutivo generacional: ]8;;file:///home/usuario/Escritorio/cofer_tfg/snp_tag_problem/snp_tag/results/full/hinds2005/greedy_hybrid-greedy_ting-random_dense-random_sparse/20260430T183144/1_ejecuciones/historico_generacional_full.csv\ [36mhistorico_generacional_full.csv[0m]8;;\
      🖼️  Soluciones de frentes finales (CSV): ]8;;file:///home/usuario/Escritorio/cofer_tfg/snp_tag_problem/snp_tag/results/full/hinds2005/greedy_hybrid-greedy_ting-random_dense-random_sparse/20260430T183144/1_ejecuciones/frentes_pareto_full.csv\ [36mfrentes_pareto_full.csv[0m]8;;\

  📍  [1mPuntos Críticos del Espacio de Objetivos[0m
  ──────────────────────────────────────────────
      • [1mPunto Ideal Empírico (mejor)[0m: [8.00000000e+00 1.03092784e-02 1.95975098e+00 1.06979058e-03]
      • [1mPunto Nadir Empírico (peor)[0m: [4.43000000e+02 1.00000000e+00 7.86919555e+00 3.38225932e-02]
      • [1mPunto Ideal Teórico (Ref)[0m: [1.         0.00775194 1.         0.        ]
      • [1mPunto Nadir Teórico (Ref)[0m: [7.72e+02 1.00e+00 1.00e+01 2.50e-01]
      • [1mPunto Ref. Hipervolumen (1.1)[0m: [8.49100000e+02 1.09922481e+00 1.09000000e+01 2.75000001e-01]

[93m[1m╔══════════════════════════════════════════════════════════════════════════════╗
[93m[1m║                           REPORTES Y VISUALIZACIÓN                           ║
[93m[1m╚══════════════════════════════════════════════════════════════════════════════╝[0m

  🔍  [1mDistribución y Correlación de Frentes de Pareto[0m
  ─────────────────────────────────────────────────────

  🔗  [1mCorrelación de Objetivos[0m
  ──────────────────────────────
      🖼️  Correlación objetivos Pareto (Valores Reales): ]8;;file:///home/usuario/Escritorio/cofer_tfg/snp_tag_problem/snp_tag/results/full/hinds2005/greedy_hybrid-greedy_ting-random_dense-random_sparse/20260430T183144/2_comparativa/1_frentes/otros/correlacion_objetivos_pareto_full.png\ [36mcorrelacion_objetivos_pareto_full.png[0m]8;;\

  📈  [1mCoordenadas Paralelas[0m
  ───────────────────────────
      🖼️  Coordenadas paralelas MOEAD_PBI (greedy_hybrid): ]8;;file:///home/usuario/Escritorio/cofer_tfg/snp_tag_problem/snp_tag/results/full/hinds2005/greedy_hybrid-greedy_ting-random_dense-random_sparse/20260430T183144/2_comparativa/1_frentes/coordenadas_paralelas/coordenadas_paralelas_MOEAD_PBI_greedy_hybrid_full.png\ [36mcoordenadas_paralelas_MOEAD_PBI_greedy_hybrid_full.png[0m]8;;\
      🖼️  Coordenadas paralelas MOEAD_PBI (greedy_ting): ]8;;file:///home/usuario/Escritorio/cofer_tfg/snp_tag_problem/snp_tag/results/full/hinds2005/greedy_hybrid-greedy_ting-random_dense-random_sparse/20260430T183144/2_comparativa/1_frentes/coordenadas_paralelas/coordenadas_paralelas_MOEAD_PBI_greedy_ting_full.png\ [36mcoordenadas_paralelas_MOEAD_PBI_greedy_ting_full.png[0m]8;;\
      🖼️  Coordenadas paralelas MOEAD_PBI (random_dense): ]8;;file:///home/usuario/Escritorio/cofer_tfg/snp_tag_problem/snp_tag/results/full/hinds2005/greedy_hybrid-greedy_ting-random_dense-random_sparse/20260430T183144/2_comparativa/1_frentes/coordenadas_paralelas/coordenadas_paralelas_MOEAD_PBI_random_dense_full.png\ [36mcoordenadas_paralelas_MOEAD_PBI_random_dense_full.png[0m]8;;\
      🖼️  Coordenadas paralelas MOEAD_PBI (random_sparse): ]8;;file:///home/usuario/Escritorio/cofer_tfg/snp_tag_problem/snp_tag/results/full/hinds2005/greedy_hybrid-greedy_ting-random_dense-random_sparse/20260430T183144/2_comparativa/1_frentes/coordenadas_paralelas/coordenadas_paralelas_MOEAD_PBI_random_sparse_full.png\ [36mcoordenadas_paralelas_MOEAD_PBI_random_sparse_full.png[0m]8;;\
      🖼️  Coordenadas paralelas MOEAD_TCHE (greedy_hybrid): ]8;;file:///home/usuario/Escritorio/cofer_tfg/snp_tag_problem/snp_tag/results/full/hinds2005/greedy_hybrid-greedy_ting-random_dense-random_sparse/20260430T183144/2_comparativa/1_frentes/coordenadas_paralelas/coordenadas_paralelas_MOEAD_TCHE_greedy_hybrid_full.png\ [36mcoordenadas_paralelas_MOEAD_TCHE_greedy_hybrid_full.png[0m]8;;\
      🖼️  Coordenadas paralelas MOEAD_TCHE (greedy_ting): ]8;;file:///home/usuario/Escritorio/cofer_tfg/snp_tag_problem/snp_tag/results/full/hinds2005/greedy_hybrid-greedy_ting-random_dense-random_sparse/20260430T183144/2_comparativa/1_frentes/coordenadas_paralelas/coordenadas_paralelas_MOEAD_TCHE_greedy_ting_full.png\ [36mcoordenadas_paralelas_MOEAD_TCHE_greedy_ting_full.png[0m]8;;\
      🖼️  Coordenadas paralelas MOEAD_TCHE (random_dense): ]8;;file:///home/usuario/Escritorio/cofer_tfg/snp_tag_problem/snp_tag/results/full/hinds2005/greedy_hybrid-greedy_ting-random_dense-random_sparse/20260430T183144/2_comparativa/1_frentes/coordenadas_paralelas/coordenadas_paralelas_MOEAD_TCHE_random_dense_full.png\ [36mcoordenadas_paralelas_MOEAD_TCHE_random_dense_full.png[0m]8;;\
      🖼️  Coordenadas paralelas MOEAD_TCHE (random_sparse): ]8;;file:///home/usuario/Escritorio/cofer_tfg/snp_tag_problem/snp_tag/results/full/hinds2005/greedy_hybrid-greedy_ting-random_dense-random_sparse/20260430T183144/2_comparativa/1_frentes/coordenadas_paralelas/coordenadas_paralelas_MOEAD_TCHE_random_sparse_full.png\ [36mcoordenadas_paralelas_MOEAD_TCHE_random_sparse_full.png[0m]8;;\
      🖼️  Coordenadas paralelas MOEAD_WS (greedy_hybrid): ]8;;file:///home/usuario/Escritorio/cofer_tfg/snp_tag_problem/snp_tag/results/full/hinds2005/greedy_hybrid-greedy_ting-random_dense-random_sparse/20260430T183144/2_comparativa/1_frentes/coordenadas_paralelas/coordenadas_paralelas_MOEAD_WS_greedy_hybrid_full.png\ [36mcoordenadas_paralelas_MOEAD_WS_greedy_hybrid_full.png[0m]8;;\
      🖼️  Coordenadas paralelas MOEAD_WS (greedy_ting): ]8;;file:///home/usuario/Escritorio/cofer_tfg/snp_tag_problem/snp_tag/results/full/hinds2005/greedy_hybrid-greedy_ting-random_dense-random_sparse/20260430T183144/2_comparativa/1_frentes/coordenadas_paralelas/coordenadas_paralelas_MOEAD_WS_greedy_ting_full.png\ [36mcoordenadas_paralelas_MOEAD_WS_greedy_ting_full.png[0m]8;;\
      🖼️  Coordenadas paralelas MOEAD_WS (random_dense): ]8;;file:///home/usuario/Escritorio/cofer_tfg/snp_tag_problem/snp_tag/results/full/hinds2005/greedy_hybrid-greedy_ting-random_dense-random_sparse/20260430T183144/2_comparativa/1_frentes/coordenadas_paralelas/coordenadas_paralelas_MOEAD_WS_random_dense_full.png\ [36mcoordenadas_paralelas_MOEAD_WS_random_dense_full.png[0m]8;;\
      🖼️  Coordenadas paralelas MOEAD_WS (random_sparse): ]8;;file:///home/usuario/Escritorio/cofer_tfg/snp_tag_problem/snp_tag/results/full/hinds2005/greedy_hybrid-greedy_ting-random_dense-random_sparse/20260430T183144/2_comparativa/1_frentes/coordenadas_paralelas/coordenadas_paralelas_MOEAD_WS_random_sparse_full.png\ [36mcoordenadas_paralelas_MOEAD_WS_random_sparse_full.png[0m]8;;\
      🖼️  Coordenadas paralelas NSGA2 (greedy_hybrid): ]8;;file:///home/usuario/Escritorio/cofer_tfg/snp_tag_problem/snp_tag/results/full/hinds2005/greedy_hybrid-greedy_ting-random_dense-random_sparse/20260430T183144/2_comparativa/1_frentes/coordenadas_paralelas/coordenadas_paralelas_NSGA2_greedy_hybrid_full.png\ [36mcoordenadas_paralelas_NSGA2_greedy_hybrid_full.png[0m]8;;\
      🖼️  Coordenadas paralelas NSGA2 (greedy_ting): ]8;;file:///home/usuario/Escritorio/cofer_tfg/snp_tag_problem/snp_tag/results/full/hinds2005/greedy_hybrid-greedy_ting-random_dense-random_sparse/20260430T183144/2_comparativa/1_frentes/coordenadas_paralelas/coordenadas_paralelas_NSGA2_greedy_ting_full.png\ [36mcoordenadas_paralelas_NSGA2_greedy_ting_full.png[0m]8;;\
      🖼️  Coordenadas paralelas NSGA2 (random_dense): ]8;;file:///home/usuario/Escritorio/cofer_tfg/snp_tag_problem/snp_tag/results/full/hinds2005/greedy_hybrid-greedy_ting-random_dense-random_sparse/20260430T183144/2_comparativa/1_frentes/coordenadas_paralelas/coordenadas_paralelas_NSGA2_random_dense_full.png\ [36mcoordenadas_paralelas_NSGA2_random_dense_full.png[0m]8;;\
      🖼️  Coordenadas paralelas NSGA2 (random_sparse): ]8;;file:///home/usuario/Escritorio/cofer_tfg/snp_tag_problem/snp_tag/results/full/hinds2005/greedy_hybrid-greedy_ting-random_dense-random_sparse/20260430T183144/2_comparativa/1_frentes/coordenadas_paralelas/coordenadas_paralelas_NSGA2_random_sparse_full.png\ [36mcoordenadas_paralelas_NSGA2_random_sparse_full.png[0m]8;;\
      🖼️  Coordenadas paralelas NSGA3 (greedy_hybrid): ]8;;file:///home/usuario/Escritorio/cofer_tfg/snp_tag_problem/snp_tag/results/full/hinds2005/greedy_hybrid-greedy_ting-random_dense-random_sparse/20260430T183144/2_comparativa/1_frentes/coordenadas_paralelas/coordenadas_paralelas_NSGA3_greedy_hybrid_full.png\ [36mcoordenadas_paralelas_NSGA3_greedy_hybrid_full.png[0m]8;;\
      🖼️  Coordenadas paralelas NSGA3 (greedy_ting): ]8;;file:///home/usuario/Escritorio/cofer_tfg/snp_tag_problem/snp_tag/results/full/hinds2005/greedy_hybrid-greedy_ting-random_dense-random_sparse/20260430T183144/2_comparativa/1_frentes/coordenadas_paralelas/coordenadas_paralelas_NSGA3_greedy_ting_full.png\ [36mcoordenadas_paralelas_NSGA3_greedy_ting_full.png[0m]8;;\
      🖼️  Coordenadas paralelas NSGA3 (random_dense): ]8;;file:///home/usuario/Escritorio/cofer_tfg/snp_tag_problem/snp_tag/results/full/hinds2005/greedy_hybrid-greedy_ting-random_dense-random_sparse/20260430T183144/2_comparativa/1_frentes/coordenadas_paralelas/coordenadas_paralelas_NSGA3_random_dense_full.png\ [36mcoordenadas_paralelas_NSGA3_random_dense_full.png[0m]8;;\
      🖼️  Coordenadas paralelas NSGA3 (random_sparse): ]8;;file:///home/usuario/Escritorio/cofer_tfg/snp_tag_problem/snp_tag/results/full/hinds2005/greedy_hybrid-greedy_ting-random_dense-random_sparse/20260430T183144/2_comparativa/1_frentes/coordenadas_paralelas/coordenadas_paralelas_NSGA3_random_sparse_full.png\ [36mcoordenadas_paralelas_NSGA3_random_sparse_full.png[0m]8;;\
      🖼️  Coordenadas paralelas SPEA2 (greedy_hybrid): ]8;;file:///home/usuario/Escritorio/cofer_tfg/snp_tag_problem/snp_tag/results/full/hinds2005/greedy_hybrid-greedy_ting-random_dense-random_sparse/20260430T183144/2_comparativa/1_frentes/coordenadas_paralelas/coordenadas_paralelas_SPEA2_greedy_hybrid_full.png\ [36mcoordenadas_paralelas_SPEA2_greedy_hybrid_full.png[0m]8;;\
      🖼️  Coordenadas paralelas SPEA2 (greedy_ting): ]8;;file:///home/usuario/Escritorio/cofer_tfg/snp_tag_problem/snp_tag/results/full/hinds2005/greedy_hybrid-greedy_ting-random_dense-random_sparse/20260430T183144/2_comparativa/1_frentes/coordenadas_paralelas/coordenadas_paralelas_SPEA2_greedy_ting_full.png\ [36mcoordenadas_paralelas_SPEA2_greedy_ting_full.png[0m]8;;\
      🖼️  Coordenadas paralelas SPEA2 (random_dense): ]8;;file:///home/usuario/Escritorio/cofer_tfg/snp_tag_problem/snp_tag/results/full/hinds2005/greedy_hybrid-greedy_ting-random_dense-random_sparse/20260430T183144/2_comparativa/1_frentes/coordenadas_paralelas/coordenadas_paralelas_SPEA2_random_dense_full.png\ [36mcoordenadas_paralelas_SPEA2_random_dense_full.png[0m]8;;\
      🖼️  Coordenadas paralelas SPEA2 (random_sparse): ]8;;file:///home/usuario/Escritorio/cofer_tfg/snp_tag_problem/snp_tag/results/full/hinds2005/greedy_hybrid-greedy_ting-random_dense-random_sparse/20260430T183144/2_comparativa/1_frentes/coordenadas_paralelas/coordenadas_paralelas_SPEA2_random_sparse_full.png\ [36mcoordenadas_paralelas_SPEA2_random_sparse_full.png[0m]8;;\

  🎯  [1mFrentes de Pareto[0m
  ───────────────────────
      🖼️  Frente Pareto NSGA3 (greedy_hybrid): ]8;;file:///home/usuario/Escritorio/cofer_tfg/snp_tag_problem/snp_tag/results/full/hinds2005/greedy_hybrid-greedy_ting-random_dense-random_sparse/20260430T183144/2_comparativa/1_frentes/frentes_pareto/frentes_pareto_nsga3_greedy_hybrid_full.png\ [36mfrentes_pareto_nsga3_greedy_hybrid_full.png[0m]8;;\
      🖼️  Frente Pareto NSGA3 (greedy_ting): ]8;;file:///home/usuario/Escritorio/cofer_tfg/snp_tag_problem/snp_tag/results/full/hinds2005/greedy_hybrid-greedy_ting-random_dense-random_sparse/20260430T183144/2_comparativa/1_frentes/frentes_pareto/frentes_pareto_nsga3_greedy_ting_full.png\ [36mfrentes_pareto_nsga3_greedy_ting_full.png[0m]8;;\
      🖼️  Frente Pareto NSGA3 (random_dense): ]8;;file:///home/usuario/Escritorio/cofer_tfg/snp_tag_problem/snp_tag/results/full/hinds2005/greedy_hybrid-greedy_ting-random_dense-random_sparse/20260430T183144/2_comparativa/1_frentes/frentes_pareto/frentes_pareto_nsga3_random_dense_full.png\ [36mfrentes_pareto_nsga3_random_dense_full.png[0m]8;;\
      🖼️  Frente Pareto NSGA3 (random_sparse): ]8;;file:///home/usuario/Escritorio/cofer_tfg/snp_tag_problem/snp_tag/results/full/hinds2005/greedy_hybrid-greedy_ting-random_dense-random_sparse/20260430T183144/2_comparativa/1_frentes/frentes_pareto/frentes_pareto_nsga3_random_sparse_full.png\ [36mfrentes_pareto_nsga3_random_sparse_full.png[0m]8;;\
      🖼️  Frente Agregado: Frentes de Pareto Agregados: NSGA3: ]8;;file:///home/usuario/Escritorio/cofer_tfg/snp_tag_problem/snp_tag/results/full/hinds2005/greedy_hybrid-greedy_ting-random_dense-random_sparse/20260430T183144/2_comparativa/1_frentes/frentes_pareto/frentes_pareto_agregados_nsga3_full.png\ [36mfrentes_pareto_agregados_nsga3_full.png[0m]8;;\
      🖼️  Frente Pareto MOEAD_TCHE (greedy_hybrid): ]8;;file:///home/usuario/Escritorio/cofer_tfg/snp_tag_problem/snp_tag/results/full/hinds2005/greedy_hybrid-greedy_ting-random_dense-random_sparse/20260430T183144/2_comparativa/1_frentes/frentes_pareto/frentes_pareto_moead_tche_greedy_hybrid_full.png\ [36mfrentes_pareto_moead_tche_greedy_hybrid_full.png[0m]8;;\
      🖼️  Frente Pareto MOEAD_TCHE (greedy_ting): ]8;;file:///home/usuario/Escritorio/cofer_tfg/snp_tag_problem/snp_tag/results/full/hinds2005/greedy_hybrid-greedy_ting-random_dense-random_sparse/20260430T183144/2_comparativa/1_frentes/frentes_pareto/frentes_pareto_moead_tche_greedy_ting_full.png\ [36mfrentes_pareto_moead_tche_greedy_ting_full.png[0m]8;;\
      🖼️  Frente Pareto MOEAD_TCHE (random_dense): ]8;;file:///home/usuario/Escritorio/cofer_tfg/snp_tag_problem/snp_tag/results/full/hinds2005/greedy_hybrid-greedy_ting-random_dense-random_sparse/20260430T183144/2_comparativa/1_frentes/frentes_pareto/frentes_pareto_moead_tche_random_dense_full.png\ [36mfrentes_pareto_moead_tche_random_dense_full.png[0m]8;;\
      🖼️  Frente Pareto MOEAD_TCHE (random_sparse): ]8;;file:///home/usuario/Escritorio/cofer_tfg/snp_tag_problem/snp_tag/results/full/hinds2005/greedy_hybrid-greedy_ting-random_dense-random_sparse/20260430T183144/2_comparativa/1_frentes/frentes_pareto/frentes_pareto_moead_tche_random_sparse_full.png\ [36mfrentes_pareto_moead_tche_random_sparse_full.png[0m]8;;\
      🖼️  Frente Agregado: Frentes de Pareto Agregados: MOEAD_TCHE: ]8;;file:///home/usuario/Escritorio/cofer_tfg/snp_tag_problem/snp_tag/results/full/hinds2005/greedy_hybrid-greedy_ting-random_dense-random_sparse/20260430T183144/2_comparativa/1_frentes/frentes_pareto/frentes_pareto_agregados_moead_tche_full.png\ [36mfrentes_pareto_agregados_moead_tche_full.png[0m]8;;\
      🖼️  Frente Pareto MOEAD_PBI (greedy_hybrid): ]8;;file:///home/usuario/Escritorio/cofer_tfg/snp_tag_problem/snp_tag/results/full/hinds2005/greedy_hybrid-greedy_ting-random_dense-random_sparse/20260430T183144/2_comparativa/1_frentes/frentes_pareto/frentes_pareto_moead_pbi_greedy_hybrid_full.png\ [36mfrentes_pareto_moead_pbi_greedy_hybrid_full.png[0m]8;;\
      🖼️  Frente Pareto MOEAD_PBI (greedy_ting): ]8;;file:///home/usuario/Escritorio/cofer_tfg/snp_tag_problem/snp_tag/results/full/hinds2005/greedy_hybrid-greedy_ting-random_dense-random_sparse/20260430T183144/2_comparativa/1_frentes/frentes_pareto/frentes_pareto_moead_pbi_greedy_ting_full.png\ [36mfrentes_pareto_moead_pbi_greedy_ting_full.png[0m]8;;\
      🖼️  Frente Pareto MOEAD_PBI (random_dense): ]8;;file:///home/usuario/Escritorio/cofer_tfg/snp_tag_problem/snp_tag/results/full/hinds2005/greedy_hybrid-greedy_ting-random_dense-random_sparse/20260430T183144/2_comparativa/1_frentes/frentes_pareto/frentes_pareto_moead_pbi_random_dense_full.png\ [36mfrentes_pareto_moead_pbi_random_dense_full.png[0m]8;;\
      🖼️  Frente Pareto MOEAD_PBI (random_sparse): ]8;;file:///home/usuario/Escritorio/cofer_tfg/snp_tag_problem/snp_tag/results/full/hinds2005/greedy_hybrid-greedy_ting-random_dense-random_sparse/20260430T183144/2_comparativa/1_frentes/frentes_pareto/frentes_pareto_moead_pbi_random_sparse_full.png\ [36mfrentes_pareto_moead_pbi_random_sparse_full.png[0m]8;;\
      🖼️  Frente Agregado: Frentes de Pareto Agregados: MOEAD_PBI: ]8;;file:///home/usuario/Escritorio/cofer_tfg/snp_tag_problem/snp_tag/results/full/hinds2005/greedy_hybrid-greedy_ting-random_dense-random_sparse/20260430T183144/2_comparativa/1_frentes/frentes_pareto/frentes_pareto_agregados_moead_pbi_full.png\ [36mfrentes_pareto_agregados_moead_pbi_full.png[0m]8;;\
      🖼️  Frente Pareto MOEAD_WS (greedy_hybrid): ]8;;file:///home/usuario/Escritorio/cofer_tfg/snp_tag_problem/snp_tag/results/full/hinds2005/greedy_hybrid-greedy_ting-random_dense-random_sparse/20260430T183144/2_comparativa/1_frentes/frentes_pareto/frentes_pareto_moead_ws_greedy_hybrid_full.png\ [36mfrentes_pareto_moead_ws_greedy_hybrid_full.png[0m]8;;\
      🖼️  Frente Pareto MOEAD_WS (greedy_ting): ]8;;file:///home/usuario/Escritorio/cofer_tfg/snp_tag_problem/snp_tag/results/full/hinds2005/greedy_hybrid-greedy_ting-random_dense-random_sparse/20260430T183144/2_comparativa/1_frentes/frentes_pareto/frentes_pareto_moead_ws_greedy_ting_full.png\ [36mfrentes_pareto_moead_ws_greedy_ting_full.png[0m]8;;\
      🖼️  Frente Pareto MOEAD_WS (random_dense): ]8;;file:///home/usuario/Escritorio/cofer_tfg/snp_tag_problem/snp_tag/results/full/hinds2005/greedy_hybrid-greedy_ting-random_dense-random_sparse/20260430T183144/2_comparativa/1_frentes/frentes_pareto/frentes_pareto_moead_ws_random_dense_full.png\ [36mfrentes_pareto_moead_ws_random_dense_full.png[0m]8;;\
      🖼️  Frente Pareto MOEAD_WS (random_sparse): ]8;;file:///home/usuario/Escritorio/cofer_tfg/snp_tag_problem/snp_tag/results/full/hinds2005/greedy_hybrid-greedy_ting-random_dense-random_sparse/20260430T183144/2_comparativa/1_frentes/frentes_pareto/frentes_pareto_moead_ws_random_sparse_full.png\ [36mfrentes_pareto_moead_ws_random_sparse_full.png[0m]8;;\
      🖼️  Frente Agregado: Frentes de Pareto Agregados: MOEAD_WS: ]8;;file:///home/usuario/Escritorio/cofer_tfg/snp_tag_problem/snp_tag/results/full/hinds2005/greedy_hybrid-greedy_ting-random_dense-random_sparse/20260430T183144/2_comparativa/1_frentes/frentes_pareto/frentes_pareto_agregados_moead_ws_full.png\ [36mfrentes_pareto_agregados_moead_ws_full.png[0m]8;;\
      🖼️  Frente Pareto NSGA2 (greedy_hybrid): ]8;;file:///home/usuario/Escritorio/cofer_tfg/snp_tag_problem/snp_tag/results/full/hinds2005/greedy_hybrid-greedy_ting-random_dense-random_sparse/20260430T183144/2_comparativa/1_frentes/frentes_pareto/frentes_pareto_nsga2_greedy_hybrid_full.png\ [36mfrentes_pareto_nsga2_greedy_hybrid_full.png[0m]8;;\
      🖼️  Frente Pareto NSGA2 (greedy_ting): ]8;;file:///home/usuario/Escritorio/cofer_tfg/snp_tag_problem/snp_tag/results/full/hinds2005/greedy_hybrid-greedy_ting-random_dense-random_sparse/20260430T183144/2_comparativa/1_frentes/frentes_pareto/frentes_pareto_nsga2_greedy_ting_full.png\ [36mfrentes_pareto_nsga2_greedy_ting_full.png[0m]8;;\
      🖼️  Frente Pareto NSGA2 (random_dense): ]8;;file:///home/usuario/Escritorio/cofer_tfg/snp_tag_problem/snp_tag/results/full/hinds2005/greedy_hybrid-greedy_ting-random_dense-random_sparse/20260430T183144/2_comparativa/1_frentes/frentes_pareto/frentes_pareto_nsga2_random_dense_full.png\ [36mfrentes_pareto_nsga2_random_dense_full.png[0m]8;;\
      🖼️  Frente Pareto NSGA2 (random_sparse): ]8;;file:///home/usuario/Escritorio/cofer_tfg/snp_tag_problem/snp_tag/results/full/hinds2005/greedy_hybrid-greedy_ting-random_dense-random_sparse/20260430T183144/2_comparativa/1_frentes/frentes_pareto/frentes_pareto_nsga2_random_sparse_full.png\ [36mfrentes_pareto_nsga2_random_sparse_full.png[0m]8;;\
      🖼️  Frente Agregado: Frentes de Pareto Agregados: NSGA2: ]8;;file:///home/usuario/Escritorio/cofer_tfg/snp_tag_problem/snp_tag/results/full/hinds2005/greedy_hybrid-greedy_ting-random_dense-random_sparse/20260430T183144/2_comparativa/1_frentes/frentes_pareto/frentes_pareto_agregados_nsga2_full.png\ [36mfrentes_pareto_agregados_nsga2_full.png[0m]8;;\
      🖼️  Frente Pareto SPEA2 (greedy_hybrid): ]8;;file:///home/usuario/Escritorio/cofer_tfg/snp_tag_problem/snp_tag/results/full/hinds2005/greedy_hybrid-greedy_ting-random_dense-random_sparse/20260430T183144/2_comparativa/1_frentes/frentes_pareto/frentes_pareto_spea2_greedy_hybrid_full.png\ [36mfrentes_pareto_spea2_greedy_hybrid_full.png[0m]8;;\
      🖼️  Frente Pareto SPEA2 (greedy_ting): ]8;;file:///home/usuario/Escritorio/cofer_tfg/snp_tag_problem/snp_tag/results/full/hinds2005/greedy_hybrid-greedy_ting-random_dense-random_sparse/20260430T183144/2_comparativa/1_frentes/frentes_pareto/frentes_pareto_spea2_greedy_ting_full.png\ [36mfrentes_pareto_spea2_greedy_ting_full.png[0m]8;;\
      🖼️  Frente Pareto SPEA2 (random_dense): ]8;;file:///home/usuario/Escritorio/cofer_tfg/snp_tag_problem/snp_tag/results/full/hinds2005/greedy_hybrid-greedy_ting-random_dense-random_sparse/20260430T183144/2_comparativa/1_frentes/frentes_pareto/frentes_pareto_spea2_random_dense_full.png\ [36mfrentes_pareto_spea2_random_dense_full.png[0m]8;;\
      🖼️  Frente Pareto SPEA2 (random_sparse): ]8;;file:///home/usuario/Escritorio/cofer_tfg/snp_tag_problem/snp_tag/results/full/hinds2005/greedy_hybrid-greedy_ting-random_dense-random_sparse/20260430T183144/2_comparativa/1_frentes/frentes_pareto/frentes_pareto_spea2_random_sparse_full.png\ [36mfrentes_pareto_spea2_random_sparse_full.png[0m]8;;\
      🖼️  Frente Agregado: Frentes de Pareto Agregados: SPEA2: ]8;;file:///home/usuario/Escritorio/cofer_tfg/snp_tag_problem/snp_tag/results/full/hinds2005/greedy_hybrid-greedy_ting-random_dense-random_sparse/20260430T183144/2_comparativa/1_frentes/frentes_pareto/frentes_pareto_agregados_spea2_full.png\ [36mfrentes_pareto_agregados_spea2_full.png[0m]8;;\
      🖼️  Frente Agregado: Comparativa Global de Frentes de Pareto: ]8;;file:///home/usuario/Escritorio/cofer_tfg/snp_tag_problem/snp_tag/results/full/hinds2005/greedy_hybrid-greedy_ting-random_dense-random_sparse/20260430T183144/2_comparativa/1_frentes/frentes_pareto/frentes_pareto_global_full.png\ [36mfrentes_pareto_global_full.png[0m]8;;\
      • Tiempo bloque 'Frentes de Pareto': 23.4s

  🔄  [1mAnálisis de Convergencia Progresiva[0m
  ─────────────────────────────────────────
      🖼️  Convergencia por métrica (AvgHammingDistance) con subplots por algoritmo: ]8;;file:///home/usuario/Escritorio/cofer_tfg/snp_tag_problem/snp_tag/results/full/hinds2005/greedy_hybrid-greedy_ting-random_dense-random_sparse/20260430T183144/2_comparativa/2_metricas_convergencia/convergencia_avghammingdistance_full.png\ [36mconvergencia_avghammingdistance_full.png[0m]8;;\
      🖼️  Convergencia por métrica (AvgToleranceRate) con subplots por algoritmo: ]8;;file:///home/usuario/Escritorio/cofer_tfg/snp_tag_problem/snp_tag/results/full/hinds2005/greedy_hybrid-greedy_ting-random_dense-random_sparse/20260430T183144/2_comparativa/2_metricas_convergencia/convergencia_avgtolerancerate_full.png\ [36mconvergencia_avgtolerancerate_full.png[0m]8;;\
      🖼️  Convergencia por métrica (Hypervolume) con subplots por algoritmo: ]8;;file:///home/usuario/Escritorio/cofer_tfg/snp_tag_problem/snp_tag/results/full/hinds2005/greedy_hybrid-greedy_ting-random_dense-random_sparse/20260430T183144/2_comparativa/2_metricas_convergencia/convergencia_hypervolume_full.png\ [36mconvergencia_hypervolume_full.png[0m]8;;\
      🖼️  Convergencia por métrica (MaxToleranceRate) con subplots por algoritmo: ]8;;file:///home/usuario/Escritorio/cofer_tfg/snp_tag_problem/snp_tag/results/full/hinds2005/greedy_hybrid-greedy_ting-random_dense-random_sparse/20260430T183144/2_comparativa/2_metricas_convergencia/convergencia_maxtolerancerate_full.png\ [36mconvergencia_maxtolerancerate_full.png[0m]8;;\
      🖼️  Convergencia por métrica (MinSum) con subplots por algoritmo: ]8;;file:///home/usuario/Escritorio/cofer_tfg/snp_tag_problem/snp_tag/results/full/hinds2005/greedy_hybrid-greedy_ting-random_dense-random_sparse/20260430T183144/2_comparativa/2_metricas_convergencia/convergencia_minsum_full.png\ [36mconvergencia_minsum_full.png[0m]8;;\
      🖼️  Convergencia por métrica (Range) con subplots por algoritmo: ]8;;file:///home/usuario/Escritorio/cofer_tfg/snp_tag_problem/snp_tag/results/full/hinds2005/greedy_hybrid-greedy_ting-random_dense-random_sparse/20260430T183144/2_comparativa/2_metricas_convergencia/convergencia_range_full.png\ [36mconvergencia_range_full.png[0m]8;;\
      🖼️  Convergencia por métrica (SumMin) con subplots por algoritmo: ]8;;file:///home/usuario/Escritorio/cofer_tfg/snp_tag_problem/snp_tag/results/full/hinds2005/greedy_hybrid-greedy_ting-random_dense-random_sparse/20260430T183144/2_comparativa/2_metricas_convergencia/convergencia_summin_full.png\ [36mconvergencia_summin_full.png[0m]8;;\

  📊  [1mSíntesis Estadística Comparativa[0m
  ──────────────────────────────────────

  📦  [1mResumen Global (Boxplots)[0m
  ───────────────────────────────
      🖼️  Panel de Boxplots comparativos: ]8;;file:///home/usuario/Escritorio/cofer_tfg/snp_tag_problem/snp_tag/results/full/hinds2005/greedy_hybrid-greedy_ting-random_dense-random_sparse/20260430T183144/2_comparativa/3_sintesis/0_boxplots/boxplots_metricas_finales_full.png\ [36mboxplots_metricas_finales_full.png[0m]8;;\
      🖼️  Distribución Range (Boxplot): ]8;;file:///home/usuario/Escritorio/cofer_tfg/snp_tag_problem/snp_tag/results/full/hinds2005/greedy_hybrid-greedy_ting-random_dense-random_sparse/20260430T183144/2_comparativa/3_sintesis/0_boxplots/boxplot_metricas_Range_full.png\ [36mboxplot_metricas_Range_full.png[0m]8;;\
      🖼️  Distribución SumMin (Boxplot): ]8;;file:///home/usuario/Escritorio/cofer_tfg/snp_tag_problem/snp_tag/results/full/hinds2005/greedy_hybrid-greedy_ting-random_dense-random_sparse/20260430T183144/2_comparativa/3_sintesis/0_boxplots/boxplot_metricas_SumMin_full.png\ [36mboxplot_metricas_SumMin_full.png[0m]8;;\
      🖼️  Distribución MinSum (Boxplot): ]8;;file:///home/usuario/Escritorio/cofer_tfg/snp_tag_problem/snp_tag/results/full/hinds2005/greedy_hybrid-greedy_ting-random_dense-random_sparse/20260430T183144/2_comparativa/3_sintesis/0_boxplots/boxplot_metricas_MinSum_full.png\ [36mboxplot_metricas_MinSum_full.png[0m]8;;\
      🖼️  Distribución MaxToleranceRate (Boxplot): ]8;;file:///home/usuario/Escritorio/cofer_tfg/snp_tag_problem/snp_tag/results/full/hinds2005/greedy_hybrid-greedy_ting-random_dense-random_sparse/20260430T183144/2_comparativa/3_sintesis/0_boxplots/boxplot_metricas_MaxToleranceRate_full.png\ [36mboxplot_metricas_MaxToleranceRate_full.png[0m]8;;\
      🖼️  Distribución AvgToleranceRate (Boxplot): ]8;;file:///home/usuario/Escritorio/cofer_tfg/snp_tag_problem/snp_tag/results/full/hinds2005/greedy_hybrid-greedy_ting-random_dense-random_sparse/20260430T183144/2_comparativa/3_sintesis/0_boxplots/boxplot_metricas_AvgToleranceRate_full.png\ [36mboxplot_metricas_AvgToleranceRate_full.png[0m]8;;\
      🖼️  Distribución AvgHammingDistance (Boxplot): ]8;;file:///home/usuario/Escritorio/cofer_tfg/snp_tag_problem/snp_tag/results/full/hinds2005/greedy_hybrid-greedy_ting-random_dense-random_sparse/20260430T183144/2_comparativa/3_sintesis/0_boxplots/boxplot_metricas_AvgHammingDistance_full.png\ [36mboxplot_metricas_AvgHammingDistance_full.png[0m]8;;\
      🖼️  Distribución Hypervolume (Boxplot): ]8;;file:///home/usuario/Escritorio/cofer_tfg/snp_tag_problem/snp_tag/results/full/hinds2005/greedy_hybrid-greedy_ting-random_dense-random_sparse/20260430T183144/2_comparativa/3_sintesis/0_boxplots/boxplot_metricas_Hypervolume_full.png\ [36mboxplot_metricas_Hypervolume_full.png[0m]8;;\

  🎻  [1mDistribuciones Detalladas (Violin Plots)[0m
  ──────────────────────────────────────────────
      🖼️  Panel de Distribución Violin: ]8;;file:///home/usuario/Escritorio/cofer_tfg/snp_tag_problem/snp_tag/results/full/hinds2005/greedy_hybrid-greedy_ting-random_dense-random_sparse/20260430T183144/2_comparativa/3_sintesis/1_violines/violin_panel_metricas_finales_full.png\ [36mviolin_panel_metricas_finales_full.png[0m]8;;\
      🖼️  Distribución Range (Violin): ]8;;file:///home/usuario/Escritorio/cofer_tfg/snp_tag_problem/snp_tag/results/full/hinds2005/greedy_hybrid-greedy_ting-random_dense-random_sparse/20260430T183144/2_comparativa/3_sintesis/1_violines/violin_metricas_Range_full.png\ [36mviolin_metricas_Range_full.png[0m]8;;\
      🖼️  Distribución SumMin (Violin): ]8;;file:///home/usuario/Escritorio/cofer_tfg/snp_tag_problem/snp_tag/results/full/hinds2005/greedy_hybrid-greedy_ting-random_dense-random_sparse/20260430T183144/2_comparativa/3_sintesis/1_violines/violin_metricas_SumMin_full.png\ [36mviolin_metricas_SumMin_full.png[0m]8;;\
      🖼️  Distribución MinSum (Violin): ]8;;file:///home/usuario/Escritorio/cofer_tfg/snp_tag_problem/snp_tag/results/full/hinds2005/greedy_hybrid-greedy_ting-random_dense-random_sparse/20260430T183144/2_comparativa/3_sintesis/1_violines/violin_metricas_MinSum_full.png\ [36mviolin_metricas_MinSum_full.png[0m]8;;\
      🖼️  Distribución MaxToleranceRate (Violin): ]8;;file:///home/usuario/Escritorio/cofer_tfg/snp_tag_problem/snp_tag/results/full/hinds2005/greedy_hybrid-greedy_ting-random_dense-random_sparse/20260430T183144/2_comparativa/3_sintesis/1_violines/violin_metricas_MaxToleranceRate_full.png\ [36mviolin_metricas_MaxToleranceRate_full.png[0m]8;;\
      🖼️  Distribución AvgToleranceRate (Violin): ]8;;file:///home/usuario/Escritorio/cofer_tfg/snp_tag_problem/snp_tag/results/full/hinds2005/greedy_hybrid-greedy_ting-random_dense-random_sparse/20260430T183144/2_comparativa/3_sintesis/1_violines/violin_metricas_AvgToleranceRate_full.png\ [36mviolin_metricas_AvgToleranceRate_full.png[0m]8;;\
      🖼️  Distribución AvgHammingDistance (Violin): ]8;;file:///home/usuario/Escritorio/cofer_tfg/snp_tag_problem/snp_tag/results/full/hinds2005/greedy_hybrid-greedy_ting-random_dense-random_sparse/20260430T183144/2_comparativa/3_sintesis/1_violines/violin_metricas_AvgHammingDistance_full.png\ [36mviolin_metricas_AvgHammingDistance_full.png[0m]8;;\
      🖼️  Distribución Hypervolume (Violin): ]8;;file:///home/usuario/Escritorio/cofer_tfg/snp_tag_problem/snp_tag/results/full/hinds2005/greedy_hybrid-greedy_ting-random_dense-random_sparse/20260430T183144/2_comparativa/3_sintesis/1_violines/violin_metricas_Hypervolume_full.png\ [36mviolin_metricas_Hypervolume_full.png[0m]8;;\

  📉  [1mAnálisis de Tendencia Central (Media ± Std)[0m
  ─────────────────────────────────────────────────
      🖼️  Panel de Tendencia Central (Media ± Std): ]8;;file:///home/usuario/Escritorio/cofer_tfg/snp_tag_problem/snp_tag/results/full/hinds2005/greedy_hybrid-greedy_ting-random_dense-random_sparse/20260430T183144/2_comparativa/3_sintesis/2_barras/media_std_panel_metricas_finales_full.png\ [36mmedia_std_panel_metricas_finales_full.png[0m]8;;\
      🖼️  Media ± std Range: ]8;;file:///home/usuario/Escritorio/cofer_tfg/snp_tag_problem/snp_tag/results/full/hinds2005/greedy_hybrid-greedy_ting-random_dense-random_sparse/20260430T183144/2_comparativa/3_sintesis/2_barras/media_std_metricas_Range_full.png\ [36mmedia_std_metricas_Range_full.png[0m]8;;\
      🖼️  Media ± std SumMin: ]8;;file:///home/usuario/Escritorio/cofer_tfg/snp_tag_problem/snp_tag/results/full/hinds2005/greedy_hybrid-greedy_ting-random_dense-random_sparse/20260430T183144/2_comparativa/3_sintesis/2_barras/media_std_metricas_SumMin_full.png\ [36mmedia_std_metricas_SumMin_full.png[0m]8;;\
      🖼️  Media ± std MinSum: ]8;;file:///home/usuario/Escritorio/cofer_tfg/snp_tag_problem/snp_tag/results/full/hinds2005/greedy_hybrid-greedy_ting-random_dense-random_sparse/20260430T183144/2_comparativa/3_sintesis/2_barras/media_std_metricas_MinSum_full.png\ [36mmedia_std_metricas_MinSum_full.png[0m]8;;\
      🖼️  Media ± std MaxToleranceRate: ]8;;file:///home/usuario/Escritorio/cofer_tfg/snp_tag_problem/snp_tag/results/full/hinds2005/greedy_hybrid-greedy_ting-random_dense-random_sparse/20260430T183144/2_comparativa/3_sintesis/2_barras/media_std_metricas_MaxToleranceRate_full.png\ [36mmedia_std_metricas_MaxToleranceRate_full.png[0m]8;;\
      🖼️  Media ± std AvgToleranceRate: ]8;;file:///home/usuario/Escritorio/cofer_tfg/snp_tag_problem/snp_tag/results/full/hinds2005/greedy_hybrid-greedy_ting-random_dense-random_sparse/20260430T183144/2_comparativa/3_sintesis/2_barras/media_std_metricas_AvgToleranceRate_full.png\ [36mmedia_std_metricas_AvgToleranceRate_full.png[0m]8;;\
      🖼️  Media ± std AvgHammingDistance: ]8;;file:///home/usuario/Escritorio/cofer_tfg/snp_tag_problem/snp_tag/results/full/hinds2005/greedy_hybrid-greedy_ting-random_dense-random_sparse/20260430T183144/2_comparativa/3_sintesis/2_barras/media_std_metricas_AvgHammingDistance_full.png\ [36mmedia_std_metricas_AvgHammingDistance_full.png[0m]8;;\
      🖼️  Media ± std Hypervolume: ]8;;file:///home/usuario/Escritorio/cofer_tfg/snp_tag_problem/snp_tag/results/full/hinds2005/greedy_hybrid-greedy_ting-random_dense-random_sparse/20260430T183144/2_comparativa/3_sintesis/2_barras/media_std_metricas_Hypervolume_full.png\ [36mmedia_std_metricas_Hypervolume_full.png[0m]8;;\

  🏆  [1mTop 10 por Métrica[0m
  ────────────────────────
    • [1mRange[0m (↑)
         1. NSGA2 (greedy_ting): 2.2075 ± 0.0961
         2. NSGA2 (greedy_hybrid): 2.0661 ± 0.0632
         3. SPEA2 (greedy_ting): 1.8136 ± 0.0559
         4. SPEA2 (greedy_hybrid): 1.7874 ± 0.0344
         5. NSGA2 (random_sparse): 1.7767 ± 0.0474
         6. SPEA2 (random_sparse): 1.6623 ± 0.1173
         7. MOEAD_TCHE (greedy_hybrid): 1.5798 ± 0.1056
         8. MOEAD_WS (greedy_hybrid): 1.5506 ± 0.1351
         9. NSGA3 (greedy_ting): 1.5457 ± 0.0929
        10. NSGA3 (greedy_hybrid): 1.4686 ± 0.0787
    • [1mSumMin[0m (↓)
         1. NSGA2 (greedy_ting): 0.1251 ± 0.0007
         2. NSGA2 (greedy_hybrid): 0.1272 ± 0.0015
         3. MOEAD_WS (greedy_hybrid): 0.1398 ± 0.0059
         4. MOEAD_TCHE (greedy_hybrid): 0.1428 ± 0.0042
         5. SPEA2 (greedy_hybrid): 0.1461 ± 0.0094
         6. SPEA2 (greedy_ting): 0.1490 ± 0.0108
         7. MOEAD_WS (greedy_ting): 0.1498 ± 0.0132
         8. NSGA2 (random_sparse): 0.1528 ± 0.0023
         9. MOEAD_TCHE (greedy_ting): 0.1574 ± 0.0219
        10. NSGA3 (greedy_ting): 0.1580 ± 0.0087
    • [1mMinSum[0m (↓)
         1. MOEAD_WS (greedy_hybrid): 0.2718 ± 0.0023
         2. MOEAD_WS (greedy_ting): 0.2726 ± 0.0047
         3. MOEAD_TCHE (greedy_hybrid): 0.2804 ± 0.0047
         4. MOEAD_TCHE (greedy_ting): 0.2875 ± 0.0126
         5. MOEAD_TCHE (random_sparse): 0.2901 ± 0.0063
         6. MOEAD_WS (random_sparse): 0.2922 ± 0.0053
         7. NSGA3 (greedy_hybrid): 0.2928 ± 0.0041
         8. NSGA3 (greedy_ting): 0.2947 ± 0.0034
         9. NSGA3 (random_sparse): 0.2972 ± 0.0108
        10. MOEAD_PBI (random_sparse): 0.3138 ± 0.0135
    • [1mMaxToleranceRate[0m (↑)
         1. MOEAD_WS (greedy_ting): 0.2919 ± 0.0030
         2. MOEAD_WS (greedy_hybrid): 0.2825 ± 0.0031
         3. MOEAD_TCHE (greedy_ting): 0.2738 ± 0.0068
         4. NSGA3 (random_dense): 0.2697 ± 0.0032
         5. MOEAD_TCHE (greedy_hybrid): 0.2649 ± 0.0040
         6. MOEAD_TCHE (random_sparse): 0.2580 ± 0.0069
         7. MOEAD_WS (random_sparse): 0.2542 ± 0.0058
         8. NSGA2 (random_dense): 0.2523 ± 0.0069
         9. SPEA2 (random_dense): 0.2430 ± 0.0077
        10. MOEAD_PBI (random_sparse): 0.2291 ± 0.0124
    • [1mAvgToleranceRate[0m (↑)
         1. NSGA3 (random_dense): 0.2389 ± 0.0043
         2. MOEAD_WS (greedy_ting): 0.2245 ± 0.0075
         3. NSGA2 (random_dense): 0.2124 ± 0.0061
         4. MOEAD_WS (greedy_hybrid): 0.2122 ± 0.0031
         5. MOEAD_WS (random_sparse): 0.2095 ± 0.0080
         6. MOEAD_PBI (random_sparse): 0.2093 ± 0.0125
         7. MOEAD_WS (random_dense): 0.2051 ± 0.0081
         8. MOEAD_TCHE (greedy_ting): 0.2015 ± 0.0068
         9. MOEAD_TCHE (random_sparse): 0.2012 ± 0.0024
        10. MOEAD_TCHE (random_dense): 0.1993 ± 0.0070
    • [1mAvgHammingDistance[0m (↑)
         1. MOEAD_WS (greedy_hybrid): 0.4631 ± 0.0022
         2. MOEAD_WS (greedy_ting): 0.4551 ± 0.0066
         3. MOEAD_TCHE (greedy_hybrid): 0.4500 ± 0.0014
         4. MOEAD_TCHE (random_sparse): 0.4455 ± 0.0082
         5. MOEAD_TCHE (greedy_ting): 0.4405 ± 0.0121
         6. MOEAD_WS (random_sparse): 0.4386 ± 0.0088
         7. MOEAD_PBI (random_sparse): 0.4169 ± 0.0128
         8. MOEAD_PBI (greedy_hybrid): 0.4107 ± 0.0100
         9. NSGA3 (greedy_hybrid): 0.4076 ± 0.0111
        10. NSGA3 (random_sparse): 0.4061 ± 0.0092
    • [1mHypervolume[0m (↑)
         1. MOEAD_WS (greedy_hybrid): 1.2607 ± 0.0047
         2. MOEAD_WS (greedy_ting): 1.2509 ± 0.0111
         3. MOEAD_TCHE (greedy_hybrid): 1.2503 ± 0.0028
         4. NSGA3 (greedy_ting): 1.2414 ± 0.0074
         5. NSGA3 (greedy_hybrid): 1.2412 ± 0.0073
         6. NSGA2 (greedy_hybrid): 1.2401 ± 0.0046
         7. MOEAD_TCHE (greedy_ting): 1.2388 ± 0.0204
         8. NSGA2 (greedy_ting): 1.2377 ± 0.0041
         9. SPEA2 (greedy_hybrid): 1.2227 ± 0.0073
        10. SPEA2 (greedy_ting): 1.2164 ± 0.0081


  📊  [1mResumen Estadístico de Métricas[0m
  ─────────────────────────────────────
      🖼️  Mapa de calor comparativo (Benchmark): ]8;;file:///home/usuario/Escritorio/cofer_tfg/snp_tag_problem/snp_tag/results/full/hinds2005/greedy_hybrid-greedy_ting-random_dense-random_sparse/20260430T183144/2_comparativa/4_rankings/heatmap_comparativa_full.png\ [36mheatmap_comparativa_full.png[0m]8;;\

  📈  [1mAnálisis Estadístico Riguroso (Friedman + Nemenyi)[0m
  ────────────────────────────────────────────────────────

  📊  [1mTEST DE FRIEDMAN (Método (Algoritmo + Inicialización))[0m
  ────────────────────────────────────────────────────────────
      Estadístico: 73.5029
      P-valor: 3.4598e-07
      Significativo (p < 0.05): Sí

      🖼️  Heatmap de Significancia Nemenyi (Método (Algoritmo + Inicialización)): ]8;;file:///home/usuario/Escritorio/cofer_tfg/snp_tag_problem/snp_tag/results/full/hinds2005/greedy_hybrid-greedy_ting-random_dense-random_sparse/20260430T183144/2_comparativa/4_rankings/estadistica/method/heatmap_nemenyi_full.png\ [36mheatmap_nemenyi_full.png[0m]8;;\
      🖼️  Gráfico de Rangos Promedio (Método (Algoritmo + Inicialización)): ]8;;file:///home/usuario/Escritorio/cofer_tfg/snp_tag_problem/snp_tag/results/full/hinds2005/greedy_hybrid-greedy_ting-random_dense-random_sparse/20260430T183144/2_comparativa/4_rankings/estadistica/method/rangos_promedio_full.png\ [36mrangos_promedio_full.png[0m]8;;\

  📊  [1mTEST DE FRIEDMAN (Algoritmo)[0m
  ──────────────────────────────────
      Estadístico: 9.2041
      P-valor: 1.0120e-01
      Significativo (p < 0.05): No

      • ⚠️  Test de Friedman no significativo para Algoritmo. Omitiendo post-hoc.

  📊  [1mTEST DE FRIEDMAN (Inicialización)[0m
  ───────────────────────────────────────
      Estadístico: 12.0857
      P-valor: 7.0952e-03
      Significativo (p < 0.05): Sí

      🖼️  Heatmap de Significancia Nemenyi (Inicialización): ]8;;file:///home/usuario/Escritorio/cofer_tfg/snp_tag_problem/snp_tag/results/full/hinds2005/greedy_hybrid-greedy_ting-random_dense-random_sparse/20260430T183144/2_comparativa/4_rankings/estadistica/init/heatmap_nemenyi_init_full.png\ [36mheatmap_nemenyi_init_full.png[0m]8;;\
      🖼️  Gráfico de Rangos Promedio (Inicialización): ]8;;file:///home/usuario/Escritorio/cofer_tfg/snp_tag_problem/snp_tag/results/full/hinds2005/greedy_hybrid-greedy_ting-random_dense-random_sparse/20260430T183144/2_comparativa/4_rankings/estadistica/init/rangos_promedio_init_full.png\ [36mrangos_promedio_init_full.png[0m]8;;\

========================================
⏱️  TIEMPO TOTAL DE EJECUCIÓN: 0h 19m 27.85s
========================================

