
[93m[1m╔══════════════════════════════════════════════════════════════════════════════╗
[93m[1m║                       CONFIGURACIÓN (user_config.ini)                        ║
[93m[1m╚══════════════════════════════════════════════════════════════════════════════╝[0m
      • [General]
          - dir_salida_base: results
      • [Dataset]
          - n_snps: 1032
          - num_bloques: 8
          - origen_datos: hinds2005
      • [Objetivos]
          - transform: neg
          - eval: absoluta
          - cap_tolerancia: 999999.0
      • [Algoritmos]
          - semilla_maestra: 42
          - modo_semillas: non_deterministic
          - normalizacion: static_dataset_limits
          - pc: 0.7
          - pm: 0.000969
          - cruces: UX, HUX, 1P, 2P
          - algoritmos: MOEAD_TCHE
          - inits: greedy_multi
      • [Parámetros Específicos de Algoritmo]
          - max_cobertura_objetivo: 5
          - moead_vecinos: 15
          - moead_prob_vecindad: 0.9
      • [Sistema]
          - report_plot_dpi: 300
          - paso_generacional_metricas: 10
      • Objetivos de optimización:
          - f1 (Compacidad): Minimizar
          - f2 (Tolerancia): Maximizar
          - f3 (Hamming Medio): Maximizar
          - f4 (Disimilitud): Minimizar

  📊  [1mMetadatos y Dimensiones del Dataset[0m
  ─────────────────────────────────────────
       [92m✅  Hinds 2005 cargado y filtrado: 48 patrones alelicos × 772 SNPs polimórficos (de 1032 originales) desde 'snp_tag/data/datasets/hinds2005_1032.txt'[0m
      • N_SNPS=772 | N_PATRONES=48 | FICHERO=snp_tag/data/datasets/hinds2005_1032.txt

[93m[1m╔══════════════════════════════════════════════════════════════════════════════╗
[93m[1m║                  DIAGNÓSTICO DE DATOS Y DESEQUILIBRIO (LD)                   ║
[93m[1m╚══════════════════════════════════════════════════════════════════════════════╝[0m

  🧬  [1mVisualización de la Estructura de Haplotipos[0m
  ──────────────────────────────────────────────────
      🖼️  Mapa de calor de haplotipos: ]8;;file:///home/cofer/Documents/University/TFG/snp_tag_tfg/snp_tag/results/full_30/hinds2005/greedy_multi/20260602T014901/0_datos_previos/heatmap_haplotipos_full_30.png\ [36mheatmap_haplotipos_full_30.png[0m]8;;\
      🖼️  Estructura LD (13 bloques): ]8;;file:///home/cofer/Documents/University/TFG/snp_tag_tfg/snp_tag/results/full_30/hinds2005/greedy_multi/20260602T014901/0_datos_previos/bloques_ld_haplotipos_full_30.png\ [36mbloques_ld_haplotipos_full_30.png[0m]8;;\

  📈  [1mAnálisis de Variabilidad y Frecuencia Alélica[0m
  ───────────────────────────────────────────────────
      🖼️  Distribución de frecuencia alélica: ]8;;file:///home/cofer/Documents/University/TFG/snp_tag_tfg/snp_tag/results/full_30/hinds2005/greedy_multi/20260602T014901/0_datos_previos/histograma_alelico_full_30.png\ [36mhistograma_alelico_full_30.png[0m]8;;\
      🖼️  Variabilidad por SNP: ]8;;file:///home/cofer/Documents/University/TFG/snp_tag_tfg/snp_tag/results/full_30/hinds2005/greedy_multi/20260602T014901/0_datos_previos/variabilidad_snps_full_30.png\ [36mvariabilidad_snps_full_30.png[0m]8;;\
      🖼️  Alelos dominantes por haplotipo: ]8;;file:///home/cofer/Documents/University/TFG/snp_tag_tfg/snp_tag/results/full_30/hinds2005/greedy_multi/20260602T014901/0_datos_previos/conteo_alelos_full_30.png\ [36mconteo_alelos_full_30.png[0m]8;;\
      🖼️  Distribución de distancias de Hamming: ]8;;file:///home/cofer/Documents/University/TFG/snp_tag_tfg/snp_tag/results/full_30/hinds2005/greedy_multi/20260602T014901/0_datos_previos/histograma_hamming_full_30.png\ [36mhistograma_hamming_full_30.png[0m]8;;\

  🔗  [1mCaracterización Global de Correlación (LD)[0m
  ────────────────────────────────────────────────
      • [1mCorrelación media absoluta (global |r|)[0m: 0.1387
      • [1mTotal de pares evaluados[0m: 297606
      🖼️  Mapa de calor de correlación (LD): ]8;;file:///home/cofer/Documents/University/TFG/snp_tag_tfg/snp_tag/results/full_30/hinds2005/greedy_multi/20260602T014901/0_datos_previos/heatmap_correlacion_completa_full_30.png\ [36mheatmap_correlacion_completa_full_30.png[0m]8;;\
      🖼️  Distribución de correlaciones (LD): ]8;;file:///home/cofer/Documents/University/TFG/snp_tag_tfg/snp_tag/results/full_30/hinds2005/greedy_multi/20260602T014901/0_datos_previos/histograma_correlaciones_ld_full_30.png\ [36mhistograma_correlaciones_ld_full_30.png[0m]8;;\
      🖼️  CDF de correlación LD: ]8;;file:///home/cofer/Documents/University/TFG/snp_tag_tfg/snp_tag/results/full_30/hinds2005/greedy_multi/20260602T014901/0_datos_previos/cdf_correlacion_absoluta_ld_full_30.png\ [36mcdf_correlacion_absoluta_ld_full_30.png[0m]8;;\

  📐  [1mAnálisis de Similitud Genotípica (Pares de Haplotipos)[0m
  ────────────────────────────────────────────────────────────
      • [1mNúmero de pares de haplotipos[0m: 1128
      • [1mPares mostrados[0m: 3 similares / 3 distintos
      • [1mVista parcial[0m: primeros 32 SNPs
      • [1mPercentiles (Hamming)[0m: P33=237.00, P66=273.00
      • [Etiquetas: <=P33 -> muy similar | (P33,P66] -> intermedio | >P66 -> muy distinto]

  🤝  [1mPares de mayor similitud genética[0m
  ───────────────────────────────────────
      •  [1mPar (26, 27)[0m | Hamming=[1m129[0m | muy similar
        h026: [90m0[0m[90m0[0m[90m0[0m[90m0[0m[90m0[0m[90m0[0m[90m0[0m[90m0[0m[90m0[0m[90m0[0m[90m0[0m1[90m0[0m[90m0[0m1111[90m0[0m[90m0[0m[90m0[0m[90m0[0m[90m0[0m[90m0[0m[90m0[0m[90m0[0m[90m0[0m11111...
        h027: 1111[90m0[0m111111[90m0[0m[90m0[0m[90m0[0m[90m0[0m1[90m0[0m[90m0[0m111[90m0[0m[90m0[0m1111[90m0[0m[90m0[0m[90m0[0m[90m0[0m[90m0[0m...
      •  [1mPar (17, 41)[0m | Hamming=[1m134[0m | muy similar
        h017: 1111[90m0[0m111111[90m0[0m[90m0[0m[90m0[0m[90m0[0m1[90m0[0m[90m0[0m111[90m0[0m[90m0[0m1111[90m0[0m1111...
        h041: 1111[90m0[0m111111[90m0[0m[90m0[0m[90m0[0m[90m0[0m1[90m0[0m[90m0[0m111[90m0[0m[90m0[0m1111[90m0[0m[90m0[0m111...
      •  [1mPar (36, 46)[0m | Hamming=[1m140[0m | muy similar
        h036: [90m0[0m[90m0[0m[90m0[0m[90m0[0m[90m0[0m[90m0[0m[90m0[0m[90m0[0m[90m0[0m[90m0[0m[90m0[0m1[90m0[0m[90m0[0m1111111[90m0[0m[90m0[0m1111[90m0[0m[90m0[0m[90m0[0m[90m0[0m[90m0[0m...
        h046: 1111[90m0[0m111111[90m0[0m[90m0[0m[90m0[0m[90m0[0m1[90m0[0m[90m0[0m111[90m0[0m[90m0[0m1111[90m0[0m[90m0[0m[90m0[0m[90m0[0m[90m0[0m...

  ↔️   [1mPares de mayor divergencia genética[0m
  ─────────────────────────────────────────
      •  [1mPar (29, 36)[0m | Hamming=[1m407[0m | muy distinto
        h029: [90m0[0m[90m0[0m[90m0[0m[90m0[0m1[90m0[0m[90m0[0m[90m0[0m[90m0[0m[90m0[0m[90m0[0m[90m0[0m11[90m0[0m[90m0[0m[90m0[0m[90m0[0m[90m0[0m[90m0[0m[90m0[0m[90m0[0m[90m0[0m[90m0[0m[90m0[0m[90m0[0m[90m0[0m1[90m0[0m[90m0[0m[90m0[0m[90m0[0m...
        h036: [90m0[0m[90m0[0m[90m0[0m[90m0[0m[90m0[0m[90m0[0m[90m0[0m[90m0[0m[90m0[0m[90m0[0m[90m0[0m1[90m0[0m[90m0[0m1111111[90m0[0m[90m0[0m1111[90m0[0m[90m0[0m[90m0[0m[90m0[0m[90m0[0m...
      •  [1mPar (28, 29)[0m | Hamming=[1m404[0m | muy distinto
        h028: [90m0[0m[90m0[0m[90m0[0m[90m0[0m1[90m0[0m[90m0[0m[90m0[0m[90m0[0m[90m0[0m[90m0[0m[90m0[0m11[90m0[0m[90m0[0m[90m0[0m[90m0[0m[90m0[0m[90m0[0m[90m0[0m[90m0[0m[90m0[0m[90m0[0m[90m0[0m[90m0[0m[90m0[0m1[90m0[0m[90m0[0m[90m0[0m[90m0[0m...
        h029: [90m0[0m[90m0[0m[90m0[0m[90m0[0m1[90m0[0m[90m0[0m[90m0[0m[90m0[0m[90m0[0m[90m0[0m[90m0[0m11[90m0[0m[90m0[0m[90m0[0m[90m0[0m[90m0[0m[90m0[0m[90m0[0m[90m0[0m[90m0[0m[90m0[0m[90m0[0m[90m0[0m[90m0[0m1[90m0[0m[90m0[0m[90m0[0m[90m0[0m...
      •  [1mPar (24, 29)[0m | Hamming=[1m390[0m | muy distinto
        h024: 1111[90m0[0m111111[90m0[0m[90m0[0m[90m0[0m[90m0[0m1[90m0[0m[90m0[0m111[90m0[0m[90m0[0m1[90m0[0m11[90m0[0m1111...
        h029: [90m0[0m[90m0[0m[90m0[0m[90m0[0m1[90m0[0m[90m0[0m[90m0[0m[90m0[0m[90m0[0m[90m0[0m[90m0[0m11[90m0[0m[90m0[0m[90m0[0m[90m0[0m[90m0[0m[90m0[0m[90m0[0m[90m0[0m[90m0[0m[90m0[0m[90m0[0m[90m0[0m[90m0[0m1[90m0[0m[90m0[0m[90m0[0m[90m0[0m...

[93m[1m╔══════════════════════════════════════════════════════════════════════════════╗
[93m[1m║                             MOTOR MULTIOBJETIVO                              ║
[93m[1m╚══════════════════════════════════════════════════════════════════════════════╝[0m

  📅  [1mPlanificación de Ejecución[0m
  ────────────────────────────────
      • Total: 1 alg. x 1 inits. x 4 cruces x 30 runs = 120 ejecuciones
      • Referencias: 220 puntos | Particiones: 9

  🧬  [1mFase Evolutiva[0m
  ────────────────────
    • Iniciando 120 experimentos en modo paralelo seguro
      • Paralelizando con hasta 14 procesos en paralelo
      • [Progreso:   1/120] | [MOEAD_TCHE-greedy_multi-UX] ejecución 1/30 (511.9 s)
      • [Progreso:   2/120] | [MOEAD_TCHE-greedy_multi-UX] ejecución 10/30 (602.7 s)
      • [Progreso:   3/120] | [MOEAD_TCHE-greedy_multi-UX] ejecución 14/30 (628.5 s)
      • [Progreso:   4/120] | [MOEAD_TCHE-greedy_multi-UX] ejecución 5/30 (655.1 s)
      • [Progreso:   5/120] | [MOEAD_TCHE-greedy_multi-UX] ejecución 12/30 (669.2 s)
      • [Progreso:   6/120] | [MOEAD_TCHE-greedy_multi-UX] ejecución 13/30 (670.5 s)
      • [Progreso:   7/120] | [MOEAD_TCHE-greedy_multi-UX] ejecución 8/30 (694.7 s)
      • [Progreso:   8/120] | [MOEAD_TCHE-greedy_multi-UX] ejecución 3/30 (699.2 s)
      • [Progreso:   9/120] | [MOEAD_TCHE-greedy_multi-UX] ejecución 6/30 (725.9 s)
      • [Progreso:  10/120] | [MOEAD_TCHE-greedy_multi-UX] ejecución 2/30 (748.7 s)
      • [Progreso:  11/120] | [MOEAD_TCHE-greedy_multi-UX] ejecución 7/30 (749.0 s)
      • [Progreso:  12/120] | [MOEAD_TCHE-greedy_multi-UX] ejecución 11/30 (756.0 s)
      • [Progreso:  13/120] | [MOEAD_TCHE-greedy_multi-UX] ejecución 4/30 (757.3 s)
      • [Progreso:  14/120] | [MOEAD_TCHE-greedy_multi-UX] ejecución 9/30 (757.4 s)
      • [Progreso:  15/120] | [MOEAD_TCHE-greedy_multi-UX] ejecución 15/30 (535.3 s)
      • [Progreso:  16/120] | [MOEAD_TCHE-greedy_multi-UX] ejecución 17/30 (552.9 s)
      • [Progreso:  17/120] | [MOEAD_TCHE-greedy_multi-UX] ejecución 16/30 (682.6 s)
      • [Progreso:  18/120] | [MOEAD_TCHE-greedy_multi-UX] ejecución 23/30 (624.7 s)
      • [Progreso:  19/120] | [MOEAD_TCHE-greedy_multi-UX] ejecución 22/30 (660.8 s)
      • [Progreso:  20/120] | [MOEAD_TCHE-greedy_multi-UX] ejecución 19/30 (695.7 s)
      • [Progreso:  21/120] | [MOEAD_TCHE-greedy_multi-UX] ejecución 20/30 (699.2 s)
      • [Progreso:  22/120] | [MOEAD_TCHE-greedy_multi-UX] ejecución 21/30 (683.3 s)
      • [Progreso:  23/120] | [MOEAD_TCHE-greedy_multi-UX] ejecución 18/30 (737.2 s)
      • [Progreso:  24/120] | [MOEAD_TCHE-greedy_multi-UX] ejecución 25/30 (660.7 s)
      • [Progreso:  25/120] | [MOEAD_TCHE-greedy_multi-UX] ejecución 24/30 (693.6 s)
      • [Progreso:  26/120] | [MOEAD_TCHE-greedy_multi-UX] ejecución 27/30 (698.9 s)
      • [Progreso:  27/120] | [MOEAD_TCHE-greedy_multi-UX] ejecución 28/30 (735.8 s)
      • [Progreso:  28/120] | [MOEAD_TCHE-greedy_multi-UX] ejecución 26/30 (739.5 s)
      • [Progreso:  29/120] | [MOEAD_TCHE-greedy_multi-UX] ejecución 29/30 (611.5 s)
      • [Progreso:  30/120] | [MOEAD_TCHE-greedy_multi-UX] ejecución 30/30 (530.2 s)
      • [Progreso:  31/120] | [MOEAD_TCHE-greedy_multi-HUX] ejecución 1/30 (658.4 s)
      • [Progreso:  32/120] | [MOEAD_TCHE-greedy_multi-HUX] ejecución 6/30 (618.4 s)
      • [Progreso:  33/120] | [MOEAD_TCHE-greedy_multi-HUX] ejecución 5/30 (641.1 s)
      • [Progreso:  34/120] | [MOEAD_TCHE-greedy_multi-HUX] ejecución 9/30 (587.1 s)
      • [Progreso:  35/120] | [MOEAD_TCHE-greedy_multi-HUX] ejecución 3/30 (681.2 s)
      • [Progreso:  36/120] | [MOEAD_TCHE-greedy_multi-HUX] ejecución 8/30 (644.9 s)
      • [Progreso:  37/120] | [MOEAD_TCHE-greedy_multi-HUX] ejecución 10/30 (619.5 s)
      • [Progreso:  38/120] | [MOEAD_TCHE-greedy_multi-HUX] ejecución 2/30 (738.8 s)
      • [Progreso:  39/120] | [MOEAD_TCHE-greedy_multi-HUX] ejecución 4/30 (738.9 s)
      • [Progreso:  40/120] | [MOEAD_TCHE-greedy_multi-HUX] ejecución 7/30 (739.1 s)
      • [Progreso:  41/120] | [MOEAD_TCHE-greedy_multi-HUX] ejecución 12/30 (701.1 s)
      • [Progreso:  42/120] | [MOEAD_TCHE-greedy_multi-HUX] ejecución 11/30 (724.7 s)
      • [Progreso:  43/120] | [MOEAD_TCHE-greedy_multi-HUX] ejecución 13/30 (604.1 s)
      • [Progreso:  44/120] | [MOEAD_TCHE-greedy_multi-HUX] ejecución 14/30 (674.7 s)
      • [Progreso:  45/120] | [MOEAD_TCHE-greedy_multi-HUX] ejecución 20/30 (477.1 s)
      • [Progreso:  46/120] | [MOEAD_TCHE-greedy_multi-HUX] ejecución 17/30 (597.1 s)
      • [Progreso:  47/120] | [MOEAD_TCHE-greedy_multi-HUX] ejecución 15/30 (714.8 s)
      • [Progreso:  48/120] | [MOEAD_TCHE-greedy_multi-HUX] ejecución 18/30 (690.9 s)
      • [Progreso:  49/120] | [MOEAD_TCHE-greedy_multi-HUX] ejecución 16/30 (739.3 s)
      • [Progreso:  50/120] | [MOEAD_TCHE-greedy_multi-HUX] ejecución 21/30 (667.8 s)
      • [Progreso:  51/120] | [MOEAD_TCHE-greedy_multi-HUX] ejecución 23/30 (641.0 s)
      • [Progreso:  52/120] | [MOEAD_TCHE-greedy_multi-HUX] ejecución 19/30 (725.1 s)
      • [Progreso:  53/120] | [MOEAD_TCHE-greedy_multi-HUX] ejecución 25/30 (622.1 s)
      • [Progreso:  54/120] | [MOEAD_TCHE-greedy_multi-HUX] ejecución 22/30 (740.4 s)
      • [Progreso:  55/120] | [MOEAD_TCHE-greedy_multi-HUX] ejecución 24/30 (738.8 s)
      • [Progreso:  56/120] | [MOEAD_TCHE-greedy_multi-HUX] ejecución 26/30 (664.9 s)
      • [Progreso:  57/120] | [MOEAD_TCHE-greedy_multi-HUX] ejecución 27/30 (714.4 s)
      • [Progreso:  58/120] | [MOEAD_TCHE-greedy_multi-HUX] ejecución 28/30 (640.2 s)
      • [Progreso:  59/120] | [MOEAD_TCHE-greedy_multi-HUX] ejecución 30/30 (537.0 s)
      • [Progreso:  60/120] | [MOEAD_TCHE-greedy_multi-HUX] ejecución 29/30 (677.3 s)
      • [Progreso:  61/120] | [MOEAD_TCHE-greedy_multi-1P] ejecución 2/30 (594.0 s)
      • [Progreso:  62/120] | [MOEAD_TCHE-greedy_multi-1P] ejecución 4/30 (604.1 s)
      • [Progreso:  63/120] | [MOEAD_TCHE-greedy_multi-1P] ejecución 6/30 (631.6 s)
      • [Progreso:  64/120] | [MOEAD_TCHE-greedy_multi-1P] ejecución 1/30 (741.5 s)
      • [Progreso:  65/120] | [MOEAD_TCHE-greedy_multi-1P] ejecución 7/30 (615.7 s)
      • [Progreso:  66/120] | [MOEAD_TCHE-greedy_multi-1P] ejecución 3/30 (714.2 s)
      • [Progreso:  67/120] | [MOEAD_TCHE-greedy_multi-1P] ejecución 5/30 (743.8 s)
      • [Progreso:  68/120] | [MOEAD_TCHE-greedy_multi-1P] ejecución 8/30 (741.7 s)
      • [Progreso:  69/120] | [MOEAD_TCHE-greedy_multi-1P] ejecución 12/30 (569.5 s)
      • [Progreso:  70/120] | [MOEAD_TCHE-greedy_multi-1P] ejecución 11/30 (632.6 s)
      • [Progreso:  71/120] | [MOEAD_TCHE-greedy_multi-1P] ejecución 9/30 (742.3 s)
      • [Progreso:  72/120] | [MOEAD_TCHE-greedy_multi-1P] ejecución 10/30 (743.0 s)
      • [Progreso:  73/120] | [MOEAD_TCHE-greedy_multi-1P] ejecución 13/30 (724.1 s)
      • [Progreso:  74/120] | [MOEAD_TCHE-greedy_multi-1P] ejecución 14/30 (664.7 s)
      • [Progreso:  75/120] | [MOEAD_TCHE-greedy_multi-1P] ejecución 16/30 (526.3 s)
      • [Progreso:  76/120] | [MOEAD_TCHE-greedy_multi-1P] ejecución 17/30 (646.9 s)
      • [Progreso:  77/120] | [MOEAD_TCHE-greedy_multi-1P] ejecución 15/30 (738.3 s)
      • [Progreso:  78/120] | [MOEAD_TCHE-greedy_multi-1P] ejecución 20/30 (645.9 s)
      • [Progreso:  79/120] | [MOEAD_TCHE-greedy_multi-1P] ejecución 18/30 (743.1 s)
      • [Progreso:  80/120] | [MOEAD_TCHE-greedy_multi-1P] ejecución 19/30 (739.3 s)
      • [Progreso:  81/120] | [MOEAD_TCHE-greedy_multi-1P] ejecución 25/30 (566.3 s)
      • [Progreso:  82/120] | [MOEAD_TCHE-greedy_multi-1P] ejecución 23/30 (584.6 s)
      • [Progreso:  83/120] | [MOEAD_TCHE-greedy_multi-1P] ejecución 21/30 (739.4 s)
      • [Progreso:  84/120] | [MOEAD_TCHE-greedy_multi-1P] ejecución 24/30 (622.9 s)
      • [Progreso:  85/120] | [MOEAD_TCHE-greedy_multi-1P] ejecución 22/30 (743.4 s)
      • [Progreso:  86/120] | [MOEAD_TCHE-greedy_multi-1P] ejecución 26/30 (742.6 s)
      • [Progreso:  87/120] | [MOEAD_TCHE-greedy_multi-1P] ejecución 28/30 (614.9 s)
      • [Progreso:  88/120] | [MOEAD_TCHE-greedy_multi-1P] ejecución 29/30 (713.3 s)
      • [Progreso:  89/120] | [MOEAD_TCHE-greedy_multi-1P] ejecución 27/30 (739.2 s)
      • [Progreso:  90/120] | [MOEAD_TCHE-greedy_multi-1P] ejecución 30/30 (579.6 s)
      • [Progreso:  91/120] | [MOEAD_TCHE-greedy_multi-2P] ejecución 2/30 (615.9 s)
      • [Progreso:  92/120] | [MOEAD_TCHE-greedy_multi-2P] ejecución 8/30 (513.4 s)
      • [Progreso:  93/120] | [MOEAD_TCHE-greedy_multi-2P] ejecución 1/30 (746.5 s)
      • [Progreso:  94/120] | [MOEAD_TCHE-greedy_multi-2P] ejecución 6/30 (633.0 s)
      • [Progreso:  95/120] | [MOEAD_TCHE-greedy_multi-2P] ejecución 5/30 (637.3 s)
      • [Progreso:  96/120] | [MOEAD_TCHE-greedy_multi-2P] ejecución 3/30 (745.2 s)
      • [Progreso:  97/120] | [MOEAD_TCHE-greedy_multi-2P] ejecución 4/30 (738.8 s)
      • [Progreso:  98/120] | [MOEAD_TCHE-greedy_multi-2P] ejecución 7/30 (738.5 s)
      • [Progreso:  99/120] | [MOEAD_TCHE-greedy_multi-2P] ejecución 9/30 (682.8 s)
      • [Progreso: 100/120] | [MOEAD_TCHE-greedy_multi-2P] ejecución 10/30 (742.5 s)
      • [Progreso: 101/120] | [MOEAD_TCHE-greedy_multi-2P] ejecución 11/30 (639.4 s)
      • [Progreso: 102/120] | [MOEAD_TCHE-greedy_multi-2P] ejecución 15/30 (494.6 s)
      • [Progreso: 103/120] | [MOEAD_TCHE-greedy_multi-2P] ejecución 14/30 (663.7 s)
      • [Progreso: 104/120] | [MOEAD_TCHE-greedy_multi-2P] ejecución 13/30 (695.2 s)
      • [Progreso: 105/120] | [MOEAD_TCHE-greedy_multi-2P] ejecución 16/30 (571.5 s)
      • [Progreso: 106/120] | [MOEAD_TCHE-greedy_multi-2P] ejecución 12/30 (737.9 s)
      • [Progreso: 107/120] | [MOEAD_TCHE-greedy_multi-2P] ejecución 18/30 (653.1 s)
      • [Progreso: 108/120] | [MOEAD_TCHE-greedy_multi-2P] ejecución 20/30 (610.9 s)
      • [Progreso: 109/120] | [MOEAD_TCHE-greedy_multi-2P] ejecución 17/30 (738.2 s)
      • [Progreso: 110/120] | [MOEAD_TCHE-greedy_multi-2P] ejecución 19/30 (735.3 s)
      • [Progreso: 111/120] | [MOEAD_TCHE-greedy_multi-2P] ejecución 21/30 (711.5 s)
      • [Progreso: 112/120] | [MOEAD_TCHE-greedy_multi-2P] ejecución 23/30 (627.4 s)
      • [Progreso: 113/120] | [MOEAD_TCHE-greedy_multi-2P] ejecución 26/30 (437.2 s)
      • [Progreso: 114/120] | [MOEAD_TCHE-greedy_multi-2P] ejecución 22/30 (680.2 s)
      • [Progreso: 115/120] | [MOEAD_TCHE-greedy_multi-2P] ejecución 25/30 (531.6 s)
      • [Progreso: 116/120] | [MOEAD_TCHE-greedy_multi-2P] ejecución 24/30 (578.1 s)
      • [Progreso: 117/120] | [MOEAD_TCHE-greedy_multi-2P] ejecución 29/30 (389.3 s)
      • [Progreso: 118/120] | [MOEAD_TCHE-greedy_multi-2P] ejecución 28/30 (407.3 s)
      • [Progreso: 119/120] | [MOEAD_TCHE-greedy_multi-2P] ejecución 30/30 (387.6 s)
      • [Progreso: 120/120] | [MOEAD_TCHE-greedy_multi-2P] ejecución 27/30 (432.7 s)

[93m[1m╔══════════════════════════════════════════════════════════════════════════════╗
[93m[1m║                            SÍNTESIS DE RESULTADOS                            ║
[93m[1m╚══════════════════════════════════════════════════════════════════════════════╝[0m
  • [1mConfiguración de síntesis[0m: DPI=300

  ⏱️   [1mAnálisis de Rendimiento y Tiempo[0m
  ──────────────────────────────────────
      🖼️  Media ± std tiempo ejecución: ]8;;file:///home/cofer/Documents/University/TFG/snp_tag_tfg/snp_tag/results/full_30/hinds2005/greedy_multi/20260602T014901/2_comparativa/0_tiempo/media_std_tiempo_full_30.png\ [36mmedia_std_tiempo_full_30.png[0m]8;;\
      • Tiempo bloque 'Análisis de Rendimiento y Tiempo': 0.3s

  🧮  [1mProcesamiento de Métricas (con progreso)[0m
  ──────────────────────────────────────────────
    • Iniciando métricas finales: 120 ejecuciones
      • [Progreso:   1/120] | [MOEAD_TCHE-greedy_multi-UX] ejecución 1/30 (0.0 s)
      • [Progreso:   2/120] | [MOEAD_TCHE-greedy_multi-UX] ejecución 2/30 (0.0 s)
      • [Progreso:   3/120] | [MOEAD_TCHE-greedy_multi-UX] ejecución 3/30 (0.0 s)
      • [Progreso:   4/120] | [MOEAD_TCHE-greedy_multi-UX] ejecución 4/30 (0.0 s)
      • [Progreso:   5/120] | [MOEAD_TCHE-greedy_multi-UX] ejecución 5/30 (0.0 s)
      • [Progreso:   6/120] | [MOEAD_TCHE-greedy_multi-UX] ejecución 6/30 (0.0 s)
      • [Progreso:   7/120] | [MOEAD_TCHE-greedy_multi-UX] ejecución 7/30 (0.0 s)
      • [Progreso:   8/120] | [MOEAD_TCHE-greedy_multi-UX] ejecución 8/30 (0.0 s)
      • [Progreso:   9/120] | [MOEAD_TCHE-greedy_multi-UX] ejecución 9/30 (0.0 s)
      • [Progreso:  10/120] | [MOEAD_TCHE-greedy_multi-UX] ejecución 10/30 (0.0 s)
      • [Progreso:  11/120] | [MOEAD_TCHE-greedy_multi-UX] ejecución 11/30 (0.0 s)
      • [Progreso:  12/120] | [MOEAD_TCHE-greedy_multi-UX] ejecución 12/30 (0.0 s)
      • [Progreso:  13/120] | [MOEAD_TCHE-greedy_multi-UX] ejecución 13/30 (0.0 s)
      • [Progreso:  14/120] | [MOEAD_TCHE-greedy_multi-UX] ejecución 14/30 (0.0 s)
      • [Progreso:  15/120] | [MOEAD_TCHE-greedy_multi-UX] ejecución 15/30 (0.0 s)
      • [Progreso:  16/120] | [MOEAD_TCHE-greedy_multi-UX] ejecución 16/30 (0.0 s)
      • [Progreso:  17/120] | [MOEAD_TCHE-greedy_multi-UX] ejecución 17/30 (0.0 s)
      • [Progreso:  18/120] | [MOEAD_TCHE-greedy_multi-UX] ejecución 18/30 (0.0 s)
      • [Progreso:  19/120] | [MOEAD_TCHE-greedy_multi-UX] ejecución 19/30 (0.0 s)
      • [Progreso:  20/120] | [MOEAD_TCHE-greedy_multi-UX] ejecución 20/30 (0.0 s)
      • [Progreso:  21/120] | [MOEAD_TCHE-greedy_multi-UX] ejecución 21/30 (0.0 s)
      • [Progreso:  22/120] | [MOEAD_TCHE-greedy_multi-UX] ejecución 22/30 (0.0 s)
      • [Progreso:  23/120] | [MOEAD_TCHE-greedy_multi-UX] ejecución 23/30 (0.0 s)
      • [Progreso:  24/120] | [MOEAD_TCHE-greedy_multi-UX] ejecución 24/30 (0.0 s)
      • [Progreso:  25/120] | [MOEAD_TCHE-greedy_multi-UX] ejecución 25/30 (0.0 s)
      • [Progreso:  26/120] | [MOEAD_TCHE-greedy_multi-UX] ejecución 26/30 (0.0 s)
      • [Progreso:  27/120] | [MOEAD_TCHE-greedy_multi-UX] ejecución 27/30 (0.0 s)
      • [Progreso:  28/120] | [MOEAD_TCHE-greedy_multi-UX] ejecución 28/30 (0.0 s)
      • [Progreso:  29/120] | [MOEAD_TCHE-greedy_multi-UX] ejecución 29/30 (0.0 s)
      • [Progreso:  30/120] | [MOEAD_TCHE-greedy_multi-UX] ejecución 30/30 (0.0 s)
      • [Progreso:  31/120] | [MOEAD_TCHE-greedy_multi-HUX] ejecución 1/30 (0.0 s)
      • [Progreso:  32/120] | [MOEAD_TCHE-greedy_multi-HUX] ejecución 2/30 (0.0 s)
      • [Progreso:  33/120] | [MOEAD_TCHE-greedy_multi-HUX] ejecución 3/30 (0.0 s)
      • [Progreso:  34/120] | [MOEAD_TCHE-greedy_multi-HUX] ejecución 4/30 (0.0 s)
      • [Progreso:  35/120] | [MOEAD_TCHE-greedy_multi-HUX] ejecución 5/30 (0.0 s)
      • [Progreso:  36/120] | [MOEAD_TCHE-greedy_multi-HUX] ejecución 6/30 (0.0 s)
      • [Progreso:  37/120] | [MOEAD_TCHE-greedy_multi-HUX] ejecución 7/30 (0.0 s)
      • [Progreso:  38/120] | [MOEAD_TCHE-greedy_multi-HUX] ejecución 8/30 (0.0 s)
      • [Progreso:  39/120] | [MOEAD_TCHE-greedy_multi-HUX] ejecución 9/30 (0.0 s)
      • [Progreso:  40/120] | [MOEAD_TCHE-greedy_multi-HUX] ejecución 10/30 (0.0 s)
      • [Progreso:  41/120] | [MOEAD_TCHE-greedy_multi-HUX] ejecución 11/30 (0.0 s)
      • [Progreso:  42/120] | [MOEAD_TCHE-greedy_multi-HUX] ejecución 12/30 (0.0 s)
      • [Progreso:  43/120] | [MOEAD_TCHE-greedy_multi-HUX] ejecución 13/30 (0.0 s)
      • [Progreso:  44/120] | [MOEAD_TCHE-greedy_multi-HUX] ejecución 14/30 (0.0 s)
      • [Progreso:  45/120] | [MOEAD_TCHE-greedy_multi-HUX] ejecución 15/30 (0.0 s)
      • [Progreso:  46/120] | [MOEAD_TCHE-greedy_multi-HUX] ejecución 16/30 (0.0 s)
      • [Progreso:  47/120] | [MOEAD_TCHE-greedy_multi-HUX] ejecución 17/30 (0.0 s)
      • [Progreso:  48/120] | [MOEAD_TCHE-greedy_multi-HUX] ejecución 18/30 (0.0 s)
      • [Progreso:  49/120] | [MOEAD_TCHE-greedy_multi-HUX] ejecución 19/30 (0.0 s)
      • [Progreso:  50/120] | [MOEAD_TCHE-greedy_multi-HUX] ejecución 20/30 (0.0 s)
      • [Progreso:  51/120] | [MOEAD_TCHE-greedy_multi-HUX] ejecución 21/30 (0.0 s)
      • [Progreso:  52/120] | [MOEAD_TCHE-greedy_multi-HUX] ejecución 22/30 (0.0 s)
      • [Progreso:  53/120] | [MOEAD_TCHE-greedy_multi-HUX] ejecución 23/30 (0.0 s)
      • [Progreso:  54/120] | [MOEAD_TCHE-greedy_multi-HUX] ejecución 24/30 (0.0 s)
      • [Progreso:  55/120] | [MOEAD_TCHE-greedy_multi-HUX] ejecución 25/30 (0.0 s)
      • [Progreso:  56/120] | [MOEAD_TCHE-greedy_multi-HUX] ejecución 26/30 (0.0 s)
      • [Progreso:  57/120] | [MOEAD_TCHE-greedy_multi-HUX] ejecución 27/30 (0.0 s)
      • [Progreso:  58/120] | [MOEAD_TCHE-greedy_multi-HUX] ejecución 28/30 (0.0 s)
      • [Progreso:  59/120] | [MOEAD_TCHE-greedy_multi-HUX] ejecución 29/30 (0.0 s)
      • [Progreso:  60/120] | [MOEAD_TCHE-greedy_multi-HUX] ejecución 30/30 (0.0 s)
      • [Progreso:  61/120] | [MOEAD_TCHE-greedy_multi-1P] ejecución 1/30 (0.0 s)
      • [Progreso:  62/120] | [MOEAD_TCHE-greedy_multi-1P] ejecución 2/30 (0.0 s)
      • [Progreso:  63/120] | [MOEAD_TCHE-greedy_multi-1P] ejecución 3/30 (0.0 s)
      • [Progreso:  64/120] | [MOEAD_TCHE-greedy_multi-1P] ejecución 4/30 (0.0 s)
      • [Progreso:  65/120] | [MOEAD_TCHE-greedy_multi-1P] ejecución 5/30 (0.0 s)
      • [Progreso:  66/120] | [MOEAD_TCHE-greedy_multi-1P] ejecución 6/30 (0.0 s)
      • [Progreso:  67/120] | [MOEAD_TCHE-greedy_multi-1P] ejecución 7/30 (0.0 s)
      • [Progreso:  68/120] | [MOEAD_TCHE-greedy_multi-1P] ejecución 8/30 (0.0 s)
      • [Progreso:  69/120] | [MOEAD_TCHE-greedy_multi-1P] ejecución 9/30 (0.0 s)
      • [Progreso:  70/120] | [MOEAD_TCHE-greedy_multi-1P] ejecución 10/30 (0.0 s)
      • [Progreso:  71/120] | [MOEAD_TCHE-greedy_multi-1P] ejecución 11/30 (0.0 s)
      • [Progreso:  72/120] | [MOEAD_TCHE-greedy_multi-1P] ejecución 12/30 (0.0 s)
      • [Progreso:  73/120] | [MOEAD_TCHE-greedy_multi-1P] ejecución 13/30 (0.0 s)
      • [Progreso:  74/120] | [MOEAD_TCHE-greedy_multi-1P] ejecución 14/30 (0.0 s)
      • [Progreso:  75/120] | [MOEAD_TCHE-greedy_multi-1P] ejecución 15/30 (0.0 s)
      • [Progreso:  76/120] | [MOEAD_TCHE-greedy_multi-1P] ejecución 16/30 (0.0 s)
      • [Progreso:  77/120] | [MOEAD_TCHE-greedy_multi-1P] ejecución 17/30 (0.0 s)
      • [Progreso:  78/120] | [MOEAD_TCHE-greedy_multi-1P] ejecución 18/30 (0.0 s)
      • [Progreso:  79/120] | [MOEAD_TCHE-greedy_multi-1P] ejecución 19/30 (0.0 s)
      • [Progreso:  80/120] | [MOEAD_TCHE-greedy_multi-1P] ejecución 20/30 (0.0 s)
      • [Progreso:  81/120] | [MOEAD_TCHE-greedy_multi-1P] ejecución 21/30 (0.0 s)
      • [Progreso:  82/120] | [MOEAD_TCHE-greedy_multi-1P] ejecución 22/30 (0.0 s)
      • [Progreso:  83/120] | [MOEAD_TCHE-greedy_multi-1P] ejecución 23/30 (0.0 s)
      • [Progreso:  84/120] | [MOEAD_TCHE-greedy_multi-1P] ejecución 24/30 (0.0 s)
      • [Progreso:  85/120] | [MOEAD_TCHE-greedy_multi-1P] ejecución 25/30 (0.0 s)
      • [Progreso:  86/120] | [MOEAD_TCHE-greedy_multi-1P] ejecución 26/30 (0.0 s)
      • [Progreso:  87/120] | [MOEAD_TCHE-greedy_multi-1P] ejecución 27/30 (0.0 s)
      • [Progreso:  88/120] | [MOEAD_TCHE-greedy_multi-1P] ejecución 28/30 (0.0 s)
      • [Progreso:  89/120] | [MOEAD_TCHE-greedy_multi-1P] ejecución 29/30 (0.0 s)
      • [Progreso:  90/120] | [MOEAD_TCHE-greedy_multi-1P] ejecución 30/30 (0.0 s)
      • [Progreso:  91/120] | [MOEAD_TCHE-greedy_multi-2P] ejecución 1/30 (0.0 s)
      • [Progreso:  92/120] | [MOEAD_TCHE-greedy_multi-2P] ejecución 2/30 (0.0 s)
      • [Progreso:  93/120] | [MOEAD_TCHE-greedy_multi-2P] ejecución 3/30 (0.0 s)
      • [Progreso:  94/120] | [MOEAD_TCHE-greedy_multi-2P] ejecución 4/30 (0.0 s)
      • [Progreso:  95/120] | [MOEAD_TCHE-greedy_multi-2P] ejecución 5/30 (0.0 s)
      • [Progreso:  96/120] | [MOEAD_TCHE-greedy_multi-2P] ejecución 6/30 (0.0 s)
      • [Progreso:  97/120] | [MOEAD_TCHE-greedy_multi-2P] ejecución 7/30 (0.0 s)
      • [Progreso:  98/120] | [MOEAD_TCHE-greedy_multi-2P] ejecución 8/30 (0.0 s)
      • [Progreso:  99/120] | [MOEAD_TCHE-greedy_multi-2P] ejecución 9/30 (0.0 s)
      • [Progreso: 100/120] | [MOEAD_TCHE-greedy_multi-2P] ejecución 10/30 (0.0 s)
      • [Progreso: 101/120] | [MOEAD_TCHE-greedy_multi-2P] ejecución 11/30 (0.0 s)
      • [Progreso: 102/120] | [MOEAD_TCHE-greedy_multi-2P] ejecución 12/30 (0.0 s)
      • [Progreso: 103/120] | [MOEAD_TCHE-greedy_multi-2P] ejecución 13/30 (0.0 s)
      • [Progreso: 104/120] | [MOEAD_TCHE-greedy_multi-2P] ejecución 14/30 (0.0 s)
      • [Progreso: 105/120] | [MOEAD_TCHE-greedy_multi-2P] ejecución 15/30 (0.0 s)
      • [Progreso: 106/120] | [MOEAD_TCHE-greedy_multi-2P] ejecución 16/30 (0.0 s)
      • [Progreso: 107/120] | [MOEAD_TCHE-greedy_multi-2P] ejecución 17/30 (0.0 s)
      • [Progreso: 108/120] | [MOEAD_TCHE-greedy_multi-2P] ejecución 18/30 (0.0 s)
      • [Progreso: 109/120] | [MOEAD_TCHE-greedy_multi-2P] ejecución 19/30 (0.0 s)
      • [Progreso: 110/120] | [MOEAD_TCHE-greedy_multi-2P] ejecución 20/30 (0.0 s)
      • [Progreso: 111/120] | [MOEAD_TCHE-greedy_multi-2P] ejecución 21/30 (0.0 s)
      • [Progreso: 112/120] | [MOEAD_TCHE-greedy_multi-2P] ejecución 22/30 (0.0 s)
      • [Progreso: 113/120] | [MOEAD_TCHE-greedy_multi-2P] ejecución 23/30 (0.0 s)
      • [Progreso: 114/120] | [MOEAD_TCHE-greedy_multi-2P] ejecución 24/30 (0.0 s)
      • [Progreso: 115/120] | [MOEAD_TCHE-greedy_multi-2P] ejecución 25/30 (0.0 s)
      • [Progreso: 116/120] | [MOEAD_TCHE-greedy_multi-2P] ejecución 26/30 (0.0 s)
      • [Progreso: 117/120] | [MOEAD_TCHE-greedy_multi-2P] ejecución 27/30 (0.0 s)
      • [Progreso: 118/120] | [MOEAD_TCHE-greedy_multi-2P] ejecución 28/30 (0.0 s)
      • [Progreso: 119/120] | [MOEAD_TCHE-greedy_multi-2P] ejecución 29/30 (0.0 s)
      • [Progreso: 120/120] | [MOEAD_TCHE-greedy_multi-2P] ejecución 30/30 (0.0 s)
      • Métricas finales completadas: 120 ejecuciones en 1.0s

    • Iniciando métricas generacionales: 120 ejecuciones con historial
      • [Progreso:   1/120] | [MOEAD_TCHE-greedy_multi-UX] ejecución 2/30 (2.3 s)
      • [Progreso:   2/120] | [MOEAD_TCHE-greedy_multi-UX] ejecución 1/30 (2.3 s)
      • [Progreso:   3/120] | [MOEAD_TCHE-greedy_multi-UX] ejecución 3/30 (2.4 s)
      • [Progreso:   4/120] | [MOEAD_TCHE-greedy_multi-UX] ejecución 4/30 (2.4 s)
      • [Progreso:   5/120] | [MOEAD_TCHE-greedy_multi-UX] ejecución 7/30 (2.4 s)
      • [Progreso:   6/120] | [MOEAD_TCHE-greedy_multi-UX] ejecución 6/30 (2.5 s)
      • [Progreso:   7/120] | [MOEAD_TCHE-greedy_multi-UX] ejecución 5/30 (2.5 s)
      • [Progreso:   8/120] | [MOEAD_TCHE-greedy_multi-UX] ejecución 8/30 (2.5 s)
      • [Progreso:   9/120] | [MOEAD_TCHE-greedy_multi-UX] ejecución 10/30 (2.6 s)
      • [Progreso:  10/120] | [MOEAD_TCHE-greedy_multi-UX] ejecución 13/30 (2.4 s)
      • [Progreso:  11/120] | [MOEAD_TCHE-greedy_multi-UX] ejecución 9/30 (2.6 s)
      • [Progreso:  12/120] | [MOEAD_TCHE-greedy_multi-UX] ejecución 11/30 (2.6 s)
      • [Progreso:  13/120] | [MOEAD_TCHE-greedy_multi-UX] ejecución 15/30 (0.5 s)
      • [Progreso:  14/120] | [MOEAD_TCHE-greedy_multi-UX] ejecución 12/30 (2.6 s)
      • [Progreso:  15/120] | [MOEAD_TCHE-greedy_multi-UX] ejecución 14/30 (2.6 s)
      • [Progreso:  16/120] | [MOEAD_TCHE-greedy_multi-UX] ejecución 16/30 (0.7 s)
      • [Progreso:  17/120] | [MOEAD_TCHE-greedy_multi-UX] ejecución 27/30 (0.6 s)
      • [Progreso:  18/120] | [MOEAD_TCHE-greedy_multi-UX] ejecución 21/30 (0.8 s)
      • [Progreso:  19/120] | [MOEAD_TCHE-greedy_multi-UX] ejecución 18/30 (0.9 s)
      • [Progreso:  20/120] | [MOEAD_TCHE-greedy_multi-UX] ejecución 20/30 (0.9 s)
      • [Progreso:  21/120] | [MOEAD_TCHE-greedy_multi-UX] ejecución 19/30 (0.9 s)
      • [Progreso:  22/120] | [MOEAD_TCHE-greedy_multi-UX] ejecución 26/30 (0.7 s)
      • [Progreso:  23/120] | [MOEAD_TCHE-greedy_multi-UX] ejecución 22/30 (0.9 s)
      • [Progreso:  24/120] | [MOEAD_TCHE-greedy_multi-UX] ejecución 28/30 (0.7 s)
      • [Progreso:  25/120] | [MOEAD_TCHE-greedy_multi-UX] ejecución 24/30 (0.8 s)
      • [Progreso:  26/120] | [MOEAD_TCHE-greedy_multi-UX] ejecución 17/30 (1.1 s)
      • [Progreso:  27/120] | [MOEAD_TCHE-greedy_multi-UX] ejecución 23/30 (0.8 s)
      • [Progreso:  28/120] | [MOEAD_TCHE-greedy_multi-UX] ejecución 25/30 (1.0 s)
      • [Progreso:  29/120] | [MOEAD_TCHE-greedy_multi-UX] ejecución 30/30 (0.6 s)
      • [Progreso:  30/120] | [MOEAD_TCHE-greedy_multi-UX] ejecución 29/30 (0.8 s)
      • [Progreso:  31/120] | [MOEAD_TCHE-greedy_multi-HUX] ejecución 1/30 (0.5 s)
      • [Progreso:  32/120] | [MOEAD_TCHE-greedy_multi-HUX] ejecución 2/30 (0.8 s)
      • [Progreso:  33/120] | [MOEAD_TCHE-greedy_multi-HUX] ejecución 6/30 (0.7 s)
      • [Progreso:  34/120] | [MOEAD_TCHE-greedy_multi-HUX] ejecución 3/30 (0.9 s)
      • [Progreso:  35/120] | [MOEAD_TCHE-greedy_multi-HUX] ejecución 5/30 (0.8 s)
      • [Progreso:  36/120] | [MOEAD_TCHE-greedy_multi-HUX] ejecución 8/30 (0.8 s)
      • [Progreso:  37/120] | [MOEAD_TCHE-greedy_multi-HUX] ejecución 14/30 (0.5 s)
      • [Progreso:  38/120] | [MOEAD_TCHE-greedy_multi-HUX] ejecución 4/30 (0.9 s)
      • [Progreso:  39/120] | [MOEAD_TCHE-greedy_multi-HUX] ejecución 7/30 (0.9 s)
      • [Progreso:  40/120] | [MOEAD_TCHE-greedy_multi-HUX] ejecución 15/30 (0.6 s)
      • [Progreso:  41/120] | [MOEAD_TCHE-greedy_multi-HUX] ejecución 10/30 (1.0 s)
      • [Progreso:  42/120] | [MOEAD_TCHE-greedy_multi-HUX] ejecución 12/30 (0.8 s)
      • [Progreso:  43/120] | [MOEAD_TCHE-greedy_multi-HUX] ejecución 9/30 (1.1 s)
      • [Progreso:  44/120] | [MOEAD_TCHE-greedy_multi-HUX] ejecución 11/30 (1.1 s)
      • [Progreso:  45/120] | [MOEAD_TCHE-greedy_multi-HUX] ejecución 13/30 (1.1 s)
      • [Progreso:  46/120] | [MOEAD_TCHE-greedy_multi-HUX] ejecución 23/30 (0.6 s)
      • [Progreso:  47/120] | [MOEAD_TCHE-greedy_multi-HUX] ejecución 17/30 (0.8 s)
      • [Progreso:  48/120] | [MOEAD_TCHE-greedy_multi-HUX] ejecución 16/30 (0.8 s)
      • [Progreso:  49/120] | [MOEAD_TCHE-greedy_multi-HUX] ejecución 18/30 (0.7 s)
      • [Progreso:  50/120] | [MOEAD_TCHE-greedy_multi-HUX] ejecución 20/30 (0.8 s)
      • [Progreso:  51/120] | [MOEAD_TCHE-greedy_multi-HUX] ejecución 24/30 (0.6 s)
      • [Progreso:  52/120] | [MOEAD_TCHE-greedy_multi-HUX] ejecución 19/30 (0.8 s)
      • [Progreso:  53/120] | [MOEAD_TCHE-greedy_multi-HUX] ejecución 22/30 (0.8 s)
      • [Progreso:  54/120] | [MOEAD_TCHE-greedy_multi-HUX] ejecución 21/30 (0.9 s)
      • [Progreso:  55/120] | [MOEAD_TCHE-greedy_multi-HUX] ejecución 25/30 (0.8 s)
      • [Progreso:  56/120] | [MOEAD_TCHE-greedy_multi-1P] ejecución 1/30 (0.4 s)
      • [Progreso:  57/120] | [MOEAD_TCHE-greedy_multi-1P] ejecución 2/30 (0.4 s)
      • [Progreso:  58/120] | [MOEAD_TCHE-greedy_multi-HUX] ejecución 28/30 (0.7 s)
      • [Progreso:  59/120] | [MOEAD_TCHE-greedy_multi-HUX] ejecución 26/30 (0.9 s)
      • [Progreso:  60/120] | [MOEAD_TCHE-greedy_multi-HUX] ejecución 27/30 (0.8 s)
      • [Progreso:  61/120] | [MOEAD_TCHE-greedy_multi-1P] ejecución 4/30 (0.4 s)
      • [Progreso:  62/120] | [MOEAD_TCHE-greedy_multi-1P] ejecución 3/30 (0.6 s)
      • [Progreso:  63/120] | [MOEAD_TCHE-greedy_multi-HUX] ejecución 29/30 (0.8 s)
      • [Progreso:  64/120] | [MOEAD_TCHE-greedy_multi-HUX] ejecución 30/30 (0.7 s)
      • [Progreso:  65/120] | [MOEAD_TCHE-greedy_multi-1P] ejecución 10/30 (0.3 s)
      • [Progreso:  66/120] | [MOEAD_TCHE-greedy_multi-1P] ejecución 7/30 (0.5 s)
      • [Progreso:  67/120] | [MOEAD_TCHE-greedy_multi-1P] ejecución 5/30 (0.6 s)
      • [Progreso:  68/120] | [MOEAD_TCHE-greedy_multi-1P] ejecución 6/30 (0.6 s)
      • [Progreso:  69/120] | [MOEAD_TCHE-greedy_multi-1P] ejecución 8/30 (0.6 s)
      • [Progreso:  70/120] | [MOEAD_TCHE-greedy_multi-1P] ejecución 12/30 (0.4 s)
      • [Progreso:  71/120] | [MOEAD_TCHE-greedy_multi-1P] ejecución 11/30 (0.5 s)
      • [Progreso:  72/120] | [MOEAD_TCHE-greedy_multi-1P] ejecución 9/30 (0.5 s)
      • [Progreso:  73/120] | [MOEAD_TCHE-greedy_multi-1P] ejecución 14/30 (0.5 s)
      • [Progreso:  74/120] | [MOEAD_TCHE-greedy_multi-1P] ejecución 19/30 (0.4 s)
      • [Progreso:  75/120] | [MOEAD_TCHE-greedy_multi-1P] ejecución 13/30 (0.6 s)
      • [Progreso:  76/120] | [MOEAD_TCHE-greedy_multi-1P] ejecución 15/30 (0.6 s)
      • [Progreso:  77/120] | [MOEAD_TCHE-greedy_multi-1P] ejecución 16/30 (0.6 s)
      • [Progreso:  78/120] | [MOEAD_TCHE-greedy_multi-1P] ejecución 21/30 (0.4 s)
      • [Progreso:  79/120] | [MOEAD_TCHE-greedy_multi-1P] ejecución 20/30 (0.4 s)
      • [Progreso:  80/120] | [MOEAD_TCHE-greedy_multi-1P] ejecución 18/30 (0.5 s)
      • [Progreso:  81/120] | [MOEAD_TCHE-greedy_multi-1P] ejecución 17/30 (0.5 s)
      • [Progreso:  82/120] | [MOEAD_TCHE-greedy_multi-1P] ejecución 22/30 (0.5 s)
      • [Progreso:  83/120] | [MOEAD_TCHE-greedy_multi-1P] ejecución 24/30 (0.5 s)
      • [Progreso:  84/120] | [MOEAD_TCHE-greedy_multi-1P] ejecución 26/30 (0.5 s)
      • [Progreso:  85/120] | [MOEAD_TCHE-greedy_multi-1P] ejecución 23/30 (0.5 s)
      • [Progreso:  86/120] | [MOEAD_TCHE-greedy_multi-1P] ejecución 27/30 (0.4 s)
      • [Progreso:  87/120] | [MOEAD_TCHE-greedy_multi-1P] ejecución 25/30 (0.5 s)
      • [Progreso:  88/120] | [MOEAD_TCHE-greedy_multi-1P] ejecución 28/30 (0.3 s)
      • [Progreso:  89/120] | [MOEAD_TCHE-greedy_multi-1P] ejecución 29/30 (0.4 s)
      • [Progreso:  90/120] | [MOEAD_TCHE-greedy_multi-2P] ejecución 8/30 (0.4 s)
      • [Progreso:  91/120] | [MOEAD_TCHE-greedy_multi-1P] ejecución 30/30 (0.6 s)
      • [Progreso:  92/120] | [MOEAD_TCHE-greedy_multi-2P] ejecución 2/30 (0.6 s)
      • [Progreso:  93/120] | [MOEAD_TCHE-greedy_multi-2P] ejecución 7/30 (0.5 s)
      • [Progreso:  94/120] | [MOEAD_TCHE-greedy_multi-2P] ejecución 5/30 (0.6 s)
      • [Progreso:  95/120] | [MOEAD_TCHE-greedy_multi-2P] ejecución 1/30 (0.7 s)
      • [Progreso:  96/120] | [MOEAD_TCHE-greedy_multi-2P] ejecución 12/30 (0.5 s)
      • [Progreso:  97/120] | [MOEAD_TCHE-greedy_multi-2P] ejecución 3/30 (0.7 s)
      • [Progreso:  98/120] | [MOEAD_TCHE-greedy_multi-2P] ejecución 6/30 (0.7 s)
      • [Progreso:  99/120] | [MOEAD_TCHE-greedy_multi-2P] ejecución 13/30 (0.4 s)
      • [Progreso: 100/120] | [MOEAD_TCHE-greedy_multi-2P] ejecución 4/30 (0.8 s)
      • [Progreso: 101/120] | [MOEAD_TCHE-greedy_multi-2P] ejecución 11/30 (0.6 s)
      • [Progreso: 102/120] | [MOEAD_TCHE-greedy_multi-2P] ejecución 10/30 (0.6 s)
      • [Progreso: 103/120] | [MOEAD_TCHE-greedy_multi-2P] ejecución 14/30 (0.4 s)
      • [Progreso: 104/120] | [MOEAD_TCHE-greedy_multi-2P] ejecución 9/30 (0.8 s)
      • [Progreso: 105/120] | [MOEAD_TCHE-greedy_multi-2P] ejecución 16/30 (0.6 s)
      • [Progreso: 106/120] | [MOEAD_TCHE-greedy_multi-2P] ejecución 24/30 (0.4 s)
      • [Progreso: 107/120] | [MOEAD_TCHE-greedy_multi-2P] ejecución 15/30 (0.7 s)
      • [Progreso: 108/120] | [MOEAD_TCHE-greedy_multi-2P] ejecución 19/30 (0.5 s)
      • [Progreso: 109/120] | [MOEAD_TCHE-greedy_multi-2P] ejecución 17/30 (0.6 s)
      • [Progreso: 110/120] | [MOEAD_TCHE-greedy_multi-2P] ejecución 18/30 (0.6 s)
      • [Progreso: 111/120] | [MOEAD_TCHE-greedy_multi-2P] ejecución 27/30 (0.4 s)
      • [Progreso: 112/120] | [MOEAD_TCHE-greedy_multi-2P] ejecución 21/30 (0.6 s)
      • [Progreso: 113/120] | [MOEAD_TCHE-greedy_multi-2P] ejecución 23/30 (0.6 s)
      • [Progreso: 114/120] | [MOEAD_TCHE-greedy_multi-2P] ejecución 20/30 (0.7 s)
      • [Progreso: 115/120] | [MOEAD_TCHE-greedy_multi-2P] ejecución 22/30 (0.7 s)
      • [Progreso: 116/120] | [MOEAD_TCHE-greedy_multi-2P] ejecución 25/30 (0.7 s)
      • [Progreso: 117/120] | [MOEAD_TCHE-greedy_multi-2P] ejecución 28/30 (0.5 s)
      • [Progreso: 118/120] | [MOEAD_TCHE-greedy_multi-2P] ejecución 29/30 (0.4 s)
      • [Progreso: 119/120] | [MOEAD_TCHE-greedy_multi-2P] ejecución 26/30 (0.7 s)
      • [Progreso: 120/120] | [MOEAD_TCHE-greedy_multi-2P] ejecución 30/30 (0.4 s)
      • Métricas generacionales completadas: 120 ejecuciones en 8.1s

  📊  [1mTrazabilidad y Exportación de Datos (CSV)[0m
  ───────────────────────────────────────────────
      🖼️  Resultados detallados por ejecución: ]8;;file:///home/cofer/Documents/University/TFG/snp_tag_tfg/snp_tag/results/full_30/hinds2005/greedy_multi/20260602T014901/1_ejecuciones/resultados_detallados_full_30.csv\ [36mresultados_detallados_full_30.csv[0m]8;;\
      🖼️  Historial evolutivo generacional: ]8;;file:///home/cofer/Documents/University/TFG/snp_tag_tfg/snp_tag/results/full_30/hinds2005/greedy_multi/20260602T014901/1_ejecuciones/historico_generacional_full_30.csv\ [36mhistorico_generacional_full_30.csv[0m]8;;\
      🖼️  Soluciones de frentes finales (CSV): ]8;;file:///home/cofer/Documents/University/TFG/snp_tag_tfg/snp_tag/results/full_30/hinds2005/greedy_multi/20260602T014901/1_ejecuciones/frentes_pareto_full_30.csv\ [36mfrentes_pareto_full_30.csv[0m]8;;\
      🖼️  Configuración del experimento (INI): ]8;;file:///home/cofer/Documents/University/TFG/snp_tag_tfg/snp_tag/results/full_30/hinds2005/greedy_multi/20260602T014901/1_ejecuciones/user_config_full_30.ini\ [36muser_config_full_30.ini[0m]8;;\

  📍  [1mPuntos Críticos del Espacio de Objetivos[0m
  ──────────────────────────────────────────────
      • [1mPunto Ideal Empírico (mejor)[0m: [  7.         -15.         -29.72251773   1.58163259]
      • [1mPunto Nadir Empírico (peor)[0m: [66.         -1.         -3.35549645 30.11360643]
      • [1mPunto Ideal Teórico (Ref)[0m: [   1.         -128.         -255.78368794    0.        ]
      • [1mPunto Nadir Teórico (Ref)[0m: [ 7.72000000e+02 -1.05754007e-14 -1.05754007e-14  2.14008441e+03]
      • [1mPunto Ref. Hipervolumen (1.1)[0m: [ 849.1          12.8          25.5783688  2354.09285625]

[93m[1m╔══════════════════════════════════════════════════════════════════════════════╗
[93m[1m║                           REPORTES Y VISUALIZACIÓN                           ║
[93m[1m╚══════════════════════════════════════════════════════════════════════════════╝[0m

  🔍  [1mDistribución y Correlación de Frentes de Pareto[0m
  ─────────────────────────────────────────────────────

  🔗  [1mCorrelación de Objetivos[0m
  ──────────────────────────────
      🖼️  Correlación objetivos Pareto (Valores Reales): ]8;;file:///home/cofer/Documents/University/TFG/snp_tag_tfg/snp_tag/results/full_30/hinds2005/greedy_multi/20260602T014901/2_comparativa/1_frentes/otros/correlacion_objetivos_pareto_full_30.png\ [36mcorrelacion_objetivos_pareto_full_30.png[0m]8;;\

  📈  [1mCoordenadas Paralelas[0m
  ───────────────────────────
      🖼️  Coordenadas paralelas MOEAD_TCHE (greedy_multi+1P): ]8;;file:///home/cofer/Documents/University/TFG/snp_tag_tfg/snp_tag/results/full_30/hinds2005/greedy_multi/20260602T014901/2_comparativa/1_frentes/coordenadas_paralelas/coordenadas_paralelas_MOEAD_TCHE_greedy_multi+1P_full_30.png\ [36mcoordenadas_paralelas_MOEAD_TCHE_greedy_multi+1P_full_30.png[0m]8;;\
      🖼️  Coordenadas paralelas MOEAD_TCHE (greedy_multi+2P): ]8;;file:///home/cofer/Documents/University/TFG/snp_tag_tfg/snp_tag/results/full_30/hinds2005/greedy_multi/20260602T014901/2_comparativa/1_frentes/coordenadas_paralelas/coordenadas_paralelas_MOEAD_TCHE_greedy_multi+2P_full_30.png\ [36mcoordenadas_paralelas_MOEAD_TCHE_greedy_multi+2P_full_30.png[0m]8;;\
      🖼️  Coordenadas paralelas MOEAD_TCHE (greedy_multi+HUX): ]8;;file:///home/cofer/Documents/University/TFG/snp_tag_tfg/snp_tag/results/full_30/hinds2005/greedy_multi/20260602T014901/2_comparativa/1_frentes/coordenadas_paralelas/coordenadas_paralelas_MOEAD_TCHE_greedy_multi+HUX_full_30.png\ [36mcoordenadas_paralelas_MOEAD_TCHE_greedy_multi+HUX_full_30.png[0m]8;;\
      🖼️  Coordenadas paralelas MOEAD_TCHE (greedy_multi+UX): ]8;;file:///home/cofer/Documents/University/TFG/snp_tag_tfg/snp_tag/results/full_30/hinds2005/greedy_multi/20260602T014901/2_comparativa/1_frentes/coordenadas_paralelas/coordenadas_paralelas_MOEAD_TCHE_greedy_multi+UX_full_30.png\ [36mcoordenadas_paralelas_MOEAD_TCHE_greedy_multi+UX_full_30.png[0m]8;;\

  🎯  [1mFrentes de Pareto[0m
  ───────────────────────
      🖼️  Frente Pareto MOEAD_TCHE (greedy_multi+1P): ]8;;file:///home/cofer/Documents/University/TFG/snp_tag_tfg/snp_tag/results/full_30/hinds2005/greedy_multi/20260602T014901/2_comparativa/1_frentes/frentes_pareto/frentes_pareto_moead_tche_greedy_multi+1p_full_30.png\ [36mfrentes_pareto_moead_tche_greedy_multi+1p_full_30.png[0m]8;;\
      🖼️  Frente Pareto MOEAD_TCHE (greedy_multi+2P): ]8;;file:///home/cofer/Documents/University/TFG/snp_tag_tfg/snp_tag/results/full_30/hinds2005/greedy_multi/20260602T014901/2_comparativa/1_frentes/frentes_pareto/frentes_pareto_moead_tche_greedy_multi+2p_full_30.png\ [36mfrentes_pareto_moead_tche_greedy_multi+2p_full_30.png[0m]8;;\
      🖼️  Frente Pareto MOEAD_TCHE (greedy_multi+HUX): ]8;;file:///home/cofer/Documents/University/TFG/snp_tag_tfg/snp_tag/results/full_30/hinds2005/greedy_multi/20260602T014901/2_comparativa/1_frentes/frentes_pareto/frentes_pareto_moead_tche_greedy_multi+hux_full_30.png\ [36mfrentes_pareto_moead_tche_greedy_multi+hux_full_30.png[0m]8;;\
      🖼️  Frente Pareto MOEAD_TCHE (greedy_multi+UX): ]8;;file:///home/cofer/Documents/University/TFG/snp_tag_tfg/snp_tag/results/full_30/hinds2005/greedy_multi/20260602T014901/2_comparativa/1_frentes/frentes_pareto/frentes_pareto_moead_tche_greedy_multi+ux_full_30.png\ [36mfrentes_pareto_moead_tche_greedy_multi+ux_full_30.png[0m]8;;\
      🖼️  Frente Agregado: Frentes de Pareto Agregados: MOEAD_TCHE: ]8;;file:///home/cofer/Documents/University/TFG/snp_tag_tfg/snp_tag/results/full_30/hinds2005/greedy_multi/20260602T014901/2_comparativa/1_frentes/frentes_pareto/frentes_pareto_agregados_moead_tche_full_30.png\ [36mfrentes_pareto_agregados_moead_tche_full_30.png[0m]8;;\
      🖼️  Frente Agregado: Comparativa Global de Frentes de Pareto: ]8;;file:///home/cofer/Documents/University/TFG/snp_tag_tfg/snp_tag/results/full_30/hinds2005/greedy_multi/20260602T014901/2_comparativa/1_frentes/frentes_pareto/frentes_pareto_global_full_30.png\ [36mfrentes_pareto_global_full_30.png[0m]8;;\
      • Tiempo bloque 'Frentes de Pareto': 7.2s

  🔄  [1mAnálisis de Convergencia Progresiva[0m
  ─────────────────────────────────────────
      🖼️  Convergencia por métrica (Range) con subplots por algoritmo: ]8;;file:///home/cofer/Documents/University/TFG/snp_tag_tfg/snp_tag/results/full_30/hinds2005/greedy_multi/20260602T014901/2_comparativa/2_metricas_convergencia/convergencia_range_full_30.png\ [36mconvergencia_range_full_30.png[0m]8;;\
      🖼️  Convergencia por métrica (MinSum) con subplots por algoritmo: ]8;;file:///home/cofer/Documents/University/TFG/snp_tag_tfg/snp_tag/results/full_30/hinds2005/greedy_multi/20260602T014901/2_comparativa/2_metricas_convergencia/convergencia_minsum_full_30.png\ [36mconvergencia_minsum_full_30.png[0m]8;;\
      🖼️  Convergencia por métrica (SumMin) con subplots por algoritmo: ]8;;file:///home/cofer/Documents/University/TFG/snp_tag_tfg/snp_tag/results/full_30/hinds2005/greedy_multi/20260602T014901/2_comparativa/2_metricas_convergencia/convergencia_summin_full_30.png\ [36mconvergencia_summin_full_30.png[0m]8;;\
      🖼️  Convergencia por métrica (MaxToleranceRate) con subplots por algoritmo: ]8;;file:///home/cofer/Documents/University/TFG/snp_tag_tfg/snp_tag/results/full_30/hinds2005/greedy_multi/20260602T014901/2_comparativa/2_metricas_convergencia/convergencia_maxtolerancerate_full_30.png\ [36mconvergencia_maxtolerancerate_full_30.png[0m]8;;\
      🖼️  Convergencia por métrica (AvgToleranceRate) con subplots por algoritmo: ]8;;file:///home/cofer/Documents/University/TFG/snp_tag_tfg/snp_tag/results/full_30/hinds2005/greedy_multi/20260602T014901/2_comparativa/2_metricas_convergencia/convergencia_avgtolerancerate_full_30.png\ [36mconvergencia_avgtolerancerate_full_30.png[0m]8;;\
      🖼️  Convergencia por métrica (AvgHammingDistance) con subplots por algoritmo: ]8;;file:///home/cofer/Documents/University/TFG/snp_tag_tfg/snp_tag/results/full_30/hinds2005/greedy_multi/20260602T014901/2_comparativa/2_metricas_convergencia/convergencia_avghammingdistance_full_30.png\ [36mconvergencia_avghammingdistance_full_30.png[0m]8;;\
      🖼️  Convergencia por métrica (Hypervolume) con subplots por algoritmo: ]8;;file:///home/cofer/Documents/University/TFG/snp_tag_tfg/snp_tag/results/full_30/hinds2005/greedy_multi/20260602T014901/2_comparativa/2_metricas_convergencia/convergencia_hypervolume_full_30.png\ [36mconvergencia_hypervolume_full_30.png[0m]8;;\
      🖼️  Convergencia por métrica (IGD+) con subplots por algoritmo: ]8;;file:///home/cofer/Documents/University/TFG/snp_tag_tfg/snp_tag/results/full_30/hinds2005/greedy_multi/20260602T014901/2_comparativa/2_metricas_convergencia/convergencia_igd+_full_30.png\ [36mconvergencia_igd+_full_30.png[0m]8;;\
      🖼️  Convergencia por métrica (GD+) con subplots por algoritmo: ]8;;file:///home/cofer/Documents/University/TFG/snp_tag_tfg/snp_tag/results/full_30/hinds2005/greedy_multi/20260602T014901/2_comparativa/2_metricas_convergencia/convergencia_gd+_full_30.png\ [36mconvergencia_gd+_full_30.png[0m]8;;\

  📊  [1mSíntesis Estadística Comparativa[0m
  ──────────────────────────────────────

  📦  [1mResumen Global (Boxplots)[0m
  ───────────────────────────────
      🖼️  Panel de Boxplots comparativos: ]8;;file:///home/cofer/Documents/University/TFG/snp_tag_tfg/snp_tag/results/full_30/hinds2005/greedy_multi/20260602T014901/2_comparativa/3_sintesis/0_boxplots/boxplots_metricas_finales_full_30.png\ [36mboxplots_metricas_finales_full_30.png[0m]8;;\
      🖼️  Distribución Range (Boxplot): ]8;;file:///home/cofer/Documents/University/TFG/snp_tag_tfg/snp_tag/results/full_30/hinds2005/greedy_multi/20260602T014901/2_comparativa/3_sintesis/0_boxplots/boxplot_metricas_Range_full_30.png\ [36mboxplot_metricas_Range_full_30.png[0m]8;;\
      🖼️  Distribución SumMin (Boxplot): ]8;;file:///home/cofer/Documents/University/TFG/snp_tag_tfg/snp_tag/results/full_30/hinds2005/greedy_multi/20260602T014901/2_comparativa/3_sintesis/0_boxplots/boxplot_metricas_SumMin_full_30.png\ [36mboxplot_metricas_SumMin_full_30.png[0m]8;;\
      🖼️  Distribución MinSum (Boxplot): ]8;;file:///home/cofer/Documents/University/TFG/snp_tag_tfg/snp_tag/results/full_30/hinds2005/greedy_multi/20260602T014901/2_comparativa/3_sintesis/0_boxplots/boxplot_metricas_MinSum_full_30.png\ [36mboxplot_metricas_MinSum_full_30.png[0m]8;;\
      🖼️  Distribución MaxToleranceRate (Boxplot): ]8;;file:///home/cofer/Documents/University/TFG/snp_tag_tfg/snp_tag/results/full_30/hinds2005/greedy_multi/20260602T014901/2_comparativa/3_sintesis/0_boxplots/boxplot_metricas_MaxToleranceRate_full_30.png\ [36mboxplot_metricas_MaxToleranceRate_full_30.png[0m]8;;\
      🖼️  Distribución AvgToleranceRate (Boxplot): ]8;;file:///home/cofer/Documents/University/TFG/snp_tag_tfg/snp_tag/results/full_30/hinds2005/greedy_multi/20260602T014901/2_comparativa/3_sintesis/0_boxplots/boxplot_metricas_AvgToleranceRate_full_30.png\ [36mboxplot_metricas_AvgToleranceRate_full_30.png[0m]8;;\
      🖼️  Distribución AvgHammingDistance (Boxplot): ]8;;file:///home/cofer/Documents/University/TFG/snp_tag_tfg/snp_tag/results/full_30/hinds2005/greedy_multi/20260602T014901/2_comparativa/3_sintesis/0_boxplots/boxplot_metricas_AvgHammingDistance_full_30.png\ [36mboxplot_metricas_AvgHammingDistance_full_30.png[0m]8;;\
      🖼️  Distribución Hypervolume (Boxplot): ]8;;file:///home/cofer/Documents/University/TFG/snp_tag_tfg/snp_tag/results/full_30/hinds2005/greedy_multi/20260602T014901/2_comparativa/3_sintesis/0_boxplots/boxplot_metricas_Hypervolume_full_30.png\ [36mboxplot_metricas_Hypervolume_full_30.png[0m]8;;\
      🖼️  Distribución IGD+ (Boxplot): ]8;;file:///home/cofer/Documents/University/TFG/snp_tag_tfg/snp_tag/results/full_30/hinds2005/greedy_multi/20260602T014901/2_comparativa/3_sintesis/0_boxplots/boxplot_metricas_IGD+_full_30.png\ [36mboxplot_metricas_IGD+_full_30.png[0m]8;;\
      🖼️  Distribución GD+ (Boxplot): ]8;;file:///home/cofer/Documents/University/TFG/snp_tag_tfg/snp_tag/results/full_30/hinds2005/greedy_multi/20260602T014901/2_comparativa/3_sintesis/0_boxplots/boxplot_metricas_GD+_full_30.png\ [36mboxplot_metricas_GD+_full_30.png[0m]8;;\

  🎻  [1mDistribuciones Detalladas (Violin Plots)[0m
  ──────────────────────────────────────────────
      🖼️  Panel de Distribución Violin: ]8;;file:///home/cofer/Documents/University/TFG/snp_tag_tfg/snp_tag/results/full_30/hinds2005/greedy_multi/20260602T014901/2_comparativa/3_sintesis/1_violines/violin_panel_metricas_finales_full_30.png\ [36mviolin_panel_metricas_finales_full_30.png[0m]8;;\
      🖼️  Distribución Range (Violin): ]8;;file:///home/cofer/Documents/University/TFG/snp_tag_tfg/snp_tag/results/full_30/hinds2005/greedy_multi/20260602T014901/2_comparativa/3_sintesis/1_violines/violin_metricas_Range_full_30.png\ [36mviolin_metricas_Range_full_30.png[0m]8;;\
      🖼️  Distribución SumMin (Violin): ]8;;file:///home/cofer/Documents/University/TFG/snp_tag_tfg/snp_tag/results/full_30/hinds2005/greedy_multi/20260602T014901/2_comparativa/3_sintesis/1_violines/violin_metricas_SumMin_full_30.png\ [36mviolin_metricas_SumMin_full_30.png[0m]8;;\
      🖼️  Distribución MinSum (Violin): ]8;;file:///home/cofer/Documents/University/TFG/snp_tag_tfg/snp_tag/results/full_30/hinds2005/greedy_multi/20260602T014901/2_comparativa/3_sintesis/1_violines/violin_metricas_MinSum_full_30.png\ [36mviolin_metricas_MinSum_full_30.png[0m]8;;\
      🖼️  Distribución MaxToleranceRate (Violin): ]8;;file:///home/cofer/Documents/University/TFG/snp_tag_tfg/snp_tag/results/full_30/hinds2005/greedy_multi/20260602T014901/2_comparativa/3_sintesis/1_violines/violin_metricas_MaxToleranceRate_full_30.png\ [36mviolin_metricas_MaxToleranceRate_full_30.png[0m]8;;\
      🖼️  Distribución AvgToleranceRate (Violin): ]8;;file:///home/cofer/Documents/University/TFG/snp_tag_tfg/snp_tag/results/full_30/hinds2005/greedy_multi/20260602T014901/2_comparativa/3_sintesis/1_violines/violin_metricas_AvgToleranceRate_full_30.png\ [36mviolin_metricas_AvgToleranceRate_full_30.png[0m]8;;\
      🖼️  Distribución AvgHammingDistance (Violin): ]8;;file:///home/cofer/Documents/University/TFG/snp_tag_tfg/snp_tag/results/full_30/hinds2005/greedy_multi/20260602T014901/2_comparativa/3_sintesis/1_violines/violin_metricas_AvgHammingDistance_full_30.png\ [36mviolin_metricas_AvgHammingDistance_full_30.png[0m]8;;\
      🖼️  Distribución Hypervolume (Violin): ]8;;file:///home/cofer/Documents/University/TFG/snp_tag_tfg/snp_tag/results/full_30/hinds2005/greedy_multi/20260602T014901/2_comparativa/3_sintesis/1_violines/violin_metricas_Hypervolume_full_30.png\ [36mviolin_metricas_Hypervolume_full_30.png[0m]8;;\
      🖼️  Distribución IGD+ (Violin): ]8;;file:///home/cofer/Documents/University/TFG/snp_tag_tfg/snp_tag/results/full_30/hinds2005/greedy_multi/20260602T014901/2_comparativa/3_sintesis/1_violines/violin_metricas_IGD+_full_30.png\ [36mviolin_metricas_IGD+_full_30.png[0m]8;;\
      🖼️  Distribución GD+ (Violin): ]8;;file:///home/cofer/Documents/University/TFG/snp_tag_tfg/snp_tag/results/full_30/hinds2005/greedy_multi/20260602T014901/2_comparativa/3_sintesis/1_violines/violin_metricas_GD+_full_30.png\ [36mviolin_metricas_GD+_full_30.png[0m]8;;\

  📉  [1mAnálisis de Tendencia Central (Media ± Std)[0m
  ─────────────────────────────────────────────────
      🖼️  Panel de Tendencia Central (Media ± Std): ]8;;file:///home/cofer/Documents/University/TFG/snp_tag_tfg/snp_tag/results/full_30/hinds2005/greedy_multi/20260602T014901/2_comparativa/3_sintesis/2_barras/media_std_panel_metricas_finales_full_30.png\ [36mmedia_std_panel_metricas_finales_full_30.png[0m]8;;\
      🖼️  Media ± std Range: ]8;;file:///home/cofer/Documents/University/TFG/snp_tag_tfg/snp_tag/results/full_30/hinds2005/greedy_multi/20260602T014901/2_comparativa/3_sintesis/2_barras/media_std_metricas_Range_full_30.png\ [36mmedia_std_metricas_Range_full_30.png[0m]8;;\
      🖼️  Media ± std SumMin: ]8;;file:///home/cofer/Documents/University/TFG/snp_tag_tfg/snp_tag/results/full_30/hinds2005/greedy_multi/20260602T014901/2_comparativa/3_sintesis/2_barras/media_std_metricas_SumMin_full_30.png\ [36mmedia_std_metricas_SumMin_full_30.png[0m]8;;\
      🖼️  Media ± std MinSum: ]8;;file:///home/cofer/Documents/University/TFG/snp_tag_tfg/snp_tag/results/full_30/hinds2005/greedy_multi/20260602T014901/2_comparativa/3_sintesis/2_barras/media_std_metricas_MinSum_full_30.png\ [36mmedia_std_metricas_MinSum_full_30.png[0m]8;;\
      🖼️  Media ± std MaxToleranceRate: ]8;;file:///home/cofer/Documents/University/TFG/snp_tag_tfg/snp_tag/results/full_30/hinds2005/greedy_multi/20260602T014901/2_comparativa/3_sintesis/2_barras/media_std_metricas_MaxToleranceRate_full_30.png\ [36mmedia_std_metricas_MaxToleranceRate_full_30.png[0m]8;;\
      🖼️  Media ± std AvgToleranceRate: ]8;;file:///home/cofer/Documents/University/TFG/snp_tag_tfg/snp_tag/results/full_30/hinds2005/greedy_multi/20260602T014901/2_comparativa/3_sintesis/2_barras/media_std_metricas_AvgToleranceRate_full_30.png\ [36mmedia_std_metricas_AvgToleranceRate_full_30.png[0m]8;;\
      🖼️  Media ± std AvgHammingDistance: ]8;;file:///home/cofer/Documents/University/TFG/snp_tag_tfg/snp_tag/results/full_30/hinds2005/greedy_multi/20260602T014901/2_comparativa/3_sintesis/2_barras/media_std_metricas_AvgHammingDistance_full_30.png\ [36mmedia_std_metricas_AvgHammingDistance_full_30.png[0m]8;;\
      🖼️  Media ± std Hypervolume: ]8;;file:///home/cofer/Documents/University/TFG/snp_tag_tfg/snp_tag/results/full_30/hinds2005/greedy_multi/20260602T014901/2_comparativa/3_sintesis/2_barras/media_std_metricas_Hypervolume_full_30.png\ [36mmedia_std_metricas_Hypervolume_full_30.png[0m]8;;\
      🖼️  Media ± std IGD+: ]8;;file:///home/cofer/Documents/University/TFG/snp_tag_tfg/snp_tag/results/full_30/hinds2005/greedy_multi/20260602T014901/2_comparativa/3_sintesis/2_barras/media_std_metricas_IGD+_full_30.png\ [36mmedia_std_metricas_IGD+_full_30.png[0m]8;;\
      🖼️  Media ± std GD+: ]8;;file:///home/cofer/Documents/University/TFG/snp_tag_tfg/snp_tag/results/full_30/hinds2005/greedy_multi/20260602T014901/2_comparativa/3_sintesis/2_barras/media_std_metricas_GD+_full_30.png\ [36mmedia_std_metricas_GD+_full_30.png[0m]8;;\

  🏆  [1mRanking por Métrica[0m
  ─────────────────────────
    • [1mRange[0m (↑)
          1. MOEAD_TCHE (greedy_multi+UX): 0.2170 ± 0.0253
          2. MOEAD_TCHE (greedy_multi+HUX): 0.2126 ± 0.0204
          3. MOEAD_TCHE (greedy_multi+2P): 0.1903 ± 0.0194
          4. MOEAD_TCHE (greedy_multi+1P): 0.1677 ± 0.0238
         • [1mPara más detalles[0m: ]8;;file:///home/cofer/Documents/University/TFG/snp_tag_tfg/snp_tag/results/full_30/hinds2005/greedy_multi/20260602T014901/2_comparativa/4_rankings/ranking_Range_full_30.csv\ [36mranking_Range_full_30.csv[0m]8;;\

         📊  [1mVALIDACIÓN ESTADÍSTICA (Range)[0m
         ─────────────────────────────────
             Estadístico H (Kruskal-Wallis): 54.2982
             P-valor: 9.6919e-12
             Significativo (p < 0.05): Sí

                   🖼️  Heatmap de Comparaciones Dunn (Post-hoc): ]8;;file:///home/cofer/Documents/University/TFG/snp_tag_tfg/snp_tag/results/full_30/hinds2005/greedy_multi/20260602T014901/2_comparativa/4_rankings/estadistica_hv/heatmap_dunn_range_full_30.png\ [36mheatmap_dunn_range_full_30.png[0m]8;;\
                   🖼️  Diagrama de Diferencia Crítica (CD): ]8;;file:///home/cofer/Documents/University/TFG/snp_tag_tfg/snp_tag/results/full_30/hinds2005/greedy_multi/20260602T014901/2_comparativa/4_rankings/estadistica_hv/diagrama_cd_range_full_30.png\ [36mdiagrama_cd_range_full_30.png[0m]8;;\

    • [1mMinSum[0m (↓)
          1. MOEAD_TCHE (greedy_multi+UX): 1.8986 ± 0.0123
          2. MOEAD_TCHE (greedy_multi+HUX): 1.8995 ± 0.0095
          3. MOEAD_TCHE (greedy_multi+2P): 1.9078 ± 0.0098
          4. MOEAD_TCHE (greedy_multi+1P): 1.9200 ± 0.0112
         • [1mPara más detalles[0m: ]8;;file:///home/cofer/Documents/University/TFG/snp_tag_tfg/snp_tag/results/full_30/hinds2005/greedy_multi/20260602T014901/2_comparativa/4_rankings/ranking_MinSum_full_30.csv\ [36mranking_MinSum_full_30.csv[0m]8;;\

         📊  [1mVALIDACIÓN ESTADÍSTICA (MinSum)[0m
         ──────────────────────────────────
             Estadístico H (Kruskal-Wallis): 50.9802
             P-valor: 4.9398e-11
             Significativo (p < 0.05): Sí

                   🖼️  Heatmap de Comparaciones Dunn (Post-hoc): ]8;;file:///home/cofer/Documents/University/TFG/snp_tag_tfg/snp_tag/results/full_30/hinds2005/greedy_multi/20260602T014901/2_comparativa/4_rankings/estadistica_hv/heatmap_dunn_minsum_full_30.png\ [36mheatmap_dunn_minsum_full_30.png[0m]8;;\
                   🖼️  Diagrama de Diferencia Crítica (CD): ]8;;file:///home/cofer/Documents/University/TFG/snp_tag_tfg/snp_tag/results/full_30/hinds2005/greedy_multi/20260602T014901/2_comparativa/4_rankings/estadistica_hv/diagrama_cd_minsum_full_30.png\ [36mdiagrama_cd_minsum_full_30.png[0m]8;;\

    • [1mSumMin[0m (↓)
          1. MOEAD_TCHE (greedy_multi+UX): 1.8350 ± 0.0187
          2. MOEAD_TCHE (greedy_multi+HUX): 1.8376 ± 0.0149
          3. MOEAD_TCHE (greedy_multi+2P): 1.8530 ± 0.0144
          4. MOEAD_TCHE (greedy_multi+1P): 1.8704 ± 0.0171
         • [1mPara más detalles[0m: ]8;;file:///home/cofer/Documents/University/TFG/snp_tag_tfg/snp_tag/results/full_30/hinds2005/greedy_multi/20260602T014901/2_comparativa/4_rankings/ranking_SumMin_full_30.csv\ [36mranking_SumMin_full_30.csv[0m]8;;\

         📊  [1mVALIDACIÓN ESTADÍSTICA (SumMin)[0m
         ──────────────────────────────────
             Estadístico H (Kruskal-Wallis): 53.2652
             P-valor: 1.6095e-11
             Significativo (p < 0.05): Sí

                   🖼️  Heatmap de Comparaciones Dunn (Post-hoc): ]8;;file:///home/cofer/Documents/University/TFG/snp_tag_tfg/snp_tag/results/full_30/hinds2005/greedy_multi/20260602T014901/2_comparativa/4_rankings/estadistica_hv/heatmap_dunn_summin_full_30.png\ [36mheatmap_dunn_summin_full_30.png[0m]8;;\
                   🖼️  Diagrama de Diferencia Crítica (CD): ]8;;file:///home/cofer/Documents/University/TFG/snp_tag_tfg/snp_tag/results/full_30/hinds2005/greedy_multi/20260602T014901/2_comparativa/4_rankings/estadistica_hv/diagrama_cd_summin_full_30.png\ [36mdiagrama_cd_summin_full_30.png[0m]8;;\

    • [1mMaxToleranceRate[0m (↑)
          1. MOEAD_TCHE (greedy_multi+UX): 0.2176 ± 0.0128
          2. MOEAD_TCHE (greedy_multi+HUX): 0.2150 ± 0.0116
          3. MOEAD_TCHE (greedy_multi+2P): 0.2148 ± 0.0154
          4. MOEAD_TCHE (greedy_multi+1P): 0.1969 ± 0.0178
         • [1mPara más detalles[0m: ]8;;file:///home/cofer/Documents/University/TFG/snp_tag_tfg/snp_tag/results/full_30/hinds2005/greedy_multi/20260602T014901/2_comparativa/4_rankings/ranking_MaxToleranceRate_full_30.csv\ [36mranking_MaxToleranceRate_full_30.csv[0m]8;;\

         📊  [1mVALIDACIÓN ESTADÍSTICA (MaxToleranceRate)[0m
         ────────────────────────────────────────────
             Estadístico H (Kruskal-Wallis): 24.8657
             P-valor: 1.6471e-05
             Significativo (p < 0.05): Sí

                   🖼️  Heatmap de Comparaciones Dunn (Post-hoc): ]8;;file:///home/cofer/Documents/University/TFG/snp_tag_tfg/snp_tag/results/full_30/hinds2005/greedy_multi/20260602T014901/2_comparativa/4_rankings/estadistica_hv/heatmap_dunn_maxtolerancerate_full_30.png\ [36mheatmap_dunn_maxtolerancerate_full_30.png[0m]8;;\
                   🖼️  Diagrama de Diferencia Crítica (CD): ]8;;file:///home/cofer/Documents/University/TFG/snp_tag_tfg/snp_tag/results/full_30/hinds2005/greedy_multi/20260602T014901/2_comparativa/4_rankings/estadistica_hv/diagrama_cd_maxtolerancerate_full_30.png\ [36mdiagrama_cd_maxtolerancerate_full_30.png[0m]8;;\

    • [1mAvgToleranceRate[0m (↑)
          1. MOEAD_TCHE (greedy_multi+UX): 0.1477 ± 0.0132
          2. MOEAD_TCHE (greedy_multi+HUX): 0.1463 ± 0.0116
          3. MOEAD_TCHE (greedy_multi+2P): 0.1431 ± 0.0134
          4. MOEAD_TCHE (greedy_multi+1P): 0.1305 ± 0.0177
         • [1mPara más detalles[0m: ]8;;file:///home/cofer/Documents/University/TFG/snp_tag_tfg/snp_tag/results/full_30/hinds2005/greedy_multi/20260602T014901/2_comparativa/4_rankings/ranking_AvgToleranceRate_full_30.csv\ [36mranking_AvgToleranceRate_full_30.csv[0m]8;;\

         📊  [1mVALIDACIÓN ESTADÍSTICA (AvgToleranceRate)[0m
         ────────────────────────────────────────────
             Estadístico H (Kruskal-Wallis): 19.4144
             P-valor: 2.2442e-04
             Significativo (p < 0.05): Sí

                   🖼️  Heatmap de Comparaciones Dunn (Post-hoc): ]8;;file:///home/cofer/Documents/University/TFG/snp_tag_tfg/snp_tag/results/full_30/hinds2005/greedy_multi/20260602T014901/2_comparativa/4_rankings/estadistica_hv/heatmap_dunn_avgtolerancerate_full_30.png\ [36mheatmap_dunn_avgtolerancerate_full_30.png[0m]8;;\
                   🖼️  Diagrama de Diferencia Crítica (CD): ]8;;file:///home/cofer/Documents/University/TFG/snp_tag_tfg/snp_tag/results/full_30/hinds2005/greedy_multi/20260602T014901/2_comparativa/4_rankings/estadistica_hv/diagrama_cd_avgtolerancerate_full_30.png\ [36mdiagrama_cd_avgtolerancerate_full_30.png[0m]8;;\

    • [1mAvgHammingDistance[0m (↑)
          1. MOEAD_TCHE (greedy_multi+UX): 17.2986 ± 1.4113
          2. MOEAD_TCHE (greedy_multi+HUX): 17.0172 ± 1.2501
          3. MOEAD_TCHE (greedy_multi+2P): 15.5732 ± 1.0351
          4. MOEAD_TCHE (greedy_multi+1P): 14.2910 ± 1.3505
         • [1mPara más detalles[0m: ]8;;file:///home/cofer/Documents/University/TFG/snp_tag_tfg/snp_tag/results/full_30/hinds2005/greedy_multi/20260602T014901/2_comparativa/4_rankings/ranking_AvgHammingDistance_full_30.csv\ [36mranking_AvgHammingDistance_full_30.csv[0m]8;;\

         📊  [1mVALIDACIÓN ESTADÍSTICA (AvgHammingDistance)[0m
         ──────────────────────────────────────────────
             Estadístico H (Kruskal-Wallis): 60.0315
             P-valor: 5.7880e-13
             Significativo (p < 0.05): Sí

                   🖼️  Heatmap de Comparaciones Dunn (Post-hoc): ]8;;file:///home/cofer/Documents/University/TFG/snp_tag_tfg/snp_tag/results/full_30/hinds2005/greedy_multi/20260602T014901/2_comparativa/4_rankings/estadistica_hv/heatmap_dunn_avghammingdistance_full_30.png\ [36mheatmap_dunn_avghammingdistance_full_30.png[0m]8;;\
                   🖼️  Diagrama de Diferencia Crítica (CD): ]8;;file:///home/cofer/Documents/University/TFG/snp_tag_tfg/snp_tag/results/full_30/hinds2005/greedy_multi/20260602T014901/2_comparativa/4_rankings/estadistica_hv/diagrama_cd_avghammingdistance_full_30.png\ [36mdiagrama_cd_avghammingdistance_full_30.png[0m]8;;\

    • [1mHypervolume[0m (↑)
          1. MOEAD_TCHE (greedy_multi+UX): 0.0410 ± 0.0041
          2. MOEAD_TCHE (greedy_multi+HUX): 0.0405 ± 0.0031
          3. MOEAD_TCHE (greedy_multi+2P): 0.0373 ± 0.0030
          4. MOEAD_TCHE (greedy_multi+1P): 0.0338 ± 0.0033
         • [1mPara más detalles[0m: ]8;;file:///home/cofer/Documents/University/TFG/snp_tag_tfg/snp_tag/results/full_30/hinds2005/greedy_multi/20260602T014901/2_comparativa/4_rankings/ranking_Hypervolume_full_30.csv\ [36mranking_Hypervolume_full_30.csv[0m]8;;\

         📊  [1mVALIDACIÓN ESTADÍSTICA (Hypervolume)[0m
         ───────────────────────────────────────
             Estadístico H (Kruskal-Wallis): 53.0263
             P-valor: 1.8099e-11
             Significativo (p < 0.05): Sí

                   🖼️  Heatmap de Comparaciones Dunn (Post-hoc): ]8;;file:///home/cofer/Documents/University/TFG/snp_tag_tfg/snp_tag/results/full_30/hinds2005/greedy_multi/20260602T014901/2_comparativa/4_rankings/estadistica_hv/heatmap_dunn_hypervolume_full_30.png\ [36mheatmap_dunn_hypervolume_full_30.png[0m]8;;\
                   🖼️  Diagrama de Diferencia Crítica (CD): ]8;;file:///home/cofer/Documents/University/TFG/snp_tag_tfg/snp_tag/results/full_30/hinds2005/greedy_multi/20260602T014901/2_comparativa/4_rankings/estadistica_hv/diagrama_cd_hypervolume_full_30.png\ [36mdiagrama_cd_hypervolume_full_30.png[0m]8;;\

    • [1mIGD+[0m (↓)
          1. MOEAD_TCHE (greedy_multi+2P): 0.0020 ± 0.0020
          2. MOEAD_TCHE (greedy_multi+1P): 0.0021 ± 0.0014
          3. MOEAD_TCHE (greedy_multi+HUX): 0.0022 ± 0.0016
          4. MOEAD_TCHE (greedy_multi+UX): 0.0022 ± 0.0018
         • [1mPara más detalles[0m: ]8;;file:///home/cofer/Documents/University/TFG/snp_tag_tfg/snp_tag/results/full_30/hinds2005/greedy_multi/20260602T014901/2_comparativa/4_rankings/ranking_IGD+_full_30.csv\ [36mranking_IGD+_full_30.csv[0m]8;;\

         📊  [1mVALIDACIÓN ESTADÍSTICA (IGD+)[0m
         ────────────────────────────────
             Estadístico H (Kruskal-Wallis): 0.6451
             P-valor: 8.8603e-01
             Significativo (p < 0.05): No

                   🖼️  Diagrama de Diferencia Crítica (CD): ]8;;file:///home/cofer/Documents/University/TFG/snp_tag_tfg/snp_tag/results/full_30/hinds2005/greedy_multi/20260602T014901/2_comparativa/4_rankings/estadistica_hv/diagrama_cd_igd+_full_30.png\ [36mdiagrama_cd_igd+_full_30.png[0m]8;;\

    • [1mGD+[0m (↓)
          1. MOEAD_TCHE (greedy_multi+1P): 0.4731 ± 0.0712
          2. MOEAD_TCHE (greedy_multi+2P): 0.5376 ± 0.0549
          3. MOEAD_TCHE (greedy_multi+HUX): 0.6234 ± 0.0715
          4. MOEAD_TCHE (greedy_multi+UX): 0.6431 ± 0.0826
         • [1mPara más detalles[0m: ]8;;file:///home/cofer/Documents/University/TFG/snp_tag_tfg/snp_tag/results/full_30/hinds2005/greedy_multi/20260602T014901/2_comparativa/4_rankings/ranking_GD+_full_30.csv\ [36mranking_GD+_full_30.csv[0m]8;;\

         📊  [1mVALIDACIÓN ESTADÍSTICA (GD+)[0m
         ───────────────────────────────
             Estadístico H (Kruskal-Wallis): 63.5234
             P-valor: 1.0379e-13
             Significativo (p < 0.05): Sí

                   🖼️  Heatmap de Comparaciones Dunn (Post-hoc): ]8;;file:///home/cofer/Documents/University/TFG/snp_tag_tfg/snp_tag/results/full_30/hinds2005/greedy_multi/20260602T014901/2_comparativa/4_rankings/estadistica_hv/heatmap_dunn_gd+_full_30.png\ [36mheatmap_dunn_gd+_full_30.png[0m]8;;\
                   🖼️  Diagrama de Diferencia Crítica (CD): ]8;;file:///home/cofer/Documents/University/TFG/snp_tag_tfg/snp_tag/results/full_30/hinds2005/greedy_multi/20260602T014901/2_comparativa/4_rankings/estadistica_hv/diagrama_cd_gd+_full_30.png\ [36mdiagrama_cd_gd+_full_30.png[0m]8;;\

    • [1mAverage Ranking Overall[0m (↓)
          1. MOEAD_TCHE (greedy_multi+UX): 1.6667 ± 0.0000
          2. MOEAD_TCHE (greedy_multi+HUX): 2.2222 ± 0.0000
          3. MOEAD_TCHE (greedy_multi+2P): 2.6667 ± 0.0000
          4. MOEAD_TCHE (greedy_multi+1P): 3.4444 ± 0.0000
         • [1mPara más detalles[0m: ]8;;file:///home/cofer/Documents/University/TFG/snp_tag_tfg/snp_tag/results/full_30/hinds2005/greedy_multi/20260602T014901/2_comparativa/4_rankings/ranking_Average_Ranking_Overall_full_30.csv\ [36mranking_Average_Ranking_Overall_full_30.csv[0m]8;;\

         📊  [1mTEST DE FRIEDMAN (Método (Algoritmo + Inicialización))[0m
         ───────────────────────────────────────────────────────────
             Estadístico: 9.1333
             P-valor: 2.7570e-02
             Significativo (p < 0.05): Sí

                   🖼️  Gráfico de Rangos Promedio (Método (Algoritmo + Inicialización)): ]8;;file:///home/cofer/Documents/University/TFG/snp_tag_tfg/snp_tag/results/full_30/hinds2005/greedy_multi/20260602T014901/2_comparativa/4_rankings/rangos_promedio_full_30.png\ [36mrangos_promedio_full_30.png[0m]8;;\
                   🖼️  Heatmap de Significancia Nemenyi (Método (Algoritmo + Inicialización)): ]8;;file:///home/cofer/Documents/University/TFG/snp_tag_tfg/snp_tag/results/full_30/hinds2005/greedy_multi/20260602T014901/2_comparativa/4_rankings/heatmap_nemenyi_full_30.png\ [36mheatmap_nemenyi_full_30.png[0m]8;;\

    • [1mAverage Ranking (Algorithm)[0m (↓)
          1. MOEAD_TCHE: 1.0000 ± 0.0000
         • [1mPara más detalles[0m: ]8;;file:///home/cofer/Documents/University/TFG/snp_tag_tfg/snp_tag/results/full_30/hinds2005/greedy_multi/20260602T014901/2_comparativa/4_rankings/ranking_Average_Ranking_(Algorithm)_full_30.csv\ [36mranking_Average_Ranking_(Algorithm)_full_30.csv[0m]8;;\

         📊  [1mTEST ESTADÍSTICO (Algoritmo)[0m
         ─────────────────────────────────
             ⚠️  Test de Friedman omitido: se requieren al menos 3 grupos, pero solo hay 1.

                   🖼️  Gráfico de Rangos Promedio (Algoritmo): ]8;;file:///home/cofer/Documents/University/TFG/snp_tag_tfg/snp_tag/results/full_30/hinds2005/greedy_multi/20260602T014901/2_comparativa/4_rankings/rangos_promedio_algorithm_full_30.png\ [36mrangos_promedio_algorithm_full_30.png[0m]8;;\
             • ⚠️  Test de Friedman no significativo para Algoritmo. Omitiendo post-hoc.

    • [1mAverage Ranking (Initialization)[0m (↓)
          1. greedy_multi: 1.0000 ± 0.0000
         • [1mPara más detalles[0m: ]8;;file:///home/cofer/Documents/University/TFG/snp_tag_tfg/snp_tag/results/full_30/hinds2005/greedy_multi/20260602T014901/2_comparativa/4_rankings/ranking_Average_Ranking_(Initialization)_full_30.csv\ [36mranking_Average_Ranking_(Initialization)_full_30.csv[0m]8;;\

         📊  [1mTEST ESTADÍSTICO (Inicialización)[0m
         ──────────────────────────────────────
             ⚠️  Test de Friedman omitido: se requieren al menos 3 grupos, pero solo hay 1.

                   🖼️  Gráfico de Rangos Promedio (Inicialización): ]8;;file:///home/cofer/Documents/University/TFG/snp_tag_tfg/snp_tag/results/full_30/hinds2005/greedy_multi/20260602T014901/2_comparativa/4_rankings/rangos_promedio_init_full_30.png\ [36mrangos_promedio_init_full_30.png[0m]8;;\
             • ⚠️  Test de Friedman no significativo para Inicialización. Omitiendo post-hoc.

    • [1mAverage Ranking (Crossover)[0m (↓)
          1. UX: 1.6667 ± 0.0000
          2. HUX: 2.2222 ± 0.0000
          3. 2P: 2.6667 ± 0.0000
          4. 1P: 3.4444 ± 0.0000
         • [1mPara más detalles[0m: ]8;;file:///home/cofer/Documents/University/TFG/snp_tag_tfg/snp_tag/results/full_30/hinds2005/greedy_multi/20260602T014901/2_comparativa/4_rankings/ranking_Average_Ranking_(Crossover)_full_30.csv\ [36mranking_Average_Ranking_(Crossover)_full_30.csv[0m]8;;\

         📊  [1mTEST DE FRIEDMAN (crossover)[0m
         ─────────────────────────────────
             Estadístico: 9.1333
             P-valor: 2.7570e-02
             Significativo (p < 0.05): Sí

                   🖼️  Gráfico de Rangos Promedio (crossover): ]8;;file:///home/cofer/Documents/University/TFG/snp_tag_tfg/snp_tag/results/full_30/hinds2005/greedy_multi/20260602T014901/2_comparativa/4_rankings/rangos_promedio_crossover_full_30.png\ [36mrangos_promedio_crossover_full_30.png[0m]8;;\
                   🖼️  Heatmap de Significancia Nemenyi (crossover): ]8;;file:///home/cofer/Documents/University/TFG/snp_tag_tfg/snp_tag/results/full_30/hinds2005/greedy_multi/20260602T014901/2_comparativa/4_rankings/heatmap_nemenyi_crossover_full_30.png\ [36mheatmap_nemenyi_crossover_full_30.png[0m]8;;\


  🎯  [1mAnálisis de Decisión Multi-Criterio (MCDM)[0m
  ────────────────────────────────────────────────
      • Soluciones en frente agregado: 7365
      ┌─ Compromiso (ASF) ───────────────────────────────────────────────────┐
      │  Solución #6747: Compacidad=35, Tolerancia=8.00,                     │
      │  Hamming=17.56, Balance=11.5658                                      │
      │  Config: MOEAD_TCHE (greedy_multi)                                   │
      └──────────────────────────────────────────────────────────────────────┘
      ┌─ Punto de Mayor Trade-off (Knee) ────────────────────────────────────┐
      │  192 knee points detectados                                          │
      │  Mejor knee: Solución #3042 (MOEAD_TCHE, greedy_multi)               │
      └──────────────────────────────────────────────────────────────────────┘
      ┌─ Pseudo-Pesos ───────────────────────────────────────────────────────┐
      │  Solución más afín a preferencias: #908                              │
      │  Pesos implícitos: [0.25, 0.24, 0.26, 0.25]                          │
      └──────────────────────────────────────────────────────────────────────┘

      🖼️  Scatter MCDM (Agregado Global): ]8;;file:///home/cofer/Documents/University/TFG/snp_tag_tfg/snp_tag/results/full_30/hinds2005/greedy_multi/20260602T014901/2_comparativa/5_decision_mcdm/mcdm_scatter_agregado_full_30.png\ [36mmcdm_scatter_agregado_full_30.png[0m]8;;\
      🖼️  Radar Objetivos MCDM (Agregado): ]8;;file:///home/cofer/Documents/University/TFG/snp_tag_tfg/snp_tag/results/full_30/hinds2005/greedy_multi/20260602T014901/2_comparativa/5_decision_mcdm/mcdm_radar_objetivos_agregado_full_30.png\ [36mmcdm_radar_objetivos_agregado_full_30.png[0m]8;;\
      🖼️  Petal Objetivos MCDM (Agregado): ]8;;file:///home/cofer/Documents/University/TFG/snp_tag_tfg/snp_tag/results/full_30/hinds2005/greedy_multi/20260602T014901/2_comparativa/5_decision_mcdm/mcdm_petal_objetivos_agregado_full_30.png\ [36mmcdm_petal_objetivos_agregado_full_30.png[0m]8;;\
      🖼️  Radar Pseudo-Pesos (Agregado Global): ]8;;file:///home/cofer/Documents/University/TFG/snp_tag_tfg/snp_tag/results/full_30/hinds2005/greedy_multi/20260602T014901/2_comparativa/5_decision_mcdm/mcdm_radar_pseudow_full_30.png\ [36mmcdm_radar_pseudow_full_30.png[0m]8;;\
      🖼️  Scatter MCDM MOEAD_TCHE (greedy_multi): ]8;;file:///home/cofer/Documents/University/TFG/snp_tag_tfg/snp_tag/results/full_30/hinds2005/greedy_multi/20260602T014901/2_comparativa/5_decision_mcdm/mcdm_scatter_moead_tche_greedy_multi_full_30.png\ [36mmcdm_scatter_moead_tche_greedy_multi_full_30.png[0m]8;;\
      🖼️  Radar MCDM MOEAD_TCHE (greedy_multi): ]8;;file:///home/cofer/Documents/University/TFG/snp_tag_tfg/snp_tag/results/full_30/hinds2005/greedy_multi/20260602T014901/2_comparativa/5_decision_mcdm/mcdm_radar_objetivos_moead_tche_greedy_multi_full_30.png\ [36mmcdm_radar_objetivos_moead_tche_greedy_multi_full_30.png[0m]8;;\
      🖼️  Petal MCDM MOEAD_TCHE (greedy_multi): ]8;;file:///home/cofer/Documents/University/TFG/snp_tag_tfg/snp_tag/results/full_30/hinds2005/greedy_multi/20260602T014901/2_comparativa/5_decision_mcdm/mcdm_petal_objetivos_moead_tche_greedy_multi_full_30.png\ [36mmcdm_petal_objetivos_moead_tche_greedy_multi_full_30.png[0m]8;;\
      🖼️  CSV Recomendaciones MCDM: ]8;;file:///home/cofer/Documents/University/TFG/snp_tag_tfg/snp_tag/results/full_30/hinds2005/greedy_multi/20260602T014901/2_comparativa/5_decision_mcdm/mcdm_recomendaciones_full_30.csv\ [36mmcdm_recomendaciones_full_30.csv[0m]8;;\

========================================
⏱️  TIEMPO TOTAL DE EJECUCIÓN: 1h 36m 3.83s
========================================

