
[93m[1m╔══════════════════════════════════════════════════════════════════════════════╗
[93m[1m║                       CONFIGURACIÓN (user_config.ini)                        ║
[93m[1m╚══════════════════════════════════════════════════════════════════════════════╝[0m
      • [General]
          - dir_salida_base: results
      • [Dataset]
          - n_snps: 1032
          - num_bloques: 8
          - origen_datos: hinds2005
      • [Objetivos]
          - transform: neg
          - eval: proportional
          - cap_tolerancia: 3.0
      • [Algoritmos]
          - semilla_maestra: 42
          - modo_semillas: non_deterministic
          - normalizacion: static_proportional_limits
          - pc: 0.7
          - pm: 0.000969
          - cruces: UX
          - algoritmos: NSGA2, NSGA3, MOEAD_TCHE
          - inits: random_dense, greedy_multi
      • [Parámetros Específicos de Algoritmo]
          - max_cobertura_objetivo: 5
          - moead_vecinos: 15
          - moead_prob_vecindad: 0.9
      • [Sistema]
          - report_plot_dpi: 300
      • Objetivos de optimización:
          - f1 (Compacidad): Minimizar
          - f2 (Tolerancia Prop.): Maximizar
          - f3 (Hamming Medio Prop.): Maximizar
          - f4 (Disimilitud Prop.): Minimizar

  📊  [1mMetadatos y Dimensiones del Dataset[0m
  ─────────────────────────────────────────
       [92m✅  Hinds 2005 cargado y filtrado: 48 patrones alelicos × 772 SNPs polimórficos (de 1032 originales) desde 'snp_tag/data/datasets/hinds2005_1032.txt'[0m
      • N_SNPS=772 | N_PATRONES=48 | FICHERO=snp_tag/data/datasets/hinds2005_1032.txt

[93m[1m╔══════════════════════════════════════════════════════════════════════════════╗
[93m[1m║                  DIAGNÓSTICO DE DATOS Y DESEQUILIBRIO (LD)                   ║
[93m[1m╚══════════════════════════════════════════════════════════════════════════════╝[0m

  🧬  [1mVisualización de la Estructura de Haplotipos[0m
  ──────────────────────────────────────────────────
      🖼️  Mapa de calor de haplotipos: ]8;;file:///home/cofer/Documents/University/TFG/snp_tag_tfg/snp_tag/results/full/hinds2005/greedy_multi-random_dense/20260513T172459/0_datos_previos/heatmap_haplotipos_full.png\ [36mheatmap_haplotipos_full.png[0m]8;;\
      🖼️  Estructura LD (13 bloques): ]8;;file:///home/cofer/Documents/University/TFG/snp_tag_tfg/snp_tag/results/full/hinds2005/greedy_multi-random_dense/20260513T172459/0_datos_previos/bloques_ld_haplotipos_full.png\ [36mbloques_ld_haplotipos_full.png[0m]8;;\

  📈  [1mAnálisis de Variabilidad y Frecuencia Alélica[0m
  ───────────────────────────────────────────────────
      🖼️  Distribución de frecuencia alélica: ]8;;file:///home/cofer/Documents/University/TFG/snp_tag_tfg/snp_tag/results/full/hinds2005/greedy_multi-random_dense/20260513T172459/0_datos_previos/histograma_alelico_full.png\ [36mhistograma_alelico_full.png[0m]8;;\
      🖼️  Variabilidad por SNP: ]8;;file:///home/cofer/Documents/University/TFG/snp_tag_tfg/snp_tag/results/full/hinds2005/greedy_multi-random_dense/20260513T172459/0_datos_previos/variabilidad_snps_full.png\ [36mvariabilidad_snps_full.png[0m]8;;\
      🖼️  Alelos dominantes por haplotipo: ]8;;file:///home/cofer/Documents/University/TFG/snp_tag_tfg/snp_tag/results/full/hinds2005/greedy_multi-random_dense/20260513T172459/0_datos_previos/conteo_alelos_full.png\ [36mconteo_alelos_full.png[0m]8;;\
      🖼️  Distribución de distancias de Hamming: ]8;;file:///home/cofer/Documents/University/TFG/snp_tag_tfg/snp_tag/results/full/hinds2005/greedy_multi-random_dense/20260513T172459/0_datos_previos/histograma_hamming_full.png\ [36mhistograma_hamming_full.png[0m]8;;\

  🔗  [1mCaracterización Global de Correlación (LD)[0m
  ────────────────────────────────────────────────
      • [1mCorrelación media absoluta (global |r|)[0m: 0.1387
      • [1mTotal de pares evaluados[0m: 297606
      🖼️  Mapa de calor de correlación (LD): ]8;;file:///home/cofer/Documents/University/TFG/snp_tag_tfg/snp_tag/results/full/hinds2005/greedy_multi-random_dense/20260513T172459/0_datos_previos/heatmap_correlacion_completa_full.png\ [36mheatmap_correlacion_completa_full.png[0m]8;;\
      🖼️  Distribución de correlaciones (LD): ]8;;file:///home/cofer/Documents/University/TFG/snp_tag_tfg/snp_tag/results/full/hinds2005/greedy_multi-random_dense/20260513T172459/0_datos_previos/histograma_correlaciones_ld_full.png\ [36mhistograma_correlaciones_ld_full.png[0m]8;;\
      🖼️  CDF de correlación LD: ]8;;file:///home/cofer/Documents/University/TFG/snp_tag_tfg/snp_tag/results/full/hinds2005/greedy_multi-random_dense/20260513T172459/0_datos_previos/cdf_correlacion_absoluta_ld_full.png\ [36mcdf_correlacion_absoluta_ld_full.png[0m]8;;\

  📐  [1mAnálisis de Similitud Genotípica (Pares de Haplotipos)[0m
  ────────────────────────────────────────────────────────────
      • [1mNúmero de pares de haplotipos[0m: 1128
      • [1mPares mostrados[0m: 3 similares / 3 distintos
      • [1mVista parcial[0m: primeros 32 SNPs
      • [1mPercentiles (Hamming)[0m: P33=237.00, P66=273.00
      • [Etiquetas: <=P33 -> muy similar | (P33,P66] -> intermedio | >P66 -> muy distinto]

  🤝  [1mPares de mayor similitud genética[0m
  ───────────────────────────────────────
      •  [1mPar (26, 27)[0m | Hamming=[1m129[0m | muy similar
        h026: [90m0[0m[90m0[0m[90m0[0m[90m0[0m[90m0[0m[90m0[0m[90m0[0m[90m0[0m[90m0[0m[90m0[0m[90m0[0m1[90m0[0m[90m0[0m1111[90m0[0m[90m0[0m[90m0[0m[90m0[0m[90m0[0m[90m0[0m[90m0[0m[90m0[0m[90m0[0m11111...
        h027: 1111[90m0[0m111111[90m0[0m[90m0[0m[90m0[0m[90m0[0m1[90m0[0m[90m0[0m111[90m0[0m[90m0[0m1111[90m0[0m[90m0[0m[90m0[0m[90m0[0m[90m0[0m...
      •  [1mPar (17, 41)[0m | Hamming=[1m134[0m | muy similar
        h017: 1111[90m0[0m111111[90m0[0m[90m0[0m[90m0[0m[90m0[0m1[90m0[0m[90m0[0m111[90m0[0m[90m0[0m1111[90m0[0m1111...
        h041: 1111[90m0[0m111111[90m0[0m[90m0[0m[90m0[0m[90m0[0m1[90m0[0m[90m0[0m111[90m0[0m[90m0[0m1111[90m0[0m[90m0[0m111...
      •  [1mPar (36, 46)[0m | Hamming=[1m140[0m | muy similar
        h036: [90m0[0m[90m0[0m[90m0[0m[90m0[0m[90m0[0m[90m0[0m[90m0[0m[90m0[0m[90m0[0m[90m0[0m[90m0[0m1[90m0[0m[90m0[0m1111111[90m0[0m[90m0[0m1111[90m0[0m[90m0[0m[90m0[0m[90m0[0m[90m0[0m...
        h046: 1111[90m0[0m111111[90m0[0m[90m0[0m[90m0[0m[90m0[0m1[90m0[0m[90m0[0m111[90m0[0m[90m0[0m1111[90m0[0m[90m0[0m[90m0[0m[90m0[0m[90m0[0m...

  ↔️   [1mPares de mayor divergencia genética[0m
  ─────────────────────────────────────────
      •  [1mPar (29, 36)[0m | Hamming=[1m407[0m | muy distinto
        h029: [90m0[0m[90m0[0m[90m0[0m[90m0[0m1[90m0[0m[90m0[0m[90m0[0m[90m0[0m[90m0[0m[90m0[0m[90m0[0m11[90m0[0m[90m0[0m[90m0[0m[90m0[0m[90m0[0m[90m0[0m[90m0[0m[90m0[0m[90m0[0m[90m0[0m[90m0[0m[90m0[0m[90m0[0m1[90m0[0m[90m0[0m[90m0[0m[90m0[0m...
        h036: [90m0[0m[90m0[0m[90m0[0m[90m0[0m[90m0[0m[90m0[0m[90m0[0m[90m0[0m[90m0[0m[90m0[0m[90m0[0m1[90m0[0m[90m0[0m1111111[90m0[0m[90m0[0m1111[90m0[0m[90m0[0m[90m0[0m[90m0[0m[90m0[0m...
      •  [1mPar (28, 29)[0m | Hamming=[1m404[0m | muy distinto
        h028: [90m0[0m[90m0[0m[90m0[0m[90m0[0m1[90m0[0m[90m0[0m[90m0[0m[90m0[0m[90m0[0m[90m0[0m[90m0[0m11[90m0[0m[90m0[0m[90m0[0m[90m0[0m[90m0[0m[90m0[0m[90m0[0m[90m0[0m[90m0[0m[90m0[0m[90m0[0m[90m0[0m[90m0[0m1[90m0[0m[90m0[0m[90m0[0m[90m0[0m...
        h029: [90m0[0m[90m0[0m[90m0[0m[90m0[0m1[90m0[0m[90m0[0m[90m0[0m[90m0[0m[90m0[0m[90m0[0m[90m0[0m11[90m0[0m[90m0[0m[90m0[0m[90m0[0m[90m0[0m[90m0[0m[90m0[0m[90m0[0m[90m0[0m[90m0[0m[90m0[0m[90m0[0m[90m0[0m1[90m0[0m[90m0[0m[90m0[0m[90m0[0m...
      •  [1mPar (24, 29)[0m | Hamming=[1m390[0m | muy distinto
        h024: 1111[90m0[0m111111[90m0[0m[90m0[0m[90m0[0m[90m0[0m1[90m0[0m[90m0[0m111[90m0[0m[90m0[0m1[90m0[0m11[90m0[0m1111...
        h029: [90m0[0m[90m0[0m[90m0[0m[90m0[0m1[90m0[0m[90m0[0m[90m0[0m[90m0[0m[90m0[0m[90m0[0m[90m0[0m11[90m0[0m[90m0[0m[90m0[0m[90m0[0m[90m0[0m[90m0[0m[90m0[0m[90m0[0m[90m0[0m[90m0[0m[90m0[0m[90m0[0m[90m0[0m1[90m0[0m[90m0[0m[90m0[0m[90m0[0m...

[93m[1m╔══════════════════════════════════════════════════════════════════════════════╗
[93m[1m║                             MOTOR MULTIOBJETIVO                              ║
[93m[1m╚══════════════════════════════════════════════════════════════════════════════╝[0m

  📅  [1mPlanificación de Ejecución[0m
  ────────────────────────────────
      • Total: 3 alg. x 2 inits. x 1 cruces x 5 runs = 30 ejecuciones
      • Referencias: 220 puntos | Particiones: 9

  🧬  [1mFase Evolutiva[0m
  ────────────────────
    • Iniciando 30 experimentos en modo paralelo seguro
      • Paralelizando con hasta 14 procesos en paralelo
      • [Progreso:  1/30] | [NSGA2-greedy_multi-UX] ejecución 5/5 (194.8 s)
      • [Progreso:  2/30] | [NSGA2-random_dense-UX] ejecución 4/5 (203.7 s)
      • [Progreso:  3/30] | [NSGA2-greedy_multi-UX] ejecución 4/5 (205.2 s)
      • [Progreso:  4/30] | [NSGA2-random_dense-UX] ejecución 3/5 (209.2 s)
      • [Progreso:  5/30] | [NSGA3-random_dense-UX] ejecución 4/5 (218.7 s)
      • [Progreso:  6/30] | [NSGA2-random_dense-UX] ejecución 5/5 (220.6 s)
      • [Progreso:  7/30] | [NSGA2-random_dense-UX] ejecución 2/5 (227.2 s)
      • [Progreso:  8/30] | [NSGA3-random_dense-UX] ejecución 3/5 (232.7 s)
      • [Progreso:  9/30] | [NSGA2-greedy_multi-UX] ejecución 1/5 (235.8 s)
      • [Progreso: 10/30] | [NSGA3-random_dense-UX] ejecución 1/5 (239.1 s)
      • [Progreso: 11/30] | [NSGA3-random_dense-UX] ejecución 2/5 (249.3 s)
      • [Progreso: 12/30] | [NSGA2-random_dense-UX] ejecución 1/5 (249.5 s)
      • [Progreso: 13/30] | [NSGA2-greedy_multi-UX] ejecución 3/5 (249.9 s)
      • [Progreso: 14/30] | [NSGA2-greedy_multi-UX] ejecución 2/5 (260.4 s)
      • [Progreso: 15/30] | [NSGA3-random_dense-UX] ejecución 5/5 (248.9 s)
      • [Progreso: 16/30] | [NSGA3-greedy_multi-UX] ejecución 1/5 (243.1 s)
      • [Progreso: 17/30] | [NSGA3-greedy_multi-UX] ejecución 2/5 (245.8 s)
      • [Progreso: 18/30] | [NSGA3-greedy_multi-UX] ejecución 3/5 (244.8 s)
      • [Progreso: 19/30] | [NSGA3-greedy_multi-UX] ejecución 4/5 (248.6 s)
      • [Progreso: 20/30] | [NSGA3-greedy_multi-UX] ejecución 5/5 (261.3 s)
      • [Progreso: 21/30] | [MOEAD_TCHE-random_dense-UX] ejecución 2/5 (497.4 s)
      • [Progreso: 22/30] | [MOEAD_TCHE-random_dense-UX] ejecución 4/5 (493.5 s)
      • [Progreso: 23/30] | [MOEAD_TCHE-random_dense-UX] ejecución 1/5 (509.5 s)
      • [Progreso: 24/30] | [MOEAD_TCHE-random_dense-UX] ejecución 3/5 (513.7 s)
      • [Progreso: 25/30] | [MOEAD_TCHE-greedy_multi-UX] ejecución 2/5 (501.8 s)
      • [Progreso: 26/30] | [MOEAD_TCHE-random_dense-UX] ejecución 5/5 (519.5 s)
      • [Progreso: 27/30] | [MOEAD_TCHE-greedy_multi-UX] ejecución 1/5 (531.9 s)
      • [Progreso: 28/30] | [MOEAD_TCHE-greedy_multi-UX] ejecución 3/5 (521.1 s)
      • [Progreso: 29/30] | [MOEAD_TCHE-greedy_multi-UX] ejecución 4/5 (361.6 s)
      • [Progreso: 30/30] | [MOEAD_TCHE-greedy_multi-UX] ejecución 5/5 (361.7 s)

[93m[1m╔══════════════════════════════════════════════════════════════════════════════╗
[93m[1m║                            SÍNTESIS DE RESULTADOS                            ║
[93m[1m╚══════════════════════════════════════════════════════════════════════════════╝[0m
  • [1mConfiguración de síntesis[0m: DPI=300

  ⏱️   [1mAnálisis de Rendimiento y Tiempo[0m
  ──────────────────────────────────────
      🖼️  Boxplot tiempo de ejecución: ]8;;file:///home/cofer/Documents/University/TFG/snp_tag_tfg/snp_tag/results/full/hinds2005/greedy_multi-random_dense/20260513T172459/2_comparativa/0_tiempo/boxplot_tiempo_full.png\ [36mboxplot_tiempo_full.png[0m]8;;\
      🖼️  Media ± std tiempo ejecución: ]8;;file:///home/cofer/Documents/University/TFG/snp_tag_tfg/snp_tag/results/full/hinds2005/greedy_multi-random_dense/20260513T172459/2_comparativa/0_tiempo/media_std_tiempo_full.png\ [36mmedia_std_tiempo_full.png[0m]8;;\
      🖼️  Tiempo vs Tamaño de frente: ]8;;file:///home/cofer/Documents/University/TFG/snp_tag_tfg/snp_tag/results/full/hinds2005/greedy_multi-random_dense/20260513T172459/2_comparativa/0_tiempo/tiempo_vs_tamano_frente_full.png\ [36mtiempo_vs_tamano_frente_full.png[0m]8;;\
      • Tiempo bloque 'Análisis de Rendimiento y Tiempo': 0.7s

  🧮  [1mProcesamiento de Métricas (con progreso)[0m
  ──────────────────────────────────────────────
    • Iniciando métricas finales: 30 ejecuciones
      • [Progreso:  1/30] | [NSGA2-random_dense-UX] ejecución 1/5 (0.0 s)
      • [Progreso:  2/30] | [NSGA2-random_dense-UX] ejecución 2/5 (0.0 s)
      • [Progreso:  3/30] | [NSGA2-random_dense-UX] ejecución 3/5 (0.0 s)
      • [Progreso:  4/30] | [NSGA2-random_dense-UX] ejecución 4/5 (0.0 s)
      • [Progreso:  5/30] | [NSGA2-random_dense-UX] ejecución 5/5 (0.0 s)
      • [Progreso:  6/30] | [NSGA2-greedy_multi-UX] ejecución 1/5 (0.0 s)
      • [Progreso:  7/30] | [NSGA2-greedy_multi-UX] ejecución 2/5 (0.0 s)
      • [Progreso:  8/30] | [NSGA2-greedy_multi-UX] ejecución 3/5 (0.0 s)
      • [Progreso:  9/30] | [NSGA2-greedy_multi-UX] ejecución 4/5 (0.0 s)
      • [Progreso: 10/30] | [NSGA2-greedy_multi-UX] ejecución 5/5 (0.0 s)
      • [Progreso: 11/30] | [NSGA3-random_dense-UX] ejecución 1/5 (0.0 s)
      • [Progreso: 12/30] | [NSGA3-random_dense-UX] ejecución 2/5 (0.0 s)
      • [Progreso: 13/30] | [NSGA3-random_dense-UX] ejecución 3/5 (0.0 s)
      • [Progreso: 14/30] | [NSGA3-random_dense-UX] ejecución 4/5 (0.0 s)
      • [Progreso: 15/30] | [NSGA3-random_dense-UX] ejecución 5/5 (0.0 s)
      • [Progreso: 16/30] | [NSGA3-greedy_multi-UX] ejecución 1/5 (0.0 s)
      • [Progreso: 17/30] | [NSGA3-greedy_multi-UX] ejecución 2/5 (0.0 s)
      • [Progreso: 18/30] | [NSGA3-greedy_multi-UX] ejecución 3/5 (0.0 s)
      • [Progreso: 19/30] | [NSGA3-greedy_multi-UX] ejecución 4/5 (0.0 s)
      • [Progreso: 20/30] | [NSGA3-greedy_multi-UX] ejecución 5/5 (0.0 s)
      • [Progreso: 21/30] | [MOEAD_TCHE-random_dense-UX] ejecución 1/5 (0.0 s)
      • [Progreso: 22/30] | [MOEAD_TCHE-random_dense-UX] ejecución 2/5 (0.0 s)
      • [Progreso: 23/30] | [MOEAD_TCHE-random_dense-UX] ejecución 3/5 (0.0 s)
      • [Progreso: 24/30] | [MOEAD_TCHE-random_dense-UX] ejecución 4/5 (0.0 s)
      • [Progreso: 25/30] | [MOEAD_TCHE-random_dense-UX] ejecución 5/5 (0.0 s)
      • [Progreso: 26/30] | [MOEAD_TCHE-greedy_multi-UX] ejecución 1/5 (0.0 s)
      • [Progreso: 27/30] | [MOEAD_TCHE-greedy_multi-UX] ejecución 2/5 (0.0 s)
      • [Progreso: 28/30] | [MOEAD_TCHE-greedy_multi-UX] ejecución 3/5 (0.0 s)
      • [Progreso: 29/30] | [MOEAD_TCHE-greedy_multi-UX] ejecución 4/5 (0.0 s)
      • [Progreso: 30/30] | [MOEAD_TCHE-greedy_multi-UX] ejecución 5/5 (0.0 s)
      • Métricas finales completadas: 30 ejecuciones en 0.3s

    • Iniciando métricas generacionales: 30 ejecuciones con historial
      • [Progreso:  1/30] | [NSGA2-random_dense-UX] ejecución 3/5 (17.9 s)
      • [Progreso:  2/30] | [NSGA3-random_dense-UX] ejecución 3/5 (17.9 s)
      • [Progreso:  3/30] | [NSGA3-random_dense-UX] ejecución 1/5 (23.9 s)
      • [Progreso:  4/30] | [NSGA2-greedy_multi-UX] ejecución 3/5 (24.2 s)
      • [Progreso:  5/30] | [NSGA2-random_dense-UX] ejecución 1/5 (24.6 s)
      • [Progreso:  6/30] | [NSGA2-random_dense-UX] ejecución 5/5 (24.8 s)
      • [Progreso:  7/30] | [NSGA2-greedy_multi-UX] ejecución 2/5 (25.1 s)
      • [Progreso:  8/30] | [NSGA2-greedy_multi-UX] ejecución 4/5 (25.8 s)
      • [Progreso:  9/30] | [NSGA2-greedy_multi-UX] ejecución 1/5 (26.2 s)
      • [Progreso: 10/30] | [NSGA2-greedy_multi-UX] ejecución 5/5 (27.2 s)
      • [Progreso: 11/30] | [NSGA3-random_dense-UX] ejecución 4/5 (29.0 s)
      • [Progreso: 12/30] | [NSGA3-random_dense-UX] ejecución 2/5 (29.1 s)
      • [Progreso: 13/30] | [NSGA2-random_dense-UX] ejecución 2/5 (29.6 s)
      • [Progreso: 14/30] | [NSGA2-random_dense-UX] ejecución 4/5 (30.7 s)
      • [Progreso: 15/30] | [MOEAD_TCHE-greedy_multi-UX] ejecución 1/5 (2.0 s)
      • [Progreso: 16/30] | [MOEAD_TCHE-greedy_multi-UX] ejecución 2/5 (1.7 s)
      • [Progreso: 17/30] | [MOEAD_TCHE-random_dense-UX] ejecución 1/5 (7.1 s)
      • [Progreso: 18/30] | [MOEAD_TCHE-greedy_multi-UX] ejecución 5/5 (1.7 s)
      • [Progreso: 19/30] | [MOEAD_TCHE-greedy_multi-UX] ejecución 3/5 (3.0 s)
      • [Progreso: 20/30] | [MOEAD_TCHE-greedy_multi-UX] ejecución 4/5 (2.6 s)
      • [Progreso: 21/30] | [MOEAD_TCHE-random_dense-UX] ejecución 4/5 (6.7 s)
      • [Progreso: 22/30] | [MOEAD_TCHE-random_dense-UX] ejecución 3/5 (7.9 s)
      • [Progreso: 23/30] | [NSGA3-greedy_multi-UX] ejecución 1/5 (16.4 s)
      • [Progreso: 24/30] | [MOEAD_TCHE-random_dense-UX] ejecución 2/5 (8.9 s)
      • [Progreso: 25/30] | [NSGA3-random_dense-UX] ejecución 5/5 (17.3 s)
      • [Progreso: 26/30] | [MOEAD_TCHE-random_dense-UX] ejecución 5/5 (6.8 s)
      • [Progreso: 27/30] | [NSGA3-greedy_multi-UX] ejecución 2/5 (14.3 s)
      • [Progreso: 28/30] | [NSGA3-greedy_multi-UX] ejecución 3/5 (15.7 s)
      • [Progreso: 29/30] | [NSGA3-greedy_multi-UX] ejecución 4/5 (17.1 s)
      • [Progreso: 30/30] | [NSGA3-greedy_multi-UX] ejecución 5/5 (16.9 s)
      • Métricas generacionales completadas: 30 ejecuciones en 41.9s

  📊  [1mTrazabilidad y Exportación de Datos (CSV)[0m
  ───────────────────────────────────────────────
      🖼️  Resultados detallados por ejecución: ]8;;file:///home/cofer/Documents/University/TFG/snp_tag_tfg/snp_tag/results/full/hinds2005/greedy_multi-random_dense/20260513T172459/1_ejecuciones/resultados_detallados_full.csv\ [36mresultados_detallados_full.csv[0m]8;;\
      🖼️  Historial evolutivo generacional: ]8;;file:///home/cofer/Documents/University/TFG/snp_tag_tfg/snp_tag/results/full/hinds2005/greedy_multi-random_dense/20260513T172459/1_ejecuciones/historico_generacional_full.csv\ [36mhistorico_generacional_full.csv[0m]8;;\
      🖼️  Soluciones de frentes finales (CSV): ]8;;file:///home/cofer/Documents/University/TFG/snp_tag_tfg/snp_tag/results/full/hinds2005/greedy_multi-random_dense/20260513T172459/1_ejecuciones/frentes_pareto_full.csv\ [36mfrentes_pareto_full.csv[0m]8;;\

  📍  [1mPuntos Críticos del Espacio de Objetivos[0m
  ──────────────────────────────────────────────
      • [1mPunto Ideal Empírico (mejor)[0m: [ 7.00000000e+00 -2.30769231e-01 -5.09929078e-01  1.17049352e-03]
      • [1mPunto Nadir Empírico (peor)[0m: [ 2.62000000e+02 -1.14503817e-02 -2.99160495e-01  3.54547697e-02]
      • [1mPunto Ideal Teórico (Ref)[0m: [ 1. -1. -1.  0.]
      • [1mPunto Nadir Teórico (Ref)[0m: [7.72000000e+02 8.27403709e-17 8.27403709e-17 2.50000000e-01]
      • [1mPunto Ref. Hipervolumen (1.1)[0m: [8.49100000e+02 1.00000001e-01 1.00000001e-01 2.75000001e-01]

[93m[1m╔══════════════════════════════════════════════════════════════════════════════╗
[93m[1m║                           REPORTES Y VISUALIZACIÓN                           ║
[93m[1m╚══════════════════════════════════════════════════════════════════════════════╝[0m

  🔍  [1mDistribución y Correlación de Frentes de Pareto[0m
  ─────────────────────────────────────────────────────

  🔗  [1mCorrelación de Objetivos[0m
  ──────────────────────────────
      🖼️  Correlación objetivos Pareto (Valores Reales): ]8;;file:///home/cofer/Documents/University/TFG/snp_tag_tfg/snp_tag/results/full/hinds2005/greedy_multi-random_dense/20260513T172459/2_comparativa/1_frentes/otros/correlacion_objetivos_pareto_full.png\ [36mcorrelacion_objetivos_pareto_full.png[0m]8;;\

  📈  [1mCoordenadas Paralelas[0m
  ───────────────────────────
      🖼️  Coordenadas paralelas MOEAD_TCHE (greedy_multi+UX): ]8;;file:///home/cofer/Documents/University/TFG/snp_tag_tfg/snp_tag/results/full/hinds2005/greedy_multi-random_dense/20260513T172459/2_comparativa/1_frentes/coordenadas_paralelas/coordenadas_paralelas_MOEAD_TCHE_greedy_multi+UX_full.png\ [36mcoordenadas_paralelas_MOEAD_TCHE_greedy_multi+UX_full.png[0m]8;;\
      🖼️  Coordenadas paralelas MOEAD_TCHE (random_dense+UX): ]8;;file:///home/cofer/Documents/University/TFG/snp_tag_tfg/snp_tag/results/full/hinds2005/greedy_multi-random_dense/20260513T172459/2_comparativa/1_frentes/coordenadas_paralelas/coordenadas_paralelas_MOEAD_TCHE_random_dense+UX_full.png\ [36mcoordenadas_paralelas_MOEAD_TCHE_random_dense+UX_full.png[0m]8;;\
      🖼️  Coordenadas paralelas NSGA2 (greedy_multi+UX): ]8;;file:///home/cofer/Documents/University/TFG/snp_tag_tfg/snp_tag/results/full/hinds2005/greedy_multi-random_dense/20260513T172459/2_comparativa/1_frentes/coordenadas_paralelas/coordenadas_paralelas_NSGA2_greedy_multi+UX_full.png\ [36mcoordenadas_paralelas_NSGA2_greedy_multi+UX_full.png[0m]8;;\
      🖼️  Coordenadas paralelas NSGA2 (random_dense+UX): ]8;;file:///home/cofer/Documents/University/TFG/snp_tag_tfg/snp_tag/results/full/hinds2005/greedy_multi-random_dense/20260513T172459/2_comparativa/1_frentes/coordenadas_paralelas/coordenadas_paralelas_NSGA2_random_dense+UX_full.png\ [36mcoordenadas_paralelas_NSGA2_random_dense+UX_full.png[0m]8;;\
      🖼️  Coordenadas paralelas NSGA3 (greedy_multi+UX): ]8;;file:///home/cofer/Documents/University/TFG/snp_tag_tfg/snp_tag/results/full/hinds2005/greedy_multi-random_dense/20260513T172459/2_comparativa/1_frentes/coordenadas_paralelas/coordenadas_paralelas_NSGA3_greedy_multi+UX_full.png\ [36mcoordenadas_paralelas_NSGA3_greedy_multi+UX_full.png[0m]8;;\
      🖼️  Coordenadas paralelas NSGA3 (random_dense+UX): ]8;;file:///home/cofer/Documents/University/TFG/snp_tag_tfg/snp_tag/results/full/hinds2005/greedy_multi-random_dense/20260513T172459/2_comparativa/1_frentes/coordenadas_paralelas/coordenadas_paralelas_NSGA3_random_dense+UX_full.png\ [36mcoordenadas_paralelas_NSGA3_random_dense+UX_full.png[0m]8;;\

  🎯  [1mFrentes de Pareto[0m
  ───────────────────────
      🖼️  Frente Pareto NSGA3 (greedy_multi+UX): ]8;;file:///home/cofer/Documents/University/TFG/snp_tag_tfg/snp_tag/results/full/hinds2005/greedy_multi-random_dense/20260513T172459/2_comparativa/1_frentes/frentes_pareto/frentes_pareto_nsga3_greedy_multi+ux_full.png\ [36mfrentes_pareto_nsga3_greedy_multi+ux_full.png[0m]8;;\
      🖼️  Frente Pareto NSGA3 (random_dense+UX): ]8;;file:///home/cofer/Documents/University/TFG/snp_tag_tfg/snp_tag/results/full/hinds2005/greedy_multi-random_dense/20260513T172459/2_comparativa/1_frentes/frentes_pareto/frentes_pareto_nsga3_random_dense+ux_full.png\ [36mfrentes_pareto_nsga3_random_dense+ux_full.png[0m]8;;\
      🖼️  Frente Agregado: Frentes de Pareto Agregados: NSGA3: ]8;;file:///home/cofer/Documents/University/TFG/snp_tag_tfg/snp_tag/results/full/hinds2005/greedy_multi-random_dense/20260513T172459/2_comparativa/1_frentes/frentes_pareto/frentes_pareto_agregados_nsga3_full.png\ [36mfrentes_pareto_agregados_nsga3_full.png[0m]8;;\
      🖼️  Frente Pareto MOEAD_TCHE (greedy_multi+UX): ]8;;file:///home/cofer/Documents/University/TFG/snp_tag_tfg/snp_tag/results/full/hinds2005/greedy_multi-random_dense/20260513T172459/2_comparativa/1_frentes/frentes_pareto/frentes_pareto_moead_tche_greedy_multi+ux_full.png\ [36mfrentes_pareto_moead_tche_greedy_multi+ux_full.png[0m]8;;\
      🖼️  Frente Pareto MOEAD_TCHE (random_dense+UX): ]8;;file:///home/cofer/Documents/University/TFG/snp_tag_tfg/snp_tag/results/full/hinds2005/greedy_multi-random_dense/20260513T172459/2_comparativa/1_frentes/frentes_pareto/frentes_pareto_moead_tche_random_dense+ux_full.png\ [36mfrentes_pareto_moead_tche_random_dense+ux_full.png[0m]8;;\
      🖼️  Frente Agregado: Frentes de Pareto Agregados: MOEAD_TCHE: ]8;;file:///home/cofer/Documents/University/TFG/snp_tag_tfg/snp_tag/results/full/hinds2005/greedy_multi-random_dense/20260513T172459/2_comparativa/1_frentes/frentes_pareto/frentes_pareto_agregados_moead_tche_full.png\ [36mfrentes_pareto_agregados_moead_tche_full.png[0m]8;;\
      🖼️  Frente Pareto NSGA2 (greedy_multi+UX): ]8;;file:///home/cofer/Documents/University/TFG/snp_tag_tfg/snp_tag/results/full/hinds2005/greedy_multi-random_dense/20260513T172459/2_comparativa/1_frentes/frentes_pareto/frentes_pareto_nsga2_greedy_multi+ux_full.png\ [36mfrentes_pareto_nsga2_greedy_multi+ux_full.png[0m]8;;\
      🖼️  Frente Pareto NSGA2 (random_dense+UX): ]8;;file:///home/cofer/Documents/University/TFG/snp_tag_tfg/snp_tag/results/full/hinds2005/greedy_multi-random_dense/20260513T172459/2_comparativa/1_frentes/frentes_pareto/frentes_pareto_nsga2_random_dense+ux_full.png\ [36mfrentes_pareto_nsga2_random_dense+ux_full.png[0m]8;;\
      🖼️  Frente Agregado: Frentes de Pareto Agregados: NSGA2: ]8;;file:///home/cofer/Documents/University/TFG/snp_tag_tfg/snp_tag/results/full/hinds2005/greedy_multi-random_dense/20260513T172459/2_comparativa/1_frentes/frentes_pareto/frentes_pareto_agregados_nsga2_full.png\ [36mfrentes_pareto_agregados_nsga2_full.png[0m]8;;\
      🖼️  Frente Agregado: Comparativa Global de Frentes de Pareto: ]8;;file:///home/cofer/Documents/University/TFG/snp_tag_tfg/snp_tag/results/full/hinds2005/greedy_multi-random_dense/20260513T172459/2_comparativa/1_frentes/frentes_pareto/frentes_pareto_global_full.png\ [36mfrentes_pareto_global_full.png[0m]8;;\
      • Tiempo bloque 'Frentes de Pareto': 10.7s

  🔄  [1mAnálisis de Convergencia Progresiva[0m
  ─────────────────────────────────────────
      🖼️  Convergencia por métrica (Range) con subplots por algoritmo: ]8;;file:///home/cofer/Documents/University/TFG/snp_tag_tfg/snp_tag/results/full/hinds2005/greedy_multi-random_dense/20260513T172459/2_comparativa/2_metricas_convergencia/convergencia_range_full.png\ [36mconvergencia_range_full.png[0m]8;;\
      🖼️  Convergencia por métrica (MinSum) con subplots por algoritmo: ]8;;file:///home/cofer/Documents/University/TFG/snp_tag_tfg/snp_tag/results/full/hinds2005/greedy_multi-random_dense/20260513T172459/2_comparativa/2_metricas_convergencia/convergencia_minsum_full.png\ [36mconvergencia_minsum_full.png[0m]8;;\
      🖼️  Convergencia por métrica (SumMin) con subplots por algoritmo: ]8;;file:///home/cofer/Documents/University/TFG/snp_tag_tfg/snp_tag/results/full/hinds2005/greedy_multi-random_dense/20260513T172459/2_comparativa/2_metricas_convergencia/convergencia_summin_full.png\ [36mconvergencia_summin_full.png[0m]8;;\
      🖼️  Convergencia por métrica (MaxToleranceRate) con subplots por algoritmo: ]8;;file:///home/cofer/Documents/University/TFG/snp_tag_tfg/snp_tag/results/full/hinds2005/greedy_multi-random_dense/20260513T172459/2_comparativa/2_metricas_convergencia/convergencia_maxtolerancerate_full.png\ [36mconvergencia_maxtolerancerate_full.png[0m]8;;\
      🖼️  Convergencia por métrica (AvgToleranceRate) con subplots por algoritmo: ]8;;file:///home/cofer/Documents/University/TFG/snp_tag_tfg/snp_tag/results/full/hinds2005/greedy_multi-random_dense/20260513T172459/2_comparativa/2_metricas_convergencia/convergencia_avgtolerancerate_full.png\ [36mconvergencia_avgtolerancerate_full.png[0m]8;;\
      🖼️  Convergencia por métrica (AvgHammingDistance) con subplots por algoritmo: ]8;;file:///home/cofer/Documents/University/TFG/snp_tag_tfg/snp_tag/results/full/hinds2005/greedy_multi-random_dense/20260513T172459/2_comparativa/2_metricas_convergencia/convergencia_avghammingdistance_full.png\ [36mconvergencia_avghammingdistance_full.png[0m]8;;\
      🖼️  Convergencia por métrica (Hypervolume) con subplots por algoritmo: ]8;;file:///home/cofer/Documents/University/TFG/snp_tag_tfg/snp_tag/results/full/hinds2005/greedy_multi-random_dense/20260513T172459/2_comparativa/2_metricas_convergencia/convergencia_hypervolume_full.png\ [36mconvergencia_hypervolume_full.png[0m]8;;\
      🖼️  Convergencia por métrica (IGD+) con subplots por algoritmo: ]8;;file:///home/cofer/Documents/University/TFG/snp_tag_tfg/snp_tag/results/full/hinds2005/greedy_multi-random_dense/20260513T172459/2_comparativa/2_metricas_convergencia/convergencia_igd+_full.png\ [36mconvergencia_igd+_full.png[0m]8;;\
      🖼️  Convergencia por métrica (GD+) con subplots por algoritmo: ]8;;file:///home/cofer/Documents/University/TFG/snp_tag_tfg/snp_tag/results/full/hinds2005/greedy_multi-random_dense/20260513T172459/2_comparativa/2_metricas_convergencia/convergencia_gd+_full.png\ [36mconvergencia_gd+_full.png[0m]8;;\

  📊  [1mSíntesis Estadística Comparativa[0m
  ──────────────────────────────────────

  📦  [1mResumen Global (Boxplots)[0m
  ───────────────────────────────
      🖼️  Panel de Boxplots comparativos: ]8;;file:///home/cofer/Documents/University/TFG/snp_tag_tfg/snp_tag/results/full/hinds2005/greedy_multi-random_dense/20260513T172459/2_comparativa/3_sintesis/0_boxplots/boxplots_metricas_finales_full.png\ [36mboxplots_metricas_finales_full.png[0m]8;;\
      🖼️  Distribución Range (Boxplot): ]8;;file:///home/cofer/Documents/University/TFG/snp_tag_tfg/snp_tag/results/full/hinds2005/greedy_multi-random_dense/20260513T172459/2_comparativa/3_sintesis/0_boxplots/boxplot_metricas_Range_full.png\ [36mboxplot_metricas_Range_full.png[0m]8;;\
      🖼️  Distribución SumMin (Boxplot): ]8;;file:///home/cofer/Documents/University/TFG/snp_tag_tfg/snp_tag/results/full/hinds2005/greedy_multi-random_dense/20260513T172459/2_comparativa/3_sintesis/0_boxplots/boxplot_metricas_SumMin_full.png\ [36mboxplot_metricas_SumMin_full.png[0m]8;;\
      🖼️  Distribución MinSum (Boxplot): ]8;;file:///home/cofer/Documents/University/TFG/snp_tag_tfg/snp_tag/results/full/hinds2005/greedy_multi-random_dense/20260513T172459/2_comparativa/3_sintesis/0_boxplots/boxplot_metricas_MinSum_full.png\ [36mboxplot_metricas_MinSum_full.png[0m]8;;\
      🖼️  Distribución MaxToleranceRate (Boxplot): ]8;;file:///home/cofer/Documents/University/TFG/snp_tag_tfg/snp_tag/results/full/hinds2005/greedy_multi-random_dense/20260513T172459/2_comparativa/3_sintesis/0_boxplots/boxplot_metricas_MaxToleranceRate_full.png\ [36mboxplot_metricas_MaxToleranceRate_full.png[0m]8;;\
      🖼️  Distribución AvgToleranceRate (Boxplot): ]8;;file:///home/cofer/Documents/University/TFG/snp_tag_tfg/snp_tag/results/full/hinds2005/greedy_multi-random_dense/20260513T172459/2_comparativa/3_sintesis/0_boxplots/boxplot_metricas_AvgToleranceRate_full.png\ [36mboxplot_metricas_AvgToleranceRate_full.png[0m]8;;\
      🖼️  Distribución AvgHammingDistance (Boxplot): ]8;;file:///home/cofer/Documents/University/TFG/snp_tag_tfg/snp_tag/results/full/hinds2005/greedy_multi-random_dense/20260513T172459/2_comparativa/3_sintesis/0_boxplots/boxplot_metricas_AvgHammingDistance_full.png\ [36mboxplot_metricas_AvgHammingDistance_full.png[0m]8;;\
      🖼️  Distribución Hypervolume (Boxplot): ]8;;file:///home/cofer/Documents/University/TFG/snp_tag_tfg/snp_tag/results/full/hinds2005/greedy_multi-random_dense/20260513T172459/2_comparativa/3_sintesis/0_boxplots/boxplot_metricas_Hypervolume_full.png\ [36mboxplot_metricas_Hypervolume_full.png[0m]8;;\
      🖼️  Distribución IGD+ (Boxplot): ]8;;file:///home/cofer/Documents/University/TFG/snp_tag_tfg/snp_tag/results/full/hinds2005/greedy_multi-random_dense/20260513T172459/2_comparativa/3_sintesis/0_boxplots/boxplot_metricas_IGD+_full.png\ [36mboxplot_metricas_IGD+_full.png[0m]8;;\
      🖼️  Distribución GD+ (Boxplot): ]8;;file:///home/cofer/Documents/University/TFG/snp_tag_tfg/snp_tag/results/full/hinds2005/greedy_multi-random_dense/20260513T172459/2_comparativa/3_sintesis/0_boxplots/boxplot_metricas_GD+_full.png\ [36mboxplot_metricas_GD+_full.png[0m]8;;\

  🎻  [1mDistribuciones Detalladas (Violin Plots)[0m
  ──────────────────────────────────────────────
      🖼️  Panel de Distribución Violin: ]8;;file:///home/cofer/Documents/University/TFG/snp_tag_tfg/snp_tag/results/full/hinds2005/greedy_multi-random_dense/20260513T172459/2_comparativa/3_sintesis/1_violines/violin_panel_metricas_finales_full.png\ [36mviolin_panel_metricas_finales_full.png[0m]8;;\
      🖼️  Distribución Range (Violin): ]8;;file:///home/cofer/Documents/University/TFG/snp_tag_tfg/snp_tag/results/full/hinds2005/greedy_multi-random_dense/20260513T172459/2_comparativa/3_sintesis/1_violines/violin_metricas_Range_full.png\ [36mviolin_metricas_Range_full.png[0m]8;;\
      🖼️  Distribución SumMin (Violin): ]8;;file:///home/cofer/Documents/University/TFG/snp_tag_tfg/snp_tag/results/full/hinds2005/greedy_multi-random_dense/20260513T172459/2_comparativa/3_sintesis/1_violines/violin_metricas_SumMin_full.png\ [36mviolin_metricas_SumMin_full.png[0m]8;;\
      🖼️  Distribución MinSum (Violin): ]8;;file:///home/cofer/Documents/University/TFG/snp_tag_tfg/snp_tag/results/full/hinds2005/greedy_multi-random_dense/20260513T172459/2_comparativa/3_sintesis/1_violines/violin_metricas_MinSum_full.png\ [36mviolin_metricas_MinSum_full.png[0m]8;;\
      🖼️  Distribución MaxToleranceRate (Violin): ]8;;file:///home/cofer/Documents/University/TFG/snp_tag_tfg/snp_tag/results/full/hinds2005/greedy_multi-random_dense/20260513T172459/2_comparativa/3_sintesis/1_violines/violin_metricas_MaxToleranceRate_full.png\ [36mviolin_metricas_MaxToleranceRate_full.png[0m]8;;\
      🖼️  Distribución AvgToleranceRate (Violin): ]8;;file:///home/cofer/Documents/University/TFG/snp_tag_tfg/snp_tag/results/full/hinds2005/greedy_multi-random_dense/20260513T172459/2_comparativa/3_sintesis/1_violines/violin_metricas_AvgToleranceRate_full.png\ [36mviolin_metricas_AvgToleranceRate_full.png[0m]8;;\
      🖼️  Distribución AvgHammingDistance (Violin): ]8;;file:///home/cofer/Documents/University/TFG/snp_tag_tfg/snp_tag/results/full/hinds2005/greedy_multi-random_dense/20260513T172459/2_comparativa/3_sintesis/1_violines/violin_metricas_AvgHammingDistance_full.png\ [36mviolin_metricas_AvgHammingDistance_full.png[0m]8;;\
      🖼️  Distribución Hypervolume (Violin): ]8;;file:///home/cofer/Documents/University/TFG/snp_tag_tfg/snp_tag/results/full/hinds2005/greedy_multi-random_dense/20260513T172459/2_comparativa/3_sintesis/1_violines/violin_metricas_Hypervolume_full.png\ [36mviolin_metricas_Hypervolume_full.png[0m]8;;\
      🖼️  Distribución IGD+ (Violin): ]8;;file:///home/cofer/Documents/University/TFG/snp_tag_tfg/snp_tag/results/full/hinds2005/greedy_multi-random_dense/20260513T172459/2_comparativa/3_sintesis/1_violines/violin_metricas_IGD+_full.png\ [36mviolin_metricas_IGD+_full.png[0m]8;;\
      🖼️  Distribución GD+ (Violin): ]8;;file:///home/cofer/Documents/University/TFG/snp_tag_tfg/snp_tag/results/full/hinds2005/greedy_multi-random_dense/20260513T172459/2_comparativa/3_sintesis/1_violines/violin_metricas_GD+_full.png\ [36mviolin_metricas_GD+_full.png[0m]8;;\

  📉  [1mAnálisis de Tendencia Central (Media ± Std)[0m
  ─────────────────────────────────────────────────
      🖼️  Panel de Tendencia Central (Media ± Std): ]8;;file:///home/cofer/Documents/University/TFG/snp_tag_tfg/snp_tag/results/full/hinds2005/greedy_multi-random_dense/20260513T172459/2_comparativa/3_sintesis/2_barras/media_std_panel_metricas_finales_full.png\ [36mmedia_std_panel_metricas_finales_full.png[0m]8;;\
      🖼️  Media ± std Range: ]8;;file:///home/cofer/Documents/University/TFG/snp_tag_tfg/snp_tag/results/full/hinds2005/greedy_multi-random_dense/20260513T172459/2_comparativa/3_sintesis/2_barras/media_std_metricas_Range_full.png\ [36mmedia_std_metricas_Range_full.png[0m]8;;\
      🖼️  Media ± std SumMin: ]8;;file:///home/cofer/Documents/University/TFG/snp_tag_tfg/snp_tag/results/full/hinds2005/greedy_multi-random_dense/20260513T172459/2_comparativa/3_sintesis/2_barras/media_std_metricas_SumMin_full.png\ [36mmedia_std_metricas_SumMin_full.png[0m]8;;\
      🖼️  Media ± std MinSum: ]8;;file:///home/cofer/Documents/University/TFG/snp_tag_tfg/snp_tag/results/full/hinds2005/greedy_multi-random_dense/20260513T172459/2_comparativa/3_sintesis/2_barras/media_std_metricas_MinSum_full.png\ [36mmedia_std_metricas_MinSum_full.png[0m]8;;\
      🖼️  Media ± std MaxToleranceRate: ]8;;file:///home/cofer/Documents/University/TFG/snp_tag_tfg/snp_tag/results/full/hinds2005/greedy_multi-random_dense/20260513T172459/2_comparativa/3_sintesis/2_barras/media_std_metricas_MaxToleranceRate_full.png\ [36mmedia_std_metricas_MaxToleranceRate_full.png[0m]8;;\
      🖼️  Media ± std AvgToleranceRate: ]8;;file:///home/cofer/Documents/University/TFG/snp_tag_tfg/snp_tag/results/full/hinds2005/greedy_multi-random_dense/20260513T172459/2_comparativa/3_sintesis/2_barras/media_std_metricas_AvgToleranceRate_full.png\ [36mmedia_std_metricas_AvgToleranceRate_full.png[0m]8;;\
      🖼️  Media ± std AvgHammingDistance: ]8;;file:///home/cofer/Documents/University/TFG/snp_tag_tfg/snp_tag/results/full/hinds2005/greedy_multi-random_dense/20260513T172459/2_comparativa/3_sintesis/2_barras/media_std_metricas_AvgHammingDistance_full.png\ [36mmedia_std_metricas_AvgHammingDistance_full.png[0m]8;;\
      🖼️  Media ± std Hypervolume: ]8;;file:///home/cofer/Documents/University/TFG/snp_tag_tfg/snp_tag/results/full/hinds2005/greedy_multi-random_dense/20260513T172459/2_comparativa/3_sintesis/2_barras/media_std_metricas_Hypervolume_full.png\ [36mmedia_std_metricas_Hypervolume_full.png[0m]8;;\
      🖼️  Media ± std IGD+: ]8;;file:///home/cofer/Documents/University/TFG/snp_tag_tfg/snp_tag/results/full/hinds2005/greedy_multi-random_dense/20260513T172459/2_comparativa/3_sintesis/2_barras/media_std_metricas_IGD+_full.png\ [36mmedia_std_metricas_IGD+_full.png[0m]8;;\
      🖼️  Media ± std GD+: ]8;;file:///home/cofer/Documents/University/TFG/snp_tag_tfg/snp_tag/results/full/hinds2005/greedy_multi-random_dense/20260513T172459/2_comparativa/3_sintesis/2_barras/media_std_metricas_GD+_full.png\ [36mmedia_std_metricas_GD+_full.png[0m]8;;\

  🏆  [1mRanking por Métrica[0m
  ─────────────────────────
    • [1mRange[0m (↑)
          1. NSGA2 (greedy_multi+UX): 0.5284 ± 0.0475
          2. NSGA3 (greedy_multi+UX): 0.4538 ± 0.0148
          3. NSGA2 (random_dense+UX): 0.3551 ± 0.0187
          4. MOEAD_TCHE (greedy_multi+UX): 0.3298 ± 0.0359
          5. NSGA3 (random_dense+UX): 0.2977 ± 0.0381
          6. MOEAD_TCHE (random_dense+UX): 0.1147 ± 0.0222
         • [1mPara más detalles[0m: ]8;;file:///home/cofer/Documents/University/TFG/snp_tag_tfg/snp_tag/results/full/hinds2005/greedy_multi-random_dense/20260513T172459/2_comparativa/4_rankings/ranking_Range_full.csv\ [36mranking_Range_full.csv[0m]8;;\

         📊  [1mVALIDACIÓN ESTADÍSTICA (Range)[0m
         ─────────────────────────────────
             Estadístico H (Kruskal-Wallis): 26.5226
             P-valor: 7.0645e-05
             Significativo (p < 0.05): Sí

                   🖼️  Heatmap de Comparaciones Dunn (Post-hoc): ]8;;file:///home/cofer/Documents/University/TFG/snp_tag_tfg/snp_tag/results/full/hinds2005/greedy_multi-random_dense/20260513T172459/2_comparativa/4_rankings/estadistica_hv/heatmap_dunn_range_full.png\ [36mheatmap_dunn_range_full.png[0m]8;;\
                   🖼️  Diagrama de Diferencia Crítica (CD): ]8;;file:///home/cofer/Documents/University/TFG/snp_tag_tfg/snp_tag/results/full/hinds2005/greedy_multi-random_dense/20260513T172459/2_comparativa/4_rankings/estadistica_hv/diagrama_cd_range_full.png\ [36mdiagrama_cd_range_full.png[0m]8;;\

    • [1mMinSum[0m (↓)
          1. NSGA3 (greedy_multi+UX): 1.3551 ± 0.0039
          2. MOEAD_TCHE (greedy_multi+UX): 1.3573 ± 0.0054
          3. NSGA2 (greedy_multi+UX): 1.3583 ± 0.0072
          4. NSGA3 (random_dense+UX): 1.5773 ± 0.0135
          5. NSGA2 (random_dense+UX): 1.6161 ± 0.0097
          6. MOEAD_TCHE (random_dense+UX): 1.8909 ± 0.0168
         • [1mPara más detalles[0m: ]8;;file:///home/cofer/Documents/University/TFG/snp_tag_tfg/snp_tag/results/full/hinds2005/greedy_multi-random_dense/20260513T172459/2_comparativa/4_rankings/ranking_MinSum_full.csv\ [36mranking_MinSum_full.csv[0m]8;;\

         📊  [1mVALIDACIÓN ESTADÍSTICA (MinSum)[0m
         ──────────────────────────────────
             Estadístico H (Kruskal-Wallis): 25.4262
             P-valor: 1.1526e-04
             Significativo (p < 0.05): Sí

                   🖼️  Heatmap de Comparaciones Dunn (Post-hoc): ]8;;file:///home/cofer/Documents/University/TFG/snp_tag_tfg/snp_tag/results/full/hinds2005/greedy_multi-random_dense/20260513T172459/2_comparativa/4_rankings/estadistica_hv/heatmap_dunn_minsum_full.png\ [36mheatmap_dunn_minsum_full.png[0m]8;;\
                   🖼️  Diagrama de Diferencia Crítica (CD): ]8;;file:///home/cofer/Documents/University/TFG/snp_tag_tfg/snp_tag/results/full/hinds2005/greedy_multi-random_dense/20260513T172459/2_comparativa/4_rankings/estadistica_hv/diagrama_cd_minsum_full.png\ [36mdiagrama_cd_minsum_full.png[0m]8;;\

    • [1mSumMin[0m (↓)
          1. NSGA2 (greedy_multi+UX): 1.2987 ± 0.0105
          2. NSGA3 (greedy_multi+UX): 1.3109 ± 0.0090
          3. MOEAD_TCHE (greedy_multi+UX): 1.3117 ± 0.0111
          4. NSGA3 (random_dense+UX): 1.5469 ± 0.0159
          5. NSGA2 (random_dense+UX): 1.5874 ± 0.0074
          6. MOEAD_TCHE (random_dense+UX): 1.8668 ± 0.0172
         • [1mPara más detalles[0m: ]8;;file:///home/cofer/Documents/University/TFG/snp_tag_tfg/snp_tag/results/full/hinds2005/greedy_multi-random_dense/20260513T172459/2_comparativa/4_rankings/ranking_SumMin_full.csv\ [36mranking_SumMin_full.csv[0m]8;;\

         📊  [1mVALIDACIÓN ESTADÍSTICA (SumMin)[0m
         ──────────────────────────────────
             Estadístico H (Kruskal-Wallis): 25.6555
             P-valor: 1.0407e-04
             Significativo (p < 0.05): Sí

                   🖼️  Heatmap de Comparaciones Dunn (Post-hoc): ]8;;file:///home/cofer/Documents/University/TFG/snp_tag_tfg/snp_tag/results/full/hinds2005/greedy_multi-random_dense/20260513T172459/2_comparativa/4_rankings/estadistica_hv/heatmap_dunn_summin_full.png\ [36mheatmap_dunn_summin_full.png[0m]8;;\
                   🖼️  Diagrama de Diferencia Crítica (CD): ]8;;file:///home/cofer/Documents/University/TFG/snp_tag_tfg/snp_tag/results/full/hinds2005/greedy_multi-random_dense/20260513T172459/2_comparativa/4_rankings/estadistica_hv/diagrama_cd_summin_full.png\ [36mdiagrama_cd_summin_full.png[0m]8;;\

    • [1mMaxToleranceRate[0m (↑)
          1. NSGA3 (greedy_multi+UX): 0.0204 ± 0.0000
          2. NSGA2 (greedy_multi+UX): 0.0204 ± 0.0000
          3. MOEAD_TCHE (greedy_multi+UX): 0.0181 ± 0.0021
          4. NSGA3 (random_dense+UX): 0.0014 ± 0.0003
          5. NSGA2 (random_dense+UX): 0.0007 ± 0.0000
          6. MOEAD_TCHE (random_dense+UX): 0.0001 ± 0.0000
         • [1mPara más detalles[0m: ]8;;file:///home/cofer/Documents/University/TFG/snp_tag_tfg/snp_tag/results/full/hinds2005/greedy_multi-random_dense/20260513T172459/2_comparativa/4_rankings/ranking_MaxToleranceRate_full.csv\ [36mranking_MaxToleranceRate_full.csv[0m]8;;\

         📊  [1mVALIDACIÓN ESTADÍSTICA (MaxToleranceRate)[0m
         ────────────────────────────────────────────
             Estadístico H (Kruskal-Wallis): 27.6618
             P-valor: 4.2380e-05
             Significativo (p < 0.05): Sí

                   🖼️  Heatmap de Comparaciones Dunn (Post-hoc): ]8;;file:///home/cofer/Documents/University/TFG/snp_tag_tfg/snp_tag/results/full/hinds2005/greedy_multi-random_dense/20260513T172459/2_comparativa/4_rankings/estadistica_hv/heatmap_dunn_maxtolerancerate_full.png\ [36mheatmap_dunn_maxtolerancerate_full.png[0m]8;;\
                   🖼️  Diagrama de Diferencia Crítica (CD): ]8;;file:///home/cofer/Documents/University/TFG/snp_tag_tfg/snp_tag/results/full/hinds2005/greedy_multi-random_dense/20260513T172459/2_comparativa/4_rankings/estadistica_hv/diagrama_cd_maxtolerancerate_full.png\ [36mdiagrama_cd_maxtolerancerate_full.png[0m]8;;\

    • [1mAvgToleranceRate[0m (↑)
          1. NSGA3 (greedy_multi+UX): 0.0106 ± 0.0004
          2. MOEAD_TCHE (greedy_multi+UX): 0.0091 ± 0.0004
          3. NSGA2 (greedy_multi+UX): 0.0075 ± 0.0006
          4. NSGA3 (random_dense+UX): 0.0008 ± 0.0001
          5. NSGA2 (random_dense+UX): 0.0003 ± 0.0000
          6. MOEAD_TCHE (random_dense+UX): 0.0001 ± 0.0000
         • [1mPara más detalles[0m: ]8;;file:///home/cofer/Documents/University/TFG/snp_tag_tfg/snp_tag/results/full/hinds2005/greedy_multi-random_dense/20260513T172459/2_comparativa/4_rankings/ranking_AvgToleranceRate_full.csv\ [36mranking_AvgToleranceRate_full.csv[0m]8;;\

         📊  [1mVALIDACIÓN ESTADÍSTICA (AvgToleranceRate)[0m
         ────────────────────────────────────────────
             Estadístico H (Kruskal-Wallis): 28.2258
             P-valor: 3.2880e-05
             Significativo (p < 0.05): Sí

                   🖼️  Heatmap de Comparaciones Dunn (Post-hoc): ]8;;file:///home/cofer/Documents/University/TFG/snp_tag_tfg/snp_tag/results/full/hinds2005/greedy_multi-random_dense/20260513T172459/2_comparativa/4_rankings/estadistica_hv/heatmap_dunn_avgtolerancerate_full.png\ [36mheatmap_dunn_avgtolerancerate_full.png[0m]8;;\
                   🖼️  Diagrama de Diferencia Crítica (CD): ]8;;file:///home/cofer/Documents/University/TFG/snp_tag_tfg/snp_tag/results/full/hinds2005/greedy_multi-random_dense/20260513T172459/2_comparativa/4_rankings/estadistica_hv/diagrama_cd_avgtolerancerate_full.png\ [36mdiagrama_cd_avgtolerancerate_full.png[0m]8;;\

    • [1mAvgHammingDistance[0m (↑)
          1. MOEAD_TCHE (greedy_multi+UX): 0.4912 ± 0.0046
          2. NSGA3 (greedy_multi+UX): 0.4637 ± 0.0039
          3. NSGA2 (greedy_multi+UX): 0.4390 ± 0.0147
          4. NSGA3 (random_dense+UX): 0.4181 ± 0.0028
          5. NSGA2 (random_dense+UX): 0.3786 ± 0.0054
          6. MOEAD_TCHE (random_dense+UX): 0.3729 ± 0.0044
         • [1mPara más detalles[0m: ]8;;file:///home/cofer/Documents/University/TFG/snp_tag_tfg/snp_tag/results/full/hinds2005/greedy_multi-random_dense/20260513T172459/2_comparativa/4_rankings/ranking_AvgHammingDistance_full.csv\ [36mranking_AvgHammingDistance_full.csv[0m]8;;\

         📊  [1mVALIDACIÓN ESTADÍSTICA (AvgHammingDistance)[0m
         ──────────────────────────────────────────────
             Estadístico H (Kruskal-Wallis): 27.2039
             P-valor: 5.2057e-05
             Significativo (p < 0.05): Sí

                   🖼️  Heatmap de Comparaciones Dunn (Post-hoc): ]8;;file:///home/cofer/Documents/University/TFG/snp_tag_tfg/snp_tag/results/full/hinds2005/greedy_multi-random_dense/20260513T172459/2_comparativa/4_rankings/estadistica_hv/heatmap_dunn_avghammingdistance_full.png\ [36mheatmap_dunn_avghammingdistance_full.png[0m]8;;\
                   🖼️  Diagrama de Diferencia Crítica (CD): ]8;;file:///home/cofer/Documents/University/TFG/snp_tag_tfg/snp_tag/results/full/hinds2005/greedy_multi-random_dense/20260513T172459/2_comparativa/4_rankings/estadistica_hv/diagrama_cd_avghammingdistance_full.png\ [36mdiagrama_cd_avghammingdistance_full.png[0m]8;;\

    • [1mHypervolume[0m (↑)
          1. NSGA2 (greedy_multi+UX): 0.2275 ± 0.0062
          2. NSGA3 (greedy_multi+UX): 0.2263 ± 0.0060
          3. MOEAD_TCHE (greedy_multi+UX): 0.2257 ± 0.0064
          4. NSGA3 (random_dense+UX): 0.1038 ± 0.0054
          5. NSGA2 (random_dense+UX): 0.0901 ± 0.0016
          6. MOEAD_TCHE (random_dense+UX): 0.0513 ± 0.0014
         • [1mPara más detalles[0m: ]8;;file:///home/cofer/Documents/University/TFG/snp_tag_tfg/snp_tag/results/full/hinds2005/greedy_multi-random_dense/20260513T172459/2_comparativa/4_rankings/ranking_Hypervolume_full.csv\ [36mranking_Hypervolume_full.csv[0m]8;;\

         📊  [1mVALIDACIÓN ESTADÍSTICA (Hypervolume)[0m
         ───────────────────────────────────────
             Estadístico H (Kruskal-Wallis): 25.8103
             P-valor: 9.7121e-05
             Significativo (p < 0.05): Sí

                   🖼️  Heatmap de Comparaciones Dunn (Post-hoc): ]8;;file:///home/cofer/Documents/University/TFG/snp_tag_tfg/snp_tag/results/full/hinds2005/greedy_multi-random_dense/20260513T172459/2_comparativa/4_rankings/estadistica_hv/heatmap_dunn_hypervolume_full.png\ [36mheatmap_dunn_hypervolume_full.png[0m]8;;\
                   🖼️  Diagrama de Diferencia Crítica (CD): ]8;;file:///home/cofer/Documents/University/TFG/snp_tag_tfg/snp_tag/results/full/hinds2005/greedy_multi-random_dense/20260513T172459/2_comparativa/4_rankings/estadistica_hv/diagrama_cd_hypervolume_full.png\ [36mdiagrama_cd_hypervolume_full.png[0m]8;;\

    • [1mIGD+[0m (↓)
          1. NSGA2 (greedy_multi+UX): 0.0004 ± 0.0008
          2. NSGA3 (greedy_multi+UX): 0.0094 ± 0.0046
          3. MOEAD_TCHE (greedy_multi+UX): 0.0182 ± 0.0058
          4. NSGA3 (random_dense+UX): 0.5145 ± 0.0358
          5. NSGA2 (random_dense+UX): 0.5997 ± 0.0255
          6. MOEAD_TCHE (random_dense+UX): 1.1671 ± 0.0363
         • [1mPara más detalles[0m: ]8;;file:///home/cofer/Documents/University/TFG/snp_tag_tfg/snp_tag/results/full/hinds2005/greedy_multi-random_dense/20260513T172459/2_comparativa/4_rankings/ranking_IGD+_full.csv\ [36mranking_IGD+_full.csv[0m]8;;\

         📊  [1mVALIDACIÓN ESTADÍSTICA (IGD+)[0m
         ────────────────────────────────
             Estadístico H (Kruskal-Wallis): 28.0040
             P-valor: 3.6333e-05
             Significativo (p < 0.05): Sí

                   🖼️  Heatmap de Comparaciones Dunn (Post-hoc): ]8;;file:///home/cofer/Documents/University/TFG/snp_tag_tfg/snp_tag/results/full/hinds2005/greedy_multi-random_dense/20260513T172459/2_comparativa/4_rankings/estadistica_hv/heatmap_dunn_igd+_full.png\ [36mheatmap_dunn_igd+_full.png[0m]8;;\
                   🖼️  Diagrama de Diferencia Crítica (CD): ]8;;file:///home/cofer/Documents/University/TFG/snp_tag_tfg/snp_tag/results/full/hinds2005/greedy_multi-random_dense/20260513T172459/2_comparativa/4_rankings/estadistica_hv/diagrama_cd_igd+_full.png\ [36mdiagrama_cd_igd+_full.png[0m]8;;\

    • [1mGD+[0m (↓)
          1. MOEAD_TCHE (greedy_multi+UX): 0.1373 ± 0.0194
          2. NSGA3 (greedy_multi+UX): 0.2671 ± 0.0180
          3. NSGA2 (greedy_multi+UX): 0.4063 ± 0.0654
          4. NSGA3 (random_dense+UX): 0.6738 ± 0.0202
          5. NSGA2 (random_dense+UX): 0.9173 ± 0.0192
          6. MOEAD_TCHE (random_dense+UX): 1.2126 ± 0.0412
         • [1mPara más detalles[0m: ]8;;file:///home/cofer/Documents/University/TFG/snp_tag_tfg/snp_tag/results/full/hinds2005/greedy_multi-random_dense/20260513T172459/2_comparativa/4_rankings/ranking_GD+_full.csv\ [36mranking_GD+_full.csv[0m]8;;\

         📊  [1mVALIDACIÓN ESTADÍSTICA (GD+)[0m
         ───────────────────────────────
             Estadístico H (Kruskal-Wallis): 28.2258
             P-valor: 3.2880e-05
             Significativo (p < 0.05): Sí

                   🖼️  Heatmap de Comparaciones Dunn (Post-hoc): ]8;;file:///home/cofer/Documents/University/TFG/snp_tag_tfg/snp_tag/results/full/hinds2005/greedy_multi-random_dense/20260513T172459/2_comparativa/4_rankings/estadistica_hv/heatmap_dunn_gd+_full.png\ [36mheatmap_dunn_gd+_full.png[0m]8;;\
                   🖼️  Diagrama de Diferencia Crítica (CD): ]8;;file:///home/cofer/Documents/University/TFG/snp_tag_tfg/snp_tag/results/full/hinds2005/greedy_multi-random_dense/20260513T172459/2_comparativa/4_rankings/estadistica_hv/diagrama_cd_gd+_full.png\ [36mdiagrama_cd_gd+_full.png[0m]8;;\

    • [1mAverage Ranking Overall[0m (↓)
          1. NSGA3 (greedy_multi+UX): 1.7222 ± 0.0000
          2. NSGA2 (greedy_multi+UX): 1.9444 ± 0.0000
          3. MOEAD_TCHE (greedy_multi+UX): 2.4444 ± 0.0000
          4. NSGA3 (random_dense+UX): 4.1111 ± 0.0000
          5. NSGA2 (random_dense+UX): 4.7778 ± 0.0000
          6. MOEAD_TCHE (random_dense+UX): 6.0000 ± 0.0000
         • [1mPara más detalles[0m: ]8;;file:///home/cofer/Documents/University/TFG/snp_tag_tfg/snp_tag/results/full/hinds2005/greedy_multi-random_dense/20260513T172459/2_comparativa/4_rankings/ranking_Average_Ranking_Overall_full.csv\ [36mranking_Average_Ranking_Overall_full.csv[0m]8;;\

         📊  [1mTEST DE FRIEDMAN (Método (Algoritmo + Inicialización))[0m
         ───────────────────────────────────────────────────────────
             Estadístico: 38.5669
             P-valor: 2.9025e-07
             Significativo (p < 0.05): Sí

                   🖼️  Gráfico de Rangos Promedio (Método (Algoritmo + Inicialización)): ]8;;file:///home/cofer/Documents/University/TFG/snp_tag_tfg/snp_tag/results/full/hinds2005/greedy_multi-random_dense/20260513T172459/2_comparativa/4_rankings/rangos_promedio_full.png\ [36mrangos_promedio_full.png[0m]8;;\
                   🖼️  Heatmap de Significancia Nemenyi (Método (Algoritmo + Inicialización)): ]8;;file:///home/cofer/Documents/University/TFG/snp_tag_tfg/snp_tag/results/full/hinds2005/greedy_multi-random_dense/20260513T172459/2_comparativa/4_rankings/heatmap_nemenyi_full.png\ [36mheatmap_nemenyi_full.png[0m]8;;\

    • [1mAverage Ranking (Algorithm)[0m (↓)
          1. NSGA3: 1.1111 ± 0.0000
          2. NSGA2: 2.1111 ± 0.0000
          3. MOEAD_TCHE: 2.7778 ± 0.0000
         • [1mPara más detalles[0m: ]8;;file:///home/cofer/Documents/University/TFG/snp_tag_tfg/snp_tag/results/full/hinds2005/greedy_multi-random_dense/20260513T172459/2_comparativa/4_rankings/ranking_Average_Ranking_(Algorithm)_full.csv\ [36mranking_Average_Ranking_(Algorithm)_full.csv[0m]8;;\

         📊  [1mTEST DE FRIEDMAN (Algoritmo)[0m
         ─────────────────────────────────
             Estadístico: 12.6667
             P-valor: 1.7761e-03
             Significativo (p < 0.05): Sí

                   🖼️  Gráfico de Rangos Promedio (Algoritmo): ]8;;file:///home/cofer/Documents/University/TFG/snp_tag_tfg/snp_tag/results/full/hinds2005/greedy_multi-random_dense/20260513T172459/2_comparativa/4_rankings/rangos_promedio_algorithm_full.png\ [36mrangos_promedio_algorithm_full.png[0m]8;;\
                   🖼️  Heatmap de Significancia Nemenyi (Algoritmo): ]8;;file:///home/cofer/Documents/University/TFG/snp_tag_tfg/snp_tag/results/full/hinds2005/greedy_multi-random_dense/20260513T172459/2_comparativa/4_rankings/heatmap_nemenyi_algorithm_full.png\ [36mheatmap_nemenyi_algorithm_full.png[0m]8;;\

    • [1mAverage Ranking (Initialization)[0m (↓)
          1. greedy_multi: 1.0000 ± 0.0000
          2. random_dense: 2.0000 ± 0.0000
         • [1mPara más detalles[0m: ]8;;file:///home/cofer/Documents/University/TFG/snp_tag_tfg/snp_tag/results/full/hinds2005/greedy_multi-random_dense/20260513T172459/2_comparativa/4_rankings/ranking_Average_Ranking_(Initialization)_full.csv\ [36mranking_Average_Ranking_(Initialization)_full.csv[0m]8;;\

         📊  [1mTEST ESTADÍSTICO (Inicialización)[0m
         ──────────────────────────────────────
             ⚠️  Test de Friedman omitido: se requieren al menos 3 grupos, pero solo hay 2.

                   🖼️  Gráfico de Rangos Promedio (Inicialización): ]8;;file:///home/cofer/Documents/University/TFG/snp_tag_tfg/snp_tag/results/full/hinds2005/greedy_multi-random_dense/20260513T172459/2_comparativa/4_rankings/rangos_promedio_init_full.png\ [36mrangos_promedio_init_full.png[0m]8;;\
             • ⚠️  Test de Friedman no significativo para Inicialización. Omitiendo post-hoc.

    • [1mAverage Ranking (Crossover)[0m (↓)
          1. UX: 1.0000 ± 0.0000
         • [1mPara más detalles[0m: ]8;;file:///home/cofer/Documents/University/TFG/snp_tag_tfg/snp_tag/results/full/hinds2005/greedy_multi-random_dense/20260513T172459/2_comparativa/4_rankings/ranking_Average_Ranking_(Crossover)_full.csv\ [36mranking_Average_Ranking_(Crossover)_full.csv[0m]8;;\

         📊  [1mTEST ESTADÍSTICO (crossover)[0m
         ─────────────────────────────────
             ⚠️  Test de Friedman omitido: se requieren al menos 3 grupos, pero solo hay 1.

                   🖼️  Gráfico de Rangos Promedio (crossover): ]8;;file:///home/cofer/Documents/University/TFG/snp_tag_tfg/snp_tag/results/full/hinds2005/greedy_multi-random_dense/20260513T172459/2_comparativa/4_rankings/rangos_promedio_crossover_full.png\ [36mrangos_promedio_crossover_full.png[0m]8;;\
             • ⚠️  Test de Friedman no significativo para crossover. Omitiendo post-hoc.


  🎯  [1mAnálisis de Decisión Multi-Criterio (MCDM)[0m
  ────────────────────────────────────────────────
      • Soluciones en frente agregado: 3477
      ┌─ Compromiso (ASF) ───────────────────────────────────────────────────┐
      │  Solución #1744: Compacidad=18, Tolerancia=0.17,                     │
      │  Hamming=0.45, Balance=0.0107                                        │
      │  Config: NSGA2 (greedy_multi)                                        │
      └──────────────────────────────────────────────────────────────────────┘
      ┌─ Punto de Mayor Trade-off (Knee) ────────────────────────────────────┐
      │  131 knee points detectados                                          │
      │  Mejor knee: Solución #1979 (NSGA2, greedy_multi)                    │
      └──────────────────────────────────────────────────────────────────────┘
      ┌─ Pseudo-Pesos ───────────────────────────────────────────────────────┐
      │  Solución más afín a preferencias: #1987                             │
      │  Pesos implícitos: [0.30, 0.25, 0.25, 0.21]                          │
      └──────────────────────────────────────────────────────────────────────┘

      🖼️  Scatter MCDM (Agregado Global): ]8;;file:///home/cofer/Documents/University/TFG/snp_tag_tfg/snp_tag/results/full/hinds2005/greedy_multi-random_dense/20260513T172459/2_comparativa/5_decision_mcdm/mcdm_scatter_agregado_full.png\ [36mmcdm_scatter_agregado_full.png[0m]8;;\
      🖼️  Radar Objetivos MCDM (Agregado): ]8;;file:///home/cofer/Documents/University/TFG/snp_tag_tfg/snp_tag/results/full/hinds2005/greedy_multi-random_dense/20260513T172459/2_comparativa/5_decision_mcdm/mcdm_radar_objetivos_agregado_full.png\ [36mmcdm_radar_objetivos_agregado_full.png[0m]8;;\
      🖼️  Petal Objetivos MCDM (Agregado): ]8;;file:///home/cofer/Documents/University/TFG/snp_tag_tfg/snp_tag/results/full/hinds2005/greedy_multi-random_dense/20260513T172459/2_comparativa/5_decision_mcdm/mcdm_petal_objetivos_agregado_full.png\ [36mmcdm_petal_objetivos_agregado_full.png[0m]8;;\
      🖼️  Radar Pseudo-Pesos (Agregado Global): ]8;;file:///home/cofer/Documents/University/TFG/snp_tag_tfg/snp_tag/results/full/hinds2005/greedy_multi-random_dense/20260513T172459/2_comparativa/5_decision_mcdm/mcdm_radar_pseudow_full.png\ [36mmcdm_radar_pseudow_full.png[0m]8;;\
      🖼️  Tabla Recomendaciones MCDM: ]8;;file:///home/cofer/Documents/University/TFG/snp_tag_tfg/snp_tag/results/full/hinds2005/greedy_multi-random_dense/20260513T172459/2_comparativa/5_decision_mcdm/mcdm_tabla_recomendaciones_full.png\ [36mmcdm_tabla_recomendaciones_full.png[0m]8;;\

      • Análisis per-configuración (6 configuraciones):
      🖼️  Scatter MCDM MOEAD_TCHE (greedy_multi): ]8;;file:///home/cofer/Documents/University/TFG/snp_tag_tfg/snp_tag/results/full/hinds2005/greedy_multi-random_dense/20260513T172459/2_comparativa/5_decision_mcdm/mcdm_scatter_moead_tche_greedy_multi_full.png\ [36mmcdm_scatter_moead_tche_greedy_multi_full.png[0m]8;;\
      🖼️  Radar MCDM MOEAD_TCHE (greedy_multi): ]8;;file:///home/cofer/Documents/University/TFG/snp_tag_tfg/snp_tag/results/full/hinds2005/greedy_multi-random_dense/20260513T172459/2_comparativa/5_decision_mcdm/mcdm_radar_objetivos_moead_tche_greedy_multi_full.png\ [36mmcdm_radar_objetivos_moead_tche_greedy_multi_full.png[0m]8;;\
      🖼️  Petal MCDM MOEAD_TCHE (greedy_multi): ]8;;file:///home/cofer/Documents/University/TFG/snp_tag_tfg/snp_tag/results/full/hinds2005/greedy_multi-random_dense/20260513T172459/2_comparativa/5_decision_mcdm/mcdm_petal_objetivos_moead_tche_greedy_multi_full.png\ [36mmcdm_petal_objetivos_moead_tche_greedy_multi_full.png[0m]8;;\
      🖼️  Scatter MCDM MOEAD_TCHE (random_dense): ]8;;file:///home/cofer/Documents/University/TFG/snp_tag_tfg/snp_tag/results/full/hinds2005/greedy_multi-random_dense/20260513T172459/2_comparativa/5_decision_mcdm/mcdm_scatter_moead_tche_random_dense_full.png\ [36mmcdm_scatter_moead_tche_random_dense_full.png[0m]8;;\
      🖼️  Radar MCDM MOEAD_TCHE (random_dense): ]8;;file:///home/cofer/Documents/University/TFG/snp_tag_tfg/snp_tag/results/full/hinds2005/greedy_multi-random_dense/20260513T172459/2_comparativa/5_decision_mcdm/mcdm_radar_objetivos_moead_tche_random_dense_full.png\ [36mmcdm_radar_objetivos_moead_tche_random_dense_full.png[0m]8;;\
      🖼️  Petal MCDM MOEAD_TCHE (random_dense): ]8;;file:///home/cofer/Documents/University/TFG/snp_tag_tfg/snp_tag/results/full/hinds2005/greedy_multi-random_dense/20260513T172459/2_comparativa/5_decision_mcdm/mcdm_petal_objetivos_moead_tche_random_dense_full.png\ [36mmcdm_petal_objetivos_moead_tche_random_dense_full.png[0m]8;;\
      🖼️  Scatter MCDM NSGA2 (greedy_multi): ]8;;file:///home/cofer/Documents/University/TFG/snp_tag_tfg/snp_tag/results/full/hinds2005/greedy_multi-random_dense/20260513T172459/2_comparativa/5_decision_mcdm/mcdm_scatter_nsga2_greedy_multi_full.png\ [36mmcdm_scatter_nsga2_greedy_multi_full.png[0m]8;;\
      🖼️  Radar MCDM NSGA2 (greedy_multi): ]8;;file:///home/cofer/Documents/University/TFG/snp_tag_tfg/snp_tag/results/full/hinds2005/greedy_multi-random_dense/20260513T172459/2_comparativa/5_decision_mcdm/mcdm_radar_objetivos_nsga2_greedy_multi_full.png\ [36mmcdm_radar_objetivos_nsga2_greedy_multi_full.png[0m]8;;\
      🖼️  Petal MCDM NSGA2 (greedy_multi): ]8;;file:///home/cofer/Documents/University/TFG/snp_tag_tfg/snp_tag/results/full/hinds2005/greedy_multi-random_dense/20260513T172459/2_comparativa/5_decision_mcdm/mcdm_petal_objetivos_nsga2_greedy_multi_full.png\ [36mmcdm_petal_objetivos_nsga2_greedy_multi_full.png[0m]8;;\
      🖼️  Scatter MCDM NSGA2 (random_dense): ]8;;file:///home/cofer/Documents/University/TFG/snp_tag_tfg/snp_tag/results/full/hinds2005/greedy_multi-random_dense/20260513T172459/2_comparativa/5_decision_mcdm/mcdm_scatter_nsga2_random_dense_full.png\ [36mmcdm_scatter_nsga2_random_dense_full.png[0m]8;;\
      🖼️  Radar MCDM NSGA2 (random_dense): ]8;;file:///home/cofer/Documents/University/TFG/snp_tag_tfg/snp_tag/results/full/hinds2005/greedy_multi-random_dense/20260513T172459/2_comparativa/5_decision_mcdm/mcdm_radar_objetivos_nsga2_random_dense_full.png\ [36mmcdm_radar_objetivos_nsga2_random_dense_full.png[0m]8;;\
      🖼️  Petal MCDM NSGA2 (random_dense): ]8;;file:///home/cofer/Documents/University/TFG/snp_tag_tfg/snp_tag/results/full/hinds2005/greedy_multi-random_dense/20260513T172459/2_comparativa/5_decision_mcdm/mcdm_petal_objetivos_nsga2_random_dense_full.png\ [36mmcdm_petal_objetivos_nsga2_random_dense_full.png[0m]8;;\
      🖼️  Scatter MCDM NSGA3 (greedy_multi): ]8;;file:///home/cofer/Documents/University/TFG/snp_tag_tfg/snp_tag/results/full/hinds2005/greedy_multi-random_dense/20260513T172459/2_comparativa/5_decision_mcdm/mcdm_scatter_nsga3_greedy_multi_full.png\ [36mmcdm_scatter_nsga3_greedy_multi_full.png[0m]8;;\
      🖼️  Radar MCDM NSGA3 (greedy_multi): ]8;;file:///home/cofer/Documents/University/TFG/snp_tag_tfg/snp_tag/results/full/hinds2005/greedy_multi-random_dense/20260513T172459/2_comparativa/5_decision_mcdm/mcdm_radar_objetivos_nsga3_greedy_multi_full.png\ [36mmcdm_radar_objetivos_nsga3_greedy_multi_full.png[0m]8;;\
      🖼️  Petal MCDM NSGA3 (greedy_multi): ]8;;file:///home/cofer/Documents/University/TFG/snp_tag_tfg/snp_tag/results/full/hinds2005/greedy_multi-random_dense/20260513T172459/2_comparativa/5_decision_mcdm/mcdm_petal_objetivos_nsga3_greedy_multi_full.png\ [36mmcdm_petal_objetivos_nsga3_greedy_multi_full.png[0m]8;;\
      🖼️  Scatter MCDM NSGA3 (random_dense): ]8;;file:///home/cofer/Documents/University/TFG/snp_tag_tfg/snp_tag/results/full/hinds2005/greedy_multi-random_dense/20260513T172459/2_comparativa/5_decision_mcdm/mcdm_scatter_nsga3_random_dense_full.png\ [36mmcdm_scatter_nsga3_random_dense_full.png[0m]8;;\
      🖼️  Radar MCDM NSGA3 (random_dense): ]8;;file:///home/cofer/Documents/University/TFG/snp_tag_tfg/snp_tag/results/full/hinds2005/greedy_multi-random_dense/20260513T172459/2_comparativa/5_decision_mcdm/mcdm_radar_objetivos_nsga3_random_dense_full.png\ [36mmcdm_radar_objetivos_nsga3_random_dense_full.png[0m]8;;\
      🖼️  Petal MCDM NSGA3 (random_dense): ]8;;file:///home/cofer/Documents/University/TFG/snp_tag_tfg/snp_tag/results/full/hinds2005/greedy_multi-random_dense/20260513T172459/2_comparativa/5_decision_mcdm/mcdm_petal_objetivos_nsga3_random_dense_full.png\ [36mmcdm_petal_objetivos_nsga3_random_dense_full.png[0m]8;;\
      🖼️  CSV Recomendaciones MCDM: ]8;;file:///home/cofer/Documents/University/TFG/snp_tag_tfg/snp_tag/results/full/hinds2005/greedy_multi-random_dense/20260513T172459/2_comparativa/5_decision_mcdm/mcdm_recomendaciones_full.csv\ [36mmcdm_recomendaciones_full.csv[0m]8;;\

========================================
⏱️  TIEMPO TOTAL DE EJECUCIÓN: 0h 14m 58.07s
========================================

